Reading from standard input... Use '--help' for help.
============================[ Problem Statistics ]=============================
|                                                                             |
|  Number of variables:         69608                                         |
|  Number of clauses:          118081                                         |
|  Parse time:                   0.02 s                                       |
|                                                                             |
============================[ Search Statistics ]==============================
| Conflicts |          ORIGINAL         |          LEARNT          | Progress |
|           |    Vars  Clauses Literals |    Limit  Clauses Lit/Cl |          |
===============================================================================
===============================================================================
restarts              : 1
conflicts             : 19             (549 /sec)
decisions             : 38351          (0.00 % random) (1107450 /sec)
propagations          : 77092          (2226162 /sec)
conflict literals     : 53             (0.00 % deleted)
Memory used           : 16.85 MB
CPU time              : 0.03463 s

SATISFIABLE
