Reading from standard input... Use '--help' for help.
============================[ Problem Statistics ]=============================
|                                                                             |
|  Number of variables:         69608                                         |
|  Number of clauses:          118081                                         |
|  Parse time:                   0.03 s                                       |
|                                                                             |
============================[ Search Statistics ]==============================
| Conflicts |          ORIGINAL         |          LEARNT          | Progress |
|           |    Vars  Clauses Literals |    Limit  Clauses Lit/Cl |          |
===============================================================================
===============================================================================
restarts              : 1
conflicts             : 15             (403 /sec)
decisions             : 39175          (0.00 % random) (1053743 /sec)
propagations          : 79449          (2137047 /sec)
conflict literals     : 31             (0.00 % deleted)
Memory used           : 16.94 MB
CPU time              : 0.037177 s

SATISFIABLE
