Reading from standard input... Use '--help' for help.
============================[ Problem Statistics ]=============================
|                                                                             |
|  Number of variables:         69608                                         |
|  Number of clauses:          118081                                         |
|  Parse time:                   0.02 s                                       |
|                                                                             |
============================[ Search Statistics ]==============================
| Conflicts |          ORIGINAL         |          LEARNT          | Progress |
|           |    Vars  Clauses Literals |    Limit  Clauses Lit/Cl |          |
===============================================================================
===============================================================================
restarts              : 1
conflicts             : 1              (31 /sec)
decisions             : 35523          (0.00 % random) (1116233 /sec)
propagations          : 73957          (2323938 /sec)
conflict literals     : 1              (0.00 % deleted)
Memory used           : 16.97 MB
CPU time              : 0.031824 s

SATISFIABLE
