Reading from standard input... Use '--help' for help.
============================[ Problem Statistics ]=============================
|                                                                             |
|  Number of variables:         87638                                         |
|  Number of clauses:          161767                                         |
|  Parse time:                   0.03 s                                       |
|                                                                             |
============================[ Search Statistics ]==============================
| Conflicts |          ORIGINAL         |          LEARNT          | Progress |
|           |    Vars  Clauses Literals |    Limit  Clauses Lit/Cl |          |
===============================================================================
|       100 |   63065   107636   269169 |    39466      100     17 | 28.039 % |
|       250 |   63057   107604   269081 |    43413      197     26 | 28.049 % |
|       475 |   63057   107604   269081 |    47754      422    151 | 28.048 % |
|       812 |   63057   107604   269081 |    52529      759    128 | 28.048 % |
|      1318 |   63057   107604   269081 |    57782     1265    113 | 28.048 % |
|      2077 |   63047   107567   268978 |    63561     1994     97 | 28.060 % |
|      3216 |   43749    50579   128986 |    69917     3061    102 | 50.080 % |
===============================================================================
restarts              : 21
conflicts             : 3941           (6350 /sec)
decisions             : 16292          (0.00 % random) (26251 /sec)
propagations          : 6405151        (10320369 /sec)
conflict literals     : 329559         (46.42 % deleted)
Memory used           : 23.95 MB
CPU time              : 0.620632 s

UNSATISFIABLE
