Reading from standard input... Use '--help' for help.
============================[ Problem Statistics ]=============================
|                                                                             |
|  Number of variables:         69608                                         |
|  Number of clauses:          118081                                         |
|  Parse time:                   0.03 s                                       |
|                                                                             |
============================[ Search Statistics ]==============================
| Conflicts |          ORIGINAL         |          LEARNT          | Progress |
|           |    Vars  Clauses Literals |    Limit  Clauses Lit/Cl |          |
===============================================================================
===============================================================================
restarts              : 1
conflicts             : 9              (219 /sec)
decisions             : 41287          (0.00 % random) (1003720 /sec)
propagations          : 85017          (2066830 /sec)
conflict literals     : 16             (0.00 % deleted)
Memory used           : 15.01 MB
CPU time              : 0.041134 s

SATISFIABLE
