Reading from standard input... Use '--help' for help.
============================[ Problem Statistics ]=============================
|                                                                             |
|  Number of variables:         69608                                         |
|  Number of clauses:          118081                                         |
|  Parse time:                   0.02 s                                       |
|                                                                             |
============================[ Search Statistics ]==============================
| Conflicts |          ORIGINAL         |          LEARNT          | Progress |
|           |    Vars  Clauses Literals |    Limit  Clauses Lit/Cl |          |
===============================================================================
===============================================================================
restarts              : 1
conflicts             : 40             (1048 /sec)
decisions             : 13710          (0.00 % random) (359164 /sec)
propagations          : 46586          (1220423 /sec)
conflict literals     : 128            (0.00 % deleted)
Memory used           : 16.59 MB
CPU time              : 0.038172 s

UNSATISFIABLE
