Reading from standard input... Use '--help' for help.
============================[ Problem Statistics ]=============================
|                                                                             |
|  Number of variables:         69608                                         |
|  Number of clauses:          118081                                         |
|  Parse time:                   0.02 s                                       |
|                                                                             |
============================[ Search Statistics ]==============================
| Conflicts |          ORIGINAL         |          LEARNT          | Progress |
|           |    Vars  Clauses Literals |    Limit  Clauses Lit/Cl |          |
===============================================================================
===============================================================================
restarts              : 1
conflicts             : 13             (281 /sec)
decisions             : 49127          (0.00 % random) (1061769 /sec)
propagations          : 97214          (2101061 /sec)
conflict literals     : 29             (0.00 % deleted)
Memory used           : 15.90 MB
CPU time              : 0.046269 s

SATISFIABLE
