Reading from standard input... Use '--help' for help.
============================[ Problem Statistics ]=============================
|                                                                             |
|  Number of variables:         69608                                         |
|  Number of clauses:          118081                                         |
|  Parse time:                   0.02 s                                       |
|                                                                             |
============================[ Search Statistics ]==============================
| Conflicts |          ORIGINAL         |          LEARNT          | Progress |
|           |    Vars  Clauses Literals |    Limit  Clauses Lit/Cl |          |
===============================================================================
===============================================================================
restarts              : 1
conflicts             : 30             (1036 /sec)
decisions             : 5583           (0.00 % random) (192830 /sec)
propagations          : 23636          (816358 /sec)
conflict literals     : 97             (0.00 % deleted)
Memory used           : 14.91 MB
CPU time              : 0.028953 s

UNSATISFIABLE
