Reading from standard input... Use '--help' for help.
============================[ Problem Statistics ]=============================
|                                                                             |
|  Number of variables:         69608                                         |
|  Number of clauses:          118081                                         |
|  Parse time:                   0.03 s                                       |
|                                                                             |
============================[ Search Statistics ]==============================
| Conflicts |          ORIGINAL         |          LEARNT          | Progress |
|           |    Vars  Clauses Literals |    Limit  Clauses Lit/Cl |          |
===============================================================================
===============================================================================
restarts              : 1
conflicts             : 20             (589 /sec)
decisions             : 5868           (0.00 % random) (172949 /sec)
propagations          : 31512          (928763 /sec)
conflict literals     : 50             (0.00 % deleted)
Memory used           : 15.92 MB
CPU time              : 0.033929 s

UNSATISFIABLE
