Reading from standard input... Use '--help' for help.
============================[ Problem Statistics ]=============================
|                                                                             |
|  Number of variables:         69608                                         |
|  Number of clauses:          118081                                         |
|  Parse time:                   0.02 s                                       |
|                                                                             |
============================[ Search Statistics ]==============================
| Conflicts |          ORIGINAL         |          LEARNT          | Progress |
|           |    Vars  Clauses Literals |    Limit  Clauses Lit/Cl |          |
===============================================================================
===============================================================================
restarts              : 1
conflicts             : 35             (916 /sec)
decisions             : 33344          (0.00 % random) (872468 /sec)
propagations          : 90986          (2380711 /sec)
conflict literals     : 292            (3.95 % deleted)
Memory used           : 17.05 MB
CPU time              : 0.038218 s

SATISFIABLE
