Reading from standard input... Use '--help' for help.
============================[ Problem Statistics ]=============================
|                                                                             |
|  Number of variables:         87638                                         |
|  Number of clauses:          161767                                         |
|  Parse time:                   0.04 s                                       |
|                                                                             |
============================[ Search Statistics ]==============================
| Conflicts |          ORIGINAL         |          LEARNT          | Progress |
|           |    Vars  Clauses Literals |    Limit  Clauses Lit/Cl |          |
===============================================================================
|       100 |   63338   108859   271215 |    39914      100     16 | 27.728 % |
|       250 |   63337   108859   271215 |    43906      249     45 | 27.729 % |
|       475 |   63337   108815   271125 |    48297      474     78 | 27.729 % |
|       812 |   63337   108815   271125 |    53126      811     71 | 27.729 % |
|      1318 |   63277   108695   270842 |    58439     1315     63 | 27.797 % |
|      2077 |   63166   108455   270275 |    64283     2067     63 | 27.924 % |
|      3216 |   63136   108038   269204 |    70711     3176     69 | 27.958 % |
|      4924 |   63118   107968   269036 |    77782     4883     73 | 27.979 % |
|      7486 |   63074   107751   268553 |    85561     6707     77 | 28.029 % |
|     11330 |   63055   107675   268375 |    94117    10549     80 | 28.051 % |
|     17096 |   62997   107435   267822 |   103529    16309     86 | 28.117 % |
===============================================================================
restarts              : 63
conflicts             : 18373          (7652 /sec)
decisions             : 61006          (0.00 % random) (25408 /sec)
propagations          : 22848289       (9516108 /sec)
conflict literals     : 1572370        (51.00 % deleted)
Memory used           : 32.97 MB
CPU time              : 2.40101 s

UNSATISFIABLE
