Reading from standard input... Use '--help' for help.
============================[ Problem Statistics ]=============================
|                                                                             |
|  Number of variables:         87638                                         |
|  Number of clauses:          161767                                         |
|  Parse time:                   0.03 s                                       |
|                                                                             |
============================[ Search Statistics ]==============================
| Conflicts |          ORIGINAL         |          LEARNT          | Progress |
|           |    Vars  Clauses Literals |    Limit  Clauses Lit/Cl |          |
===============================================================================
|       100 |   63197   108120   270189 |    39644      100     10 | 27.889 % |
|       250 |   63197   108120   270189 |    43608      250     23 | 27.889 % |
|       475 |   63197   108120   270189 |    47969      475     45 | 27.889 % |
|       812 |   63197   108120   270189 |    52766      812     45 | 27.889 % |
|      1318 |   63197   108120   270189 |    58042     1318     62 | 27.889 % |
|      2077 |   63197   108120   270189 |    63847     2077     73 | 27.889 % |
|      3216 |   63197   108120   270189 |    70231     3216     80 | 27.889 % |
|      4924 |   63196   108076   270099 |    77254     4917     74 | 27.890 % |
|      7486 |   63196   108076   270099 |    84980     7479     80 | 27.890 % |
|     11330 |   63144   107790   269475 |    93478    10076     77 | 27.949 % |
===============================================================================
restarts              : 62
conflicts             : 15088          (6451 /sec)
decisions             : 52259          (0.00 % random) (22344 /sec)
propagations          : 20960792       (8962058 /sec)
conflict literals     : 1197791        (55.49 % deleted)
Memory used           : 31.77 MB
CPU time              : 2.33884 s

UNSATISFIABLE
