Reading from standard input... Use '--help' for help.
============================[ Problem Statistics ]=============================
|                                                                             |
|  Number of variables:         87638                                         |
|  Number of clauses:          161767                                         |
|  Parse time:                   0.03 s                                       |
|                                                                             |
============================[ Search Statistics ]==============================
| Conflicts |          ORIGINAL         |          LEARNT          | Progress |
|           |    Vars  Clauses Literals |    Limit  Clauses Lit/Cl |          |
===============================================================================
|       100 |   62699   106234   265678 |    38952      100     33 | 28.457 % |
|       250 |   62699   106234   265678 |    42847      250     71 | 28.457 % |
|       475 |   62679   106150   265485 |    47132      300     31 | 28.480 % |
|       812 |   62659   106102   265353 |    51845      577     37 | 28.502 % |
|      1318 |   62659   106070   265265 |    57030     1034     53 | 28.502 % |
|      2077 |   62659   106070   265265 |    62733     1793     63 | 28.502 % |
|      3216 |   62659   106070   265265 |    69006     2932     75 | 28.502 % |
===============================================================================
restarts              : 18
conflicts             : 3502           (5978 /sec)
decisions             : 15428          (0.00 % random) (26336 /sec)
propagations          : 6129578        (10463245 /sec)
conflict literals     : 262628         (56.35 % deleted)
Memory used           : 19.23 MB
CPU time              : 0.58582 s

UNSATISFIABLE
