Reading from standard input... Use '--help' for help.
============================[ Problem Statistics ]=============================
|                                                                             |
|  Number of variables:         69608                                         |
|  Number of clauses:          118081                                         |
|  Parse time:                   0.03 s                                       |
|                                                                             |
============================[ Search Statistics ]==============================
| Conflicts |          ORIGINAL         |          LEARNT          | Progress |
|           |    Vars  Clauses Literals |    Limit  Clauses Lit/Cl |          |
===============================================================================
===============================================================================
restarts              : 1
conflicts             : 16             (427 /sec)
decisions             : 38645          (0.00 % random) (1030451 /sec)
propagations          : 79473          (2119110 /sec)
conflict literals     : 39             (0.00 % deleted)
Memory used           : 17.73 MB
CPU time              : 0.037503 s

SATISFIABLE
