Reading from standard input... Use '--help' for help.
============================[ Problem Statistics ]=============================
|                                                                             |
|  Number of variables:         69608                                         |
|  Number of clauses:          118081                                         |
|  Parse time:                   0.02 s                                       |
|                                                                             |
============================[ Search Statistics ]==============================
| Conflicts |          ORIGINAL         |          LEARNT          | Progress |
|           |    Vars  Clauses Literals |    Limit  Clauses Lit/Cl |          |
===============================================================================
===============================================================================
restarts              : 1
conflicts             : 43             (1332 /sec)
decisions             : 43004          (0.00 % random) (1331806 /sec)
propagations          : 93256          (2888077 /sec)
conflict literals     : 152            (0.00 % deleted)
Memory used           : 15.59 MB
CPU time              : 0.03229 s

SATISFIABLE
