Reading from standard input... Use '--help' for help.
============================[ Problem Statistics ]=============================
|                                                                             |
|  Number of variables:         69608                                         |
|  Number of clauses:          118081                                         |
|  Parse time:                   0.02 s                                       |
|                                                                             |
============================[ Search Statistics ]==============================
| Conflicts |          ORIGINAL         |          LEARNT          | Progress |
|           |    Vars  Clauses Literals |    Limit  Clauses Lit/Cl |          |
===============================================================================
===============================================================================
restarts              : 1
conflicts             : 19             (761 /sec)
decisions             : 10797          (0.00 % random) (432312 /sec)
propagations          : 42529          (1702863 /sec)
conflict literals     : 45             (0.00 % deleted)
Memory used           : 16.12 MB
CPU time              : 0.024975 s

UNSATISFIABLE
