Reading from standard input... Use '--help' for help.
============================[ Problem Statistics ]=============================
|                                                                             |
|  Number of variables:         69608                                         |
|  Number of clauses:          118081                                         |
|  Parse time:                   0.03 s                                       |
|                                                                             |
============================[ Search Statistics ]==============================
| Conflicts |          ORIGINAL         |          LEARNT          | Progress |
|           |    Vars  Clauses Literals |    Limit  Clauses Lit/Cl |          |
===============================================================================
===============================================================================
restarts              : 1
conflicts             : 21             (554 /sec)
decisions             : 36611          (0.00 % random) (964996 /sec)
propagations          : 84588          (2229579 /sec)
conflict literals     : 52             (10.34 % deleted)
Memory used           : 16.88 MB
CPU time              : 0.037939 s

SATISFIABLE
