Reading from standard input... Use '--help' for help.
============================[ Problem Statistics ]=============================
|                                                                             |
|  Number of variables:         69608                                         |
|  Number of clauses:          118081                                         |
|  Parse time:                   0.02 s                                       |
|                                                                             |
============================[ Search Statistics ]==============================
| Conflicts |          ORIGINAL         |          LEARNT          | Progress |
|           |    Vars  Clauses Literals |    Limit  Clauses Lit/Cl |          |
===============================================================================
===============================================================================
restarts              : 1
conflicts             : 11             (369 /sec)
decisions             : 2022           (0.00 % random) (67891 /sec)
propagations          : 37103          (1245778 /sec)
conflict literals     : 16             (0.00 % deleted)
Memory used           : 15.22 MB
CPU time              : 0.029783 s

UNSATISFIABLE
