Reading from standard input... Use '--help' for help.
============================[ Problem Statistics ]=============================
|                                                                             |
|  Number of variables:         69608                                         |
|  Number of clauses:          118081                                         |
|  Parse time:                   0.02 s                                       |
|                                                                             |
============================[ Search Statistics ]==============================
| Conflicts |          ORIGINAL         |          LEARNT          | Progress |
|           |    Vars  Clauses Literals |    Limit  Clauses Lit/Cl |          |
===============================================================================
===============================================================================
restarts              : 1
conflicts             : 6              (167 /sec)
decisions             : 1815           (0.00 % random) (50582 /sec)
propagations          : 24109          (671897 /sec)
conflict literals     : 7              (0.00 % deleted)
Memory used           : 14.80 MB
CPU time              : 0.035882 s

UNSATISFIABLE
