Reading from standard input... Use '--help' for help.
============================[ Problem Statistics ]=============================
|                                                                             |
|  Number of variables:         69608                                         |
|  Number of clauses:          118081                                         |
|  Parse time:                   0.03 s                                       |
|                                                                             |
============================[ Search Statistics ]==============================
| Conflicts |          ORIGINAL         |          LEARNT          | Progress |
|           |    Vars  Clauses Literals |    Limit  Clauses Lit/Cl |          |
===============================================================================
===============================================================================
restarts              : 1
conflicts             : 15             (405 /sec)
decisions             : 42297          (0.00 % random) (1141219 /sec)
propagations          : 84625          (2283274 /sec)
conflict literals     : 34             (0.00 % deleted)
Memory used           : 17.63 MB
CPU time              : 0.037063 s

SATISFIABLE
