Reading from standard input... Use '--help' for help.
============================[ Problem Statistics ]=============================
|                                                                             |
|  Number of variables:         69608                                         |
|  Number of clauses:          118081                                         |
|  Parse time:                   0.02 s                                       |
|                                                                             |
============================[ Search Statistics ]==============================
| Conflicts |          ORIGINAL         |          LEARNT          | Progress |
|           |    Vars  Clauses Literals |    Limit  Clauses Lit/Cl |          |
===============================================================================
===============================================================================
restarts              : 1
conflicts             : 8              (259 /sec)
decisions             : 5169           (0.00 % random) (167482 /sec)
propagations          : 29498          (955772 /sec)
conflict literals     : 13             (0.00 % deleted)
Memory used           : 17.25 MB
CPU time              : 0.030863 s

UNSATISFIABLE
