Reading from standard input... Use '--help' for help.
============================[ Problem Statistics ]=============================
|                                                                             |
|  Number of variables:         87638                                         |
|  Number of clauses:          161767                                         |
|  Parse time:                   0.04 s                                       |
|                                                                             |
============================[ Search Statistics ]==============================
| Conflicts |          ORIGINAL         |          LEARNT          | Progress |
|           |    Vars  Clauses Literals |    Limit  Clauses Lit/Cl |          |
===============================================================================
|       100 |   63343   108534   271375 |    39795      100     19 | 27.722 % |
|       250 |   63342   108490   271285 |    43775      248     84 | 27.723 % |
|       475 |   63342   108490   271285 |    48152      473     97 | 27.723 % |
|       812 |   63342   108490   271285 |    52968      810     85 | 27.723 % |
|      1318 |   63342   108490   271285 |    58265     1316     70 | 27.723 % |
|      2077 |   63324   108416   271114 |    64091     1488     70 | 27.744 % |
|      3216 |   63324   108416   271114 |    70500     2627     76 | 27.744 % |
|      4924 |   63324   108416   271114 |    77550     4335     73 | 27.744 % |
|      7486 |   63324   108416   271114 |    85305     6897     83 | 27.744 % |
===============================================================================
restarts              : 35
conflicts             : 8427           (6285 /sec)
decisions             : 38081          (0.00 % random) (28400 /sec)
propagations          : 13562523       (10114500 /sec)
conflict literals     : 706254         (46.60 % deleted)
Memory used           : 24.64 MB
CPU time              : 1.3409 s

INDETERMINATE
