Reading from standard input... Use '--help' for help.
============================[ Problem Statistics ]=============================
|                                                                             |
|  Number of variables:         87638                                         |
|  Number of clauses:          161767                                         |
|  Parse time:                   0.04 s                                       |
|                                                                             |
============================[ Search Statistics ]==============================
| Conflicts |          ORIGINAL         |          LEARNT          | Progress |
|           |    Vars  Clauses Literals |    Limit  Clauses Lit/Cl |          |
===============================================================================
|       100 |   62375   105152   262722 |    38555      100     10 | 28.827 % |
|       250 |   62350   105050   262482 |    42411      248     30 | 28.855 % |
|       475 |   62350   105050   262482 |    46652      473     48 | 28.855 % |
|       812 |   62350   105050   262482 |    51317      810    102 | 28.855 % |
|      1318 |   62350   105050   262482 |    56449     1316    105 | 28.855 % |
|      2077 |   62349   105006   262392 |    62094     2072     87 | 28.856 % |
|      3216 |   62349   105006   262392 |    68303     3211     88 | 28.856 % |
|      4924 |   62348   105003   262386 |    75134     4918     96 | 28.857 % |
|      7486 |   62293   104925   262196 |    82647     6728     90 | 28.920 % |
|     11330 |   48448    63737   160700 |    90912    10298     75 | 44.718 % |
===============================================================================
restarts              : 54
conflicts             : 12513          (7798 /sec)
decisions             : 41312          (0.00 % random) (25747 /sec)
propagations          : 17087151       (10649159 /sec)
conflict literals     : 920438         (45.58 % deleted)
Memory used           : 31.79 MB
CPU time              : 1.60455 s

UNSATISFIABLE
