Reading from standard input... Use '--help' for help.
============================[ Problem Statistics ]=============================
|                                                                             |
|  Number of variables:         69608                                         |
|  Number of clauses:          118081                                         |
|  Parse time:                   0.03 s                                       |
|                                                                             |
============================[ Search Statistics ]==============================
| Conflicts |          ORIGINAL         |          LEARNT          | Progress |
|           |    Vars  Clauses Literals |    Limit  Clauses Lit/Cl |          |
===============================================================================
===============================================================================
restarts              : 1
conflicts             : 44             (978 /sec)
decisions             : 41479          (0.00 % random) (921940 /sec)
propagations          : 86894          (1931364 /sec)
conflict literals     : 142            (0.00 % deleted)
Memory used           : 16.44 MB
CPU time              : 0.044991 s

SATISFIABLE
