Reading from standard input... Use '--help' for help.
============================[ Problem Statistics ]=============================
|                                                                             |
|  Number of variables:         69608                                         |
|  Number of clauses:          118081                                         |
|  Parse time:                   0.02 s                                       |
|                                                                             |
============================[ Search Statistics ]==============================
| Conflicts |          ORIGINAL         |          LEARNT          | Progress |
|           |    Vars  Clauses Literals |    Limit  Clauses Lit/Cl |          |
===============================================================================
|       100 |   59862    89394   221176 |    32777       98      8 | 14.001 % |
|       250 |   59385    89066   220417 |    36055      242     11 | 14.687 % |
===============================================================================
restarts              : 4
conflicts             : 425            (6916 /sec)
decisions             : 39411          (0.00 % random) (641372 /sec)
propagations          : 610859         (9941072 /sec)
conflict literals     : 6028           (22.41 % deleted)
Memory used           : 15.41 MB
CPU time              : 0.061448 s

UNSATISFIABLE
