Reading from standard input... Use '--help' for help.
============================[ Problem Statistics ]=============================
|                                                                             |
|  Number of variables:         87638                                         |
|  Number of clauses:          161767                                         |
|  Parse time:                   0.03 s                                       |
|                                                                             |
============================[ Search Statistics ]==============================
| Conflicts |          ORIGINAL         |          LEARNT          | Progress |
|           |    Vars  Clauses Literals |    Limit  Clauses Lit/Cl |          |
===============================================================================
|       100 |   62696   106236   265645 |    38953      100     54 | 28.460 % |
|       250 |   62696   106236   265645 |    42848      250     82 | 28.460 % |
|       475 |   62696   106236   265645 |    47133      475     74 | 28.460 % |
|       812 |   62696   106236   265645 |    51846      812     94 | 28.460 % |
|      1318 |   62696   106236   265645 |    57031     1318     80 | 28.460 % |
|      2077 |   62696   106236   265645 |    62734     2077     80 | 28.461 % |
|      3216 |   62696   106236   265645 |    69007     3216     82 | 28.460 % |
===============================================================================
restarts              : 22
conflicts             : 4370           (6216 /sec)
decisions             : 14344          (0.00 % random) (20402 /sec)
propagations          : 6668003        (9484016 /sec)
conflict literals     : 326772         (61.92 % deleted)
Memory used           : 23.15 MB
CPU time              : 0.703078 s

UNSATISFIABLE
