Reading from standard input... Use '--help' for help.
============================[ Problem Statistics ]=============================
|                                                                             |
|  Number of variables:         87638                                         |
|  Number of clauses:          161767                                         |
|  Parse time:                   0.04 s                                       |
|                                                                             |
============================[ Search Statistics ]==============================
| Conflicts |          ORIGINAL         |          LEARNT          | Progress |
|           |    Vars  Clauses Literals |    Limit  Clauses Lit/Cl |          |
===============================================================================
|       100 |   64385   112461   280839 |    41235      100     12 | 26.533 % |
|       250 |   64385   112461   280839 |    45359      250     21 | 26.533 % |
|       475 |   64385   112461   280839 |    49895      475     69 | 26.533 % |
|       812 |   64385   112461   280839 |    54884      812     77 | 26.533 % |
|      1318 |   64385   112461   280839 |    60373     1318     95 | 26.533 % |
|      2077 |   56061    87421   219398 |    66410     2059     76 | 36.031 % |
|      3216 |   56007    87198   218876 |    73051     3194     76 | 36.093 % |
|      4924 |   55898    86710   217734 |    80356     4895     71 | 36.217 % |
|      7486 |   55701    86031   216063 |    88392     7443     65 | 36.442 % |
|     11330 |   55613    85673   215239 |    97231    11281     71 | 36.542 % |
|     17096 |   55612    85670   215233 |   106954    17045     77 | 36.544 % |
===============================================================================
restarts              : 78
conflicts             : 22338          (7200 /sec)
decisions             : 88500          (0.00 % random) (28527 /sec)
propagations          : 33385005       (10761341 /sec)
conflict literals     : 1759299        (42.41 % deleted)
Memory used           : 39.31 MB
CPU time              : 3.10231 s

INDETERMINATE
