Reading from standard input... Use '--help' for help.
============================[ Problem Statistics ]=============================
|                                                                             |
|  Number of variables:         69608                                         |
|  Number of clauses:          118081                                         |
|  Parse time:                   0.02 s                                       |
|                                                                             |
============================[ Search Statistics ]==============================
| Conflicts |          ORIGINAL         |          LEARNT          | Progress |
|           |    Vars  Clauses Literals |    Limit  Clauses Lit/Cl |          |
===============================================================================
===============================================================================
restarts              : 1
conflicts             : 6              (180 /sec)
decisions             : 655            (0.00 % random) (19696 /sec)
propagations          : 21406          (643673 /sec)
conflict literals     : 7              (0.00 % deleted)
Memory used           : 14.20 MB
CPU time              : 0.033256 s

UNSATISFIABLE
