Reading from standard input... Use '--help' for help.
============================[ Problem Statistics ]=============================
|                                                                             |
|  Number of variables:         87638                                         |
|  Number of clauses:          161767                                         |
|  Parse time:                   0.03 s                                       |
|                                                                             |
============================[ Search Statistics ]==============================
| Conflicts |          ORIGINAL         |          LEARNT          | Progress |
|           |    Vars  Clauses Literals |    Limit  Clauses Lit/Cl |          |
===============================================================================
|       100 |   64384   112464   280678 |    41236      100     29 | 26.534 % |
|       250 |   64384   112464   280678 |    45360      250     45 | 26.534 % |
|       475 |   64384   112464   280678 |    49896      475     54 | 26.534 % |
|       812 |   57062    90147   225691 |    54886      782     44 | 34.889 % |
|      1318 |   56992    89866   225048 |    60374     1286     49 | 34.969 % |
|      2077 |   56992    89866   225048 |    66412     2045     57 | 34.969 % |
|      3216 |   56992    89866   225048 |    73053     3184     55 | 34.969 % |
|      4924 |   56907    89588   224332 |    80358     4888     53 | 35.066 % |
|      7486 |   56907    89588   224332 |    88394     7450     60 | 35.066 % |
|     11330 |   56907    89588   224332 |    97234    11294     72 | 35.066 % |
|     17096 |   56701    88811   222505 |   106957    17025     86 | 35.301 % |
===============================================================================
restarts              : 63
conflicts             : 17384          (7068 /sec)
decisions             : 76524          (0.00 % random) (31114 /sec)
propagations          : 27402621       (11141668 /sec)
conflict literals     : 1472592        (34.20 % deleted)
Memory used           : 36.55 MB
CPU time              : 2.45947 s

INDETERMINATE
