Reading from standard input... Use '--help' for help.
============================[ Problem Statistics ]=============================
|                                                                             |
|  Number of variables:         69608                                         |
|  Number of clauses:          118081                                         |
|  Parse time:                   0.03 s                                       |
|                                                                             |
============================[ Search Statistics ]==============================
| Conflicts |          ORIGINAL         |          LEARNT          | Progress |
|           |    Vars  Clauses Literals |    Limit  Clauses Lit/Cl |          |
===============================================================================
===============================================================================
restarts              : 1
conflicts             : 1              (24 /sec)
decisions             : 36290          (0.00 % random) (884734 /sec)
propagations          : 74475          (1815666 /sec)
conflict literals     : 1              (0.00 % deleted)
Memory used           : 17.15 MB
CPU time              : 0.041018 s

SATISFIABLE
