Reading from standard input... Use '--help' for help.
============================[ Problem Statistics ]=============================
|                                                                             |
|  Number of variables:         69608                                         |
|  Number of clauses:          118081                                         |
|  Parse time:                   0.02 s                                       |
|                                                                             |
============================[ Search Statistics ]==============================
| Conflicts |          ORIGINAL         |          LEARNT          | Progress |
|           |    Vars  Clauses Literals |    Limit  Clauses Lit/Cl |          |
===============================================================================
===============================================================================
restarts              : 1
conflicts             : 13             (372 /sec)
decisions             : 35959          (0.00 % random) (1027958 /sec)
propagations          : 75658          (2162831 /sec)
conflict literals     : 32             (0.00 % deleted)
Memory used           : 18.27 MB
CPU time              : 0.034981 s

SATISFIABLE
