Reading from standard input... Use '--help' for help.
============================[ Problem Statistics ]=============================
|                                                                             |
|  Number of variables:         69608                                         |
|  Number of clauses:          118081                                         |
|  Parse time:                   0.02 s                                       |
|                                                                             |
============================[ Search Statistics ]==============================
| Conflicts |          ORIGINAL         |          LEARNT          | Progress |
|           |    Vars  Clauses Literals |    Limit  Clauses Lit/Cl |          |
===============================================================================
===============================================================================
restarts              : 1
conflicts             : 12             (403 /sec)
decisions             : 1445           (0.00 % random) (48505 /sec)
propagations          : 36250          (1216810 /sec)
conflict literals     : 17             (10.53 % deleted)
Memory used           : 15.06 MB
CPU time              : 0.029791 s

UNSATISFIABLE
