Reading from standard input... Use '--help' for help.
============================[ Problem Statistics ]=============================
|                                                                             |
|  Number of variables:         69608                                         |
|  Number of clauses:          118081                                         |
|  Parse time:                   0.03 s                                       |
|                                                                             |
============================[ Search Statistics ]==============================
| Conflicts |          ORIGINAL         |          LEARNT          | Progress |
|           |    Vars  Clauses Literals |    Limit  Clauses Lit/Cl |          |
===============================================================================
===============================================================================
restarts              : 1
conflicts             : 6              (156 /sec)
decisions             : 654            (0.00 % random) (16981 /sec)
propagations          : 21377          (555045 /sec)
conflict literals     : 7              (0.00 % deleted)
Memory used           : 14.72 MB
CPU time              : 0.038514 s

UNSATISFIABLE
