Reading from standard input... Use '--help' for help.
============================[ Problem Statistics ]=============================
|                                                                             |
|  Number of variables:         87638                                         |
|  Number of clauses:          161767                                         |
|  Parse time:                   0.04 s                                       |
|                                                                             |
============================[ Search Statistics ]==============================
| Conflicts |          ORIGINAL         |          LEARNT          | Progress |
|           |    Vars  Clauses Literals |    Limit  Clauses Lit/Cl |          |
===============================================================================
|       100 |   62352   105064   262566 |    38523      100     24 | 28.853 % |
|       250 |   62352   105064   262566 |    42375      250     26 | 28.853 % |
|       475 |   62352   105064   262566 |    46613      475     35 | 28.853 % |
|       812 |   62334   104990   262395 |    51274      811     47 | 28.873 % |
|      1318 |   62334   104990   262395 |    56402     1317     51 | 28.873 % |
|      2077 |   62334   104990   262395 |    62042     2076     61 | 28.873 % |
|      3216 |   62313   104868   262118 |    68246     3210     65 | 28.897 % |
|      4924 |   62281   104736   261812 |    75071     4914     70 | 28.934 % |
|      7486 |   62224   104508   261270 |    82578     7470     92 | 28.999 % |
|     11330 |   62224   104508   261270 |    90836    11314     91 | 28.999 % |
===============================================================================
restarts              : 58
conflicts             : 13009          (6321 /sec)
decisions             : 39241          (0.00 % random) (19068 /sec)
propagations          : 18375073       (8928793 /sec)
conflict literals     : 1126457        (55.39 % deleted)
Memory used           : 28.84 MB
CPU time              : 2.05796 s

UNSATISFIABLE
