Reading from standard input... Use '--help' for help.
============================[ Problem Statistics ]=============================
|                                                                             |
|  Number of variables:         87638                                         |
|  Number of clauses:          161767                                         |
|  Parse time:                   0.04 s                                       |
|                                                                             |
============================[ Search Statistics ]==============================
| Conflicts |          ORIGINAL         |          LEARNT          | Progress |
|           |    Vars  Clauses Literals |    Limit  Clauses Lit/Cl |          |
===============================================================================
|       100 |   62283   104807   261980 |    38429      100     23 | 28.932 % |
|       250 |   62283   104807   261980 |    42272      250     74 | 28.932 % |
|       475 |   62263   104723   261787 |    46499      473     71 | 28.954 % |
|       812 |   43790    50486   128626 |    51149      785     59 | 50.033 % |
|      1318 |   43790    50486   128626 |    56264     1291     48 | 50.033 % |
|      2077 |   43790    50486   128626 |    61890     2050     39 | 50.033 % |
|      3216 |   43790    50486   128626 |    68079     3189     36 | 50.033 % |
===============================================================================
restarts              : 18
conflicts             : 3450           (9724 /sec)
decisions             : 14434          (0.00 % random) (40682 /sec)
propagations          : 4284582        (12076048 /sec)
conflict literals     : 118832         (27.73 % deleted)
Memory used           : 20.60 MB
CPU time              : 0.3548 s

UNSATISFIABLE
