Reading from standard input... Use '--help' for help.
============================[ Problem Statistics ]=============================
|                                                                             |
|  Number of variables:         87638                                         |
|  Number of clauses:          161767                                         |
|  Parse time:                   0.03 s                                       |
|                                                                             |
============================[ Search Statistics ]==============================
| Conflicts |          ORIGINAL         |          LEARNT          | Progress |
|           |    Vars  Clauses Literals |    Limit  Clauses Lit/Cl |          |
===============================================================================
|       100 |   63324   108554   271234 |    39803      100     17 | 27.744 % |
|       250 |   54657    82626   207404 |    43783      242     32 | 37.633 % |
|       475 |   54646    82612   207364 |    48161      464     54 | 37.646 % |
|       812 |   54643    82572   207260 |    52977      769     64 | 37.649 % |
|      1318 |   54643    82572   207260 |    58275     1275     59 | 37.649 % |
|      2077 |   54553    82287   206505 |    64103     2032     58 | 37.752 % |
|      3216 |   54532    82199   206303 |    70513     3170     59 | 37.776 % |
|      4924 |   53920    79957   200787 |    77565     4712     60 | 38.474 % |
|      7486 |   53701    79140   198778 |    85321     7088     64 | 38.724 % |
|     11330 |   53491    78488   197271 |    93853    10068     65 | 38.964 % |
|     17096 |   53331    77432   194725 |   103239    15784     64 | 39.146 % |
===============================================================================
restarts              : 68
conflicts             : 19848          (7670 /sec)
decisions             : 68435          (0.00 % random) (26447 /sec)
propagations          : 27722902       (10713627 /sec)
conflict literals     : 1276227        (47.59 % deleted)
Memory used           : 30.57 MB
CPU time              : 2.58763 s

INDETERMINATE
