Reading from standard input... Use '--help' for help.
============================[ Problem Statistics ]=============================
|                                                                             |
|  Number of variables:         69608                                         |
|  Number of clauses:          118081                                         |
|  Parse time:                   0.03 s                                       |
|                                                                             |
============================[ Search Statistics ]==============================
| Conflicts |          ORIGINAL         |          LEARNT          | Progress |
|           |    Vars  Clauses Literals |    Limit  Clauses Lit/Cl |          |
===============================================================================
===============================================================================
restarts              : 1
conflicts             : 61             (1534 /sec)
decisions             : 43539          (0.00 % random) (1094797 /sec)
propagations          : 102739         (2583394 /sec)
conflict literals     : 360            (8.40 % deleted)
Memory used           : 16.87 MB
CPU time              : 0.039769 s

SATISFIABLE
