Reading from standard input... Use '--help' for help.
============================[ Problem Statistics ]=============================
|                                                                             |
|  Number of variables:         69608                                         |
|  Number of clauses:          118081                                         |
|  Parse time:                   0.02 s                                       |
|                                                                             |
============================[ Search Statistics ]==============================
| Conflicts |          ORIGINAL         |          LEARNT          | Progress |
|           |    Vars  Clauses Literals |    Limit  Clauses Lit/Cl |          |
===============================================================================
===============================================================================
restarts              : 1
conflicts             : 5              (157 /sec)
decisions             : 36332          (0.00 % random) (1137223 /sec)
propagations          : 73629          (2304651 /sec)
conflict literals     : 11             (0.00 % deleted)
Memory used           : 15.58 MB
CPU time              : 0.031948 s

SATISFIABLE
