Reading from standard input... Use '--help' for help.
============================[ Problem Statistics ]=============================
|                                                                             |
|  Number of variables:         87638                                         |
|  Number of clauses:          161767                                         |
|  Parse time:                   0.04 s                                       |
|                                                                             |
============================[ Search Statistics ]==============================
| Conflicts |          ORIGINAL         |          LEARNT          | Progress |
|           |    Vars  Clauses Literals |    Limit  Clauses Lit/Cl |          |
===============================================================================
|       100 |   64503   112804   281725 |    41361      100     15 | 26.398 % |
|       250 |   64503   112804   281725 |    45497      250     31 | 26.398 % |
|       475 |   64502   112760   281635 |    50047      473     53 | 26.400 % |
|       812 |   64502   112760   281635 |    55052      810     55 | 26.400 % |
|      1318 |   64502   112760   281635 |    60557     1316     60 | 26.400 % |
|      2077 |   64502   112760   281635 |    66613     2075     65 | 26.400 % |
|      3216 |   64502   112760   281635 |    73274     3214     78 | 26.400 % |
|      4924 |   64451   112547   281147 |    80601     4911     89 | 26.458 % |
|      7486 |   64451   112547   281147 |    88661     7473     83 | 26.458 % |
|     11330 |   64405   112357   280711 |    97528    11313     88 | 26.510 % |
|     17096 |   53745    80246   201635 |   107280    16105     83 | 38.674 % |
===============================================================================
restarts              : 75
conflicts             : 20990          (6701 /sec)
decisions             : 83068          (0.00 % random) (26519 /sec)
propagations          : 30261159       (9660716 /sec)
conflict literals     : 1674986        (46.58 % deleted)
Memory used           : 34.62 MB
CPU time              : 3.13239 s

INDETERMINATE
