Reading from standard input... Use '--help' for help.
============================[ Problem Statistics ]=============================
|                                                                             |
|  Number of variables:         69608                                         |
|  Number of clauses:          118081                                         |
|  Parse time:                   0.03 s                                       |
|                                                                             |
============================[ Search Statistics ]==============================
| Conflicts |          ORIGINAL         |          LEARNT          | Progress |
|           |    Vars  Clauses Literals |    Limit  Clauses Lit/Cl |          |
===============================================================================
===============================================================================
restarts              : 1
conflicts             : 6              (154 /sec)
decisions             : 34803          (0.00 % random) (893920 /sec)
propagations          : 70966          (1822772 /sec)
conflict literals     : 12             (0.00 % deleted)
Memory used           : 14.79 MB
CPU time              : 0.038933 s

SATISFIABLE
