Reading from standard input... Use '--help' for help.
============================[ Problem Statistics ]=============================
|                                                                             |
|  Number of variables:         69608                                         |
|  Number of clauses:          118081                                         |
|  Parse time:                   0.02 s                                       |
|                                                                             |
============================[ Search Statistics ]==============================
| Conflicts |          ORIGINAL         |          LEARNT          | Progress |
|           |    Vars  Clauses Literals |    Limit  Clauses Lit/Cl |          |
===============================================================================
===============================================================================
restarts              : 1
conflicts             : 37             (1114 /sec)
decisions             : 38856          (0.00 % random) (1169974 /sec)
propagations          : 93124          (2804011 /sec)
conflict literals     : 294            (1.34 % deleted)
Memory used           : 18.60 MB
CPU time              : 0.033211 s

SATISFIABLE
