Reading from standard input... Use '--help' for help.
============================[ Problem Statistics ]=============================
|                                                                             |
|  Number of variables:         69608                                         |
|  Number of clauses:          118081                                         |
|  Parse time:                   0.02 s                                       |
|                                                                             |
============================[ Search Statistics ]==============================
| Conflicts |          ORIGINAL         |          LEARNT          | Progress |
|           |    Vars  Clauses Literals |    Limit  Clauses Lit/Cl |          |
===============================================================================
|       100 |   59924    89460   221279 |    32802       97     10 | 13.912 % |
|       250 |   59667    89046   220281 |    36082      230     12 | 14.281 % |
===============================================================================
restarts              : 3
conflicts             : 382            (8888 /sec)
decisions             : 40221          (0.00 % random) (935851 /sec)
propagations          : 461824         (10745591 /sec)
conflict literals     : 4937           (12.91 % deleted)
Memory used           : 14.71 MB
CPU time              : 0.042978 s

UNSATISFIABLE
