Reading from standard input... Use '--help' for help.
============================[ Problem Statistics ]=============================
|                                                                             |
|  Number of variables:         69608                                         |
|  Number of clauses:          118081                                         |
|  Parse time:                   0.03 s                                       |
|                                                                             |
============================[ Search Statistics ]==============================
| Conflicts |          ORIGINAL         |          LEARNT          | Progress |
|           |    Vars  Clauses Literals |    Limit  Clauses Lit/Cl |          |
===============================================================================
===============================================================================
restarts              : 1
conflicts             : 6              (153 /sec)
decisions             : 655            (0.00 % random) (16719 /sec)
propagations          : 21371          (545485 /sec)
conflict literals     : 7              (0.00 % deleted)
Memory used           : 17.11 MB
CPU time              : 0.039178 s

UNSATISFIABLE
