Reading from standard input... Use '--help' for help.
============================[ Problem Statistics ]=============================
|                                                                             |
|  Number of variables:         69608                                         |
|  Number of clauses:          118081                                         |
|  Parse time:                   0.03 s                                       |
|                                                                             |
============================[ Search Statistics ]==============================
| Conflicts |          ORIGINAL         |          LEARNT          | Progress |
|           |    Vars  Clauses Literals |    Limit  Clauses Lit/Cl |          |
===============================================================================
===============================================================================
restarts              : 1
conflicts             : 14             (366 /sec)
decisions             : 37631          (0.00 % random) (983508 /sec)
propagations          : 76982          (2011970 /sec)
conflict literals     : 34             (0.00 % deleted)
Memory used           : 16.91 MB
CPU time              : 0.038262 s

SATISFIABLE
