Reading from standard input... Use '--help' for help.
============================[ Problem Statistics ]=============================
|                                                                             |
|  Number of variables:         87638                                         |
|  Number of clauses:          161767                                         |
|  Parse time:                   0.04 s                                       |
|                                                                             |
============================[ Search Statistics ]==============================
| Conflicts |          ORIGINAL         |          LEARNT          | Progress |
|           |    Vars  Clauses Literals |    Limit  Clauses Lit/Cl |          |
===============================================================================
|       100 |   62839   106700   266788 |    39123      100     10 | 28.297 % |
|       250 |   62839   106700   266788 |    43035      250     44 | 28.297 % |
|       475 |   62839   106700   266788 |    47339      475    137 | 28.297 % |
|       812 |   62839   106700   266788 |    52073      812    110 | 28.297 % |
|      1318 |   51205    73497   185142 |    57280     1312    126 | 41.572 % |
|      2077 |   51137    73249   184542 |    63008     2064    101 | 41.650 % |
|      3216 |   51097    73001   183985 |    69309     3194     87 | 41.695 % |
|      4924 |   50781    71816   181035 |    76240     4488     75 | 42.056 % |
|      7486 |   50642    71266   179703 |    83864     7044     67 | 42.215 % |
|     11330 |   50519    70942   178931 |    92250    10839     62 | 42.355 % |
===============================================================================
restarts              : 63
conflicts             : 16848          (6381 /sec)
decisions             : 52033          (0.00 % random) (19708 /sec)
propagations          : 25202876       (9545636 /sec)
conflict literals     : 997853         (46.10 % deleted)
Memory used           : 30.25 MB
CPU time              : 2.64025 s

INDETERMINATE
