Reading from standard input... Use '--help' for help.
============================[ Problem Statistics ]=============================
|                                                                             |
|  Number of variables:         69608                                         |
|  Number of clauses:          118081                                         |
|  Parse time:                   0.02 s                                       |
|                                                                             |
============================[ Search Statistics ]==============================
| Conflicts |          ORIGINAL         |          LEARNT          | Progress |
|           |    Vars  Clauses Literals |    Limit  Clauses Lit/Cl |          |
===============================================================================
===============================================================================
restarts              : 1
conflicts             : 20             (676 /sec)
decisions             : 7709           (0.00 % random) (260642 /sec)
propagations          : 33140          (1120465 /sec)
conflict literals     : 44             (2.22 % deleted)
Memory used           : 18.27 MB
CPU time              : 0.029577 s

UNSATISFIABLE
