Reading from standard input... Use '--help' for help.
============================[ Problem Statistics ]=============================
|                                                                             |
|  Number of variables:         69608                                         |
|  Number of clauses:          118081                                         |
|  Parse time:                   0.03 s                                       |
|                                                                             |
============================[ Search Statistics ]==============================
| Conflicts |          ORIGINAL         |          LEARNT          | Progress |
|           |    Vars  Clauses Literals |    Limit  Clauses Lit/Cl |          |
===============================================================================
===============================================================================
restarts              : 1
conflicts             : 5              (127 /sec)
decisions             : 36241          (0.00 % random) (920968 /sec)
propagations          : 73441          (1866306 /sec)
conflict literals     : 11             (0.00 % deleted)
Memory used           : 17.78 MB
CPU time              : 0.039351 s

SATISFIABLE
