Reading from standard input... Use '--help' for help.
============================[ Problem Statistics ]=============================
|                                                                             |
|  Number of variables:         69608                                         |
|  Number of clauses:          118081                                         |
|  Parse time:                   0.03 s                                       |
|                                                                             |
============================[ Search Statistics ]==============================
| Conflicts |          ORIGINAL         |          LEARNT          | Progress |
|           |    Vars  Clauses Literals |    Limit  Clauses Lit/Cl |          |
===============================================================================
===============================================================================
restarts              : 1
conflicts             : 20             (503 /sec)
decisions             : 41270          (0.00 % random) (1038343 /sec)
propagations          : 83183          (2092865 /sec)
conflict literals     : 37             (0.00 % deleted)
Memory used           : 15.01 MB
CPU time              : 0.039746 s

SATISFIABLE
