Reading from standard input... Use '--help' for help.
============================[ Problem Statistics ]=============================
|                                                                             |
|  Number of variables:         87638                                         |
|  Number of clauses:          161767                                         |
|  Parse time:                   0.04 s                                       |
|                                                                             |
============================[ Search Statistics ]==============================
| Conflicts |          ORIGINAL         |          LEARNT          | Progress |
|           |    Vars  Clauses Literals |    Limit  Clauses Lit/Cl |          |
===============================================================================
|       100 |   63835   110377   275904 |    40471      100      8 | 27.161 % |
|       250 |   63835   110377   275904 |    44518      250      9 | 27.161 % |
|       475 |   63835   110377   275904 |    48970      475     48 | 27.161 % |
|       812 |   63835   110377   275904 |    53867      812     56 | 27.161 % |
|      1318 |   63817   110311   275732 |    59254     1305     72 | 27.181 % |
|      2077 |   51047    72849   183445 |    65179     2009     62 | 41.752 % |
|      3216 |   51021    72706   183133 |    71697     2727     54 | 41.782 % |
|      4924 |   50975    72462   182568 |    78867     3865     61 | 41.835 % |
|      7486 |   50804    72064   181608 |    86754     5839     67 | 42.030 % |
|     11330 |   50097    69636   175687 |    95429     9333     65 | 42.836 % |
|     17096 |   49613    67265   169908 |   104972    14770     64 | 43.389 % |
===============================================================================
restarts              : 63
conflicts             : 18530          (7893 /sec)
decisions             : 56141          (0.00 % random) (23914 /sec)
propagations          : 26868487       (11444805 /sec)
conflict literals     : 1101200        (45.29 % deleted)
Memory used           : 36.30 MB
CPU time              : 2.34766 s

UNSATISFIABLE
