Reading from standard input... Use '--help' for help.
============================[ Problem Statistics ]=============================
|                                                                             |
|  Number of variables:         87638                                         |
|  Number of clauses:          161767                                         |
|  Parse time:                   0.04 s                                       |
|                                                                             |
============================[ Search Statistics ]==============================
| Conflicts |          ORIGINAL         |          LEARNT          | Progress |
|           |    Vars  Clauses Literals |    Limit  Clauses Lit/Cl |          |
===============================================================================
|       100 |   63267   108348   270679 |    39727      100     24 | 27.809 % |
|       250 |   63267   108348   270679 |    43700      250     39 | 27.809 % |
|       475 |   63113   107744   269238 |    48070      471     73 | 27.984 % |
|       812 |   63047   107424   268515 |    52877      801     59 | 28.060 % |
|      1318 |   63029   107350   268344 |    58165     1306     59 | 28.080 % |
|      2077 |   63007   107268   268153 |    63981     2064     61 | 28.105 % |
|      3216 |   52981    77347   194108 |    70379     2893     70 | 39.546 % |
|      4924 |   52949    77261   193901 |    77417     4597     68 | 39.582 % |
|      7486 |   52733    76373   191762 |    85159     7077     63 | 39.829 % |
|     11330 |   52631    76017   190927 |    93675    10888     65 | 39.945 % |
|     17096 |   52531    75608   189948 |   103043    15936     60 | 40.059 % |
===============================================================================
restarts              : 68
conflicts             : 19837          (7874 /sec)
decisions             : 66353          (0.00 % random) (26338 /sec)
propagations          : 25146912       (9981694 /sec)
conflict literals     : 1142914        (46.02 % deleted)
Memory used           : 36.47 MB
CPU time              : 2.5193 s

UNSATISFIABLE
