Reading from standard input... Use '--help' for help.
============================[ Problem Statistics ]=============================
|                                                                             |
|  Number of variables:         87638                                         |
|  Number of clauses:          161767                                         |
|  Parse time:                   0.03 s                                       |
|                                                                             |
============================[ Search Statistics ]==============================
| Conflicts |          ORIGINAL         |          LEARNT          | Progress |
|           |    Vars  Clauses Literals |    Limit  Clauses Lit/Cl |          |
===============================================================================
|       100 |   62621   106054   265166 |    38886      100     12 | 28.546 % |
|       250 |   62621   106054   265166 |    42775      250     40 | 28.546 % |
|       475 |   62621   106054   265166 |    47052      475     59 | 28.546 % |
|       812 |   62621   106054   265166 |    51757      812     76 | 28.546 % |
|      1318 |   62621   106054   265166 |    56933     1318     80 | 28.546 % |
|      2077 |   44315    51817   132215 |    62627     2059     66 | 49.434 % |
|      3216 |   44315    51817   132215 |    68889     3198     52 | 49.434 % |
===============================================================================
restarts              : 22
conflicts             : 4269           (8964 /sec)
decisions             : 12897          (0.00 % random) (27081 /sec)
propagations          : 6583139        (13823328 /sec)
conflict literals     : 190703         (44.91 % deleted)
Memory used           : 25.30 MB
CPU time              : 0.476234 s

UNSATISFIABLE
