Reading from standard input... Use '--help' for help.
============================[ Problem Statistics ]=============================
|                                                                             |
|  Number of variables:         69608                                         |
|  Number of clauses:          118081                                         |
|  Parse time:                   0.03 s                                       |
|                                                                             |
============================[ Search Statistics ]==============================
| Conflicts |          ORIGINAL         |          LEARNT          | Progress |
|           |    Vars  Clauses Literals |    Limit  Clauses Lit/Cl |          |
===============================================================================
===============================================================================
restarts              : 1
conflicts             : 4              (115 /sec)
decisions             : 731            (0.00 % random) (21091 /sec)
propagations          : 20095          (579792 /sec)
conflict literals     : 4              (0.00 % deleted)
Memory used           : 15.45 MB
CPU time              : 0.034659 s

UNSATISFIABLE
