Reading from standard input... Use '--help' for help.
============================[ Problem Statistics ]=============================
|                                                                             |
|  Number of variables:         69608                                         |
|  Number of clauses:          118081                                         |
|  Parse time:                   0.02 s                                       |
|                                                                             |
============================[ Search Statistics ]==============================
| Conflicts |          ORIGINAL         |          LEARNT          | Progress |
|           |    Vars  Clauses Literals |    Limit  Clauses Lit/Cl |          |
===============================================================================
|       100 |   59326    88786   219436 |    32554       91      9 | 14.771 % |
|       250 |   59107    87929   217483 |    35810      237     10 | 15.086 % |
===============================================================================
restarts              : 3
conflicts             : 334            (7058 /sec)
decisions             : 7485           (0.00 % random) (158182 /sec)
propagations          : 385599         (8148925 /sec)
conflict literals     : 3160           (20.82 % deleted)
Memory used           : 17.16 MB
CPU time              : 0.047319 s

UNSATISFIABLE
