Reading from standard input... Use '--help' for help.
============================[ Problem Statistics ]=============================
|                                                                             |
|  Number of variables:         69608                                         |
|  Number of clauses:          118081                                         |
|  Parse time:                   0.02 s                                       |
|                                                                             |
============================[ Search Statistics ]==============================
| Conflicts |          ORIGINAL         |          LEARNT          | Progress |
|           |    Vars  Clauses Literals |    Limit  Clauses Lit/Cl |          |
===============================================================================
===============================================================================
restarts              : 1
conflicts             : 6              (205 /sec)
decisions             : 657            (0.00 % random) (22442 /sec)
propagations          : 22068          (753817 /sec)
conflict literals     : 7              (0.00 % deleted)
Memory used           : 15.12 MB
CPU time              : 0.029275 s

UNSATISFIABLE
