Reading from standard input... Use '--help' for help.
============================[ Problem Statistics ]=============================
|                                                                             |
|  Number of variables:         69608                                         |
|  Number of clauses:          118081                                         |
|  Parse time:                   0.02 s                                       |
|                                                                             |
============================[ Search Statistics ]==============================
| Conflicts |          ORIGINAL         |          LEARNT          | Progress |
|           |    Vars  Clauses Literals |    Limit  Clauses Lit/Cl |          |
===============================================================================
===============================================================================
restarts              : 1
conflicts             : 21             (694 /sec)
decisions             : 5652           (0.00 % random) (186701 /sec)
propagations          : 27608          (911968 /sec)
conflict literals     : 56             (0.00 % deleted)
Memory used           : 15.92 MB
CPU time              : 0.030273 s

UNSATISFIABLE
