Reading from standard input... Use '--help' for help.
============================[ Problem Statistics ]=============================
|                                                                             |
|  Number of variables:         69608                                         |
|  Number of clauses:          118081                                         |
|  Parse time:                   0.03 s                                       |
|                                                                             |
============================[ Search Statistics ]==============================
| Conflicts |          ORIGINAL         |          LEARNT          | Progress |
|           |    Vars  Clauses Literals |    Limit  Clauses Lit/Cl |          |
===============================================================================
|       100 |   59349    89319   220810 |    32750       91     11 | 14.738 % |
|       250 |   59349    88467   218869 |    36025      239     14 | 14.738 % |
===============================================================================
restarts              : 3
conflicts             : 385            (7388 /sec)
decisions             : 7820           (0.00 % random) (150053 /sec)
propagations          : 500695         (9607503 /sec)
conflict literals     : 5695           (23.36 % deleted)
Memory used           : 16.11 MB
CPU time              : 0.052115 s

UNSATISFIABLE
