Reading from standard input... Use '--help' for help.
============================[ Problem Statistics ]=============================
|                                                                             |
|  Number of variables:         69608                                         |
|  Number of clauses:          118081                                         |
|  Parse time:                   0.02 s                                       |
|                                                                             |
============================[ Search Statistics ]==============================
| Conflicts |          ORIGINAL         |          LEARNT          | Progress |
|           |    Vars  Clauses Literals |    Limit  Clauses Lit/Cl |          |
===============================================================================
===============================================================================
restarts              : 1
conflicts             : 57             (1729 /sec)
decisions             : 37626          (0.00 % random) (1141600 /sec)
propagations          : 93133          (2825723 /sec)
conflict literals     : 398            (7.87 % deleted)
Memory used           : 18.79 MB
CPU time              : 0.032959 s

SATISFIABLE
