Reading from standard input... Use '--help' for help.
============================[ Problem Statistics ]=============================
|                                                                             |
|  Number of variables:         69608                                         |
|  Number of clauses:          118081                                         |
|  Parse time:                   0.02 s                                       |
|                                                                             |
============================[ Search Statistics ]==============================
| Conflicts |          ORIGINAL         |          LEARNT          | Progress |
|           |    Vars  Clauses Literals |    Limit  Clauses Lit/Cl |          |
===============================================================================
===============================================================================
restarts              : 1
conflicts             : 6              (185 /sec)
decisions             : 38823          (0.00 % random) (1197945 /sec)
propagations          : 76617          (2364138 /sec)
conflict literals     : 12             (0.00 % deleted)
Memory used           : 17.01 MB
CPU time              : 0.032408 s

SATISFIABLE
