Reading from standard input... Use '--help' for help.
============================[ Problem Statistics ]=============================
|                                                                             |
|  Number of variables:         87638                                         |
|  Number of clauses:          161767                                         |
|  Parse time:                   0.04 s                                       |
|                                                                             |
============================[ Search Statistics ]==============================
| Conflicts |          ORIGINAL         |          LEARNT          | Progress |
|           |    Vars  Clauses Literals |    Limit  Clauses Lit/Cl |          |
===============================================================================
|       100 |   64543   112940   282075 |    41411      100     21 | 26.353 % |
|       250 |   64543   112940   282075 |    45552      250     22 | 26.353 % |
|       475 |   55943    87120   218466 |    50107      466     41 | 36.166 % |
|       812 |   55781    87091   218408 |    55118      791    105 | 36.351 % |
|      1318 |   55709    86271   216502 |    60630     1224     99 | 36.433 % |
|      2077 |   55623    85971   215797 |    66693     1979     90 | 36.531 % |
|      3216 |   55539    85692   215082 |    73362     3115     84 | 36.627 % |
|      4924 |   55268    84727   212731 |    80698     4803     84 | 36.936 % |
|      7486 |   55228    84500   212197 |    88768     7358     80 | 36.982 % |
|     11330 |   55191    84363   211900 |    97645    11181     80 | 37.024 % |
|     17096 |   54680    82485   207275 |   107410    16578     82 | 37.607 % |
|     25745 |   54245    81204   204235 |   118151    25152     79 | 38.103 % |
===============================================================================
restarts              : 124
conflicts             : 33447          (6844 /sec)
decisions             : 107153         (0.00 % random) (21925 /sec)
propagations          : 51503038       (10538305 /sec)
conflict literals     : 2597991        (48.19 % deleted)
Memory used           : 50.45 MB
CPU time              : 4.88722 s

INDETERMINATE
