Reading from standard input... Use '--help' for help.
============================[ Problem Statistics ]=============================
|                                                                             |
|  Number of variables:         69608                                         |
|  Number of clauses:          118081                                         |
|  Parse time:                   0.02 s                                       |
|                                                                             |
============================[ Search Statistics ]==============================
| Conflicts |          ORIGINAL         |          LEARNT          | Progress |
|           |    Vars  Clauses Literals |    Limit  Clauses Lit/Cl |          |
===============================================================================
===============================================================================
restarts              : 1
conflicts             : 30             (1064 /sec)
decisions             : 12417          (0.00 % random) (440350 /sec)
propagations          : 45163          (1601638 /sec)
conflict literals     : 94             (0.00 % deleted)
Memory used           : 15.44 MB
CPU time              : 0.028198 s

UNSATISFIABLE
