Reading from standard input... Use '--help' for help.
============================[ Problem Statistics ]=============================
|                                                                             |
|  Number of variables:         69608                                         |
|  Number of clauses:          118081                                         |
|  Parse time:                   0.03 s                                       |
|                                                                             |
============================[ Search Statistics ]==============================
| Conflicts |          ORIGINAL         |          LEARNT          | Progress |
|           |    Vars  Clauses Literals |    Limit  Clauses Lit/Cl |          |
===============================================================================
|       100 |   59278    87695   217079 |    32154       97     11 | 14.840 % |
===============================================================================
restarts              : 2
conflicts             : 159            (3568 /sec)
decisions             : 74586          (0.00 % random) (1673533 /sec)
propagations          : 307248         (6893915 /sec)
conflict literals     : 2103           (12.88 % deleted)
Memory used           : 17.90 MB
CPU time              : 0.044568 s

SATISFIABLE
