Reading from standard input... Use '--help' for help.
============================[ Problem Statistics ]=============================
|                                                                             |
|  Number of variables:         87638                                         |
|  Number of clauses:          161767                                         |
|  Parse time:                   0.04 s                                       |
|                                                                             |
============================[ Search Statistics ]==============================
| Conflicts |          ORIGINAL         |          LEARNT          | Progress |
|           |    Vars  Clauses Literals |    Limit  Clauses Lit/Cl |          |
===============================================================================
|       100 |   63799   110264   275750 |    40430      100     31 | 27.202 % |
|       250 |   63799   110264   275750 |    44473      250     33 | 27.202 % |
|       475 |   63794   110204   275616 |    48920      453     59 | 27.208 % |
|       812 |   63749   110039   275180 |    53812      766     63 | 27.259 % |
|      1318 |   63741   110007   275092 |    59193     1249     78 | 27.268 % |
|      2077 |   63712   109889   274818 |    65113     2007    102 | 27.301 % |
|      3216 |   63669   109713   274413 |    71624     3144    103 | 27.350 % |
|      4924 |   63648   109632   274220 |    78786     4622    113 | 27.374 % |
|      7486 |   47498    61430   155616 |    86665     5927     84 | 45.802 % |
===============================================================================
restarts              : 46
conflicts             : 10869          (6727 /sec)
decisions             : 36818          (0.00 % random) (22789 /sec)
propagations          : 17658445       (10929812 /sec)
conflict literals     : 794706         (44.40 % deleted)
Memory used           : 29.27 MB
CPU time              : 1.61562 s

UNSATISFIABLE
