Reading from standard input... Use '--help' for help.
============================[ Problem Statistics ]=============================
|                                                                             |
|  Number of variables:         69608                                         |
|  Number of clauses:          118081                                         |
|  Parse time:                   0.02 s                                       |
|                                                                             |
============================[ Search Statistics ]==============================
| Conflicts |          ORIGINAL         |          LEARNT          | Progress |
|           |    Vars  Clauses Literals |    Limit  Clauses Lit/Cl |          |
===============================================================================
===============================================================================
restarts              : 1
conflicts             : 43             (1086 /sec)
decisions             : 34469          (0.00 % random) (870232 /sec)
propagations          : 70682          (1784493 /sec)
conflict literals     : 154            (0.00 % deleted)
Memory used           : 16.01 MB
CPU time              : 0.039609 s

SATISFIABLE
