Reading from standard input... Use '--help' for help.
============================[ Problem Statistics ]=============================
|                                                                             |
|  Number of variables:         69608                                         |
|  Number of clauses:          118081                                         |
|  Parse time:                   0.03 s                                       |
|                                                                             |
============================[ Search Statistics ]==============================
| Conflicts |          ORIGINAL         |          LEARNT          | Progress |
|           |    Vars  Clauses Literals |    Limit  Clauses Lit/Cl |          |
===============================================================================
===============================================================================
restarts              : 1
conflicts             : 21             (518 /sec)
decisions             : 37603          (0.00 % random) (927004 /sec)
propagations          : 88281          (2176339 /sec)
conflict literals     : 250            (1.19 % deleted)
Memory used           : 16.90 MB
CPU time              : 0.040564 s

SATISFIABLE
