Reading from standard input... Use '--help' for help.
============================[ Problem Statistics ]=============================
|                                                                             |
|  Number of variables:         69608                                         |
|  Number of clauses:          118081                                         |
|  Parse time:                   0.02 s                                       |
|                                                                             |
============================[ Search Statistics ]==============================
| Conflicts |          ORIGINAL         |          LEARNT          | Progress |
|           |    Vars  Clauses Literals |    Limit  Clauses Lit/Cl |          |
===============================================================================
===============================================================================
restarts              : 1
conflicts             : 4              (130 /sec)
decisions             : 1048           (0.00 % random) (34001 /sec)
propagations          : 20510          (665412 /sec)
conflict literals     : 4              (0.00 % deleted)
Memory used           : 17.64 MB
CPU time              : 0.030823 s

UNSATISFIABLE
