Reading from standard input... Use '--help' for help.
============================[ Problem Statistics ]=============================
|                                                                             |
|  Number of variables:         69608                                         |
|  Number of clauses:          118081                                         |
|  Parse time:                   0.03 s                                       |
|                                                                             |
============================[ Search Statistics ]==============================
| Conflicts |          ORIGINAL         |          LEARNT          | Progress |
|           |    Vars  Clauses Literals |    Limit  Clauses Lit/Cl |          |
===============================================================================
===============================================================================
restarts              : 1
conflicts             : 26             (692 /sec)
decisions             : 34977          (0.00 % random) (930314 /sec)
propagations          : 84190          (2239274 /sec)
conflict literals     : 248            (5.34 % deleted)
Memory used           : 15.85 MB
CPU time              : 0.037597 s

SATISFIABLE
