Reading from standard input... Use '--help' for help.
============================[ Problem Statistics ]=============================
|                                                                             |
|  Number of variables:         87638                                         |
|  Number of clauses:          161767                                         |
|  Parse time:                   0.04 s                                       |
|                                                                             |
============================[ Search Statistics ]==============================
| Conflicts |          ORIGINAL         |          LEARNT          | Progress |
|           |    Vars  Clauses Literals |    Limit  Clauses Lit/Cl |          |
===============================================================================
|       100 |   65060   115009   286752 |    42169      100      8 | 25.763 % |
|       250 |   65060   115009   286752 |    46386      250     23 | 25.763 % |
|       475 |   65060   115009   286752 |    51025      475     29 | 25.763 % |
|       812 |   65060   115009   286752 |    56128      812     47 | 25.763 % |
|      1318 |   65060   115009   286752 |    61741     1318     52 | 25.763 % |
|      2077 |   65060   115009   286752 |    67915     2077     59 | 25.763 % |
|      3216 |   65024   114859   286406 |    74706     3214    107 | 25.804 % |
|      4924 |   59959    98890   247035 |    82177     4916     93 | 31.583 % |
|      7486 |   59908    98594   246304 |    90395     7476     97 | 31.642 % |
|     11330 |   59812    98090   245159 |    99434    11283    106 | 31.751 % |
===============================================================================
restarts              : 61
conflicts             : 13840          (6201 /sec)
decisions             : 66059          (0.00 % random) (29598 /sec)
propagations          : 21035724       (9425076 /sec)
conflict literals     : 1417040        (27.24 % deleted)
Memory used           : 40.83 MB
CPU time              : 2.23189 s

INDETERMINATE
