Reading from standard input... Use '--help' for help.
============================[ Problem Statistics ]=============================
|                                                                             |
|  Number of variables:         87638                                         |
|  Number of clauses:          161767                                         |
|  Parse time:                   0.03 s                                       |
|                                                                             |
============================[ Search Statistics ]==============================
| Conflicts |          ORIGINAL         |          LEARNT          | Progress |
|           |    Vars  Clauses Literals |    Limit  Clauses Lit/Cl |          |
===============================================================================
|       100 |   63783   110299   275464 |    40442      100     48 | 27.220 % |
|       250 |   63783   110299   275464 |    44487      250     40 | 27.220 % |
|       475 |   55177    84654   212310 |    48935      466     66 | 37.040 % |
|       812 |   55029    84020   210727 |    53829      786     59 | 37.209 % |
|      1318 |   54987    83836   210291 |    59212     1288     67 | 37.257 % |
|      2077 |   54819    83760   210113 |    65133     1982     59 | 37.448 % |
|      3216 |   54605    82779   207779 |    71647     3102     63 | 37.693 % |
|      4924 |   54566    82191   206346 |    78811     4792     62 | 37.737 % |
|      7486 |   54478    81882   205604 |    86693     7344     81 | 37.837 % |
|     11330 |   53907    79683   200268 |    95362    10998     87 | 38.489 % |
|     17096 |   53854    79440   199680 |   104898    16741     92 | 38.549 % |
|     25745 |   53718    78894   198366 |   115388    25344     90 | 38.705 % |
===============================================================================
restarts              : 125
conflicts             : 35080          (7555 /sec)
decisions             : 111559         (0.00 % random) (24026 /sec)
propagations          : 47377012       (10203445 /sec)
conflict literals     : 2945413        (45.00 % deleted)
Memory used           : 51.47 MB
CPU time              : 4.64324 s

INDETERMINATE
