Reading from standard input... Use '--help' for help.
============================[ Problem Statistics ]=============================
|                                                                             |
|  Number of variables:         69608                                         |
|  Number of clauses:          118081                                         |
|  Parse time:                   0.03 s                                       |
|                                                                             |
============================[ Search Statistics ]==============================
| Conflicts |          ORIGINAL         |          LEARNT          | Progress |
|           |    Vars  Clauses Literals |    Limit  Clauses Lit/Cl |          |
===============================================================================
===============================================================================
restarts              : 1
conflicts             : 18             (514 /sec)
decisions             : 2071           (0.00 % random) (59122 /sec)
propagations          : 18812          (537041 /sec)
conflict literals     : 59             (0.00 % deleted)
Memory used           : 17.38 MB
CPU time              : 0.035029 s

UNSATISFIABLE
