Reading from standard input... Use '--help' for help.
============================[ Problem Statistics ]=============================
|                                                                             |
|  Number of variables:         69608                                         |
|  Number of clauses:          118081                                         |
|  Parse time:                   0.02 s                                       |
|                                                                             |
============================[ Search Statistics ]==============================
| Conflicts |          ORIGINAL         |          LEARNT          | Progress |
|           |    Vars  Clauses Literals |    Limit  Clauses Lit/Cl |          |
===============================================================================
===============================================================================
restarts              : 1
conflicts             : 30             (861 /sec)
decisions             : 5989           (0.00 % random) (171875 /sec)
propagations          : 24544          (704377 /sec)
conflict literals     : 97             (0.00 % deleted)
Memory used           : 18.16 MB
CPU time              : 0.034845 s

UNSATISFIABLE
