Reading from standard input... Use '--help' for help.
============================[ Problem Statistics ]=============================
|                                                                             |
|  Number of variables:         87638                                         |
|  Number of clauses:          161767                                         |
|  Parse time:                   0.03 s                                       |
|                                                                             |
============================[ Search Statistics ]==============================
| Conflicts |          ORIGINAL         |          LEARNT          | Progress |
|           |    Vars  Clauses Literals |    Limit  Clauses Lit/Cl |          |
===============================================================================
|       100 |   63915   110661   276601 |    40575      100     21 | 27.069 % |
|       250 |   63915   110661   276601 |    44633      250     49 | 27.069 % |
|       475 |   63915   110661   276601 |    49096      475     45 | 27.069 % |
|       812 |   63915   110661   276601 |    54006      812     48 | 27.069 % |
|      1318 |   53049    78523   197307 |    59406     1238     53 | 39.468 % |
|      2077 |   52966    78179   196517 |    65347     1992     51 | 39.563 % |
|      3216 |   52966    78179   196517 |    71882     3131     50 | 39.563 % |
|      4924 |   52849    77750   195448 |    79070     4831     57 | 39.696 % |
|      7486 |   52679    77554   194982 |    86977     7384     61 | 39.890 % |
|     11330 |   52177    74982   188822 |    95675    10420     62 | 40.463 % |
|     17096 |   51730    73658   185568 |   105242    16123     62 | 40.973 % |
|     25745 |   51537    72749   183425 |   115767    23363     59 | 41.193 % |
===============================================================================
restarts              : 94
conflicts             : 25959          (8574 /sec)
decisions             : 77061          (0.00 % random) (25453 /sec)
propagations          : 37630792       (12429326 /sec)
conflict literals     : 1499235        (48.29 % deleted)
Memory used           : 47.25 MB
CPU time              : 3.02758 s

UNSATISFIABLE
