Reading from standard input... Use '--help' for help.
============================[ Problem Statistics ]=============================
|                                                                             |
|  Number of variables:         69608                                         |
|  Number of clauses:          118081                                         |
|  Parse time:                   0.03 s                                       |
|                                                                             |
============================[ Search Statistics ]==============================
| Conflicts |          ORIGINAL         |          LEARNT          | Progress |
|           |    Vars  Clauses Literals |    Limit  Clauses Lit/Cl |          |
===============================================================================
===============================================================================
restarts              : 1
conflicts             : 12             (315 /sec)
decisions             : 39929          (0.00 % random) (1048721 /sec)
propagations          : 85943          (2257262 /sec)
conflict literals     : 33             (0.00 % deleted)
Memory used           : 16.84 MB
CPU time              : 0.038074 s

SATISFIABLE
