Reading from standard input... Use '--help' for help.
============================[ Problem Statistics ]=============================
|                                                                             |
|  Number of variables:         87638                                         |
|  Number of clauses:          161767                                         |
|  Parse time:                   0.03 s                                       |
|                                                                             |
============================[ Search Statistics ]==============================
| Conflicts |          ORIGINAL         |          LEARNT          | Progress |
|           |    Vars  Clauses Literals |    Limit  Clauses Lit/Cl |          |
===============================================================================
|       100 |   63808   110729   275520 |    40600      100     12 | 27.191 % |
|       250 |   63808   110729   275520 |    44660      250     20 | 27.191 % |
|       475 |   63808   110729   275520 |    49126      475     36 | 27.191 % |
|       812 |   63808   110729   275520 |    54039      812     46 | 27.191 % |
|      1318 |   63808   110729   275520 |    59443     1318     54 | 27.191 % |
|      2077 |   63808   110729   275520 |    65387     2077     51 | 27.191 % |
|      3216 |   63802   110705   275460 |    71926     3214     87 | 27.198 % |
|      4924 |   63802   110682   275402 |    79119     4922     97 | 27.198 % |
|      7486 |   63802   110682   275402 |    87031     7484     95 | 27.198 % |
|     11330 |   58664    93448   233088 |    95734    10303     85 | 33.061 % |
===============================================================================
restarts              : 63
conflicts             : 16551          (8791 /sec)
decisions             : 57696          (0.00 % random) (30645 /sec)
propagations          : 21134460       (11225547 /sec)
conflict literals     : 1221680        (43.87 % deleted)
Memory used           : 27.90 MB
CPU time              : 1.88271 s

INDETERMINATE
