Reading from standard input... Use '--help' for help.
============================[ Problem Statistics ]=============================
|                                                                             |
|  Number of variables:         87638                                         |
|  Number of clauses:          161767                                         |
|  Parse time:                   0.03 s                                       |
|                                                                             |
============================[ Search Statistics ]==============================
| Conflicts |          ORIGINAL         |          LEARNT          | Progress |
|           |    Vars  Clauses Literals |    Limit  Clauses Lit/Cl |          |
===============================================================================
|       100 |   65386   116013   289501 |    42538      100     23 | 25.391 % |
|       250 |   65386   116013   289501 |    46791      250     33 | 25.391 % |
|       475 |   65386   116013   289501 |    51471      475     82 | 25.391 % |
|       812 |   65350   115969   289411 |    56618      808     69 | 25.432 % |
|      1318 |   57701    92136   230559 |    62280     1306     95 | 34.160 % |
|      2077 |   57701    92136   230559 |    68508     2065     70 | 34.160 % |
|      3216 |   57525    91536   229087 |    75358     3200     74 | 34.361 % |
|      4924 |   57487    91385   228729 |    82894     4906     68 | 34.404 % |
|      7486 |   57389    90958   227720 |    91184     7414     69 | 34.516 % |
|     11330 |   56799    88688   222340 |   100302    11021     68 | 35.189 % |
|     17096 |   56097    86091   216045 |   110332    16443     69 | 35.990 % |
|     25745 |   55731    84577   212461 |   121366    22981     67 | 36.408 % |
===============================================================================
restarts              : 126
conflicts             : 36049          (8385 /sec)
decisions             : 119352         (0.00 % random) (27761 /sec)
propagations          : 53401915       (12421193 /sec)
conflict literals     : 2418505        (48.35 % deleted)
Memory used           : 39.46 MB
CPU time              : 4.29926 s

UNSATISFIABLE
