Reading from standard input... Use '--help' for help.
============================[ Problem Statistics ]=============================
|                                                                             |
|  Number of variables:         69608                                         |
|  Number of clauses:          118081                                         |
|  Parse time:                   0.02 s                                       |
|                                                                             |
============================[ Search Statistics ]==============================
| Conflicts |          ORIGINAL         |          LEARNT          | Progress |
|           |    Vars  Clauses Literals |    Limit  Clauses Lit/Cl |          |
===============================================================================
===============================================================================
restarts              : 1
conflicts             : 33             (1190 /sec)
decisions             : 4280           (0.00 % random) (154340 /sec)
propagations          : 74846          (2699001 /sec)
conflict literals     : 164            (18.00 % deleted)
Memory used           : 15.52 MB
CPU time              : 0.027731 s

UNSATISFIABLE
