Reading from standard input... Use '--help' for help.
============================[ Problem Statistics ]=============================
|                                                                             |
|  Number of variables:         69608                                         |
|  Number of clauses:          118081                                         |
|  Parse time:                   0.03 s                                       |
|                                                                             |
============================[ Search Statistics ]==============================
| Conflicts |          ORIGINAL         |          LEARNT          | Progress |
|           |    Vars  Clauses Literals |    Limit  Clauses Lit/Cl |          |
===============================================================================
===============================================================================
restarts              : 1
conflicts             : 6              (160 /sec)
decisions             : 38536          (0.00 % random) (1030319 /sec)
propagations          : 76820          (2053901 /sec)
conflict literals     : 12             (0.00 % deleted)
Memory used           : 17.02 MB
CPU time              : 0.037402 s

SATISFIABLE
