Reading from standard input... Use '--help' for help.
============================[ Problem Statistics ]=============================
|                                                                             |
|  Number of variables:         69608                                         |
|  Number of clauses:          118081                                         |
|  Parse time:                   0.03 s                                       |
|                                                                             |
============================[ Search Statistics ]==============================
| Conflicts |          ORIGINAL         |          LEARNT          | Progress |
|           |    Vars  Clauses Literals |    Limit  Clauses Lit/Cl |          |
===============================================================================
===============================================================================
restarts              : 1
conflicts             : 13             (355 /sec)
decisions             : 36433          (0.00 % random) (996172 /sec)
propagations          : 73957          (2022175 /sec)
conflict literals     : 39             (0.00 % deleted)
Memory used           : 17.51 MB
CPU time              : 0.036573 s

SATISFIABLE
