Reading from standard input... Use '--help' for help.
============================[ Problem Statistics ]=============================
|                                                                             |
|  Number of variables:         87638                                         |
|  Number of clauses:          161767                                         |
|  Parse time:                   0.04 s                                       |
|                                                                             |
============================[ Search Statistics ]==============================
| Conflicts |          ORIGINAL         |          LEARNT          | Progress |
|           |    Vars  Clauses Literals |    Limit  Clauses Lit/Cl |          |
===============================================================================
|       100 |   63267   108341   270780 |    39725      100     38 | 27.809 % |
|       250 |   63267   108341   270780 |    43697      250     42 | 27.809 % |
|       475 |   63267   108341   270780 |    48067      475     47 | 27.809 % |
|       812 |   63267   108341   270780 |    52874      812     40 | 27.809 % |
|      1318 |   63266   108297   270690 |    58161     1315     45 | 27.810 % |
|      2077 |   63266   108297   270690 |    63977     2074     52 | 27.810 % |
|      3216 |   63266   108297   270690 |    70375     3213     53 | 27.810 % |
|      4924 |   63266   108297   270690 |    77412     4921     62 | 27.810 % |
|      7486 |   63266   108297   270690 |    85154     7483     77 | 27.810 % |
===============================================================================
restarts              : 35
conflicts             : 8492           (6171 /sec)
decisions             : 35482          (0.00 % random) (25784 /sec)
propagations          : 13310700       (9672694 /sec)
conflict literals     : 671073         (45.71 % deleted)
Memory used           : 25.78 MB
CPU time              : 1.37611 s

INDETERMINATE
