Reading from standard input... Use '--help' for help.
============================[ Problem Statistics ]=============================
|                                                                             |
|  Number of variables:         69608                                         |
|  Number of clauses:          118081                                         |
|  Parse time:                   0.03 s                                       |
|                                                                             |
============================[ Search Statistics ]==============================
| Conflicts |          ORIGINAL         |          LEARNT          | Progress |
|           |    Vars  Clauses Literals |    Limit  Clauses Lit/Cl |          |
===============================================================================
===============================================================================
restarts              : 1
conflicts             : 14             (405 /sec)
decisions             : 38278          (0.00 % random) (1107805 /sec)
propagations          : 76421          (2211704 /sec)
conflict literals     : 40             (0.00 % deleted)
Memory used           : 17.62 MB
CPU time              : 0.034553 s

SATISFIABLE
