Reading from standard input... Use '--help' for help.
============================[ Problem Statistics ]=============================
|                                                                             |
|  Number of variables:         69608                                         |
|  Number of clauses:          118081                                         |
|  Parse time:                   0.02 s                                       |
|                                                                             |
============================[ Search Statistics ]==============================
| Conflicts |          ORIGINAL         |          LEARNT          | Progress |
|           |    Vars  Clauses Literals |    Limit  Clauses Lit/Cl |          |
===============================================================================
===============================================================================
restarts              : 1
conflicts             : 19             (698 /sec)
decisions             : 38376          (0.00 % random) (1410468 /sec)
propagations          : 77808          (2859747 /sec)
conflict literals     : 54             (0.00 % deleted)
Memory used           : 16.12 MB
CPU time              : 0.027208 s

SATISFIABLE
