Reading from standard input... Use '--help' for help.
============================[ Problem Statistics ]=============================
|                                                                             |
|  Number of variables:         87638                                         |
|  Number of clauses:          161767                                         |
|  Parse time:                   0.02 s                                       |
|                                                                             |
============================[ Search Statistics ]==============================
| Conflicts |          ORIGINAL         |          LEARNT          | Progress |
|           |    Vars  Clauses Literals |    Limit  Clauses Lit/Cl |          |
===============================================================================
|       100 |   64526   112891   282061 |    41393      100      9 | 26.372 % |
|       250 |   64526   112891   282061 |    45532      250     14 | 26.372 % |
|       475 |   64525   112847   281971 |    50085      473     69 | 26.373 % |
|       812 |   64525   112847   281971 |    55094      810     73 | 26.373 % |
|      1318 |   54086    82502   207200 |    60604     1304    113 | 38.285 % |
|      2077 |   53890    81558   204936 |    66664     2010     90 | 38.508 % |
|      3216 |   53551    80035   201253 |    73330     3121    105 | 38.895 % |
|      4924 |   53124    78569   197574 |    80663     4782     97 | 39.382 % |
|      7486 |   52900    77860   195846 |    88730     7237     85 | 39.638 % |
|     11330 |   52804    77357   194650 |    97603    11029     81 | 39.748 % |
|     17096 |   52700    77069   193995 |   107363    16777     80 | 39.866 % |
|     25745 |   52073    74730   188427 |   118100    24693     77 | 40.582 % |
===============================================================================
restarts              : 102
conflicts             : 28538          (9518 /sec)
decisions             : 95569          (0.00 % random) (31873 /sec)
propagations          : 41246549       (13756182 /sec)
conflict literals     : 2146222        (47.51 % deleted)
Memory used           : 37.92 MB
CPU time              : 2.9984 s

UNSATISFIABLE
