Reading from standard input... Use '--help' for help.
============================[ Problem Statistics ]=============================
|                                                                             |
|  Number of variables:         69608                                         |
|  Number of clauses:          118081                                         |
|  Parse time:                   0.02 s                                       |
|                                                                             |
============================[ Search Statistics ]==============================
| Conflicts |          ORIGINAL         |          LEARNT          | Progress |
|           |    Vars  Clauses Literals |    Limit  Clauses Lit/Cl |          |
===============================================================================
===============================================================================
restarts              : 1
conflicts             : 5              (167 /sec)
decisions             : 36067          (0.00 % random) (1201072 /sec)
propagations          : 73433          (2445403 /sec)
conflict literals     : 11             (0.00 % deleted)
Memory used           : 15.23 MB
CPU time              : 0.030029 s

SATISFIABLE
