Reading from standard input... Use '--help' for help.
============================[ Problem Statistics ]=============================
|                                                                             |
|  Number of variables:         69608                                         |
|  Number of clauses:          118081                                         |
|  Parse time:                   0.02 s                                       |
|                                                                             |
============================[ Search Statistics ]==============================
| Conflicts |          ORIGINAL         |          LEARNT          | Progress |
|           |    Vars  Clauses Literals |    Limit  Clauses Lit/Cl |          |
===============================================================================
===============================================================================
restarts              : 1
conflicts             : 6              (203 /sec)
decisions             : 1160           (0.00 % random) (39281 /sec)
propagations          : 22175          (750906 /sec)
conflict literals     : 7              (0.00 % deleted)
Memory used           : 14.82 MB
CPU time              : 0.029531 s

UNSATISFIABLE
