Reading from standard input... Use '--help' for help.
============================[ Problem Statistics ]=============================
|                                                                             |
|  Number of variables:         87638                                         |
|  Number of clauses:          161767                                         |
|  Parse time:                   0.03 s                                       |
|                                                                             |
============================[ Search Statistics ]==============================
| Conflicts |          ORIGINAL         |          LEARNT          | Progress |
|           |    Vars  Clauses Literals |    Limit  Clauses Lit/Cl |          |
===============================================================================
|       100 |   63261   108341   270651 |    39725      100      8 | 27.816 % |
|       250 |   63261   108341   270651 |    43697      250     14 | 27.816 % |
|       475 |   63161   108267   270480 |    48067      468     37 | 27.930 % |
|       812 |   63161   107931   269706 |    52874      804     44 | 27.930 % |
|      1318 |   63161   107931   269706 |    58161     1310     42 | 27.930 % |
|      2077 |   63160   107887   269616 |    63977     2066     50 | 27.931 % |
|      3216 |   63144   107821   269463 |    70375     3204     62 | 27.949 % |
|      4924 |   63075   107547   268812 |    77412     4909     66 | 28.028 % |
|      7486 |   63045   107431   268524 |    85154     7470     80 | 28.062 % |
|     11330 |   62966   107070   267708 |    93669    10542     87 | 28.152 % |
===============================================================================
restarts              : 63
conflicts             : 16703          (8583 /sec)
decisions             : 58900          (0.00 % random) (30265 /sec)
propagations          : 21131685       (10858361 /sec)
conflict literals     : 1485354        (54.06 % deleted)
Memory used           : 38.88 MB
CPU time              : 1.94612 s

UNSATISFIABLE
