Reading from standard input... Use '--help' for help.
============================[ Problem Statistics ]=============================
|                                                                             |
|  Number of variables:         69608                                         |
|  Number of clauses:          118081                                         |
|  Parse time:                   0.02 s                                       |
|                                                                             |
============================[ Search Statistics ]==============================
| Conflicts |          ORIGINAL         |          LEARNT          | Progress |
|           |    Vars  Clauses Literals |    Limit  Clauses Lit/Cl |          |
===============================================================================
===============================================================================
restarts              : 1
conflicts             : 47             (1534 /sec)
decisions             : 35646          (0.00 % random) (1163305 /sec)
propagations          : 72167          (2355166 /sec)
conflict literals     : 134            (0.00 % deleted)
Memory used           : 14.87 MB
CPU time              : 0.030642 s

UNSATISFIABLE
