Reading from standard input... Use '--help' for help.
============================[ Problem Statistics ]=============================
|                                                                             |
|  Number of variables:         69608                                         |
|  Number of clauses:          118081                                         |
|  Parse time:                   0.02 s                                       |
|                                                                             |
============================[ Search Statistics ]==============================
| Conflicts |          ORIGINAL         |          LEARNT          | Progress |
|           |    Vars  Clauses Literals |    Limit  Clauses Lit/Cl |          |
===============================================================================
===============================================================================
restarts              : 1
conflicts             : 32             (1423 /sec)
decisions             : 33929          (0.00 % random) (1508626 /sec)
propagations          : 69690          (3098711 /sec)
conflict literals     : 118            (0.00 % deleted)
Memory used           : 13.47 MB
CPU time              : 0.02249 s

SATISFIABLE
