Reading from standard input... Use '--help' for help.
============================[ Problem Statistics ]=============================
|                                                                             |
|  Number of variables:         69608                                         |
|  Number of clauses:          118081                                         |
|  Parse time:                   0.02 s                                       |
|                                                                             |
============================[ Search Statistics ]==============================
| Conflicts |          ORIGINAL         |          LEARNT          | Progress |
|           |    Vars  Clauses Literals |    Limit  Clauses Lit/Cl |          |
===============================================================================
|       100 |   60663    91709   226708 |    33626       99      9 | 12.851 % |
===============================================================================
restarts              : 2
conflicts             : 138            (4444 /sec)
decisions             : 39712          (0.00 % random) (1278969 /sec)
propagations          : 232399         (7484670 /sec)
conflict literals     : 1505           (13.36 % deleted)
Memory used           : 14.76 MB
CPU time              : 0.03105 s

SATISFIABLE
