Reading from standard input... Use '--help' for help.
============================[ Problem Statistics ]=============================
|                                                                             |
|  Number of variables:         69608                                         |
|  Number of clauses:          118081                                         |
|  Parse time:                   0.03 s                                       |
|                                                                             |
============================[ Search Statistics ]==============================
| Conflicts |          ORIGINAL         |          LEARNT          | Progress |
|           |    Vars  Clauses Literals |    Limit  Clauses Lit/Cl |          |
===============================================================================
===============================================================================
restarts              : 1
conflicts             : 41             (1154 /sec)
decisions             : 7523           (0.00 % random) (211772 /sec)
propagations          : 25904          (729197 /sec)
conflict literals     : 133            (0.00 % deleted)
Memory used           : 16.70 MB
CPU time              : 0.035524 s

UNSATISFIABLE
