Reading from standard input... Use '--help' for help.
============================[ Problem Statistics ]=============================
|                                                                             |
|  Number of variables:         87638                                         |
|  Number of clauses:          161767                                         |
|  Parse time:                   0.04 s                                       |
|                                                                             |
============================[ Search Statistics ]==============================
| Conflicts |          ORIGINAL         |          LEARNT          | Progress |
|           |    Vars  Clauses Literals |    Limit  Clauses Lit/Cl |          |
===============================================================================
|       100 |   66272   119593   297491 |    43850      100     31 | 24.380 % |
|       250 |   64169   111826   278145 |    48235      245     27 | 26.779 % |
|       475 |   64169   111826   278145 |    53059      470     21 | 26.779 % |
|       812 |   64148   111526   277450 |    58365      805     47 | 26.803 % |
|      1318 |   64130   111493   277373 |    64201     1283     48 | 26.824 % |
|      2077 |   64123   111431   277248 |    70622     2040     46 | 26.832 % |
|      3216 |   64123   111431   277248 |    77684     3179     92 | 26.832 % |
|      4924 |   63815   110203   274368 |    85452     4876     87 | 27.183 % |
|      7486 |   63658   109661   273111 |    93998     7423    106 | 27.363 % |
|     11330 |   63553   109151   271919 |   103397    11250    111 | 27.482 % |
===============================================================================
restarts              : 63
conflicts             : 16664          (5784 /sec)
decisions             : 87037          (0.00 % random) (30212 /sec)
propagations          : 25068321       (8701619 /sec)
conflict literals     : 1895779        (25.28 % deleted)
Memory used           : 41.81 MB
CPU time              : 2.88088 s

INDETERMINATE
