Reading from standard input... Use '--help' for help.
============================[ Problem Statistics ]=============================
|                                                                             |
|  Number of variables:         87638                                         |
|  Number of clauses:          161767                                         |
|  Parse time:                   0.03 s                                       |
|                                                                             |
============================[ Search Statistics ]==============================
| Conflicts |          ORIGINAL         |          LEARNT          | Progress |
|           |    Vars  Clauses Literals |    Limit  Clauses Lit/Cl |          |
===============================================================================
|       100 |   62785   106509   266349 |    39053      100     22 | 28.359 % |
|       250 |   62785   106509   266349 |    42958      250     71 | 28.359 % |
|       475 |   62765   106431   266159 |    47254      473     82 | 28.382 % |
|       812 |   62764   106387   266069 |    51979      809     70 | 28.383 % |
|      1318 |   62744   106303   265876 |    57177     1035     64 | 28.405 % |
|      2077 |   48504    65694   165827 |    62895     1685     70 | 44.654 % |
|      3216 |   48164    64495   162931 |    69185     2469     53 | 45.042 % |
|      4924 |   47453    61604   156009 |    76103     4134     48 | 45.853 % |
|      7486 |   47004    59893   151929 |    83714     6670     44 | 46.366 % |
===============================================================================
restarts              : 46
conflicts             : 10833          (6940 /sec)
decisions             : 34407          (0.00 % random) (22041 /sec)
propagations          : 15779744       (10108423 /sec)
conflict literals     : 462681         (41.67 % deleted)
Memory used           : 28.18 MB
CPU time              : 1.56105 s

UNSATISFIABLE
