Reading from standard input... Use '--help' for help.
============================[ Problem Statistics ]=============================
|                                                                             |
|  Number of variables:         69608                                         |
|  Number of clauses:          118081                                         |
|  Parse time:                   0.03 s                                       |
|                                                                             |
============================[ Search Statistics ]==============================
| Conflicts |          ORIGINAL         |          LEARNT          | Progress |
|           |    Vars  Clauses Literals |    Limit  Clauses Lit/Cl |          |
===============================================================================
===============================================================================
restarts              : 1
conflicts             : 77             (2018 /sec)
decisions             : 49664          (0.00 % random) (1301502 /sec)
propagations          : 109060         (2858041 /sec)
conflict literals     : 583            (0.00 % deleted)
Memory used           : 14.93 MB
CPU time              : 0.038159 s

SATISFIABLE
