Reading from standard input... Use '--help' for help.
============================[ Problem Statistics ]=============================
|                                                                             |
|  Number of variables:         69608                                         |
|  Number of clauses:          118081                                         |
|  Parse time:                   0.03 s                                       |
|                                                                             |
============================[ Search Statistics ]==============================
| Conflicts |          ORIGINAL         |          LEARNT          | Progress |
|           |    Vars  Clauses Literals |    Limit  Clauses Lit/Cl |          |
===============================================================================
===============================================================================
restarts              : 1
conflicts             : 6              (173 /sec)
decisions             : 2792           (0.00 % random) (80389 /sec)
propagations          : 22565          (649708 /sec)
conflict literals     : 9              (0.00 % deleted)
Memory used           : 16.69 MB
CPU time              : 0.034731 s

UNSATISFIABLE
