Reading from standard input... Use '--help' for help.
============================[ Problem Statistics ]=============================
|                                                                             |
|  Number of variables:         87638                                         |
|  Number of clauses:          161767                                         |
|  Parse time:                   0.02 s                                       |
|                                                                             |
============================[ Search Statistics ]==============================
| Conflicts |          ORIGINAL         |          LEARNT          | Progress |
|           |    Vars  Clauses Literals |    Limit  Clauses Lit/Cl |          |
===============================================================================
|       100 |   67013   122291   304268 |    44840      100     30 | 23.534 % |
|       250 |   64539   122291   304268 |    49324      249     36 | 26.357 % |
|       475 |   64539   113395   281933 |    54256      472     35 | 26.357 % |
|       812 |   64539   113395   281933 |    59682      809     46 | 26.357 % |
|      1318 |   64539   113395   281933 |    65650     1315     83 | 26.357 % |
|      2077 |   64331   113081   281205 |    72215     1956     75 | 26.595 % |
|      3216 |   62811   112537   279926 |    79436     2870     73 | 28.329 % |
|      4924 |   62334   105338   262095 |    87380     3803     68 | 28.873 % |
|      7486 |   61909   104893   261052 |    96118     6339     67 | 29.358 % |
|     11330 |   61875   103401   257578 |   105730    10135     67 | 29.397 % |
|     17096 |   61845   103271   257270 |   116303    15869     60 | 29.431 % |
===============================================================================
restarts              : 69
conflicts             : 20048          (14516 /sec)
decisions             : 68271          (0.00 % random) (49434 /sec)
propagations          : 26562396       (19233409 /sec)
conflict literals     : 1107992        (43.43 % deleted)
Memory used           : 29.48 MB
CPU time              : 1.38105 s

UNSATISFIABLE
