Reading from standard input... Use '--help' for help.
============================[ Problem Statistics ]=============================
|                                                                             |
|  Number of variables:         87638                                         |
|  Number of clauses:          161767                                         |
|  Parse time:                   0.04 s                                       |
|                                                                             |
============================[ Search Statistics ]==============================
| Conflicts |          ORIGINAL         |          LEARNT          | Progress |
|           |    Vars  Clauses Literals |    Limit  Clauses Lit/Cl |          |
===============================================================================
|       100 |   63037   107578   269001 |    39445      100     23 | 28.071 % |
|       250 |   43897    50910   129790 |    43389      241    224 | 49.911 % |
|       475 |   43897    50910   129790 |    47728      466    132 | 49.911 % |
|       812 |   43897    50910   129790 |    52501      803     90 | 49.911 % |
|      1318 |   43896    50866   129700 |    57751     1305     67 | 49.912 % |
|      2077 |   43896    50866   129700 |    63526     2064     52 | 49.912 % |
|      3216 |   43896    50866   129700 |    69879     3203     44 | 49.912 % |
===============================================================================
restarts              : 22
conflicts             : 4088           (10357 /sec)
decisions             : 15596          (0.00 % random) (39514 /sec)
propagations          : 4655613        (11795589 /sec)
conflict literals     : 159377         (28.85 % deleted)
Memory used           : 25.86 MB
CPU time              : 0.394691 s

UNSATISFIABLE
