Reading from standard input... Use '--help' for help.
============================[ Problem Statistics ]=============================
|                                                                             |
|  Number of variables:         69608                                         |
|  Number of clauses:          118081                                         |
|  Parse time:                   0.02 s                                       |
|                                                                             |
============================[ Search Statistics ]==============================
| Conflicts |          ORIGINAL         |          LEARNT          | Progress |
|           |    Vars  Clauses Literals |    Limit  Clauses Lit/Cl |          |
===============================================================================
===============================================================================
restarts              : 1
conflicts             : 38             (1128 /sec)
decisions             : 2545           (0.00 % random) (75546 /sec)
propagations          : 73938          (2194787 /sec)
conflict literals     : 197            (17.57 % deleted)
Memory used           : 15.42 MB
CPU time              : 0.033688 s

UNSATISFIABLE
