Reading from standard input... Use '--help' for help.
============================[ Problem Statistics ]=============================
|                                                                             |
|  Number of variables:         69608                                         |
|  Number of clauses:          118081                                         |
|  Parse time:                   0.03 s                                       |
|                                                                             |
============================[ Search Statistics ]==============================
| Conflicts |          ORIGINAL         |          LEARNT          | Progress |
|           |    Vars  Clauses Literals |    Limit  Clauses Lit/Cl |          |
===============================================================================
===============================================================================
restarts              : 1
conflicts             : 4              (110 /sec)
decisions             : 1361           (0.00 % random) (37308 /sec)
propagations          : 20900          (572917 /sec)
conflict literals     : 4              (0.00 % deleted)
Memory used           : 17.66 MB
CPU time              : 0.03648 s

UNSATISFIABLE
