Reading from standard input... Use '--help' for help.
============================[ Problem Statistics ]=============================
|                                                                             |
|  Number of variables:         87638                                         |
|  Number of clauses:          161767                                         |
|  Parse time:                   0.03 s                                       |
|                                                                             |
============================[ Search Statistics ]==============================
| Conflicts |          ORIGINAL         |          LEARNT          | Progress |
|           |    Vars  Clauses Literals |    Limit  Clauses Lit/Cl |          |
===============================================================================
|       100 |   65900   118034   294405 |    43279      100     12 | 24.804 % |
|       250 |   65900   118034   294405 |    47607      250     31 | 24.804 % |
|       475 |   65900   118034   294405 |    52367      475     35 | 24.804 % |
|       812 |   58475    95135   237978 |    57604      804     33 | 33.277 % |
|      1318 |   58475    95135   237978 |    63364     1310     35 | 33.277 % |
|      2077 |   58241    94182   235749 |    69701     2061     39 | 33.544 % |
|      3216 |   58241    94182   235749 |    76671     3200     61 | 33.544 % |
|      4924 |   58115    93695   234624 |    84338     4893     65 | 33.687 % |
|      7486 |   58113    93648   234528 |    92772     7446     67 | 33.690 % |
|     11330 |   58004    93216   233487 |   102049    11282     74 | 33.814 % |
===============================================================================
restarts              : 60
conflicts             : 13268          (6560 /sec)
decisions             : 68110          (0.00 % random) (33674 /sec)
propagations          : 20565973       (10168062 /sec)
conflict literals     : 1013586        (29.50 % deleted)
Memory used           : 33.15 MB
CPU time              : 2.0226 s

INDETERMINATE
