Reading from standard input... Use '--help' for help.
============================[ Problem Statistics ]=============================
|                                                                             |
|  Number of variables:         69608                                         |
|  Number of clauses:          118081                                         |
|  Parse time:                   0.03 s                                       |
|                                                                             |
============================[ Search Statistics ]==============================
| Conflicts |          ORIGINAL         |          LEARNT          | Progress |
|           |    Vars  Clauses Literals |    Limit  Clauses Lit/Cl |          |
===============================================================================
|       100 |   60116    89598   221395 |    32852       99      9 | 13.636 % |
===============================================================================
restarts              : 2
conflicts             : 170            (3881 /sec)
decisions             : 42475          (0.00 % random) (969616 /sec)
propagations          : 291261         (6648884 /sec)
conflict literals     : 1802           (13.41 % deleted)
Memory used           : 15.72 MB
CPU time              : 0.043806 s

SATISFIABLE
