Reading from standard input... Use '--help' for help.
============================[ Problem Statistics ]=============================
|                                                                             |
|  Number of variables:         69608                                         |
|  Number of clauses:          118081                                         |
|  Parse time:                   0.02 s                                       |
|                                                                             |
============================[ Search Statistics ]==============================
| Conflicts |          ORIGINAL         |          LEARNT          | Progress |
|           |    Vars  Clauses Literals |    Limit  Clauses Lit/Cl |          |
===============================================================================
===============================================================================
restarts              : 1
conflicts             : 24             (742 /sec)
decisions             : 7590           (0.00 % random) (234578 /sec)
propagations          : 32654          (1009210 /sec)
conflict literals     : 55             (0.00 % deleted)
Memory used           : 15.42 MB
CPU time              : 0.032356 s

UNSATISFIABLE
