Reading from standard input... Use '--help' for help.
============================[ Problem Statistics ]=============================
|                                                                             |
|  Number of variables:         87638                                         |
|  Number of clauses:          161767                                         |
|  Parse time:                   0.03 s                                       |
|                                                                             |
============================[ Search Statistics ]==============================
| Conflicts |          ORIGINAL         |          LEARNT          | Progress |
|           |    Vars  Clauses Literals |    Limit  Clauses Lit/Cl |          |
===============================================================================
|       100 |   63378   108664   271634 |    39843      100     58 | 27.682 % |
|       250 |   63378   108664   271634 |    43827      250     39 | 27.682 % |
|       475 |   63378   108664   271634 |    48210      475     75 | 27.682 % |
|       812 |   63378   108664   271634 |    53031      812     80 | 27.682 % |
|      1318 |   63378   108664   271634 |    58334     1318     81 | 27.682 % |
|      2077 |   63356   108572   271423 |    64168     2075     82 | 27.707 % |
|      3216 |   52824    77679   195312 |    70585     2991     71 | 39.725 % |
|      4924 |   51393    72807   182652 |    77643     4433     65 | 41.358 % |
|      7486 |   51265    72185   181169 |    85408     6968     61 | 41.504 % |
|     11330 |   50735    70219   176473 |    93948    10348     59 | 42.108 % |
===============================================================================
restarts              : 63
conflicts             : 16944          (10642 /sec)
decisions             : 53343          (0.00 % random) (33502 /sec)
propagations          : 20516805       (12885652 /sec)
conflict literals     : 889978         (44.02 % deleted)
Memory used           : 29.87 MB
CPU time              : 1.59222 s

UNSATISFIABLE
