Reading from standard input... Use '--help' for help.
============================[ Problem Statistics ]=============================
|                                                                             |
|  Number of variables:         69608                                         |
|  Number of clauses:          118081                                         |
|  Parse time:                   0.02 s                                       |
|                                                                             |
============================[ Search Statistics ]==============================
| Conflicts |          ORIGINAL         |          LEARNT          | Progress |
|           |    Vars  Clauses Literals |    Limit  Clauses Lit/Cl |          |
===============================================================================
===============================================================================
restarts              : 1
conflicts             : 56             (2211 /sec)
decisions             : 44301          (0.00 % random) (1749299 /sec)
propagations          : 98130          (3874827 /sec)
conflict literals     : 192            (0.00 % deleted)
Memory used           : 15.05 MB
CPU time              : 0.025325 s

SATISFIABLE
