Reading from standard input... Use '--help' for help.
============================[ Problem Statistics ]=============================
|                                                                             |
|  Number of variables:         87638                                         |
|  Number of clauses:          161767                                         |
|  Parse time:                   0.04 s                                       |
|                                                                             |
============================[ Search Statistics ]==============================
| Conflicts |          ORIGINAL         |          LEARNT          | Progress |
|           |    Vars  Clauses Literals |    Limit  Clauses Lit/Cl |          |
===============================================================================
|       100 |   63895   110590   276375 |    40549      100     13 | 27.092 % |
|       250 |   63895   110590   276375 |    44604      250     27 | 27.092 % |
|       475 |   63895   110590   276375 |    49065      475     36 | 27.092 % |
|       812 |   63895   110590   276375 |    53971      812     68 | 27.092 % |
|      1318 |   63875   110506   276182 |    59368     1317     70 | 27.115 % |
|      2077 |   63874   110462   276092 |    65305     2073     69 | 27.116 % |
|      3216 |   63874   110462   276092 |    71836     3212     83 | 27.116 % |
|      4924 |   53486    79501   200099 |    79019     4854     86 | 38.969 % |
|      7486 |   53109    78359   197161 |    86921     7354     86 | 39.400 % |
|     11330 |   52887    77258   194498 |    95613    10179     82 | 39.653 % |
|     17096 |   52595    76195   191989 |   105175    15475     75 | 39.986 % |
===============================================================================
restarts              : 77
conflicts             : 21314          (6703 /sec)
decisions             : 70950          (0.00 % random) (22313 /sec)
propagations          : 33462117       (10523317 /sec)
conflict literals     : 1498301        (44.04 % deleted)
Memory used           : 39.37 MB
CPU time              : 3.17981 s

INDETERMINATE
