Reading from standard input... Use '--help' for help.
============================[ Problem Statistics ]=============================
|                                                                             |
|  Number of variables:         69608                                         |
|  Number of clauses:          118081                                         |
|  Parse time:                   0.03 s                                       |
|                                                                             |
============================[ Search Statistics ]==============================
| Conflicts |          ORIGINAL         |          LEARNT          | Progress |
|           |    Vars  Clauses Literals |    Limit  Clauses Lit/Cl |          |
===============================================================================
===============================================================================
restarts              : 1
conflicts             : 59             (1548 /sec)
decisions             : 41065          (0.00 % random) (1077737 /sec)
propagations          : 105062         (2757316 /sec)
conflict literals     : 765            (7.38 % deleted)
Memory used           : 17.61 MB
CPU time              : 0.038103 s

SATISFIABLE
