Reading from standard input... Use '--help' for help.
============================[ Problem Statistics ]=============================
|                                                                             |
|  Number of variables:         69608                                         |
|  Number of clauses:          118081                                         |
|  Parse time:                   0.03 s                                       |
|                                                                             |
============================[ Search Statistics ]==============================
| Conflicts |          ORIGINAL         |          LEARNT          | Progress |
|           |    Vars  Clauses Literals |    Limit  Clauses Lit/Cl |          |
===============================================================================
===============================================================================
restarts              : 1
conflicts             : 36             (903 /sec)
decisions             : 5759           (0.00 % random) (144463 /sec)
propagations          : 27947          (701041 /sec)
conflict literals     : 122            (0.00 % deleted)
Memory used           : 15.69 MB
CPU time              : 0.039865 s

UNSATISFIABLE
