Reading from standard input... Use '--help' for help.
============================[ Problem Statistics ]=============================
|                                                                             |
|  Number of variables:         69608                                         |
|  Number of clauses:          118081                                         |
|  Parse time:                   0.02 s                                       |
|                                                                             |
============================[ Search Statistics ]==============================
| Conflicts |          ORIGINAL         |          LEARNT          | Progress |
|           |    Vars  Clauses Literals |    Limit  Clauses Lit/Cl |          |
===============================================================================
===============================================================================
restarts              : 1
conflicts             : 8              (256 /sec)
decisions             : 6740           (0.00 % random) (215804 /sec)
propagations          : 33355          (1067975 /sec)
conflict literals     : 11             (0.00 % deleted)
Memory used           : 16.33 MB
CPU time              : 0.031232 s

UNSATISFIABLE
