Reading from standard input... Use '--help' for help.
============================[ Problem Statistics ]=============================
|                                                                             |
|  Number of variables:         69608                                         |
|  Number of clauses:          118081                                         |
|  Parse time:                   0.03 s                                       |
|                                                                             |
============================[ Search Statistics ]==============================
| Conflicts |          ORIGINAL         |          LEARNT          | Progress |
|           |    Vars  Clauses Literals |    Limit  Clauses Lit/Cl |          |
===============================================================================
===============================================================================
restarts              : 1
conflicts             : 33             (984 /sec)
decisions             : 3516           (0.00 % random) (104861 /sec)
propagations          : 45182          (1347510 /sec)
conflict literals     : 74             (10.84 % deleted)
Memory used           : 16.22 MB
CPU time              : 0.03353 s

UNSATISFIABLE
