Reading from standard input... Use '--help' for help.
============================[ Problem Statistics ]=============================
|                                                                             |
|  Number of variables:         69608                                         |
|  Number of clauses:          118081                                         |
|  Parse time:                   0.02 s                                       |
|                                                                             |
============================[ Search Statistics ]==============================
| Conflicts |          ORIGINAL         |          LEARNT          | Progress |
|           |    Vars  Clauses Literals |    Limit  Clauses Lit/Cl |          |
===============================================================================
===============================================================================
restarts              : 1
conflicts             : 16             (544 /sec)
decisions             : 33928          (0.00 % random) (1153307 /sec)
propagations          : 69650          (2367598 /sec)
conflict literals     : 58             (0.00 % deleted)
Memory used           : 14.18 MB
CPU time              : 0.029418 s

SATISFIABLE
