Reading from standard input... Use '--help' for help.
============================[ Problem Statistics ]=============================
|                                                                             |
|  Number of variables:         69608                                         |
|  Number of clauses:          118081                                         |
|  Parse time:                   0.02 s                                       |
|                                                                             |
============================[ Search Statistics ]==============================
| Conflicts |          ORIGINAL         |          LEARNT          | Progress |
|           |    Vars  Clauses Literals |    Limit  Clauses Lit/Cl |          |
===============================================================================
===============================================================================
restarts              : 1
conflicts             : 4              (101 /sec)
decisions             : 39878          (0.00 % random) (1008319 /sec)
propagations          : 84722          (2142203 /sec)
conflict literals     : 5              (0.00 % deleted)
Memory used           : 17.43 MB
CPU time              : 0.039549 s

SATISFIABLE
