Reading from standard input... Use '--help' for help.
============================[ Problem Statistics ]=============================
|                                                                             |
|  Number of variables:         87638                                         |
|  Number of clauses:          161767                                         |
|  Parse time:                   0.03 s                                       |
|                                                                             |
============================[ Search Statistics ]==============================
| Conflicts |          ORIGINAL         |          LEARNT          | Progress |
|           |    Vars  Clauses Literals |    Limit  Clauses Lit/Cl |          |
===============================================================================
|       100 |   65120   115232   287206 |    42251      100     13 | 25.694 % |
|       250 |   65112   115216   287162 |    46476      244     27 | 25.703 % |
|       475 |   65112   115200   287118 |    51124      463     54 | 25.704 % |
|       812 |   65112   115200   287118 |    56237      800     47 | 25.703 % |
|      1318 |   65112   115200   287118 |    61860     1306     88 | 25.703 % |
|      2077 |   60919   101189   252390 |    68046     2048     80 | 30.488 % |
|      3216 |   60889   101065   252107 |    74851     3186     86 | 30.522 % |
|      4924 |   59601    96780   241032 |    82336     4119     68 | 31.992 % |
|      7486 |   59595    96772   241016 |    90570     6677     69 | 31.999 % |
|     11330 |   59533    96458   240244 |    99627    10495     74 | 32.069 % |
|     17096 |   59450    96089   239322 |   109590    15841     71 | 32.164 % |
===============================================================================
restarts              : 67
conflicts             : 19736          (11722 /sec)
decisions             : 78020          (0.00 % random) (46340 /sec)
propagations          : 24764331       (14708813 /sec)
conflict literals     : 1366029        (42.01 % deleted)
Memory used           : 38.58 MB
CPU time              : 1.68364 s

UNSATISFIABLE
