Reading from standard input... Use '--help' for help.
============================[ Problem Statistics ]=============================
|                                                                             |
|  Number of variables:         87638                                         |
|  Number of clauses:          161767                                         |
|  Parse time:                   0.03 s                                       |
|                                                                             |
============================[ Search Statistics ]==============================
| Conflicts |          ORIGINAL         |          LEARNT          | Progress |
|           |    Vars  Clauses Literals |    Limit  Clauses Lit/Cl |          |
===============================================================================
|       100 |   63218   108153   270359 |    39656      100     13 | 27.865 % |
|       250 |   63218   108153   270359 |    43621      250     13 | 27.865 % |
|       475 |   63218   108153   270359 |    47983      475     19 | 27.865 % |
|       812 |   63206   108105   270227 |    52782      749     46 | 27.878 % |
|      1318 |   63202   108089   270183 |    58060     1250     53 | 27.883 % |
|      2077 |   63201   108045   270093 |    63866     2005     66 | 27.884 % |
|      3216 |   63201   108045   270093 |    70253     3144     67 | 27.884 % |
|      4924 |   63201   108045   270093 |    77278     4852     83 | 27.884 % |
|      7486 |   63175   107902   269781 |    85006     7061     83 | 27.914 % |
===============================================================================
restarts              : 36
conflicts             : 8601           (6618 /sec)
decisions             : 34751          (0.00 % random) (26738 /sec)
propagations          : 12873478       (9905014 /sec)
conflict literals     : 702843         (48.73 % deleted)
Memory used           : 24.11 MB
CPU time              : 1.29969 s

INDETERMINATE
