Reading from standard input... Use '--help' for help.
============================[ Problem Statistics ]=============================
|                                                                             |
|  Number of variables:         69608                                         |
|  Number of clauses:          118081                                         |
|  Parse time:                   0.03 s                                       |
|                                                                             |
============================[ Search Statistics ]==============================
| Conflicts |          ORIGINAL         |          LEARNT          | Progress |
|           |    Vars  Clauses Literals |    Limit  Clauses Lit/Cl |          |
===============================================================================
===============================================================================
restarts              : 1
conflicts             : 24             (749 /sec)
decisions             : 9834           (0.00 % random) (306814 /sec)
propagations          : 41787          (1303725 /sec)
conflict literals     : 68             (0.00 % deleted)
Memory used           : 15.46 MB
CPU time              : 0.032052 s

UNSATISFIABLE
