Reading from standard input... Use '--help' for help.
============================[ Problem Statistics ]=============================
|                                                                             |
|  Number of variables:         69608                                         |
|  Number of clauses:          118081                                         |
|  Parse time:                   0.02 s                                       |
|                                                                             |
============================[ Search Statistics ]==============================
| Conflicts |          ORIGINAL         |          LEARNT          | Progress |
|           |    Vars  Clauses Literals |    Limit  Clauses Lit/Cl |          |
===============================================================================
|       100 |   56609    82316   203795 |    30182       92      9 | 18.675 % |
===============================================================================
restarts              : 2
conflicts             : 166            (4266 /sec)
decisions             : 4383           (0.00 % random) (112645 /sec)
propagations          : 244659         (6287818 /sec)
conflict literals     : 1442           (21.07 % deleted)
Memory used           : 15.40 MB
CPU time              : 0.03891 s

UNSATISFIABLE
