Reading from standard input... Use '--help' for help.
============================[ Problem Statistics ]=============================
|                                                                             |
|  Number of variables:         69608                                         |
|  Number of clauses:          118081                                         |
|  Parse time:                   0.03 s                                       |
|                                                                             |
============================[ Search Statistics ]==============================
| Conflicts |          ORIGINAL         |          LEARNT          | Progress |
|           |    Vars  Clauses Literals |    Limit  Clauses Lit/Cl |          |
===============================================================================
===============================================================================
restarts              : 1
conflicts             : 44             (1136 /sec)
decisions             : 43516          (0.00 % random) (1123835 /sec)
propagations          : 97474          (2517342 /sec)
conflict literals     : 153            (0.00 % deleted)
Memory used           : 13.84 MB
CPU time              : 0.038721 s

SATISFIABLE
