Reading from standard input... Use '--help' for help.
============================[ Problem Statistics ]=============================
|                                                                             |
|  Number of variables:         69608                                         |
|  Number of clauses:          118081                                         |
|  Parse time:                   0.03 s                                       |
|                                                                             |
============================[ Search Statistics ]==============================
| Conflicts |          ORIGINAL         |          LEARNT          | Progress |
|           |    Vars  Clauses Literals |    Limit  Clauses Lit/Cl |          |
===============================================================================
===============================================================================
restarts              : 1
conflicts             : 22             (564 /sec)
decisions             : 40276          (0.00 % random) (1032533 /sec)
propagations          : 83112          (2130694 /sec)
conflict literals     : 48             (0.00 % deleted)
Memory used           : 16.98 MB
CPU time              : 0.039007 s

SATISFIABLE
