Reading from standard input... Use '--help' for help.
============================[ Problem Statistics ]=============================
|                                                                             |
|  Number of variables:         87638                                         |
|  Number of clauses:          161767                                         |
|  Parse time:                   0.03 s                                       |
|                                                                             |
============================[ Search Statistics ]==============================
| Conflicts |          ORIGINAL         |          LEARNT          | Progress |
|           |    Vars  Clauses Literals |    Limit  Clauses Lit/Cl |          |
===============================================================================
|       100 |   65864   117940   293944 |    43244      100      9 | 24.845 % |
|       250 |   65864   117940   293944 |    47569      250     26 | 24.845 % |
|       475 |   65864   117940   293944 |    52326      475     50 | 24.845 % |
|       812 |   60999   101979   254601 |    57558      806     55 | 30.397 % |
|      1318 |   60998   101974   254589 |    63314     1311     49 | 30.398 % |
|      2077 |   60997   101969   254577 |    69645     2069     46 | 30.399 % |
|      3216 |   60912   101665   253841 |    76610     3206     46 | 30.496 % |
|      4924 |   60791   101152   252659 |    84271     4908     55 | 30.634 % |
|      7486 |   60473   100001   249975 |    92698     7433     65 | 30.997 % |
|     11330 |   60122    98543   246526 |   101968    11155     70 | 31.397 % |
|     17096 |   59926    97775   244695 |   112165    16891     83 | 31.621 % |
|     25745 |   59821    97343   243659 |   123382    25500     84 | 31.741 % |
|     38719 |   59694    96838   242448 |   135720    38427     89 | 31.886 % |
===============================================================================
restarts              : 127
conflicts             : 44332          (9141 /sec)
decisions             : 174168         (0.00 % random) (35914 /sec)
propagations          : 66742512       (13762659 /sec)
conflict literals     : 4058734        (42.45 % deleted)
Memory used           : 50.79 MB
CPU time              : 4.84954 s

INDETERMINATE
