Reading from standard input... Use '--help' for help.
============================[ Problem Statistics ]=============================
|                                                                             |
|  Number of variables:         87638                                         |
|  Number of clauses:          161767                                         |
|  Parse time:                   0.03 s                                       |
|                                                                             |
============================[ Search Statistics ]==============================
| Conflicts |          ORIGINAL         |          LEARNT          | Progress |
|           |    Vars  Clauses Literals |    Limit  Clauses Lit/Cl |          |
===============================================================================
|       100 |   65354   115915   289127 |    42502      100     16 | 25.427 % |
|       250 |   59273    96740   241783 |    46752      248     32 | 32.366 % |
|       475 |   59273    96740   241783 |    51427      473    112 | 32.366 % |
|       812 |   59273    96740   241783 |    56570      810     76 | 32.366 % |
|      1318 |   59272    96696   241693 |    62227     1311     64 | 32.367 % |
|      2077 |   59168    96344   240832 |    68450     2068     63 | 32.486 % |
|      3216 |   59063    95990   239975 |    75295     3205     57 | 32.606 % |
|      4924 |   58991    95636   239105 |    82824     4907     59 | 32.688 % |
|      7486 |   58918    95392   238517 |    91107     7464     72 | 32.771 % |
|     11330 |   58897    95215   238108 |   100217    11306     73 | 32.795 % |
|     17096 |   58399    93249   233467 |   110239    13008     70 | 33.363 % |
|     25745 |   57684    90721   227399 |   121263    21029     78 | 34.179 % |
|     38719 |   57084    89098   223402 |   133390    30949     77 | 34.864 % |
===============================================================================
restarts              : 127
conflicts             : 42390          (8841 /sec)
decisions             : 132187         (0.00 % random) (27568 /sec)
propagations          : 64007981       (13349104 /sec)
conflict literals     : 3286242        (50.44 % deleted)
Memory used           : 52.93 MB
CPU time              : 4.79493 s

INDETERMINATE
