Reading from standard input... Use '--help' for help.
============================[ Problem Statistics ]=============================
|                                                                             |
|  Number of variables:         69608                                         |
|  Number of clauses:          118081                                         |
|  Parse time:                   0.03 s                                       |
|                                                                             |
============================[ Search Statistics ]==============================
| Conflicts |          ORIGINAL         |          LEARNT          | Progress |
|           |    Vars  Clauses Literals |    Limit  Clauses Lit/Cl |          |
===============================================================================
===============================================================================
restarts              : 1
conflicts             : 40             (1031 /sec)
decisions             : 13305          (0.00 % random) (342886 /sec)
propagations          : 44682          (1151509 /sec)
conflict literals     : 128            (0.00 % deleted)
Memory used           : 18.28 MB
CPU time              : 0.038803 s

UNSATISFIABLE
