Reading from standard input... Use '--help' for help.
============================[ Problem Statistics ]=============================
|                                                                             |
|  Number of variables:         69608                                         |
|  Number of clauses:          118081                                         |
|  Parse time:                   0.03 s                                       |
|                                                                             |
============================[ Search Statistics ]==============================
| Conflicts |          ORIGINAL         |          LEARNT          | Progress |
|           |    Vars  Clauses Literals |    Limit  Clauses Lit/Cl |          |
===============================================================================
===============================================================================
restarts              : 1
conflicts             : 23             (674 /sec)
decisions             : 4944           (0.00 % random) (144777 /sec)
propagations          : 26516          (776480 /sec)
conflict literals     : 58             (0.00 % deleted)
Memory used           : 17.40 MB
CPU time              : 0.034149 s

UNSATISFIABLE
