Reading from standard input... Use '--help' for help.
============================[ Problem Statistics ]=============================
|                                                                             |
|  Number of variables:         87638                                         |
|  Number of clauses:          161767                                         |
|  Parse time:                   0.04 s                                       |
|                                                                             |
============================[ Search Statistics ]==============================
| Conflicts |          ORIGINAL         |          LEARNT          | Progress |
|           |    Vars  Clauses Literals |    Limit  Clauses Lit/Cl |          |
===============================================================================
|       100 |   62314   104953   262269 |    38482      100     13 | 28.896 % |
|       250 |   62314   104953   262269 |    42331      250     25 | 28.896 % |
|       475 |   48652   104905   262137 |    46564      423     71 | 44.485 % |
|       812 |   48165    65130   164205 |    51220      740     52 | 45.041 % |
|      1318 |   48124    64564   162857 |    56342     1243     72 | 45.088 % |
|      2077 |   48121    64556   162841 |    61976     2001     71 | 45.091 % |
|      3216 |   47853    63759   160842 |    68174     3133     63 | 45.397 % |
|      4924 |   47598    62448   157744 |    74992     4815     57 | 45.688 % |
|      7486 |   47009    60533   153189 |    82491     7352     51 | 46.360 % |
===============================================================================
restarts              : 40
conflicts             : 9389           (7870 /sec)
decisions             : 29642          (0.00 % random) (24846 /sec)
propagations          : 12676374       (10625209 /sec)
conflict literals     : 444392         (35.83 % deleted)
Memory used           : 24.79 MB
CPU time              : 1.19305 s

INDETERMINATE
