Reading from standard input... Use '--help' for help.
============================[ Problem Statistics ]=============================
|                                                                             |
|  Number of variables:         69608                                         |
|  Number of clauses:          118081                                         |
|  Parse time:                   0.02 s                                       |
|                                                                             |
============================[ Search Statistics ]==============================
| Conflicts |          ORIGINAL         |          LEARNT          | Progress |
|           |    Vars  Clauses Literals |    Limit  Clauses Lit/Cl |          |
===============================================================================
===============================================================================
restarts              : 1
conflicts             : 33             (1012 /sec)
decisions             : 38152          (0.00 % random) (1169733 /sec)
propagations          : 82446          (2527778 /sec)
conflict literals     : 119            (0.00 % deleted)
Memory used           : 14.10 MB
CPU time              : 0.032616 s

SATISFIABLE
