Reading from standard input... Use '--help' for help.
============================[ Problem Statistics ]=============================
|                                                                             |
|  Number of variables:         69608                                         |
|  Number of clauses:          118081                                         |
|  Parse time:                   0.02 s                                       |
|                                                                             |
============================[ Search Statistics ]==============================
| Conflicts |          ORIGINAL         |          LEARNT          | Progress |
|           |    Vars  Clauses Literals |    Limit  Clauses Lit/Cl |          |
===============================================================================
===============================================================================
restarts              : 1
conflicts             : 16             (493 /sec)
decisions             : 40740          (0.00 % random) (1254929 /sec)
propagations          : 81686          (2516203 /sec)
conflict literals     : 39             (0.00 % deleted)
Memory used           : 18.48 MB
CPU time              : 0.032464 s

SATISFIABLE
