Reading from standard input... Use '--help' for help.
============================[ Problem Statistics ]=============================
|                                                                             |
|  Number of variables:         69608                                         |
|  Number of clauses:          118081                                         |
|  Parse time:                   0.02 s                                       |
|                                                                             |
============================[ Search Statistics ]==============================
| Conflicts |          ORIGINAL         |          LEARNT          | Progress |
|           |    Vars  Clauses Literals |    Limit  Clauses Lit/Cl |          |
===============================================================================
===============================================================================
restarts              : 1
conflicts             : 43             (1218 /sec)
decisions             : 66841          (0.00 % random) (1893137 /sec)
propagations          : 126877         (3593537 /sec)
conflict literals     : 144            (0.00 % deleted)
Memory used           : 18.14 MB
CPU time              : 0.035307 s

SATISFIABLE
