Reading from standard input... Use '--help' for help.
============================[ Problem Statistics ]=============================
|                                                                             |
|  Number of variables:         69608                                         |
|  Number of clauses:          118081                                         |
|  Parse time:                   0.03 s                                       |
|                                                                             |
============================[ Search Statistics ]==============================
| Conflicts |          ORIGINAL         |          LEARNT          | Progress |
|           |    Vars  Clauses Literals |    Limit  Clauses Lit/Cl |          |
===============================================================================
===============================================================================
restarts              : 1
conflicts             : 11             (304 /sec)
decisions             : 34292          (0.00 % random) (948183 /sec)
propagations          : 70364          (1945584 /sec)
conflict literals     : 34             (0.00 % deleted)
Memory used           : 18.33 MB
CPU time              : 0.036166 s

SATISFIABLE
