Reading from standard input... Use '--help' for help.
============================[ Problem Statistics ]=============================
|                                                                             |
|  Number of variables:         69608                                         |
|  Number of clauses:          118081                                         |
|  Parse time:                   0.02 s                                       |
|                                                                             |
============================[ Search Statistics ]==============================
| Conflicts |          ORIGINAL         |          LEARNT          | Progress |
|           |    Vars  Clauses Literals |    Limit  Clauses Lit/Cl |          |
===============================================================================
===============================================================================
restarts              : 1
conflicts             : 33             (1093 /sec)
decisions             : 11895          (0.00 % random) (393848 /sec)
propagations          : 44953          (1488411 /sec)
conflict literals     : 77             (0.00 % deleted)
Memory used           : 14.64 MB
CPU time              : 0.030202 s

UNSATISFIABLE
