Reading from standard input... Use '--help' for help.
============================[ Problem Statistics ]=============================
|                                                                             |
|  Number of variables:         69608                                         |
|  Number of clauses:          118081                                         |
|  Parse time:                   0.02 s                                       |
|                                                                             |
============================[ Search Statistics ]==============================
| Conflicts |          ORIGINAL         |          LEARNT          | Progress |
|           |    Vars  Clauses Literals |    Limit  Clauses Lit/Cl |          |
===============================================================================
===============================================================================
restarts              : 1
conflicts             : 33             (1046 /sec)
decisions             : 37310          (0.00 % random) (1182530 /sec)
propagations          : 81297          (2576685 /sec)
conflict literals     : 119            (0.00 % deleted)
Memory used           : 15.05 MB
CPU time              : 0.031551 s

SATISFIABLE
