Reading from standard input... Use '--help' for help.
============================[ Problem Statistics ]=============================
|                                                                             |
|  Number of variables:         69608                                         |
|  Number of clauses:          118081                                         |
|  Parse time:                   0.02 s                                       |
|                                                                             |
============================[ Search Statistics ]==============================
| Conflicts |          ORIGINAL         |          LEARNT          | Progress |
|           |    Vars  Clauses Literals |    Limit  Clauses Lit/Cl |          |
===============================================================================
===============================================================================
restarts              : 1
conflicts             : 17             (561 /sec)
decisions             : 5190           (0.00 % random) (171219 /sec)
propagations          : 27755          (915644 /sec)
conflict literals     : 34             (0.00 % deleted)
Memory used           : 14.49 MB
CPU time              : 0.030312 s

UNSATISFIABLE
