Reading from standard input... Use '--help' for help.
============================[ Problem Statistics ]=============================
|                                                                             |
|  Number of variables:         69608                                         |
|  Number of clauses:          118081                                         |
|  Parse time:                   0.02 s                                       |
|                                                                             |
============================[ Search Statistics ]==============================
| Conflicts |          ORIGINAL         |          LEARNT          | Progress |
|           |    Vars  Clauses Literals |    Limit  Clauses Lit/Cl |          |
===============================================================================
===============================================================================
restarts              : 1
conflicts             : 23             (786 /sec)
decisions             : 4592           (0.00 % random) (156884 /sec)
propagations          : 25942          (886300 /sec)
conflict literals     : 58             (0.00 % deleted)
Memory used           : 15.43 MB
CPU time              : 0.02927 s

UNSATISFIABLE
