Reading from standard input... Use '--help' for help.
============================[ Problem Statistics ]=============================
|                                                                             |
|  Number of variables:         69608                                         |
|  Number of clauses:          118081                                         |
|  Parse time:                   0.02 s                                       |
|                                                                             |
============================[ Search Statistics ]==============================
| Conflicts |          ORIGINAL         |          LEARNT          | Progress |
|           |    Vars  Clauses Literals |    Limit  Clauses Lit/Cl |          |
===============================================================================
===============================================================================
restarts              : 1
conflicts             : 33             (1256 /sec)
decisions             : 37300          (0.00 % random) (1419762 /sec)
propagations          : 81460          (3100639 /sec)
conflict literals     : 119            (0.00 % deleted)
Memory used           : 14.64 MB
CPU time              : 0.026272 s

SATISFIABLE
