Reading from standard input... Use '--help' for help.
============================[ Problem Statistics ]=============================
|                                                                             |
|  Number of variables:         69608                                         |
|  Number of clauses:          118081                                         |
|  Parse time:                   0.03 s                                       |
|                                                                             |
============================[ Search Statistics ]==============================
| Conflicts |          ORIGINAL         |          LEARNT          | Progress |
|           |    Vars  Clauses Literals |    Limit  Clauses Lit/Cl |          |
===============================================================================
===============================================================================
restarts              : 1
conflicts             : 17             (450 /sec)
decisions             : 41559          (0.00 % random) (1099096 /sec)
propagations          : 84697          (2239950 /sec)
conflict literals     : 35             (0.00 % deleted)
Memory used           : 16.96 MB
CPU time              : 0.037812 s

SATISFIABLE
