Reading from standard input... Use '--help' for help.
============================[ Problem Statistics ]=============================
|                                                                             |
|  Number of variables:         69608                                         |
|  Number of clauses:          118081                                         |
|  Parse time:                   0.02 s                                       |
|                                                                             |
============================[ Search Statistics ]==============================
| Conflicts |          ORIGINAL         |          LEARNT          | Progress |
|           |    Vars  Clauses Literals |    Limit  Clauses Lit/Cl |          |
===============================================================================
===============================================================================
restarts              : 1
conflicts             : 12             (376 /sec)
decisions             : 1454           (0.00 % random) (45513 /sec)
propagations          : 36420          (1140013 /sec)
conflict literals     : 17             (10.53 % deleted)
Memory used           : 15.21 MB
CPU time              : 0.031947 s

UNSATISFIABLE
