Reading from standard input... Use '--help' for help.
============================[ Problem Statistics ]=============================
|                                                                             |
|  Number of variables:         69608                                         |
|  Number of clauses:          118081                                         |
|  Parse time:                   0.03 s                                       |
|                                                                             |
============================[ Search Statistics ]==============================
| Conflicts |          ORIGINAL         |          LEARNT          | Progress |
|           |    Vars  Clauses Literals |    Limit  Clauses Lit/Cl |          |
===============================================================================
===============================================================================
restarts              : 1
conflicts             : 12             (349 /sec)
decisions             : 1457           (0.00 % random) (42342 /sec)
propagations          : 36192          (1051787 /sec)
conflict literals     : 17             (10.53 % deleted)
Memory used           : 15.65 MB
CPU time              : 0.03441 s

UNSATISFIABLE
