Reading from standard input... Use '--help' for help.
============================[ Problem Statistics ]=============================
|                                                                             |
|  Number of variables:         69608                                         |
|  Number of clauses:          118081                                         |
|  Parse time:                   0.02 s                                       |
|                                                                             |
============================[ Search Statistics ]==============================
| Conflicts |          ORIGINAL         |          LEARNT          | Progress |
|           |    Vars  Clauses Literals |    Limit  Clauses Lit/Cl |          |
===============================================================================
===============================================================================
restarts              : 1
conflicts             : 23             (818 /sec)
decisions             : 9627           (0.00 % random) (342391 /sec)
propagations          : 37123          (1320304 /sec)
conflict literals     : 54             (0.00 % deleted)
Memory used           : 14.93 MB
CPU time              : 0.028117 s

UNSATISFIABLE
