Reading from standard input... Use '--help' for help.
============================[ Problem Statistics ]=============================
|                                                                             |
|  Number of variables:         69608                                         |
|  Number of clauses:          118081                                         |
|  Parse time:                   0.02 s                                       |
|                                                                             |
============================[ Search Statistics ]==============================
| Conflicts |          ORIGINAL         |          LEARNT          | Progress |
|           |    Vars  Clauses Literals |    Limit  Clauses Lit/Cl |          |
===============================================================================
===============================================================================
restarts              : 1
conflicts             : 13             (445 /sec)
decisions             : 36800          (0.00 % random) (1260749 /sec)
propagations          : 74074          (2537737 /sec)
conflict literals     : 39             (0.00 % deleted)
Memory used           : 15.54 MB
CPU time              : 0.029189 s

SATISFIABLE
