Reading from standard input... Use '--help' for help.
============================[ Problem Statistics ]=============================
|                                                                             |
|  Number of variables:         69608                                         |
|  Number of clauses:          118081                                         |
|  Parse time:                   0.02 s                                       |
|                                                                             |
============================[ Search Statistics ]==============================
| Conflicts |          ORIGINAL         |          LEARNT          | Progress |
|           |    Vars  Clauses Literals |    Limit  Clauses Lit/Cl |          |
===============================================================================
===============================================================================
restarts              : 1
conflicts             : 20             (815 /sec)
decisions             : 6787           (0.00 % random) (276682 /sec)
propagations          : 31411          (1280514 /sec)
conflict literals     : 44             (2.22 % deleted)
Memory used           : 13.94 MB
CPU time              : 0.02453 s

UNSATISFIABLE
