Reading from standard input... Use '--help' for help.
============================[ Problem Statistics ]=============================
|                                                                             |
|  Number of variables:         69608                                         |
|  Number of clauses:          118081                                         |
|  Parse time:                   0.02 s                                       |
|                                                                             |
============================[ Search Statistics ]==============================
| Conflicts |          ORIGINAL         |          LEARNT          | Progress |
|           |    Vars  Clauses Literals |    Limit  Clauses Lit/Cl |          |
===============================================================================
===============================================================================
restarts              : 1
conflicts             : 10             (316 /sec)
decisions             : 2601           (0.00 % random) (82297 /sec)
propagations          : 21895          (692770 /sec)
conflict literals     : 13             (0.00 % deleted)
Memory used           : 15.11 MB
CPU time              : 0.031605 s

UNSATISFIABLE
