Reading from standard input... Use '--help' for help.
============================[ Problem Statistics ]=============================
|                                                                             |
|  Number of variables:         69608                                         |
|  Number of clauses:          118081                                         |
|  Parse time:                   0.02 s                                       |
|                                                                             |
============================[ Search Statistics ]==============================
| Conflicts |          ORIGINAL         |          LEARNT          | Progress |
|           |    Vars  Clauses Literals |    Limit  Clauses Lit/Cl |          |
===============================================================================
===============================================================================
restarts              : 1
conflicts             : 13             (485 /sec)
decisions             : 36477          (0.00 % random) (1359510 /sec)
propagations          : 74457          (2775036 /sec)
conflict literals     : 39             (0.00 % deleted)
Memory used           : 14.25 MB
CPU time              : 0.026831 s

SATISFIABLE
