Reading from standard input... Use '--help' for help.
============================[ Problem Statistics ]=============================
|                                                                             |
|  Number of variables:         69608                                         |
|  Number of clauses:          118081                                         |
|  Parse time:                   0.02 s                                       |
|                                                                             |
============================[ Search Statistics ]==============================
| Conflicts |          ORIGINAL         |          LEARNT          | Progress |
|           |    Vars  Clauses Literals |    Limit  Clauses Lit/Cl |          |
===============================================================================
===============================================================================
restarts              : 1
conflicts             : 14             (560 /sec)
decisions             : 8676           (0.00 % random) (347207 /sec)
propagations          : 38281          (1531975 /sec)
conflict literals     : 34             (0.00 % deleted)
Memory used           : 15.41 MB
CPU time              : 0.024988 s

UNSATISFIABLE
