Reading from standard input... Use '--help' for help.
============================[ Problem Statistics ]=============================
|                                                                             |
|  Number of variables:         87638                                         |
|  Number of clauses:          161767                                         |
|  Parse time:                   0.02 s                                       |
|                                                                             |
============================[ Search Statistics ]==============================
| Conflicts |          ORIGINAL         |          LEARNT          | Progress |
|           |    Vars  Clauses Literals |    Limit  Clauses Lit/Cl |          |
===============================================================================
|       100 |   66670   120927   301112 |    44339      100     26 | 23.926 % |
|       250 |   66670   120927   301112 |    48773      250     24 | 23.926 % |
|       475 |   66642   120811   300847 |    53651      474     38 | 23.958 % |
|       812 |   62178   106713   265751 |    59016      795     38 | 29.051 % |
|      1318 |   62177   105756   263471 |    64918     1300     35 | 29.052 % |
|      2077 |   62134   105652   263223 |    71409     1978     32 | 29.102 % |
|      3216 |   62047   105219   262204 |    78550     3092     46 | 29.201 % |
|      4924 |   62022   105103   261926 |    86405     4780     56 | 29.229 % |
|      7486 |   61925   104657   260883 |    95046     7275     74 | 29.340 % |
|     11330 |   59865    97527   243364 |   104551     9415     82 | 31.691 % |
|     17096 |   59769    97143   242476 |   115006    15167     85 | 31.800 % |
|     25745 |   59607    96535   241084 |   126506    22234     82 | 31.985 % |
===============================================================================
restarts              : 120
conflicts             : 32224          (10812 /sec)
decisions             : 123729         (0.00 % random) (41513 /sec)
propagations          : 46551795       (15618834 /sec)
conflict literals     : 2505877        (47.57 % deleted)
Memory used           : 37.24 MB
CPU time              : 2.98049 s

UNSATISFIABLE
