Reading from standard input... Use '--help' for help.
============================[ Problem Statistics ]=============================
|                                                                             |
|  Number of variables:         69608                                         |
|  Number of clauses:          118081                                         |
|  Parse time:                   0.02 s                                       |
|                                                                             |
============================[ Search Statistics ]==============================
| Conflicts |          ORIGINAL         |          LEARNT          | Progress |
|           |    Vars  Clauses Literals |    Limit  Clauses Lit/Cl |          |
===============================================================================
|       100 |   57280    83999   207961 |    30799       93     12 | 17.711 % |
===============================================================================
restarts              : 3
conflicts             : 223            (5628 /sec)
decisions             : 4455           (0.00 % random) (112435 /sec)
propagations          : 320564         (8090352 /sec)
conflict literals     : 2217           (27.97 % deleted)
Memory used           : 15.66 MB
CPU time              : 0.039623 s

UNSATISFIABLE
