Reading from standard input... Use '--help' for help.
============================[ Problem Statistics ]=============================
|                                                                             |
|  Number of variables:         87638                                         |
|  Number of clauses:          161767                                         |
|  Parse time:                   0.02 s                                       |
|                                                                             |
============================[ Search Statistics ]==============================
| Conflicts |          ORIGINAL         |          LEARNT          | Progress |
|           |    Vars  Clauses Literals |    Limit  Clauses Lit/Cl |          |
===============================================================================
|       100 |   65923   118130   294380 |    43314      100     20 | 24.778 % |
|       250 |   65923   118130   294380 |    47645      250     35 | 24.778 % |
|       475 |   65891   118000   294080 |    52410      474     53 | 24.815 % |
|       812 |   65891   118000   294080 |    57651      811     65 | 24.815 % |
|      1318 |   65890   117956   293990 |    63416     1316     59 | 24.816 % |
|      2077 |   65890   117956   293990 |    69758     2075     63 | 24.816 % |
|      3216 |   65890   117956   293990 |    76733     3214     75 | 24.816 % |
|      4924 |   65887   117945   293966 |    84407     4919     77 | 24.819 % |
|      7486 |   65797   117686   293370 |    92848     7474     88 | 24.922 % |
|     11330 |   65623   116868   291494 |   102132    11285    103 | 25.120 % |
|     17096 |   65406   116031   289472 |   112346    17033    105 | 25.368 % |
|     25745 |   65405   116028   289466 |   123580    25681    117 | 25.369 % |
===============================================================================
restarts              : 126
conflicts             : 35671          (7485 /sec)
decisions             : 140595         (0.00 % random) (29503 /sec)
propagations          : 54617371       (11461026 /sec)
conflict literals     : 4595795        (47.07 % deleted)
Memory used           : 56.41 MB
CPU time              : 4.76549 s

INDETERMINATE
