Reading from standard input... Use '--help' for help.
============================[ Problem Statistics ]=============================
|                                                                             |
|  Number of variables:         69608                                         |
|  Number of clauses:          118081                                         |
|  Parse time:                   0.02 s                                       |
|                                                                             |
============================[ Search Statistics ]==============================
| Conflicts |          ORIGINAL         |          LEARNT          | Progress |
|           |    Vars  Clauses Literals |    Limit  Clauses Lit/Cl |          |
===============================================================================
===============================================================================
restarts              : 1
conflicts             : 15             (519 /sec)
decisions             : 39240          (0.00 % random) (1358020 /sec)
propagations          : 79678          (2757501 /sec)
conflict literals     : 35             (0.00 % deleted)
Memory used           : 15.07 MB
CPU time              : 0.028895 s

SATISFIABLE
