Reading from standard input... Use '--help' for help.
============================[ Problem Statistics ]=============================
|                                                                             |
|  Number of variables:         69608                                         |
|  Number of clauses:          118081                                         |
|  Parse time:                   0.02 s                                       |
|                                                                             |
============================[ Search Statistics ]==============================
| Conflicts |          ORIGINAL         |          LEARNT          | Progress |
|           |    Vars  Clauses Literals |    Limit  Clauses Lit/Cl |          |
===============================================================================
===============================================================================
restarts              : 1
conflicts             : 6              (210 /sec)
decisions             : 1160           (0.00 % random) (40628 /sec)
propagations          : 22169          (776443 /sec)
conflict literals     : 7              (0.00 % deleted)
Memory used           : 15.44 MB
CPU time              : 0.028552 s

UNSATISFIABLE
