Reading from standard input... Use '--help' for help.
============================[ Problem Statistics ]=============================
|                                                                             |
|  Number of variables:         69608                                         |
|  Number of clauses:          118081                                         |
|  Parse time:                   0.02 s                                       |
|                                                                             |
============================[ Search Statistics ]==============================
| Conflicts |          ORIGINAL         |          LEARNT          | Progress |
|           |    Vars  Clauses Literals |    Limit  Clauses Lit/Cl |          |
===============================================================================
===============================================================================
restarts              : 1
conflicts             : 20             (720 /sec)
decisions             : 7367           (0.00 % random) (265267 /sec)
propagations          : 33079          (1191092 /sec)
conflict literals     : 47             (0.00 % deleted)
Memory used           : 18.73 MB
CPU time              : 0.027772 s

UNSATISFIABLE
