Reading from standard input... Use '--help' for help.
============================[ Problem Statistics ]=============================
|                                                                             |
|  Number of variables:         69608                                         |
|  Number of clauses:          118081                                         |
|  Parse time:                   0.02 s                                       |
|                                                                             |
============================[ Search Statistics ]==============================
| Conflicts |          ORIGINAL         |          LEARNT          | Progress |
|           |    Vars  Clauses Literals |    Limit  Clauses Lit/Cl |          |
===============================================================================
===============================================================================
restarts              : 1
conflicts             : 13             (444 /sec)
decisions             : 36674          (0.00 % random) (1253683 /sec)
propagations          : 74310          (2540252 /sec)
conflict literals     : 39             (0.00 % deleted)
Memory used           : 14.18 MB
CPU time              : 0.029253 s

SATISFIABLE
