Reading from standard input... Use '--help' for help.
============================[ Problem Statistics ]=============================
|                                                                             |
|  Number of variables:         69608                                         |
|  Number of clauses:          118081                                         |
|  Parse time:                   0.02 s                                       |
|                                                                             |
============================[ Search Statistics ]==============================
| Conflicts |          ORIGINAL         |          LEARNT          | Progress |
|           |    Vars  Clauses Literals |    Limit  Clauses Lit/Cl |          |
===============================================================================
===============================================================================
restarts              : 1
conflicts             : 6              (201 /sec)
decisions             : 1219           (0.00 % random) (40866 /sec)
propagations          : 20541          (688625 /sec)
conflict literals     : 7              (0.00 % deleted)
Memory used           : 18.54 MB
CPU time              : 0.029829 s

UNSATISFIABLE
