Reading from standard input... Use '--help' for help.
============================[ Problem Statistics ]=============================
|                                                                             |
|  Number of variables:         69608                                         |
|  Number of clauses:          118081                                         |
|  Parse time:                   0.02 s                                       |
|                                                                             |
============================[ Search Statistics ]==============================
| Conflicts |          ORIGINAL         |          LEARNT          | Progress |
|           |    Vars  Clauses Literals |    Limit  Clauses Lit/Cl |          |
===============================================================================
===============================================================================
restarts              : 1
conflicts             : 29             (1005 /sec)
decisions             : 46690          (0.00 % random) (1618483 /sec)
propagations          : 113752         (3943150 /sec)
conflict literals     : 300            (0.66 % deleted)
Memory used           : 14.85 MB
CPU time              : 0.028848 s

SATISFIABLE
