Reading from standard input... Use '--help' for help.
============================[ Problem Statistics ]=============================
|                                                                             |
|  Number of variables:         69608                                         |
|  Number of clauses:          118081                                         |
|  Parse time:                   0.02 s                                       |
|                                                                             |
============================[ Search Statistics ]==============================
| Conflicts |          ORIGINAL         |          LEARNT          | Progress |
|           |    Vars  Clauses Literals |    Limit  Clauses Lit/Cl |          |
===============================================================================
===============================================================================
restarts              : 1
conflicts             : 80             (3073 /sec)
decisions             : 34795          (0.00 % random) (1336624 /sec)
propagations          : 69810          (2681699 /sec)
conflict literals     : 298            (0.00 % deleted)
Memory used           : 15.06 MB
CPU time              : 0.026032 s

SATISFIABLE
