Reading from standard input... Use '--help' for help.
============================[ Problem Statistics ]=============================
|                                                                             |
|  Number of variables:         69608                                         |
|  Number of clauses:          118081                                         |
|  Parse time:                   0.02 s                                       |
|                                                                             |
============================[ Search Statistics ]==============================
| Conflicts |          ORIGINAL         |          LEARNT          | Progress |
|           |    Vars  Clauses Literals |    Limit  Clauses Lit/Cl |          |
===============================================================================
===============================================================================
restarts              : 1
conflicts             : 26             (662 /sec)
decisions             : 40990          (0.00 % random) (1043826 /sec)
propagations          : 94388          (2403626 /sec)
conflict literals     : 252            (8.36 % deleted)
Memory used           : 15.91 MB
CPU time              : 0.039269 s

SATISFIABLE
