Reading from standard input... Use '--help' for help.
============================[ Problem Statistics ]=============================
|                                                                             |
|  Number of variables:         87638                                         |
|  Number of clauses:          161767                                         |
|  Parse time:                   0.03 s                                       |
|                                                                             |
============================[ Search Statistics ]==============================
| Conflicts |          ORIGINAL         |          LEARNT          | Progress |
|           |    Vars  Clauses Literals |    Limit  Clauses Lit/Cl |          |
===============================================================================
|       100 |   64496   112814   281719 |    41365      100     27 | 26.406 % |
|       250 |   55753    86557   217089 |    45501      224     33 | 36.383 % |
|       475 |   55738    86499   216956 |    50051      448     32 | 36.400 % |
|       812 |   55738    86499   216956 |    55056      785     52 | 36.400 % |
|      1318 |   55715    86363   216655 |    60562     1288     52 | 36.426 % |
|      2077 |   55444    85477   214537 |    66618     2023     52 | 36.735 % |
|      3216 |   54743    83067   208479 |    73280     3114     53 | 37.535 % |
|      4924 |   54713    82874   208025 |    80608     4818     58 | 37.569 % |
|      7486 |   54673    82693   207588 |    88669     7359     61 | 37.615 % |
|     11330 |   54568    82254   206550 |    97536    11187     68 | 37.735 % |
|     17096 |   54149    80697   202771 |   107290    15443     70 | 38.213 % |
===============================================================================
restarts              : 78
conflicts             : 22281          (7549 /sec)
decisions             : 79163          (0.00 % random) (26820 /sec)
propagations          : 31762411       (10760878 /sec)
conflict literals     : 1545675        (42.72 % deleted)
Memory used           : 41.49 MB
CPU time              : 2.95166 s

INDETERMINATE
