Reading from standard input... Use '--help' for help.
============================[ Problem Statistics ]=============================
|                                                                             |
|  Number of variables:         69608                                         |
|  Number of clauses:          118081                                         |
|  Parse time:                   0.02 s                                       |
|                                                                             |
============================[ Search Statistics ]==============================
| Conflicts |          ORIGINAL         |          LEARNT          | Progress |
|           |    Vars  Clauses Literals |    Limit  Clauses Lit/Cl |          |
===============================================================================
===============================================================================
restarts              : 1
conflicts             : 12             (375 /sec)
decisions             : 1445           (0.00 % random) (45211 /sec)
propagations          : 36312          (1136135 /sec)
conflict literals     : 17             (10.53 % deleted)
Memory used           : 15.98 MB
CPU time              : 0.031961 s

UNSATISFIABLE
