Reading from standard input... Use '--help' for help.
============================[ Problem Statistics ]=============================
|                                                                             |
|  Number of variables:         69608                                         |
|  Number of clauses:          118081                                         |
|  Parse time:                   0.03 s                                       |
|                                                                             |
============================[ Search Statistics ]==============================
| Conflicts |          ORIGINAL         |          LEARNT          | Progress |
|           |    Vars  Clauses Literals |    Limit  Clauses Lit/Cl |          |
===============================================================================
===============================================================================
restarts              : 1
conflicts             : 16             (438 /sec)
decisions             : 33937          (0.00 % random) (929552 /sec)
propagations          : 69650          (1907749 /sec)
conflict literals     : 58             (0.00 % deleted)
Memory used           : 19.40 MB
CPU time              : 0.036509 s

SATISFIABLE
