Reading from standard input... Use '--help' for help.
============================[ Problem Statistics ]=============================
|                                                                             |
|  Number of variables:         69608                                         |
|  Number of clauses:          118081                                         |
|  Parse time:                   0.02 s                                       |
|                                                                             |
============================[ Search Statistics ]==============================
| Conflicts |          ORIGINAL         |          LEARNT          | Progress |
|           |    Vars  Clauses Literals |    Limit  Clauses Lit/Cl |          |
===============================================================================
===============================================================================
restarts              : 1
conflicts             : 45             (1287 /sec)
decisions             : 53763          (0.00 % random) (1537887 /sec)
propagations          : 179675         (5139592 /sec)
conflict literals     : 407            (0.00 % deleted)
Memory used           : 15.57 MB
CPU time              : 0.034959 s

SATISFIABLE
