Reading from standard input... Use '--help' for help.
============================[ Problem Statistics ]=============================
|                                                                             |
|  Number of variables:         87638                                         |
|  Number of clauses:          161767                                         |
|  Parse time:                   0.02 s                                       |
|                                                                             |
============================[ Search Statistics ]==============================
| Conflicts |          ORIGINAL         |          LEARNT          | Progress |
|           |    Vars  Clauses Literals |    Limit  Clauses Lit/Cl |          |
===============================================================================
|       100 |   65987   118293   294597 |    43374      100      9 | 24.705 % |
|       250 |   61684   104347   260041 |    47711      246     37 | 29.615 % |
|       475 |   61684   104241   259788 |    52482      440    106 | 29.615 % |
|       812 |   61684   104241   259788 |    57730      777     79 | 29.615 % |
|      1318 |   61684   104241   259788 |    63504     1283     67 | 29.615 % |
|      2077 |   61682   104231   259764 |    69854     2039     59 | 29.617 % |
|      3216 |   61585   103817   258790 |    76839     3079     73 | 29.728 % |
|      4924 |   59507   100267   250295 |    84523     4440     76 | 32.099 % |
|      7486 |   59490    96603   240537 |    92976     6539     76 | 32.118 % |
|     11330 |   59383    96094   239375 |   102273    10344     76 | 32.241 % |
|     17096 |   59383    96094   239375 |   112501    16110     78 | 32.241 % |
===============================================================================
restarts              : 84
conflicts             : 23070          (12655 /sec)
decisions             : 89034          (0.00 % random) (48840 /sec)
propagations          : 27111389       (14872139 /sec)
conflict literals     : 1688919        (47.08 % deleted)
Memory used           : 37.25 MB
CPU time              : 1.82296 s

UNSATISFIABLE
