Reading from standard input... Use '--help' for help.
============================[ Problem Statistics ]=============================
|                                                                             |
|  Number of variables:         69608                                         |
|  Number of clauses:          118081                                         |
|  Parse time:                   0.02 s                                       |
|                                                                             |
============================[ Search Statistics ]==============================
| Conflicts |          ORIGINAL         |          LEARNT          | Progress |
|           |    Vars  Clauses Literals |    Limit  Clauses Lit/Cl |          |
===============================================================================
===============================================================================
restarts              : 1
conflicts             : 69             (2475 /sec)
decisions             : 37915          (0.00 % random) (1359984 /sec)
propagations          : 76097          (2729546 /sec)
conflict literals     : 236            (0.00 % deleted)
Memory used           : 13.61 MB
CPU time              : 0.027879 s

SATISFIABLE
