Reading from standard input... Use '--help' for help.
============================[ Problem Statistics ]=============================
|                                                                             |
|  Number of variables:         69608                                         |
|  Number of clauses:          118081                                         |
|  Parse time:                   0.02 s                                       |
|                                                                             |
============================[ Search Statistics ]==============================
| Conflicts |          ORIGINAL         |          LEARNT          | Progress |
|           |    Vars  Clauses Literals |    Limit  Clauses Lit/Cl |          |
===============================================================================
===============================================================================
restarts              : 1
conflicts             : 19             (739 /sec)
decisions             : 38001          (0.00 % random) (1477833 /sec)
propagations          : 77660          (3020145 /sec)
conflict literals     : 54             (0.00 % deleted)
Memory used           : 14.16 MB
CPU time              : 0.025714 s

SATISFIABLE
