Reading from standard input... Use '--help' for help.
============================[ Problem Statistics ]=============================
|                                                                             |
|  Number of variables:         69608                                         |
|  Number of clauses:          118081                                         |
|  Parse time:                   0.02 s                                       |
|                                                                             |
============================[ Search Statistics ]==============================
| Conflicts |          ORIGINAL         |          LEARNT          | Progress |
|           |    Vars  Clauses Literals |    Limit  Clauses Lit/Cl |          |
===============================================================================
===============================================================================
restarts              : 1
conflicts             : 45             (1344 /sec)
decisions             : 39528          (0.00 % random) (1180680 /sec)
propagations          : 85100          (2541892 /sec)
conflict literals     : 141            (0.00 % deleted)
Memory used           : 16.27 MB
CPU time              : 0.033479 s

SATISFIABLE
