Reading from standard input... Use '--help' for help.
============================[ Problem Statistics ]=============================
|                                                                             |
|  Number of variables:         69608                                         |
|  Number of clauses:          118081                                         |
|  Parse time:                   0.01 s                                       |
|                                                                             |
============================[ Search Statistics ]==============================
| Conflicts |          ORIGINAL         |          LEARNT          | Progress |
|           |    Vars  Clauses Literals |    Limit  Clauses Lit/Cl |          |
===============================================================================
===============================================================================
restarts              : 1
conflicts             : 64             (3008 /sec)
decisions             : 34002          (0.00 % random) (1597989 /sec)
propagations          : 69770          (3278974 /sec)
conflict literals     : 238            (0.00 % deleted)
Memory used           : 13.00 MB
CPU time              : 0.021278 s

SATISFIABLE
