Reading from standard input... Use '--help' for help.
============================[ Problem Statistics ]=============================
|                                                                             |
|  Number of variables:         69608                                         |
|  Number of clauses:          118081                                         |
|  Parse time:                   0.02 s                                       |
|                                                                             |
============================[ Search Statistics ]==============================
| Conflicts |          ORIGINAL         |          LEARNT          | Progress |
|           |    Vars  Clauses Literals |    Limit  Clauses Lit/Cl |          |
===============================================================================
===============================================================================
restarts              : 1
conflicts             : 25             (700 /sec)
decisions             : 39503          (0.00 % random) (1105659 /sec)
propagations          : 86776          (2428795 /sec)
conflict literals     : 178            (21.24 % deleted)
Memory used           : 15.65 MB
CPU time              : 0.035728 s

SATISFIABLE
