Reading from standard input... Use '--help' for help.
============================[ Problem Statistics ]=============================
|                                                                             |
|  Number of variables:         69608                                         |
|  Number of clauses:          118081                                         |
|  Parse time:                   0.02 s                                       |
|                                                                             |
============================[ Search Statistics ]==============================
| Conflicts |          ORIGINAL         |          LEARNT          | Progress |
|           |    Vars  Clauses Literals |    Limit  Clauses Lit/Cl |          |
===============================================================================
===============================================================================
restarts              : 1
conflicts             : 96             (2608 /sec)
decisions             : 3366           (0.00 % random) (91448 /sec)
propagations          : 138347         (3758612 /sec)
conflict literals     : 617            (19.66 % deleted)
Memory used           : 15.79 MB
CPU time              : 0.036808 s

UNSATISFIABLE
