Reading from standard input... Use '--help' for help.
============================[ Problem Statistics ]=============================
|                                                                             |
|  Number of variables:         69608                                         |
|  Number of clauses:          118081                                         |
|  Parse time:                   0.02 s                                       |
|                                                                             |
============================[ Search Statistics ]==============================
| Conflicts |          ORIGINAL         |          LEARNT          | Progress |
|           |    Vars  Clauses Literals |    Limit  Clauses Lit/Cl |          |
===============================================================================
===============================================================================
restarts              : 1
conflicts             : 3              (87 /sec)
decisions             : 34481          (0.00 % random) (1002675 /sec)
propagations          : 70412          (2047515 /sec)
conflict literals     : 6              (0.00 % deleted)
Memory used           : 15.65 MB
CPU time              : 0.034389 s

SATISFIABLE
