Reading from standard input... Use '--help' for help.
============================[ Problem Statistics ]=============================
|                                                                             |
|  Number of variables:         87638                                         |
|  Number of clauses:          161767                                         |
|  Parse time:                   0.04 s                                       |
|                                                                             |
============================[ Search Statistics ]==============================
| Conflicts |          ORIGINAL         |          LEARNT          | Progress |
|           |    Vars  Clauses Literals |    Limit  Clauses Lit/Cl |          |
===============================================================================
|       100 |   63255   108287   270643 |    39705      100     44 | 27.822 % |
|       250 |   63255   108287   270643 |    43675      250     78 | 27.822 % |
|       475 |   63255   108287   270643 |    48043      475     69 | 27.822 % |
|       812 |   63237   108254   270559 |    52847      810     80 | 27.843 % |
|      1318 |   63237   108221   270471 |    58132     1313     88 | 27.843 % |
|      2077 |   63237   108221   270471 |    63945     2072     83 | 27.843 % |
|      3216 |   63237   108221   270471 |    70340     3211     87 | 27.843 % |
|      4924 |   63219   108147   270300 |    77374     4918     80 | 27.863 % |
|      7486 |   63194   108022   270023 |    85111     7474     82 | 27.892 % |
===============================================================================
restarts              : 45
conflicts             : 10127          (6641 /sec)
decisions             : 46292          (0.00 % random) (30358 /sec)
propagations          : 15704379       (10298723 /sec)
conflict literals     : 762593         (39.79 % deleted)
Memory used           : 30.89 MB
CPU time              : 1.52489 s

INDETERMINATE
