Reading from standard input... Use '--help' for help.
============================[ Problem Statistics ]=============================
|                                                                             |
|  Number of variables:         87638                                         |
|  Number of clauses:          161767                                         |
|  Parse time:                   0.03 s                                       |
|                                                                             |
============================[ Search Statistics ]==============================
| Conflicts |          ORIGINAL         |          LEARNT          | Progress |
|           |    Vars  Clauses Literals |    Limit  Clauses Lit/Cl |          |
===============================================================================
|       100 |   63229   108253   270372 |    39692      100      7 | 27.852 % |
|       250 |   63229   108253   270372 |    43662      250     51 | 27.852 % |
|       475 |   63229   108253   270372 |    48028      475     53 | 27.852 % |
|       812 |   63229   108253   270372 |    52831      812     61 | 27.852 % |
|      1318 |   63229   108253   270372 |    58114     1318     69 | 27.852 % |
|      2077 |   63229   108253   270372 |    63925     2077     57 | 27.852 % |
|      3216 |   63229   108253   270372 |    70318     3216     60 | 27.852 % |
|      4924 |   63228   108209   270282 |    77349     4920     70 | 27.853 % |
|      7486 |   63228   108209   270282 |    85084     7482     77 | 27.853 % |
|     11330 |   55298    83354   209444 |    93593    10255     83 | 36.902 % |
|     17096 |   54880    81944   206213 |   102952    15078     75 | 37.379 % |
===============================================================================
restarts              : 77
conflicts             : 21579          (8896 /sec)
decisions             : 71698          (0.00 % random) (29556 /sec)
propagations          : 31115237       (12826815 /sec)
conflict literals     : 1591439        (48.16 % deleted)
Memory used           : 42.72 MB
CPU time              : 2.4258 s

UNSATISFIABLE
