Reading from standard input... Use '--help' for help.
============================[ Problem Statistics ]=============================
|                                                                             |
|  Number of variables:         69608                                         |
|  Number of clauses:          118081                                         |
|  Parse time:                   0.02 s                                       |
|                                                                             |
============================[ Search Statistics ]==============================
| Conflicts |          ORIGINAL         |          LEARNT          | Progress |
|           |    Vars  Clauses Literals |    Limit  Clauses Lit/Cl |          |
===============================================================================
===============================================================================
restarts              : 1
conflicts             : 37             (1219 /sec)
decisions             : 5764           (0.00 % random) (189936 /sec)
propagations          : 28046          (924177 /sec)
conflict literals     : 95             (0.00 % deleted)
Memory used           : 15.60 MB
CPU time              : 0.030347 s

UNSATISFIABLE
