Reading from standard input... Use '--help' for help.
============================[ Problem Statistics ]=============================
|                                                                             |
|  Number of variables:         87638                                         |
|  Number of clauses:          161767                                         |
|  Parse time:                   0.04 s                                       |
|                                                                             |
============================[ Search Statistics ]==============================
| Conflicts |          ORIGINAL         |          LEARNT          | Progress |
|           |    Vars  Clauses Literals |    Limit  Clauses Lit/Cl |          |
===============================================================================
|       100 |   63099   107772   269441 |    39516      100      9 | 28.000 % |
|       250 |   63091   107740   269353 |    43468      223     47 | 28.010 % |
|       475 |   63091   107740   269353 |    47814      448     57 | 28.010 % |
|       812 |   63091   107740   269353 |    52596      785     71 | 28.010 % |
|      1318 |   63053   107546   268916 |    57855     1287     75 | 28.053 % |
|      2077 |   63047   107530   268872 |    63641     2032     85 | 28.060 % |
|      3216 |   62938   107242   268201 |    70005     3165     92 | 28.184 % |
|      4924 |   62845   106702   266927 |    77006     4715    118 | 28.290 % |
|      7486 |   62845   106702   266927 |    84706     7277    128 | 28.290 % |
===============================================================================
restarts              : 31
conflicts             : 7892           (5223 /sec)
decisions             : 36948          (0.00 % random) (24455 /sec)
propagations          : 13653965       (9037076 /sec)
conflict literals     : 981997         (43.84 % deleted)
Memory used           : 28.80 MB
CPU time              : 1.51088 s

INDETERMINATE
