Reading from standard input... Use '--help' for help.
============================[ Problem Statistics ]=============================
|                                                                             |
|  Number of variables:         87638                                         |
|  Number of clauses:          161767                                         |
|  Parse time:                   0.04 s                                       |
|                                                                             |
============================[ Search Statistics ]==============================
| Conflicts |          ORIGINAL         |          LEARNT          | Progress |
|           |    Vars  Clauses Literals |    Limit  Clauses Lit/Cl |          |
===============================================================================
|       100 |   61948   103608   258818 |    37989      100     71 | 29.314 % |
|       250 |   61948   103608   258818 |    41788      250     71 | 29.314 % |
|       475 |   61948   103608   258818 |    45967      475     83 | 29.314 % |
|       812 |   61948   103608   258818 |    50564      812     91 | 29.314 % |
|      1318 |   61948   103608   258818 |    55620     1318     77 | 29.314 % |
|      2077 |   61948   103608   258818 |    61182     2077     70 | 29.314 % |
|      3216 |   61948   103608   258818 |    67300     3216     64 | 29.314 % |
===============================================================================
restarts              : 25
conflicts             : 4639           (5877 /sec)
decisions             : 11759          (0.00 % random) (14897 /sec)
propagations          : 9139720        (11578353 /sec)
conflict literals     : 283500         (59.54 % deleted)
Memory used           : 21.49 MB
CPU time              : 0.78938 s

UNSATISFIABLE
