Reading from standard input... Use '--help' for help.
============================[ Problem Statistics ]=============================
|                                                                             |
|  Number of variables:         69608                                         |
|  Number of clauses:          118081                                         |
|  Parse time:                   0.03 s                                       |
|                                                                             |
============================[ Search Statistics ]==============================
| Conflicts |          ORIGINAL         |          LEARNT          | Progress |
|           |    Vars  Clauses Literals |    Limit  Clauses Lit/Cl |          |
===============================================================================
===============================================================================
restarts              : 1
conflicts             : 6              (161 /sec)
decisions             : 37306          (0.00 % random) (1000429 /sec)
propagations          : 75099          (2013918 /sec)
conflict literals     : 13             (0.00 % deleted)
Memory used           : 15.02 MB
CPU time              : 0.03729 s

SATISFIABLE
