Reading from standard input... Use '--help' for help.
============================[ Problem Statistics ]=============================
|                                                                             |
|  Number of variables:         69608                                         |
|  Number of clauses:          118081                                         |
|  Parse time:                   0.02 s                                       |
|                                                                             |
============================[ Search Statistics ]==============================
| Conflicts |          ORIGINAL         |          LEARNT          | Progress |
|           |    Vars  Clauses Literals |    Limit  Clauses Lit/Cl |          |
===============================================================================
===============================================================================
restarts              : 1
conflicts             : 25             (850 /sec)
decisions             : 10383          (0.00 % random) (353139 /sec)
propagations          : 39489          (1343072 /sec)
conflict literals     : 58             (0.00 % deleted)
Memory used           : 14.87 MB
CPU time              : 0.029402 s

UNSATISFIABLE
