Reading from standard input... Use '--help' for help.
============================[ Problem Statistics ]=============================
|                                                                             |
|  Number of variables:         87638                                         |
|  Number of clauses:          161767                                         |
|  Parse time:                   0.04 s                                       |
|                                                                             |
============================[ Search Statistics ]==============================
| Conflicts |          ORIGINAL         |          LEARNT          | Progress |
|           |    Vars  Clauses Literals |    Limit  Clauses Lit/Cl |          |
===============================================================================
|       100 |   63264   108305   270749 |    39711      100     19 | 27.812 % |
|       250 |   63264   108305   270749 |    43683      250     25 | 27.812 % |
|       475 |   63259   108291   270714 |    48051      440     33 | 27.818 % |
|       812 |   63259   108291   270714 |    52856      777     46 | 27.818 % |
|      1318 |   63259   108291   270714 |    58142     1283     54 | 27.818 % |
|      2077 |   63235   108155   270400 |    63956     1920     53 | 27.845 % |
|      3216 |   63235   108155   270400 |    70351     3059     51 | 27.845 % |
|      4924 |   50445    70412   177412 |    77387     3948     49 | 42.439 % |
|      7486 |   50285    70081   176610 |    85125     6435     56 | 42.622 % |
|     11330 |   50113    69119   174270 |    93638    10190     55 | 42.818 % |
===============================================================================
restarts              : 50
conflicts             : 11742          (7646 /sec)
decisions             : 38640          (0.00 % random) (25162 /sec)
propagations          : 17089254       (11128243 /sec)
conflict literals     : 628459         (46.61 % deleted)
Memory used           : 30.27 MB
CPU time              : 1.53566 s

INDETERMINATE
