Reading from standard input... Use '--help' for help.
============================[ Problem Statistics ]=============================
|                                                                             |
|  Number of variables:         69608                                         |
|  Number of clauses:          118081                                         |
|  Parse time:                   0.01 s                                       |
|                                                                             |
============================[ Search Statistics ]==============================
| Conflicts |          ORIGINAL         |          LEARNT          | Progress |
|           |    Vars  Clauses Literals |    Limit  Clauses Lit/Cl |          |
===============================================================================
|       100 |   62517    96505   238197 |    35385       95      7 | 10.187 % |
===============================================================================
restarts              : 3
conflicts             : 215            (5765 /sec)
decisions             : 49784          (0.00 % random) (1334871 /sec)
propagations          : 309037         (8286285 /sec)
conflict literals     : 2802           (12.27 % deleted)
Memory used           : 13.05 MB
CPU time              : 0.037295 s

SATISFIABLE
