Reading from standard input... Use '--help' for help.
============================[ Problem Statistics ]=============================
|                                                                             |
|  Number of variables:         69608                                         |
|  Number of clauses:          118081                                         |
|  Parse time:                   0.02 s                                       |
|                                                                             |
============================[ Search Statistics ]==============================
| Conflicts |          ORIGINAL         |          LEARNT          | Progress |
|           |    Vars  Clauses Literals |    Limit  Clauses Lit/Cl |          |
===============================================================================
===============================================================================
restarts              : 1
conflicts             : 69             (1991 /sec)
decisions             : 41710          (0.00 % random) (1203335 /sec)
propagations          : 103457         (2984738 /sec)
conflict literals     : 432            (3.36 % deleted)
Memory used           : 17.91 MB
CPU time              : 0.034662 s

SATISFIABLE
