Reading from standard input... Use '--help' for help.
============================[ Problem Statistics ]=============================
|                                                                             |
|  Number of variables:         87638                                         |
|  Number of clauses:          161767                                         |
|  Parse time:                   0.03 s                                       |
|                                                                             |
============================[ Search Statistics ]==============================
| Conflicts |          ORIGINAL         |          LEARNT          | Progress |
|           |    Vars  Clauses Literals |    Limit  Clauses Lit/Cl |          |
===============================================================================
|       100 |   64267   112075   279543 |    41094      100      7 | 26.668 % |
|       250 |   64267   112075   279543 |    45203      250     23 | 26.668 % |
|       475 |   64267   112075   279543 |    49723      475     42 | 26.668 % |
|       812 |   64267   112075   279543 |    54696      812     48 | 26.668 % |
|      1318 |   58214    93327   233496 |    60165     1308     65 | 33.574 % |
|      2077 |   58214    93327   233496 |    66182     2067     62 | 33.574 % |
|      3216 |   58214    93327   233496 |    72800     3206     65 | 33.574 % |
|      4924 |   58213    93322   233484 |    80080     4913     68 | 33.576 % |
|      7486 |   58179    93182   233149 |    88088     7440     77 | 33.614 % |
|     11330 |   58034    92560   231690 |    96897    11268     72 | 33.780 % |
|     17096 |   58024    92518   231592 |   106587    16491     73 | 33.791 % |
===============================================================================
restarts              : 63
conflicts             : 17710          (7665 /sec)
decisions             : 75320          (0.00 % random) (32598 /sec)
propagations          : 28280861       (12239798 /sec)
conflict literals     : 1268931        (38.39 % deleted)
Memory used           : 28.46 MB
CPU time              : 2.31057 s

INDETERMINATE
