Reading from standard input... Use '--help' for help.
============================[ Problem Statistics ]=============================
|                                                                             |
|  Number of variables:         87638                                         |
|  Number of clauses:          161767                                         |
|  Parse time:                   0.03 s                                       |
|                                                                             |
============================[ Search Statistics ]==============================
| Conflicts |          ORIGINAL         |          LEARNT          | Progress |
|           |    Vars  Clauses Literals |    Limit  Clauses Lit/Cl |          |
===============================================================================
|       100 |   63712   110001   274928 |    40333      100     15 | 27.301 % |
|       250 |   63666   109909   274717 |    44367      248     23 | 27.353 % |
|       475 |   63666   109809   274488 |    48803      473     36 | 27.353 % |
|       812 |   63611   109541   273886 |    53684      805     58 | 27.416 % |
|      1318 |   63611   109541   273886 |    59052     1311     68 | 27.416 % |
|      2077 |   63611   109541   273886 |    64957     2070     71 | 27.416 % |
|      3216 |   63593   109467   273715 |    71453     3206     90 | 27.437 % |
|      4924 |   63593   109467   273715 |    78598     4914     82 | 27.437 % |
|      7486 |   63593   109467   273715 |    86458     7476     82 | 27.437 % |
|     11330 |   63593   109467   273715 |    95104    11320     86 | 27.437 % |
|     17096 |   63593   109467   273715 |   104615    17086     86 | 27.437 % |
===============================================================================
restarts              : 63
conflicts             : 18750          (5475 /sec)
decisions             : 54392          (0.00 % random) (15881 /sec)
propagations          : 30326073       (8854418 /sec)
conflict literals     : 1585406        (61.57 % deleted)
Memory used           : 38.50 MB
CPU time              : 3.42496 s

INDETERMINATE
