Reading from standard input... Use '--help' for help.
============================[ Problem Statistics ]=============================
|                                                                             |
|  Number of variables:         69608                                         |
|  Number of clauses:          118081                                         |
|  Parse time:                   0.02 s                                       |
|                                                                             |
============================[ Search Statistics ]==============================
| Conflicts |          ORIGINAL         |          LEARNT          | Progress |
|           |    Vars  Clauses Literals |    Limit  Clauses Lit/Cl |          |
===============================================================================
===============================================================================
restarts              : 1
conflicts             : 20             (823 /sec)
decisions             : 7349           (0.00 % random) (302403 /sec)
propagations          : 33045          (1359765 /sec)
conflict literals     : 47             (0.00 % deleted)
Memory used           : 15.42 MB
CPU time              : 0.024302 s

UNSATISFIABLE
