Reading from standard input... Use '--help' for help.
============================[ Problem Statistics ]=============================
|                                                                             |
|  Number of variables:         69608                                         |
|  Number of clauses:          118081                                         |
|  Parse time:                   0.02 s                                       |
|                                                                             |
============================[ Search Statistics ]==============================
| Conflicts |          ORIGINAL         |          LEARNT          | Progress |
|           |    Vars  Clauses Literals |    Limit  Clauses Lit/Cl |          |
===============================================================================
===============================================================================
restarts              : 1
conflicts             : 56             (2216 /sec)
decisions             : 36746          (0.00 % random) (1453848 /sec)
propagations          : 74458          (2945915 /sec)
conflict literals     : 195            (0.00 % deleted)
Memory used           : 14.01 MB
CPU time              : 0.025275 s

SATISFIABLE
