Reading from standard input... Use '--help' for help.
============================[ Problem Statistics ]=============================
|                                                                             |
|  Number of variables:         87638                                         |
|  Number of clauses:          161767                                         |
|  Parse time:                   0.03 s                                       |
|                                                                             |
============================[ Search Statistics ]==============================
| Conflicts |          ORIGINAL         |          LEARNT          | Progress |
|           |    Vars  Clauses Literals |    Limit  Clauses Lit/Cl |          |
===============================================================================
|       100 |   65870   117876   293679 |    43221      100     18 | 24.839 % |
|       250 |   65870   117876   293679 |    47543      250     34 | 24.839 % |
|       475 |   65870   117876   293679 |    52297      475     43 | 24.839 % |
|       812 |   60814   101604   253553 |    57527      799     57 | 30.608 % |
|      1318 |   60732   101262   252744 |    63280     1301     73 | 30.701 % |
|      2077 |   60732   101262   252744 |    69608     2060     72 | 30.701 % |
|      3216 |   60690   101105   252385 |    76568     3198     66 | 30.749 % |
|      4924 |   60661   100990   252104 |    84225     4899     70 | 30.782 % |
|      7486 |   60557   100600   251109 |    92648     7386     93 | 30.901 % |
|     11330 |   60281    99995   249673 |   101913    11208    105 | 31.216 % |
|     17096 |   59618    97198   242949 |   112104    16159    107 | 31.972 % |
|     25745 |   59404    96347   240963 |   123315    24753    103 | 32.217 % |
|     38719 |   58964    94904   237452 |   135646    35988    101 | 32.719 % |
===============================================================================
restarts              : 135
conflicts             : 46156          (9459 /sec)
decisions             : 144874         (0.00 % random) (29689 /sec)
propagations          : 66621259       (13652812 /sec)
conflict literals     : 4539174        (45.27 % deleted)
Memory used           : 57.64 MB
CPU time              : 4.87967 s

INDETERMINATE
