Reading from standard input... Use '--help' for help.
============================[ Problem Statistics ]=============================
|                                                                             |
|  Number of variables:         69608                                         |
|  Number of clauses:          118081                                         |
|  Parse time:                   0.02 s                                       |
|                                                                             |
============================[ Search Statistics ]==============================
| Conflicts |          ORIGINAL         |          LEARNT          | Progress |
|           |    Vars  Clauses Literals |    Limit  Clauses Lit/Cl |          |
===============================================================================
===============================================================================
restarts              : 1
conflicts             : 35             (1124 /sec)
decisions             : 36011          (0.00 % random) (1156831 /sec)
propagations          : 87808          (2820778 /sec)
conflict literals     : 364            (5.70 % deleted)
Memory used           : 15.99 MB
CPU time              : 0.031129 s

SATISFIABLE
