Reading from standard input... Use '--help' for help.
============================[ Problem Statistics ]=============================
|                                                                             |
|  Number of variables:         69608                                         |
|  Number of clauses:          118081                                         |
|  Parse time:                   0.03 s                                       |
|                                                                             |
============================[ Search Statistics ]==============================
| Conflicts |          ORIGINAL         |          LEARNT          | Progress |
|           |    Vars  Clauses Literals |    Limit  Clauses Lit/Cl |          |
===============================================================================
===============================================================================
restarts              : 1
conflicts             : 12             (346 /sec)
decisions             : 1477           (0.00 % random) (42589 /sec)
propagations          : 35528          (1024452 /sec)
conflict literals     : 17             (10.53 % deleted)
Memory used           : 14.78 MB
CPU time              : 0.03468 s

UNSATISFIABLE
