Reading from standard input... Use '--help' for help.
============================[ Problem Statistics ]=============================
|                                                                             |
|  Number of variables:         87638                                         |
|  Number of clauses:          161767                                         |
|  Parse time:                   0.03 s                                       |
|                                                                             |
============================[ Search Statistics ]==============================
| Conflicts |          ORIGINAL         |          LEARNT          | Progress |
|           |    Vars  Clauses Literals |    Limit  Clauses Lit/Cl |          |
===============================================================================
|       100 |   65202   115379   287585 |    42305      100     42 | 25.601 % |
|       250 |   65202   115379   287585 |    46536      250     40 | 25.601 % |
|       475 |   65202   115379   287585 |    51189      475     49 | 25.601 % |
|       812 |   60155    99204   247708 |    56308      804     45 | 31.360 % |
|      1318 |   60122    99113   247461 |    61939     1309     43 | 31.397 % |
|      2077 |   60032    98784   246682 |    68133     2065     44 | 31.500 % |
|      3216 |   60016    98680   246449 |    74947     3200     55 | 31.518 % |
|      4924 |   59336    96243   240541 |    82441     4530     55 | 32.294 % |
|      7486 |   59071    95295   238307 |    90685     7075     64 | 32.597 % |
|     11330 |   58783    94107   235510 |    99754    10864     82 | 32.925 % |
|     17096 |   58694    93751   234678 |   109729    16624     82 | 33.027 % |
|     25745 |   58647    93560   234229 |   120702    25270     86 | 33.080 % |
|     38719 |   58579    93285   233549 |   132773    38234     89 | 33.158 % |
===============================================================================
restarts              : 127
conflicts             : 44669          (9088 /sec)
decisions             : 143675         (0.00 % random) (29230 /sec)
propagations          : 67028528       (13636556 /sec)
conflict literals     : 4013681        (49.31 % deleted)
Memory used           : 47.97 MB
CPU time              : 4.91536 s

INDETERMINATE
