Reading from standard input... Use '--help' for help.
============================[ Problem Statistics ]=============================
|                                                                             |
|  Number of variables:         69608                                         |
|  Number of clauses:          118081                                         |
|  Parse time:                   0.02 s                                       |
|                                                                             |
============================[ Search Statistics ]==============================
| Conflicts |          ORIGINAL         |          LEARNT          | Progress |
|           |    Vars  Clauses Literals |    Limit  Clauses Lit/Cl |          |
===============================================================================
===============================================================================
restarts              : 1
conflicts             : 36             (1083 /sec)
decisions             : 2542           (0.00 % random) (76481 /sec)
propagations          : 71700          (2157234 /sec)
conflict literals     : 175            (18.60 % deleted)
Memory used           : 16.02 MB
CPU time              : 0.033237 s

UNSATISFIABLE
