Reading from standard input... Use '--help' for help.
============================[ Problem Statistics ]=============================
|                                                                             |
|  Number of variables:         69608                                         |
|  Number of clauses:          118081                                         |
|  Parse time:                   0.02 s                                       |
|                                                                             |
============================[ Search Statistics ]==============================
| Conflicts |          ORIGINAL         |          LEARNT          | Progress |
|           |    Vars  Clauses Literals |    Limit  Clauses Lit/Cl |          |
===============================================================================
===============================================================================
restarts              : 1
conflicts             : 50             (1576 /sec)
decisions             : 35506          (0.00 % random) (1119251 /sec)
propagations          : 88190          (2780002 /sec)
conflict literals     : 337            (3.71 % deleted)
Memory used           : 17.10 MB
CPU time              : 0.031723 s

SATISFIABLE
