Reading from standard input... Use '--help' for help.
============================[ Problem Statistics ]=============================
|                                                                             |
|  Number of variables:         69608                                         |
|  Number of clauses:          118081                                         |
|  Parse time:                   0.03 s                                       |
|                                                                             |
============================[ Search Statistics ]==============================
| Conflicts |          ORIGINAL         |          LEARNT          | Progress |
|           |    Vars  Clauses Literals |    Limit  Clauses Lit/Cl |          |
===============================================================================
===============================================================================
restarts              : 1
conflicts             : 20             (519 /sec)
decisions             : 6267           (0.00 % random) (162543 /sec)
propagations          : 32050          (831258 /sec)
conflict literals     : 50             (0.00 % deleted)
Memory used           : 15.49 MB
CPU time              : 0.038556 s

UNSATISFIABLE
