Reading from standard input... Use '--help' for help.
============================[ Problem Statistics ]=============================
|                                                                             |
|  Number of variables:         87638                                         |
|  Number of clauses:          161767                                         |
|  Parse time:                   0.02 s                                       |
|                                                                             |
============================[ Search Statistics ]==============================
| Conflicts |          ORIGINAL         |          LEARNT          | Progress |
|           |    Vars  Clauses Literals |    Limit  Clauses Lit/Cl |          |
===============================================================================
|       100 |   65851   117901   294056 |    43230      100     29 | 24.860 % |
|       250 |   58511    95522   238986 |    47553      239     40 | 33.236 % |
|       475 |   58511    94923   237596 |    52308      457    111 | 33.236 % |
|       812 |   58511    94923   237596 |    57539      794    100 | 33.236 % |
|      1318 |   58509    94917   237584 |    63293     1298     71 | 33.238 % |
|      2077 |   58508    94914   237578 |    69622     2055     68 | 33.239 % |
|      3216 |   58413    94531   236674 |    76585     3188     68 | 33.347 % |
|      4924 |   58227    93884   235134 |    84243     4857     69 | 33.560 % |
|      7486 |   58156    93820   234984 |    92668     7413     95 | 33.641 % |
|     11330 |   57962    93338   233855 |   101934    11237    102 | 33.862 % |
|     17096 |   57542    91149   228707 |   112128    16938    101 | 34.341 % |
|     25745 |   57397    90574   227350 |   123341    25471    102 | 34.507 % |
===============================================================================
restarts              : 126
conflicts             : 38419          (7962 /sec)
decisions             : 141970         (0.00 % random) (29421 /sec)
propagations          : 64750485       (13418608 /sec)
conflict literals     : 3618586        (43.18 % deleted)
Memory used           : 44.92 MB
CPU time              : 4.82543 s

INDETERMINATE
