Reading from standard input... Use '--help' for help.
============================[ Problem Statistics ]=============================
|                                                                             |
|  Number of variables:         69608                                         |
|  Number of clauses:          118081                                         |
|  Parse time:                   0.03 s                                       |
|                                                                             |
============================[ Search Statistics ]==============================
| Conflicts |          ORIGINAL         |          LEARNT          | Progress |
|           |    Vars  Clauses Literals |    Limit  Clauses Lit/Cl |          |
===============================================================================
===============================================================================
restarts              : 1
conflicts             : 19             (500 /sec)
decisions             : 8225           (0.00 % random) (216544 /sec)
propagations          : 33963          (894163 /sec)
conflict literals     : 60             (0.00 % deleted)
Memory used           : 14.86 MB
CPU time              : 0.037983 s

UNSATISFIABLE
