Reading from standard input... Use '--help' for help.
============================[ Problem Statistics ]=============================
|                                                                             |
|  Number of variables:         87638                                         |
|  Number of clauses:          161767                                         |
|  Parse time:                   0.02 s                                       |
|                                                                             |
============================[ Search Statistics ]==============================
| Conflicts |          ORIGINAL         |          LEARNT          | Progress |
|           |    Vars  Clauses Literals |    Limit  Clauses Lit/Cl |          |
===============================================================================
|       100 |   63198   108176   270289 |    39664      100     21 | 27.887 % |
|       250 |   53099   108176   270289 |    43630      249     32 | 39.411 % |
|       475 |   53099    78765   197838 |    47994      473     38 | 39.411 % |
|       812 |   53080    78645   197573 |    52793      806     34 | 39.433 % |
|      1318 |   53080    78645   197573 |    58072     1312     55 | 39.433 % |
|      2077 |   53016    78346   196925 |    63880     2060     56 | 39.506 % |
|      3216 |   52976    78189   196565 |    70268     3193     65 | 39.551 % |
|      4924 |   52880    77789   195589 |    77294     4801     64 | 39.661 % |
|      7486 |   52276    75738   190464 |    85024     7229     65 | 40.350 % |
|     11330 |   52108    74908   188490 |    93526    10974     68 | 40.542 % |
|     17096 |   51565    72932   183779 |   102879    16097     67 | 41.161 % |
===============================================================================
restarts              : 92
conflicts             : 24560          (8407 /sec)
decisions             : 81327          (0.00 % random) (27840 /sec)
propagations          : 35576224       (12178604 /sec)
conflict literals     : 1504771        (47.82 % deleted)
Memory used           : 34.58 MB
CPU time              : 2.92121 s

UNSATISFIABLE
