Reading from standard input... Use '--help' for help.
============================[ Problem Statistics ]=============================
|                                                                             |
|  Number of variables:         69608                                         |
|  Number of clauses:          118081                                         |
|  Parse time:                   0.03 s                                       |
|                                                                             |
============================[ Search Statistics ]==============================
| Conflicts |          ORIGINAL         |          LEARNT          | Progress |
|           |    Vars  Clauses Literals |    Limit  Clauses Lit/Cl |          |
===============================================================================
===============================================================================
restarts              : 1
conflicts             : 18             (485 /sec)
decisions             : 36088          (0.00 % random) (972722 /sec)
propagations          : 84069          (2266011 /sec)
conflict literals     : 40             (9.09 % deleted)
Memory used           : 16.96 MB
CPU time              : 0.0371 s

SATISFIABLE
