Reading from standard input... Use '--help' for help.
============================[ Problem Statistics ]=============================
|                                                                             |
|  Number of variables:         69608                                         |
|  Number of clauses:          118081                                         |
|  Parse time:                   0.02 s                                       |
|                                                                             |
============================[ Search Statistics ]==============================
| Conflicts |          ORIGINAL         |          LEARNT          | Progress |
|           |    Vars  Clauses Literals |    Limit  Clauses Lit/Cl |          |
===============================================================================
===============================================================================
restarts              : 1
conflicts             : 48             (1255 /sec)
decisions             : 41773          (0.00 % random) (1092476 /sec)
propagations          : 99967          (2614405 /sec)
conflict literals     : 623            (3.26 % deleted)
Memory used           : 16.33 MB
CPU time              : 0.038237 s

SATISFIABLE
