Reading from standard input... Use '--help' for help.
============================[ Problem Statistics ]=============================
|                                                                             |
|  Number of variables:         69608                                         |
|  Number of clauses:          118081                                         |
|  Parse time:                   0.03 s                                       |
|                                                                             |
============================[ Search Statistics ]==============================
| Conflicts |          ORIGINAL         |          LEARNT          | Progress |
|           |    Vars  Clauses Literals |    Limit  Clauses Lit/Cl |          |
===============================================================================
===============================================================================
restarts              : 1
conflicts             : 11             (279 /sec)
decisions             : 2020           (0.00 % random) (51207 /sec)
propagations          : 36106          (915281 /sec)
conflict literals     : 16             (0.00 % deleted)
Memory used           : 15.41 MB
CPU time              : 0.039448 s

UNSATISFIABLE
