Reading from standard input... Use '--help' for help.
============================[ Problem Statistics ]=============================
|                                                                             |
|  Number of variables:         69608                                         |
|  Number of clauses:          118081                                         |
|  Parse time:                   0.02 s                                       |
|                                                                             |
============================[ Search Statistics ]==============================
| Conflicts |          ORIGINAL         |          LEARNT          | Progress |
|           |    Vars  Clauses Literals |    Limit  Clauses Lit/Cl |          |
===============================================================================
===============================================================================
restarts              : 1
conflicts             : 33             (1051 /sec)
decisions             : 4274           (0.00 % random) (136119 /sec)
propagations          : 71734          (2284595 /sec)
conflict literals     : 161            (18.27 % deleted)
Memory used           : 14.82 MB
CPU time              : 0.031399 s

UNSATISFIABLE
