Reading from standard input... Use '--help' for help.
============================[ Problem Statistics ]=============================
|                                                                             |
|  Number of variables:         69608                                         |
|  Number of clauses:          118081                                         |
|  Parse time:                   0.02 s                                       |
|                                                                             |
============================[ Search Statistics ]==============================
| Conflicts |          ORIGINAL         |          LEARNT          | Progress |
|           |    Vars  Clauses Literals |    Limit  Clauses Lit/Cl |          |
===============================================================================
===============================================================================
restarts              : 1
conflicts             : 29             (1043 /sec)
decisions             : 11967          (0.00 % random) (430561 /sec)
propagations          : 45017          (1619666 /sec)
conflict literals     : 93             (0.00 % deleted)
Memory used           : 14.88 MB
CPU time              : 0.027794 s

UNSATISFIABLE
