Reading from standard input... Use '--help' for help.
============================[ Problem Statistics ]=============================
|                                                                             |
|  Number of variables:         69608                                         |
|  Number of clauses:          118081                                         |
|  Parse time:                   0.02 s                                       |
|                                                                             |
============================[ Search Statistics ]==============================
| Conflicts |          ORIGINAL         |          LEARNT          | Progress |
|           |    Vars  Clauses Literals |    Limit  Clauses Lit/Cl |          |
===============================================================================
===============================================================================
restarts              : 1
conflicts             : 16             (545 /sec)
decisions             : 41620          (0.00 % random) (1418928 /sec)
propagations          : 84314          (2874472 /sec)
conflict literals     : 37             (0.00 % deleted)
Memory used           : 19.65 MB
CPU time              : 0.029332 s

SATISFIABLE
