Reading from standard input... Use '--help' for help.
============================[ Problem Statistics ]=============================
|                                                                             |
|  Number of variables:         69608                                         |
|  Number of clauses:          118081                                         |
|  Parse time:                   0.03 s                                       |
|                                                                             |
============================[ Search Statistics ]==============================
| Conflicts |          ORIGINAL         |          LEARNT          | Progress |
|           |    Vars  Clauses Literals |    Limit  Clauses Lit/Cl |          |
===============================================================================
===============================================================================
restarts              : 1
conflicts             : 6              (166 /sec)
decisions             : 654            (0.00 % random) (18064 /sec)
propagations          : 21045          (581289 /sec)
conflict literals     : 7              (0.00 % deleted)
Memory used           : 16.71 MB
CPU time              : 0.036204 s

UNSATISFIABLE
