Reading from standard input... Use '--help' for help.
============================[ Problem Statistics ]=============================
|                                                                             |
|  Number of variables:         87638                                         |
|  Number of clauses:          161767                                         |
|  Parse time:                   0.04 s                                       |
|                                                                             |
============================[ Search Statistics ]==============================
| Conflicts |          ORIGINAL         |          LEARNT          | Progress |
|           |    Vars  Clauses Literals |    Limit  Clauses Lit/Cl |          |
===============================================================================
|       100 |   63239   108222   270547 |    39681      100      9 | 27.841 % |
|       250 |   63239   108222   270547 |    43649      250     22 | 27.841 % |
|       475 |   63239   108222   270547 |    48014      475     33 | 27.841 % |
|       812 |   63239   108222   270547 |    52815      812     49 | 27.841 % |
|      1318 |   63239   108222   270547 |    58097     1318     68 | 27.841 % |
|      2077 |   63239   108222   270547 |    63907     2077     62 | 27.841 % |
|      3216 |   63238   108219   270541 |    70298     3215     57 | 27.842 % |
|      4924 |   63237   108175   270451 |    77327     4920     64 | 27.843 % |
|      7486 |   63237   108175   270451 |    85060     7482     78 | 27.843 % |
===============================================================================
restarts              : 38
conflicts             : 8910           (6539 /sec)
decisions             : 36786          (0.00 % random) (26998 /sec)
propagations          : 13646925       (10015930 /sec)
conflict literals     : 705761         (46.86 % deleted)
Memory used           : 23.14 MB
CPU time              : 1.36252 s

INDETERMINATE
