Reading from standard input... Use '--help' for help.
============================[ Problem Statistics ]=============================
|                                                                             |
|  Number of variables:         87638                                         |
|  Number of clauses:          161767                                         |
|  Parse time:                   0.03 s                                       |
|                                                                             |
============================[ Search Statistics ]==============================
| Conflicts |          ORIGINAL         |          LEARNT          | Progress |
|           |    Vars  Clauses Literals |    Limit  Clauses Lit/Cl |          |
===============================================================================
|       100 |   64480   112749   281687 |    41341      100      9 | 26.425 % |
|       250 |   64480   112749   281687 |    45475      250     33 | 26.425 % |
|       475 |   64480   112749   281687 |    50022      475     49 | 26.425 % |
|       812 |   64480   112749   281687 |    55025      812     48 | 26.425 % |
|      1318 |   64479   112705   281597 |    60527     1316     61 | 26.426 % |
|      2077 |   64479   112705   281597 |    66580     2075     63 | 26.426 % |
|      3216 |   64479   112705   281597 |    73238     3214     66 | 26.426 % |
|      4924 |   64457   112613   281386 |    80562     4921     78 | 26.451 % |
|      7486 |   64457   112613   281386 |    88618     7483     84 | 26.451 % |
|     11330 |   64439   112539   281215 |    97480    11326     89 | 26.472 % |
===============================================================================
restarts              : 63
conflicts             : 16711          (6020 /sec)
decisions             : 69761          (0.00 % random) (25130 /sec)
propagations          : 25222311       (9085801 /sec)
conflict literals     : 1380170        (51.43 % deleted)
Memory used           : 33.47 MB
CPU time              : 2.77601 s

INDETERMINATE
