Reading from standard input... Use '--help' for help.
============================[ Problem Statistics ]=============================
|                                                                             |
|  Number of variables:         69608                                         |
|  Number of clauses:          118081                                         |
|  Parse time:                   0.03 s                                       |
|                                                                             |
============================[ Search Statistics ]==============================
| Conflicts |          ORIGINAL         |          LEARNT          | Progress |
|           |    Vars  Clauses Literals |    Limit  Clauses Lit/Cl |          |
===============================================================================
===============================================================================
restarts              : 1
conflicts             : 16             (410 /sec)
decisions             : 34339          (0.00 % random) (879630 /sec)
propagations          : 69650          (1784159 /sec)
conflict literals     : 58             (0.00 % deleted)
Memory used           : 15.54 MB
CPU time              : 0.039038 s

SATISFIABLE
