Reading from standard input... Use '--help' for help.
============================[ Problem Statistics ]=============================
|                                                                             |
|  Number of variables:         87638                                         |
|  Number of clauses:          161767                                         |
|  Parse time:                   0.03 s                                       |
|                                                                             |
============================[ Search Statistics ]==============================
| Conflicts |          ORIGINAL         |          LEARNT          | Progress |
|           |    Vars  Clauses Literals |    Limit  Clauses Lit/Cl |          |
===============================================================================
|       100 |   63262   108305   270738 |    39711      100     14 | 27.814 % |
|       250 |   63262   108305   270738 |    43683      250     82 | 27.814 % |
|       475 |   63243   108229   270558 |    48051      474     65 | 27.836 % |
|       812 |   63243   108229   270558 |    52856      811     67 | 27.836 % |
|      1318 |   63213   108067   270193 |    58142     1314     74 | 27.870 % |
|      2077 |   63213   108067   270193 |    63956     2073     69 | 27.870 % |
|      3216 |   63145   107983   270000 |    70351     3209     70 | 27.948 % |
|      4924 |   63145   107789   269549 |    77387     4900     77 | 27.948 % |
|      7486 |   63105   107623   269167 |    85125     7063     90 | 27.994 % |
===============================================================================
restarts              : 37
conflicts             : 8816           (6111 /sec)
decisions             : 36940          (0.00 % random) (25606 /sec)
propagations          : 14427180       (10000561 /sec)
conflict literals     : 817644         (42.73 % deleted)
Memory used           : 28.47 MB
CPU time              : 1.44264 s

INDETERMINATE
