Reading from standard input... Use '--help' for help.
============================[ Problem Statistics ]=============================
|                                                                             |
|  Number of variables:         69608                                         |
|  Number of clauses:          118081                                         |
|  Parse time:                   0.02 s                                       |
|                                                                             |
============================[ Search Statistics ]==============================
| Conflicts |          ORIGINAL         |          LEARNT          | Progress |
|           |    Vars  Clauses Literals |    Limit  Clauses Lit/Cl |          |
===============================================================================
===============================================================================
restarts              : 1
conflicts             : 16             (491 /sec)
decisions             : 33958          (0.00 % random) (1042840 /sec)
propagations          : 69650          (2138931 /sec)
conflict literals     : 58             (0.00 % deleted)
Memory used           : 16.96 MB
CPU time              : 0.032563 s

SATISFIABLE
