Reading from standard input... Use '--help' for help.
============================[ Problem Statistics ]=============================
|                                                                             |
|  Number of variables:         87638                                         |
|  Number of clauses:          161767                                         |
|  Parse time:                   0.04 s                                       |
|                                                                             |
============================[ Search Statistics ]==============================
| Conflicts |          ORIGINAL         |          LEARNT          | Progress |
|           |    Vars  Clauses Literals |    Limit  Clauses Lit/Cl |          |
===============================================================================
|       100 |   62808   106624   266593 |    39095       99     20 | 28.332 % |
|       250 |   62774   106444   266181 |    43005      247     49 | 28.371 % |
|       475 |   62774   106444   266181 |    47305      472     97 | 28.371 % |
|       812 |   62758   106378   266028 |    52036      808     91 | 28.390 % |
|      1318 |   62758   106378   266028 |    57239     1314    106 | 28.390 % |
|      2077 |   62758   106378   266028 |    62963     2073    101 | 28.390 % |
|      3216 |   47015    60260   152301 |    69260     2233     80 | 46.353 % |
|      4924 |   46654    59070   148996 |    76186     3905     60 | 46.765 % |
|      7486 |   46470    58414   147491 |    83804     5912     49 | 46.975 % |
===============================================================================
restarts              : 35
conflicts             : 8520           (7961 /sec)
decisions             : 32889          (0.00 % random) (30732 /sec)
propagations          : 12208989       (11408223 /sec)
conflict literals     : 461591         (44.09 % deleted)
Memory used           : 28.06 MB
CPU time              : 1.07019 s

UNSATISFIABLE
