Reading from standard input... Use '--help' for help.
============================[ Problem Statistics ]=============================
|                                                                             |
|  Number of variables:         69608                                         |
|  Number of clauses:          118081                                         |
|  Parse time:                   0.03 s                                       |
|                                                                             |
============================[ Search Statistics ]==============================
| Conflicts |          ORIGINAL         |          LEARNT          | Progress |
|           |    Vars  Clauses Literals |    Limit  Clauses Lit/Cl |          |
===============================================================================
===============================================================================
restarts              : 1
conflicts             : 36             (1050 /sec)
decisions             : 2536           (0.00 % random) (73940 /sec)
propagations          : 70821          (2064873 /sec)
conflict literals     : 175            (18.60 % deleted)
Memory used           : 18.66 MB
CPU time              : 0.034298 s

UNSATISFIABLE
