Reading from standard input... Use '--help' for help.
============================[ Problem Statistics ]=============================
|                                                                             |
|  Number of variables:         69608                                         |
|  Number of clauses:          118081                                         |
|  Parse time:                   0.03 s                                       |
|                                                                             |
============================[ Search Statistics ]==============================
| Conflicts |          ORIGINAL         |          LEARNT          | Progress |
|           |    Vars  Clauses Literals |    Limit  Clauses Lit/Cl |          |
===============================================================================
===============================================================================
restarts              : 1
conflicts             : 11             (331 /sec)
decisions             : 2258           (0.00 % random) (67926 /sec)
propagations          : 23503          (707027 /sec)
conflict literals     : 23             (0.00 % deleted)
Memory used           : 14.65 MB
CPU time              : 0.033242 s

UNSATISFIABLE
