Reading from standard input... Use '--help' for help.
============================[ Problem Statistics ]=============================
|                                                                             |
|  Number of variables:         87638                                         |
|  Number of clauses:          161767                                         |
|  Parse time:                   0.03 s                                       |
|                                                                             |
============================[ Search Statistics ]==============================
| Conflicts |          ORIGINAL         |          LEARNT          | Progress |
|           |    Vars  Clauses Literals |    Limit  Clauses Lit/Cl |          |
===============================================================================
|       100 |   65254   115605   288290 |    42388      100     28 | 25.541 % |
|       250 |   65254   115605   288290 |    46627      250     23 | 25.541 % |
|       475 |   65254   115605   288290 |    51290      475     32 | 25.541 % |
|       812 |   65254   115605   288290 |    56419      812     38 | 25.541 % |
|      1318 |   59871    98520   246002 |    62061     1307     44 | 31.684 % |
|      2077 |   59870    98517   245996 |    68267     2065     42 | 31.685 % |
|      3216 |   59674    98194   245246 |    75093     3195     52 | 31.909 % |
|      4924 |   58007    92103   229912 |    82603     4336     55 | 33.811 % |
|      7486 |   57953    91859   229324 |    90863     6890     58 | 33.872 % |
|     11330 |   57953    91859   229324 |    99949    10734     59 | 33.872 % |
|     17096 |   57932    91772   229110 |   109944    16493     63 | 33.896 % |
===============================================================================
restarts              : 77
conflicts             : 21322          (12913 /sec)
decisions             : 78298          (0.00 % random) (47419 /sec)
propagations          : 27786434       (16828035 /sec)
conflict literals     : 1296837        (47.63 % deleted)
Memory used           : 28.31 MB
CPU time              : 1.6512 s

UNSATISFIABLE
