Reading from standard input... Use '--help' for help.
============================[ Problem Statistics ]=============================
|                                                                             |
|  Number of variables:         69608                                         |
|  Number of clauses:          118081                                         |
|  Parse time:                   0.02 s                                       |
|                                                                             |
============================[ Search Statistics ]==============================
| Conflicts |          ORIGINAL         |          LEARNT          | Progress |
|           |    Vars  Clauses Literals |    Limit  Clauses Lit/Cl |          |
===============================================================================
|       100 |   59698    91140   225295 |    33418       93     11 | 14.237 % |
|       250 |   59673    89735   222059 |    36759      205     14 | 14.273 % |
|       475 |   59661    89708   221999 |    40435      422     15 | 14.290 % |
===============================================================================
restarts              : 5
conflicts             : 509            (7717 /sec)
decisions             : 9606           (0.00 % random) (145643 /sec)
propagations          : 804941         (12204212 /sec)
conflict literals     : 7045           (31.30 % deleted)
Memory used           : 19.76 MB
CPU time              : 0.065956 s

UNSATISFIABLE
