Reading from standard input... Use '--help' for help.
============================[ Problem Statistics ]=============================
|                                                                             |
|  Number of variables:         87638                                         |
|  Number of clauses:          161767                                         |
|  Parse time:                   0.03 s                                       |
|                                                                             |
============================[ Search Statistics ]==============================
| Conflicts |          ORIGINAL         |          LEARNT          | Progress |
|           |    Vars  Clauses Literals |    Limit  Clauses Lit/Cl |          |
===============================================================================
|       100 |   63366   109009   271650 |    39969      100      9 | 27.696 % |
|       250 |   63366   109009   271650 |    43966      250     20 | 27.696 % |
|       475 |   63366   109009   271650 |    48363      475     31 | 27.696 % |
|       812 |   63366   109009   271650 |    53200      812     64 | 27.696 % |
|      1318 |   63365   109006   271644 |    58520     1317     62 | 27.697 % |
|      2077 |   63365   109006   271644 |    64372     2076     60 | 27.697 % |
|      3216 |   63364   108962   271554 |    70809     3211     81 | 27.698 % |
|      4924 |   63364   108962   271554 |    77890     4919     82 | 27.698 % |
|      7486 |   57595    89524   223849 |    85679     7371     79 | 34.281 % |
|     11330 |   57322    88405   221175 |    94247    11153     71 | 34.592 % |
|     17096 |   57133    87884   219966 |   103671    16097     65 | 34.808 % |
===============================================================================
restarts              : 70
conflicts             : 20198          (8526 /sec)
decisions             : 63966          (0.00 % random) (27000 /sec)
propagations          : 25040310       (10569661 /sec)
conflict literals     : 1269036        (43.43 % deleted)
Memory used           : 30.85 MB
CPU time              : 2.36907 s

UNSATISFIABLE
