Reading from standard input... Use '--help' for help.
============================[ Problem Statistics ]=============================
|                                                                             |
|  Number of variables:         69608                                         |
|  Number of clauses:          118081                                         |
|  Parse time:                   0.02 s                                       |
|                                                                             |
============================[ Search Statistics ]==============================
| Conflicts |          ORIGINAL         |          LEARNT          | Progress |
|           |    Vars  Clauses Literals |    Limit  Clauses Lit/Cl |          |
===============================================================================
===============================================================================
restarts              : 1
conflicts             : 46             (1398 /sec)
decisions             : 41452          (0.00 % random) (1259480 /sec)
propagations          : 87818          (2668267 /sec)
conflict literals     : 148            (0.00 % deleted)
Memory used           : 15.67 MB
CPU time              : 0.032912 s

SATISFIABLE
