Reading from standard input... Use '--help' for help.
============================[ Problem Statistics ]=============================
|                                                                             |
|  Number of variables:         69608                                         |
|  Number of clauses:          118081                                         |
|  Parse time:                   0.02 s                                       |
|                                                                             |
============================[ Search Statistics ]==============================
| Conflicts |          ORIGINAL         |          LEARNT          | Progress |
|           |    Vars  Clauses Literals |    Limit  Clauses Lit/Cl |          |
===============================================================================
|       100 |   61350    93872   232036 |    34419       98     12 | 11.864 % |
===============================================================================
restarts              : 3
conflicts             : 204            (4316 /sec)
decisions             : 45417          (0.00 % random) (960881 /sec)
propagations          : 360756         (7632463 /sec)
conflict literals     : 2954           (20.68 % deleted)
Memory used           : 17.77 MB
CPU time              : 0.047266 s

SATISFIABLE
