Reading from standard input... Use '--help' for help.
============================[ Problem Statistics ]=============================
|                                                                             |
|  Number of variables:         69608                                         |
|  Number of clauses:          118081                                         |
|  Parse time:                   0.02 s                                       |
|                                                                             |
============================[ Search Statistics ]==============================
| Conflicts |          ORIGINAL         |          LEARNT          | Progress |
|           |    Vars  Clauses Literals |    Limit  Clauses Lit/Cl |          |
===============================================================================
===============================================================================
restarts              : 1
conflicts             : 6              (183 /sec)
decisions             : 1810           (0.00 % random) (55094 /sec)
propagations          : 23326          (710011 /sec)
conflict literals     : 7              (0.00 % deleted)
Memory used           : 16.76 MB
CPU time              : 0.032853 s

UNSATISFIABLE
