Reading from standard input... Use '--help' for help.
============================[ Problem Statistics ]=============================
|                                                                             |
|  Number of variables:         69608                                         |
|  Number of clauses:          118081                                         |
|  Parse time:                   0.02 s                                       |
|                                                                             |
============================[ Search Statistics ]==============================
| Conflicts |          ORIGINAL         |          LEARNT          | Progress |
|           |    Vars  Clauses Literals |    Limit  Clauses Lit/Cl |          |
===============================================================================
===============================================================================
restarts              : 1
conflicts             : 54             (1543 /sec)
decisions             : 69681          (0.00 % random) (1990544 /sec)
propagations          : 137272         (3921385 /sec)
conflict literals     : 172            (0.00 % deleted)
Memory used           : 15.59 MB
CPU time              : 0.035006 s

SATISFIABLE
