Reading from standard input... Use '--help' for help.
============================[ Problem Statistics ]=============================
|                                                                             |
|  Number of variables:         87638                                         |
|  Number of clauses:          161767                                         |
|  Parse time:                   0.03 s                                       |
|                                                                             |
============================[ Search Statistics ]==============================
| Conflicts |          ORIGINAL         |          LEARNT          | Progress |
|           |    Vars  Clauses Literals |    Limit  Clauses Lit/Cl |          |
===============================================================================
|       100 |   64672   113328   283094 |    41553      100     10 | 26.206 % |
|       250 |   64672   113328   283094 |    45708      250     22 | 26.206 % |
|       475 |   64672   113328   283094 |    50279      475     59 | 26.206 % |
|       812 |   64650   113236   282883 |    55307      811     85 | 26.231 % |
|      1318 |   64650   113236   282883 |    60838     1317     98 | 26.231 % |
|      2077 |   64649   113192   282793 |    66922     2074     97 | 26.232 % |
|      3216 |   64625   113092   282564 |    73614     3209     96 | 26.259 % |
|      4924 |   64625   113092   282564 |    80976     4917     95 | 26.259 % |
|      7486 |   64625   113092   282564 |    89073     7479     99 | 26.259 % |
|     11330 |   64625   113092   282564 |    97981    11323     96 | 26.259 % |
|     17096 |   52361    74912   188034 |   107779    15811     89 | 40.253 % |
===============================================================================
restarts              : 65
conflicts             : 19445          (7248 /sec)
decisions             : 74577          (0.00 % random) (27798 /sec)
propagations          : 25845911       (9633781 /sec)
conflict literals     : 1619016        (50.44 % deleted)
Memory used           : 40.77 MB
CPU time              : 2.68284 s

UNSATISFIABLE
