Reading from standard input... Use '--help' for help.
============================[ Problem Statistics ]=============================
|                                                                             |
|  Number of variables:         69608                                         |
|  Number of clauses:          118081                                         |
|  Parse time:                   0.02 s                                       |
|                                                                             |
============================[ Search Statistics ]==============================
| Conflicts |          ORIGINAL         |          LEARNT          | Progress |
|           |    Vars  Clauses Literals |    Limit  Clauses Lit/Cl |          |
===============================================================================
|       100 |   57091    83050   205653 |    30451       94     11 | 17.982 % |
===============================================================================
restarts              : 2
conflicts             : 174            (4990 /sec)
decisions             : 4240           (0.00 % random) (121605 /sec)
propagations          : 240760         (6905097 /sec)
conflict literals     : 1767           (24.03 % deleted)
Memory used           : 16.22 MB
CPU time              : 0.034867 s

UNSATISFIABLE
