Reading from standard input... Use '--help' for help.
============================[ Problem Statistics ]=============================
|                                                                             |
|  Number of variables:         69608                                         |
|  Number of clauses:          118081                                         |
|  Parse time:                   0.03 s                                       |
|                                                                             |
============================[ Search Statistics ]==============================
| Conflicts |          ORIGINAL         |          LEARNT          | Progress |
|           |    Vars  Clauses Literals |    Limit  Clauses Lit/Cl |          |
===============================================================================
===============================================================================
restarts              : 1
conflicts             : 8              (207 /sec)
decisions             : 2806           (0.00 % random) (72692 /sec)
propagations          : 23269          (602808 /sec)
conflict literals     : 12             (0.00 % deleted)
Memory used           : 14.73 MB
CPU time              : 0.038601 s

UNSATISFIABLE
