Reading from standard input... Use '--help' for help.
============================[ Problem Statistics ]=============================
|                                                                             |
|  Number of variables:         69608                                         |
|  Number of clauses:          118081                                         |
|  Parse time:                   0.03 s                                       |
|                                                                             |
============================[ Search Statistics ]==============================
| Conflicts |          ORIGINAL         |          LEARNT          | Progress |
|           |    Vars  Clauses Literals |    Limit  Clauses Lit/Cl |          |
===============================================================================
===============================================================================
restarts              : 1
conflicts             : 45             (1301 /sec)
decisions             : 9773           (0.00 % random) (282530 /sec)
propagations          : 32207          (931080 /sec)
conflict literals     : 141            (0.00 % deleted)
Memory used           : 15.32 MB
CPU time              : 0.034591 s

UNSATISFIABLE
