Reading from standard input... Use '--help' for help.
============================[ Problem Statistics ]=============================
|                                                                             |
|  Number of variables:         69608                                         |
|  Number of clauses:          118081                                         |
|  Parse time:                   0.02 s                                       |
|                                                                             |
============================[ Search Statistics ]==============================
| Conflicts |          ORIGINAL         |          LEARNT          | Progress |
|           |    Vars  Clauses Literals |    Limit  Clauses Lit/Cl |          |
===============================================================================
===============================================================================
restarts              : 1
conflicts             : 11             (346 /sec)
decisions             : 34242          (0.00 % random) (1076014 /sec)
propagations          : 70443          (2213588 /sec)
conflict literals     : 34             (0.00 % deleted)
Memory used           : 15.26 MB
CPU time              : 0.031823 s

SATISFIABLE
