Reading from standard input... Use '--help' for help.
============================[ Problem Statistics ]=============================
|                                                                             |
|  Number of variables:         69608                                         |
|  Number of clauses:          118081                                         |
|  Parse time:                   0.03 s                                       |
|                                                                             |
============================[ Search Statistics ]==============================
| Conflicts |          ORIGINAL         |          LEARNT          | Progress |
|           |    Vars  Clauses Literals |    Limit  Clauses Lit/Cl |          |
===============================================================================
===============================================================================
restarts              : 1
conflicts             : 90             (2419 /sec)
decisions             : 36532          (0.00 % random) (981700 /sec)
propagations          : 100618         (2703840 /sec)
conflict literals     : 846            (3.53 % deleted)
Memory used           : 16.35 MB
CPU time              : 0.037213 s

SATISFIABLE
