Reading from standard input... Use '--help' for help.
============================[ Problem Statistics ]=============================
|                                                                             |
|  Number of variables:         69608                                         |
|  Number of clauses:          118081                                         |
|  Parse time:                   0.02 s                                       |
|                                                                             |
============================[ Search Statistics ]==============================
| Conflicts |          ORIGINAL         |          LEARNT          | Progress |
|           |    Vars  Clauses Literals |    Limit  Clauses Lit/Cl |          |
===============================================================================
===============================================================================
restarts              : 1
conflicts             : 46             (1494 /sec)
decisions             : 41334          (0.00 % random) (1342100 /sec)
propagations          : 88537          (2874765 /sec)
conflict literals     : 148            (0.00 % deleted)
Memory used           : 15.70 MB
CPU time              : 0.030798 s

SATISFIABLE
