Reading from standard input... Use '--help' for help.
============================[ Problem Statistics ]=============================
|                                                                             |
|  Number of variables:         87638                                         |
|  Number of clauses:          161767                                         |
|  Parse time:                   0.03 s                                       |
|                                                                             |
============================[ Search Statistics ]==============================
| Conflicts |          ORIGINAL         |          LEARNT          | Progress |
|           |    Vars  Clauses Literals |    Limit  Clauses Lit/Cl |          |
===============================================================================
|       100 |   62862   107166   267155 |    39294      100     10 | 28.271 % |
|       250 |   62862   107166   267155 |    43223      250     33 | 28.271 % |
|       475 |   62862   107166   267155 |    47545      475     45 | 28.271 % |
|       812 |   62862   107166   267155 |    52300      812     42 | 28.271 % |
|      1318 |   62862   107166   267155 |    57530     1318     55 | 28.271 % |
|      2077 |   62862   107166   267155 |    63283     2077     57 | 28.271 % |
|      3216 |   62862   107166   267155 |    69612     3216     61 | 28.271 % |
|      4924 |   62862   107166   267155 |    76573     4924     74 | 28.271 % |
|      7486 |   62844   107092   266984 |    84230     7484     74 | 28.291 % |
|     11330 |   62844   107092   266984 |    92653    11328     73 | 28.291 % |
|     17096 |   62818   106949   266672 |   101919    16738     74 | 28.321 % |
===============================================================================
restarts              : 63
conflicts             : 18330          (8051 /sec)
decisions             : 61115          (0.00 % random) (26842 /sec)
propagations          : 23489015       (10316652 /sec)
conflict literals     : 1377170        (52.97 % deleted)
Memory used           : 30.04 MB
CPU time              : 2.27681 s

INDETERMINATE
