Reading from standard input... Use '--help' for help.
============================[ Problem Statistics ]=============================
|                                                                             |
|  Number of variables:         69608                                         |
|  Number of clauses:          118081                                         |
|  Parse time:                   0.02 s                                       |
|                                                                             |
============================[ Search Statistics ]==============================
| Conflicts |          ORIGINAL         |          LEARNT          | Progress |
|           |    Vars  Clauses Literals |    Limit  Clauses Lit/Cl |          |
===============================================================================
===============================================================================
restarts              : 1
conflicts             : 21             (530 /sec)
decisions             : 8885           (0.00 % random) (224284 /sec)
propagations          : 35929          (906954 /sec)
conflict literals     : 48             (4.00 % deleted)
Memory used           : 16.35 MB
CPU time              : 0.039615 s

UNSATISFIABLE
