Reading from standard input... Use '--help' for help.
============================[ Problem Statistics ]=============================
|                                                                             |
|  Number of variables:         69608                                         |
|  Number of clauses:          118081                                         |
|  Parse time:                   0.02 s                                       |
|                                                                             |
============================[ Search Statistics ]==============================
| Conflicts |          ORIGINAL         |          LEARNT          | Progress |
|           |    Vars  Clauses Literals |    Limit  Clauses Lit/Cl |          |
===============================================================================
===============================================================================
restarts              : 1
conflicts             : 57             (1819 /sec)
decisions             : 39924          (0.00 % random) (1273777 /sec)
propagations          : 81585          (2602974 /sec)
conflict literals     : 189            (0.00 % deleted)
Memory used           : 13.98 MB
CPU time              : 0.031343 s

SATISFIABLE
