Reading from standard input... Use '--help' for help.
============================[ Problem Statistics ]=============================
|                                                                             |
|  Number of variables:         87638                                         |
|  Number of clauses:          161767                                         |
|  Parse time:                   0.02 s                                       |
|                                                                             |
============================[ Search Statistics ]==============================
| Conflicts |          ORIGINAL         |          LEARNT          | Progress |
|           |    Vars  Clauses Literals |    Limit  Clauses Lit/Cl |          |
===============================================================================
|       100 |   65209   115469   287924 |    42338      100     54 | 25.593 % |
|       250 |   65209   115469   287924 |    46572      250     48 | 25.593 % |
|       475 |   65197   115437   287836 |    51229      418     49 | 25.606 % |
|       812 |   65193   115405   287748 |    56352      738     54 | 25.611 % |
|      1318 |   60018   115308   287524 |    61987     1239     46 | 31.516 % |
|      2077 |   59972    98085   245187 |    68186     1889     47 | 31.568 % |
|      3216 |   59949    98031   245054 |    75005     3016     58 | 31.595 % |
|      4924 |   59893    97839   244611 |    82506     4717     73 | 31.659 % |
|      7486 |   59810    97477   243761 |    90756     7271     82 | 31.753 % |
|     11330 |   59700    97037   242747 |    99832    11092     88 | 31.879 % |
|     17096 |   59435    96032   240392 |   109815    16610     98 | 32.181 % |
|     25745 |   59160    94905   237706 |   120797    25205     99 | 32.495 % |
|     38719 |   58379    92072   230735 |   132876    36858     99 | 33.386 % |
===============================================================================
restarts              : 127
conflicts             : 43571          (8834 /sec)
decisions             : 153262         (0.00 % random) (31074 /sec)
propagations          : 64464864       (13070496 /sec)
conflict literals     : 4259315        (51.64 % deleted)
Memory used           : 45.17 MB
CPU time              : 4.93209 s

INDETERMINATE
