Reading from standard input... Use '--help' for help.
============================[ Problem Statistics ]=============================
|                                                                             |
|  Number of variables:         87638                                         |
|  Number of clauses:          161767                                         |
|  Parse time:                   0.03 s                                       |
|                                                                             |
============================[ Search Statistics ]==============================
| Conflicts |          ORIGINAL         |          LEARNT          | Progress |
|           |    Vars  Clauses Literals |    Limit  Clauses Lit/Cl |          |
===============================================================================
|       100 |   62244   104716   261673 |    38395      100     46 | 28.976 % |
|       250 |   62244   104716   261673 |    42235      250     75 | 28.976 % |
|       475 |   62244   104716   261673 |    46458      475     77 | 28.976 % |
|       812 |   62243   104672   261583 |    51104      811     85 | 28.977 % |
|      1318 |   62243   104672   261583 |    56215     1317     92 | 28.977 % |
|      2077 |   62243   104672   261583 |    61836     2076     89 | 28.977 % |
|      3216 |   62243   104672   261583 |    68020     3215     94 | 28.977 % |
===============================================================================
restarts              : 21
conflicts             : 3987           (6205 /sec)
decisions             : 14048          (0.00 % random) (21863 /sec)
propagations          : 7091166        (11035907 /sec)
conflict literals     : 363544         (51.68 % deleted)
Memory used           : 21.63 MB
CPU time              : 0.642554 s

UNSATISFIABLE
