Reading from standard input... Use '--help' for help.
============================[ Problem Statistics ]=============================
|                                                                             |
|  Number of variables:         69608                                         |
|  Number of clauses:          118081                                         |
|  Parse time:                   0.02 s                                       |
|                                                                             |
============================[ Search Statistics ]==============================
| Conflicts |          ORIGINAL         |          LEARNT          | Progress |
|           |    Vars  Clauses Literals |    Limit  Clauses Lit/Cl |          |
===============================================================================
===============================================================================
restarts              : 1
conflicts             : 22             (688 /sec)
decisions             : 68156          (0.00 % random) (2129875 /sec)
propagations          : 124982         (3905688 /sec)
conflict literals     : 61             (0.00 % deleted)
Memory used           : 15.20 MB
CPU time              : 0.032 s

SATISFIABLE
