Reading from standard input... Use '--help' for help.
============================[ Problem Statistics ]=============================
|                                                                             |
|  Number of variables:         69608                                         |
|  Number of clauses:          118081                                         |
|  Parse time:                   0.02 s                                       |
|                                                                             |
============================[ Search Statistics ]==============================
| Conflicts |          ORIGINAL         |          LEARNT          | Progress |
|           |    Vars  Clauses Literals |    Limit  Clauses Lit/Cl |          |
===============================================================================
===============================================================================
restarts              : 1
conflicts             : 12             (443 /sec)
decisions             : 3525           (0.00 % random) (130146 /sec)
propagations          : 25820          (953295 /sec)
conflict literals     : 32             (0.00 % deleted)
Memory used           : 14.88 MB
CPU time              : 0.027085 s

UNSATISFIABLE
