Reading from standard input... Use '--help' for help.
============================[ Problem Statistics ]=============================
|                                                                             |
|  Number of variables:         69608                                         |
|  Number of clauses:          118081                                         |
|  Parse time:                   0.02 s                                       |
|                                                                             |
============================[ Search Statistics ]==============================
| Conflicts |          ORIGINAL         |          LEARNT          | Progress |
|           |    Vars  Clauses Literals |    Limit  Clauses Lit/Cl |          |
===============================================================================
===============================================================================
restarts              : 1
conflicts             : 35             (1045 /sec)
decisions             : 41925          (0.00 % random) (1252016 /sec)
propagations          : 88794          (2651675 /sec)
conflict literals     : 107            (0.00 % deleted)
Memory used           : 15.10 MB
CPU time              : 0.033486 s

SATISFIABLE
