Reading from standard input... Use '--help' for help.
============================[ Problem Statistics ]=============================
|                                                                             |
|  Number of variables:         69608                                         |
|  Number of clauses:          118081                                         |
|  Parse time:                   0.02 s                                       |
|                                                                             |
============================[ Search Statistics ]==============================
| Conflicts |          ORIGINAL         |          LEARNT          | Progress |
|           |    Vars  Clauses Literals |    Limit  Clauses Lit/Cl |          |
===============================================================================
===============================================================================
restarts              : 1
conflicts             : 5              (130 /sec)
decisions             : 38231          (0.00 % random) (995055 /sec)
propagations          : 75166          (1956378 /sec)
conflict literals     : 9              (0.00 % deleted)
Memory used           : 17.14 MB
CPU time              : 0.038421 s

SATISFIABLE
