Reading from standard input... Use '--help' for help.
============================[ Problem Statistics ]=============================
|                                                                             |
|  Number of variables:         87638                                         |
|  Number of clauses:          161767                                         |
|  Parse time:                   0.03 s                                       |
|                                                                             |
============================[ Search Statistics ]==============================
| Conflicts |          ORIGINAL         |          LEARNT          | Progress |
|           |    Vars  Clauses Literals |    Limit  Clauses Lit/Cl |          |
===============================================================================
|       100 |   64341   112304   280686 |    41178      100     15 | 26.583 % |
|       250 |   64341   112304   280686 |    45295      250     73 | 26.583 % |
|       475 |   64341   112304   280686 |    49825      475     92 | 26.583 % |
|       812 |   64254   111962   279900 |    54808      805     84 | 26.682 % |
|      1318 |   64235   111946   279856 |    60288     1309     92 | 26.704 % |
|      2077 |   64234   111826   279590 |    66317     2067    103 | 26.705 % |
|      3216 |   64234   111826   279590 |    72949     3206    104 | 26.705 % |
|      4924 |   64234   111826   279590 |    80244     4914    105 | 26.705 % |
|      7486 |   64146   111664   279213 |    88268     6936    103 | 26.806 % |
|     11330 |   64100   111284   278325 |    97095    10775    107 | 26.858 % |
===============================================================================
restarts              : 63
conflicts             : 16612          (5447 /sec)
decisions             : 57924          (0.00 % random) (18994 /sec)
propagations          : 27397028       (8983822 /sec)
conflict literals     : 1578794        (53.72 % deleted)
Memory used           : 40.10 MB
CPU time              : 3.0496 s

INDETERMINATE
