Reading from standard input... Use '--help' for help.
============================[ Problem Statistics ]=============================
|                                                                             |
|  Number of variables:         87638                                         |
|  Number of clauses:          161767                                         |
|  Parse time:                   0.03 s                                       |
|                                                                             |
============================[ Search Statistics ]==============================
| Conflicts |          ORIGINAL         |          LEARNT          | Progress |
|           |    Vars  Clauses Literals |    Limit  Clauses Lit/Cl |          |
===============================================================================
|       100 |   62237   104667   261582 |    38377      100      9 | 28.984 % |
|       250 |   62237   104667   261582 |    42215      250     31 | 28.984 % |
|       475 |   62237   104667   261582 |    46437      475     40 | 28.984 % |
|       812 |   62237   104667   261582 |    51080      812     50 | 28.984 % |
|      1318 |   62237   104667   261582 |    56189     1318     55 | 28.984 % |
|      2077 |   62237   104667   261582 |    61807     2077     62 | 28.984 % |
|      3216 |   43710    49692   126412 |    67988     1734     66 | 50.124 % |
===============================================================================
restarts              : 21
conflicts             : 3835           (7448 /sec)
decisions             : 12209          (0.00 % random) (23711 /sec)
propagations          : 5600523        (10876893 /sec)
conflict literals     : 254867         (48.49 % deleted)
Memory used           : 20.29 MB
CPU time              : 0.514901 s

UNSATISFIABLE
