Reading from standard input... Use '--help' for help.
============================[ Problem Statistics ]=============================
|                                                                             |
|  Number of variables:         87638                                         |
|  Number of clauses:          161767                                         |
|  Parse time:                   0.03 s                                       |
|                                                                             |
============================[ Search Statistics ]==============================
| Conflicts |          ORIGINAL         |          LEARNT          | Progress |
|           |    Vars  Clauses Literals |    Limit  Clauses Lit/Cl |          |
===============================================================================
|       100 |   62489   105624   264023 |    38728       99     81 | 28.696 % |
|       250 |   62489   105580   263933 |    42601      249    100 | 28.696 % |
|       475 |   62489   105580   263933 |    46861      474    135 | 28.697 % |
|       812 |   43862    51034   130362 |    51548      801     97 | 49.951 % |
|      1318 |   43854    50993   130245 |    56702     1116     75 | 49.960 % |
|      2077 |   43691    50956   130147 |    62373     1810     56 | 50.146 % |
|      3216 |   42805    47427   121610 |    68610     1816     51 | 51.157 % |
===============================================================================
restarts              : 16
conflicts             : 3265           (10945 /sec)
decisions             : 10551          (0.00 % random) (35369 /sec)
propagations          : 3946334        (13228792 /sec)
conflict literals     : 143560         (22.43 % deleted)
Memory used           : 23.86 MB
CPU time              : 0.298314 s

UNSATISFIABLE
