Reading from standard input... Use '--help' for help.
============================[ Problem Statistics ]=============================
|                                                                             |
|  Number of variables:         69608                                         |
|  Number of clauses:          118081                                         |
|  Parse time:                   0.03 s                                       |
|                                                                             |
============================[ Search Statistics ]==============================
| Conflicts |          ORIGINAL         |          LEARNT          | Progress |
|           |    Vars  Clauses Literals |    Limit  Clauses Lit/Cl |          |
===============================================================================
===============================================================================
restarts              : 1
conflicts             : 3              (85 /sec)
decisions             : 34474          (0.00 % random) (971263 /sec)
propagations          : 70412          (1983772 /sec)
conflict literals     : 6              (0.00 % deleted)
Memory used           : 16.27 MB
CPU time              : 0.035494 s

SATISFIABLE
