Reading from standard input... Use '--help' for help.
============================[ Problem Statistics ]=============================
|                                                                             |
|  Number of variables:         87638                                         |
|  Number of clauses:          161767                                         |
|  Parse time:                   0.03 s                                       |
|                                                                             |
============================[ Search Statistics ]==============================
| Conflicts |          ORIGINAL         |          LEARNT          | Progress |
|           |    Vars  Clauses Literals |    Limit  Clauses Lit/Cl |          |
===============================================================================
|       100 |   62709   106411   265881 |    39017      100      9 | 28.445 % |
|       250 |   62709   106411   265881 |    42919      250     25 | 28.445 % |
|       475 |   62709   106411   265881 |    47211      475     39 | 28.446 % |
|       812 |   62708   106367   265791 |    51932      811     42 | 28.447 % |
|      1318 |   62708   106367   265791 |    57125     1317     43 | 28.447 % |
|      2077 |   62708   106367   265791 |    62837     2076     61 | 28.447 % |
|      3216 |   62708   106367   265791 |    69121     3215     82 | 28.447 % |
|      4924 |   52275    75759   190390 |    76033     4890     72 | 40.351 % |
|      7486 |   52065    74951   188471 |    83637     7413     63 | 40.591 % |
===============================================================================
restarts              : 33
conflicts             : 8159           (7929 /sec)
decisions             : 38099          (0.00 % random) (37027 /sec)
propagations          : 11002988       (10693476 /sec)
conflict literals     : 511121         (36.80 % deleted)
Memory used           : 25.01 MB
CPU time              : 1.02894 s

INDETERMINATE
