Reading from standard input... Use '--help' for help.
============================[ Problem Statistics ]=============================
|                                                                             |
|  Number of variables:         69608                                         |
|  Number of clauses:          118081                                         |
|  Parse time:                   0.02 s                                       |
|                                                                             |
============================[ Search Statistics ]==============================
| Conflicts |          ORIGINAL         |          LEARNT          | Progress |
|           |    Vars  Clauses Literals |    Limit  Clauses Lit/Cl |          |
===============================================================================
===============================================================================
restarts              : 1
conflicts             : 33             (1367 /sec)
decisions             : 37310          (0.00 % random) (1545119 /sec)
propagations          : 81297          (3366754 /sec)
conflict literals     : 119            (0.00 % deleted)
Memory used           : 14.18 MB
CPU time              : 0.024147 s

SATISFIABLE
