Reading from standard input... Use '--help' for help.
============================[ Problem Statistics ]=============================
|                                                                             |
|  Number of variables:         69608                                         |
|  Number of clauses:          118081                                         |
|  Parse time:                   0.03 s                                       |
|                                                                             |
============================[ Search Statistics ]==============================
| Conflicts |          ORIGINAL         |          LEARNT          | Progress |
|           |    Vars  Clauses Literals |    Limit  Clauses Lit/Cl |          |
===============================================================================
===============================================================================
restarts              : 1
conflicts             : 3              (72 /sec)
decisions             : 2338           (0.00 % random) (56498 /sec)
propagations          : 24210          (585037 /sec)
conflict literals     : 2              (0.00 % deleted)
Memory used           : 15.86 MB
CPU time              : 0.041382 s

UNSATISFIABLE
