Reading from standard input... Use '--help' for help.
============================[ Problem Statistics ]=============================
|                                                                             |
|  Number of variables:         87638                                         |
|  Number of clauses:          161767                                         |
|  Parse time:                   0.03 s                                       |
|                                                                             |
============================[ Search Statistics ]==============================
| Conflicts |          ORIGINAL         |          LEARNT          | Progress |
|           |    Vars  Clauses Literals |    Limit  Clauses Lit/Cl |          |
===============================================================================
|       100 |   62736   106469   266037 |    39038      100      8 | 28.415 % |
|       250 |   62736   106469   266037 |    42942      250     30 | 28.415 % |
|       475 |   62736   106469   266037 |    47236      475     28 | 28.415 % |
|       812 |   53347    78735   197386 |    51960      772     36 | 39.128 % |
|      1318 |   53347    78735   197386 |    57156     1278     38 | 39.128 % |
|      2077 |   53347    78735   197386 |    62872     2037     49 | 39.128 % |
|      3216 |   53136    78691   197296 |    69159     3173     41 | 39.369 % |
|      4924 |   53136    77856   195267 |    76075     4875     47 | 39.369 % |
|      7486 |   53035    77424   194230 |    83682     7424     48 | 39.484 % |
|     11330 |   52815    76454   191895 |    92051    11227     49 | 39.735 % |
|     17096 |   52590    75610   189897 |   101256    15043     49 | 39.992 % |
===============================================================================
restarts              : 63
conflicts             : 17361          (10712 /sec)
decisions             : 60242          (0.00 % random) (37172 /sec)
propagations          : 21472534       (13249441 /sec)
conflict literals     : 843129         (49.15 % deleted)
Memory used           : 30.73 MB
CPU time              : 1.62064 s

UNSATISFIABLE
