Reading from standard input... Use '--help' for help.
============================[ Problem Statistics ]=============================
|                                                                             |
|  Number of variables:         69608                                         |
|  Number of clauses:          118081                                         |
|  Parse time:                   0.02 s                                       |
|                                                                             |
============================[ Search Statistics ]==============================
| Conflicts |          ORIGINAL         |          LEARNT          | Progress |
|           |    Vars  Clauses Literals |    Limit  Clauses Lit/Cl |          |
===============================================================================
===============================================================================
restarts              : 1
conflicts             : 49             (1804 /sec)
decisions             : 2588           (0.00 % random) (95284 /sec)
propagations          : 94752          (3488531 /sec)
conflict literals     : 234            (18.75 % deleted)
Memory used           : 14.93 MB
CPU time              : 0.027161 s

UNSATISFIABLE
