Reading from standard input... Use '--help' for help.
============================[ Problem Statistics ]=============================
|                                                                             |
|  Number of variables:         69608                                         |
|  Number of clauses:          118081                                         |
|  Parse time:                   0.02 s                                       |
|                                                                             |
============================[ Search Statistics ]==============================
| Conflicts |          ORIGINAL         |          LEARNT          | Progress |
|           |    Vars  Clauses Literals |    Limit  Clauses Lit/Cl |          |
===============================================================================
===============================================================================
restarts              : 1
conflicts             : 44             (1898 /sec)
decisions             : 43600          (0.00 % random) (1880364 /sec)
propagations          : 97891          (4221805 /sec)
conflict literals     : 153            (0.00 % deleted)
Memory used           : 15.25 MB
CPU time              : 0.023187 s

SATISFIABLE
