Reading from standard input... Use '--help' for help.
============================[ Problem Statistics ]=============================
|                                                                             |
|  Number of variables:         69608                                         |
|  Number of clauses:          118081                                         |
|  Parse time:                   0.02 s                                       |
|                                                                             |
============================[ Search Statistics ]==============================
| Conflicts |          ORIGINAL         |          LEARNT          | Progress |
|           |    Vars  Clauses Literals |    Limit  Clauses Lit/Cl |          |
===============================================================================
===============================================================================
restarts              : 1
conflicts             : 43             (1323 /sec)
decisions             : 42870          (0.00 % random) (1318833 /sec)
propagations          : 96753          (2976466 /sec)
conflict literals     : 152            (0.00 % deleted)
Memory used           : 13.01 MB
CPU time              : 0.032506 s

SATISFIABLE
