Reading from standard input... Use '--help' for help.
============================[ Problem Statistics ]=============================
|                                                                             |
|  Number of variables:         69608                                         |
|  Number of clauses:          118081                                         |
|  Parse time:                   0.02 s                                       |
|                                                                             |
============================[ Search Statistics ]==============================
| Conflicts |          ORIGINAL         |          LEARNT          | Progress |
|           |    Vars  Clauses Literals |    Limit  Clauses Lit/Cl |          |
===============================================================================
===============================================================================
restarts              : 1
conflicts             : 11             (356 /sec)
decisions             : 3386           (0.00 % random) (109686 /sec)
propagations          : 25175          (815517 /sec)
conflict literals     : 17             (0.00 % deleted)
Memory used           : 15.63 MB
CPU time              : 0.03087 s

UNSATISFIABLE
