Reading from standard input... Use '--help' for help.
============================[ Problem Statistics ]=============================
|                                                                             |
|  Number of variables:         69608                                         |
|  Number of clauses:          118081                                         |
|  Parse time:                   0.02 s                                       |
|                                                                             |
============================[ Search Statistics ]==============================
| Conflicts |          ORIGINAL         |          LEARNT          | Progress |
|           |    Vars  Clauses Literals |    Limit  Clauses Lit/Cl |          |
===============================================================================
===============================================================================
restarts              : 1
conflicts             : 43             (1321 /sec)
decisions             : 66841          (0.00 % random) (2053108 /sec)
propagations          : 126877         (3897193 /sec)
conflict literals     : 144            (0.00 % deleted)
Memory used           : 14.66 MB
CPU time              : 0.032556 s

SATISFIABLE
