Reading from standard input... Use '--help' for help.
============================[ Problem Statistics ]=============================
|                                                                             |
|  Number of variables:         69608                                         |
|  Number of clauses:          118081                                         |
|  Parse time:                   0.02 s                                       |
|                                                                             |
============================[ Search Statistics ]==============================
| Conflicts |          ORIGINAL         |          LEARNT          | Progress |
|           |    Vars  Clauses Literals |    Limit  Clauses Lit/Cl |          |
===============================================================================
===============================================================================
restarts              : 1
conflicts             : 20             (568 /sec)
decisions             : 7349           (0.00 % random) (208879 /sec)
propagations          : 33045          (939232 /sec)
conflict literals     : 47             (0.00 % deleted)
Memory used           : 17.70 MB
CPU time              : 0.035183 s

UNSATISFIABLE
