Reading from standard input... Use '--help' for help.
============================[ Problem Statistics ]=============================
|                                                                             |
|  Number of variables:         87638                                         |
|  Number of clauses:          161767                                         |
|  Parse time:                   0.02 s                                       |
|                                                                             |
============================[ Search Statistics ]==============================
| Conflicts |          ORIGINAL         |          LEARNT          | Progress |
|           |    Vars  Clauses Literals |    Limit  Clauses Lit/Cl |          |
===============================================================================
|       100 |   65100   115176   287067 |    42231      100     17 | 25.717 % |
|       250 |   65100   115176   287067 |    46454      250     62 | 25.717 % |
|       475 |   65100   115176   287067 |    51099      475     58 | 25.717 % |
|       812 |   61009   101691   253652 |    56209      808     48 | 30.385 % |
|      1318 |   61009   101691   253652 |    61830     1314     49 | 30.385 % |
|      2077 |   61009   101691   253652 |    68013     2073     57 | 30.385 % |
|      3216 |   60952   101457   253091 |    74815     3209     62 | 30.450 % |
|      4924 |   60896   101176   252444 |    82296     4910     64 | 30.514 % |
|      7486 |   59443    96284   240041 |    90526     6344     66 | 32.172 % |
|     11330 |   58871    93855   234275 |    99578     9958     70 | 32.825 % |
|     17096 |   58699    93318   233001 |   109536    14687     64 | 33.021 % |
===============================================================================
restarts              : 77
conflicts             : 21611          (11037 /sec)
decisions             : 83875          (0.00 % random) (42838 /sec)
propagations          : 26883357       (13730205 /sec)
conflict literals     : 1354268        (43.20 % deleted)
Memory used           : 29.80 MB
CPU time              : 1.95797 s

UNSATISFIABLE
