Reading from standard input... Use '--help' for help.
============================[ Problem Statistics ]=============================
|                                                                             |
|  Number of variables:         69608                                         |
|  Number of clauses:          118081                                         |
|  Parse time:                   0.02 s                                       |
|                                                                             |
============================[ Search Statistics ]==============================
| Conflicts |          ORIGINAL         |          LEARNT          | Progress |
|           |    Vars  Clauses Literals |    Limit  Clauses Lit/Cl |          |
===============================================================================
===============================================================================
restarts              : 1
conflicts             : 43             (1789 /sec)
decisions             : 41566          (0.00 % random) (1729611 /sec)
propagations          : 95202          (3961468 /sec)
conflict literals     : 152            (0.00 % deleted)
Memory used           : 15.51 MB
CPU time              : 0.024032 s

SATISFIABLE
