Reading from standard input... Use '--help' for help.
============================[ Problem Statistics ]=============================
|                                                                             |
|  Number of variables:         69608                                         |
|  Number of clauses:          118081                                         |
|  Parse time:                   0.03 s                                       |
|                                                                             |
============================[ Search Statistics ]==============================
| Conflicts |          ORIGINAL         |          LEARNT          | Progress |
|           |    Vars  Clauses Literals |    Limit  Clauses Lit/Cl |          |
===============================================================================
===============================================================================
restarts              : 1
conflicts             : 32             (880 /sec)
decisions             : 42873          (0.00 % random) (1178348 /sec)
propagations          : 87831          (2414001 /sec)
conflict literals     : 97             (0.00 % deleted)
Memory used           : 17.54 MB
CPU time              : 0.036384 s

SATISFIABLE
