Reading from standard input... Use '--help' for help.
============================[ Problem Statistics ]=============================
|                                                                             |
|  Number of variables:         69608                                         |
|  Number of clauses:          118081                                         |
|  Parse time:                   0.02 s                                       |
|                                                                             |
============================[ Search Statistics ]==============================
| Conflicts |          ORIGINAL         |          LEARNT          | Progress |
|           |    Vars  Clauses Literals |    Limit  Clauses Lit/Cl |          |
===============================================================================
===============================================================================
restarts              : 1
conflicts             : 6              (211 /sec)
decisions             : 3168           (0.00 % random) (111616 /sec)
propagations          : 23223          (818201 /sec)
conflict literals     : 9              (0.00 % deleted)
Memory used           : 14.63 MB
CPU time              : 0.028383 s

UNSATISFIABLE
