Reading from standard input... Use '--help' for help.
============================[ Problem Statistics ]=============================
|                                                                             |
|  Number of variables:         69608                                         |
|  Number of clauses:          118081                                         |
|  Parse time:                   0.03 s                                       |
|                                                                             |
============================[ Search Statistics ]==============================
| Conflicts |          ORIGINAL         |          LEARNT          | Progress |
|           |    Vars  Clauses Literals |    Limit  Clauses Lit/Cl |          |
===============================================================================
===============================================================================
restarts              : 1
conflicts             : 4              (104 /sec)
decisions             : 40063          (0.00 % random) (1042357 /sec)
propagations          : 84624          (2201743 /sec)
conflict literals     : 5              (0.00 % deleted)
Memory used           : 14.96 MB
CPU time              : 0.038435 s

SATISFIABLE
