Reading from standard input... Use '--help' for help.
============================[ Problem Statistics ]=============================
|                                                                             |
|  Number of variables:         69608                                         |
|  Number of clauses:          118081                                         |
|  Parse time:                   0.03 s                                       |
|                                                                             |
============================[ Search Statistics ]==============================
| Conflicts |          ORIGINAL         |          LEARNT          | Progress |
|           |    Vars  Clauses Literals |    Limit  Clauses Lit/Cl |          |
===============================================================================
===============================================================================
restarts              : 1
conflicts             : 10             (223 /sec)
decisions             : 37981          (0.00 % random) (848794 /sec)
propagations          : 77315          (1727825 /sec)
conflict literals     : 21             (0.00 % deleted)
Memory used           : 17.52 MB
CPU time              : 0.044747 s

SATISFIABLE
