Reading from standard input... Use '--help' for help.
============================[ Problem Statistics ]=============================
|                                                                             |
|  Number of variables:         87638                                         |
|  Number of clauses:          161767                                         |
|  Parse time:                   0.03 s                                       |
|                                                                             |
============================[ Search Statistics ]==============================
| Conflicts |          ORIGINAL         |          LEARNT          | Progress |
|           |    Vars  Clauses Literals |    Limit  Clauses Lit/Cl |          |
===============================================================================
|       100 |   63102   107870   269522 |    39552      100     11 | 27.997 % |
|       250 |   63102   107870   269522 |    43507      250     21 | 27.997 % |
|       475 |   63102   107870   269522 |    47858      475     31 | 27.997 % |
|       812 |   52975   107826   269432 |    52644      810     42 | 39.552 % |
|      1318 |   52975    78663   197740 |    57908     1310     38 | 39.552 % |
|      2077 |   52813    78039   196204 |    63699     2040     37 | 39.737 % |
|      3216 |   52737    77790   195562 |    70069     3178     47 | 39.824 % |
|      4924 |   52588    77165   194070 |    77076     4861     45 | 39.994 % |
|      7486 |   52566    77030   193779 |    84783     7418     51 | 40.019 % |
|     11330 |   52130    75170   189262 |    93262    10835     54 | 40.517 % |
|     17096 |   52001    74629   187978 |   102588    15986     59 | 40.664 % |
===============================================================================
restarts              : 87
conflicts             : 23825          (8706 /sec)
decisions             : 70911          (0.00 % random) (25912 /sec)
propagations          : 33820131       (12358521 /sec)
conflict literals     : 1455688        (49.00 % deleted)
Memory used           : 34.86 MB
CPU time              : 2.73658 s

UNSATISFIABLE
