Reading from standard input... Use '--help' for help.
============================[ Problem Statistics ]=============================
|                                                                             |
|  Number of variables:         69608                                         |
|  Number of clauses:          118081                                         |
|  Parse time:                   0.02 s                                       |
|                                                                             |
============================[ Search Statistics ]==============================
| Conflicts |          ORIGINAL         |          LEARNT          | Progress |
|           |    Vars  Clauses Literals |    Limit  Clauses Lit/Cl |          |
===============================================================================
===============================================================================
restarts              : 1
conflicts             : 66             (1858 /sec)
decisions             : 63834          (0.00 % random) (1796623 /sec)
propagations          : 123012         (3462201 /sec)
conflict literals     : 229            (0.00 % deleted)
Memory used           : 13.41 MB
CPU time              : 0.03553 s

SATISFIABLE
