Reading from standard input... Use '--help' for help.
============================[ Problem Statistics ]=============================
|                                                                             |
|  Number of variables:         69608                                         |
|  Number of clauses:          118081                                         |
|  Parse time:                   0.02 s                                       |
|                                                                             |
============================[ Search Statistics ]==============================
| Conflicts |          ORIGINAL         |          LEARNT          | Progress |
|           |    Vars  Clauses Literals |    Limit  Clauses Lit/Cl |          |
===============================================================================
|       100 |   62485    96512   238218 |    35387       96      8 | 10.233 % |
===============================================================================
restarts              : 3
conflicts             : 218            (4473 /sec)
decisions             : 110420         (0.00 % random) (2265630 /sec)
propagations          : 484400         (9939061 /sec)
conflict literals     : 8907           (15.53 % deleted)
Memory used           : 13.65 MB
CPU time              : 0.048737 s

SATISFIABLE
