Reading from standard input... Use '--help' for help.
============================[ Problem Statistics ]=============================
|                                                                             |
|  Number of variables:         69608                                         |
|  Number of clauses:          118081                                         |
|  Parse time:                   0.03 s                                       |
|                                                                             |
============================[ Search Statistics ]==============================
| Conflicts |          ORIGINAL         |          LEARNT          | Progress |
|           |    Vars  Clauses Literals |    Limit  Clauses Lit/Cl |          |
===============================================================================
===============================================================================
restarts              : 1
conflicts             : 44             (1212 /sec)
decisions             : 43579          (0.00 % random) (1200854 /sec)
propagations          : 98219          (2706503 /sec)
conflict literals     : 153            (0.00 % deleted)
Memory used           : 16.80 MB
CPU time              : 0.03629 s

SATISFIABLE
