Reading from standard input... Use '--help' for help.
============================[ Problem Statistics ]=============================
|                                                                             |
|  Number of variables:         69608                                         |
|  Number of clauses:          118081                                         |
|  Parse time:                   0.03 s                                       |
|                                                                             |
============================[ Search Statistics ]==============================
| Conflicts |          ORIGINAL         |          LEARNT          | Progress |
|           |    Vars  Clauses Literals |    Limit  Clauses Lit/Cl |          |
===============================================================================
===============================================================================
restarts              : 1
conflicts             : 40             (931 /sec)
decisions             : 13319          (0.00 % random) (309968 /sec)
propagations          : 46355          (1078801 /sec)
conflict literals     : 128            (0.00 % deleted)
Memory used           : 17.32 MB
CPU time              : 0.042969 s

UNSATISFIABLE
