Reading from standard input... Use '--help' for help.
============================[ Problem Statistics ]=============================
|                                                                             |
|  Number of variables:         69608                                         |
|  Number of clauses:          118081                                         |
|  Parse time:                   0.03 s                                       |
|                                                                             |
============================[ Search Statistics ]==============================
| Conflicts |          ORIGINAL         |          LEARNT          | Progress |
|           |    Vars  Clauses Literals |    Limit  Clauses Lit/Cl |          |
===============================================================================
===============================================================================
restarts              : 1
conflicts             : 13             (308 /sec)
decisions             : 36487          (0.00 % random) (863700 /sec)
propagations          : 75728          (1792591 /sec)
conflict literals     : 32             (0.00 % deleted)
Memory used           : 16.14 MB
CPU time              : 0.042245 s

SATISFIABLE
