Reading from standard input... Use '--help' for help.
============================[ Problem Statistics ]=============================
|                                                                             |
|  Number of variables:         69608                                         |
|  Number of clauses:          118081                                         |
|  Parse time:                   0.02 s                                       |
|                                                                             |
============================[ Search Statistics ]==============================
| Conflicts |          ORIGINAL         |          LEARNT          | Progress |
|           |    Vars  Clauses Literals |    Limit  Clauses Lit/Cl |          |
===============================================================================
===============================================================================
restarts              : 1
conflicts             : 45             (1519 /sec)
decisions             : 37464          (0.00 % random) (1264565 /sec)
propagations          : 78637          (2654324 /sec)
conflict literals     : 148            (0.00 % deleted)
Memory used           : 17.38 MB
CPU time              : 0.029626 s

SATISFIABLE
