Reading from standard input... Use '--help' for help.
============================[ Problem Statistics ]=============================
|                                                                             |
|  Number of variables:         69608                                         |
|  Number of clauses:          118081                                         |
|  Parse time:                   0.02 s                                       |
|                                                                             |
============================[ Search Statistics ]==============================
| Conflicts |          ORIGINAL         |          LEARNT          | Progress |
|           |    Vars  Clauses Literals |    Limit  Clauses Lit/Cl |          |
===============================================================================
===============================================================================
restarts              : 1
conflicts             : 28             (846 /sec)
decisions             : 70643          (0.00 % random) (2135455 /sec)
propagations          : 129913         (3927118 /sec)
conflict literals     : 84             (0.00 % deleted)
Memory used           : 16.89 MB
CPU time              : 0.033081 s

SATISFIABLE
