Reading from standard input... Use '--help' for help.
============================[ Problem Statistics ]=============================
|                                                                             |
|  Number of variables:         69608                                         |
|  Number of clauses:          118081                                         |
|  Parse time:                   0.03 s                                       |
|                                                                             |
============================[ Search Statistics ]==============================
| Conflicts |          ORIGINAL         |          LEARNT          | Progress |
|           |    Vars  Clauses Literals |    Limit  Clauses Lit/Cl |          |
===============================================================================
===============================================================================
restarts              : 1
conflicts             : 14             (320 /sec)
decisions             : 40001          (0.00 % random) (915187 /sec)
propagations          : 87690          (2006269 /sec)
conflict literals     : 37             (0.00 % deleted)
Memory used           : 17.63 MB
CPU time              : 0.043708 s

SATISFIABLE
