Reading from standard input... Use '--help' for help.
============================[ Problem Statistics ]=============================
|                                                                             |
|  Number of variables:         69608                                         |
|  Number of clauses:          118081                                         |
|  Parse time:                   0.03 s                                       |
|                                                                             |
============================[ Search Statistics ]==============================
| Conflicts |          ORIGINAL         |          LEARNT          | Progress |
|           |    Vars  Clauses Literals |    Limit  Clauses Lit/Cl |          |
===============================================================================
===============================================================================
restarts              : 1
conflicts             : 16             (358 /sec)
decisions             : 34114          (0.00 % random) (763877 /sec)
propagations          : 69650          (1559596 /sec)
conflict literals     : 58             (0.00 % deleted)
Memory used           : 14.66 MB
CPU time              : 0.044659 s

SATISFIABLE
