Reading from standard input... Use '--help' for help.
============================[ Problem Statistics ]=============================
|                                                                             |
|  Number of variables:         69608                                         |
|  Number of clauses:          118081                                         |
|  Parse time:                   0.03 s                                       |
|                                                                             |
============================[ Search Statistics ]==============================
| Conflicts |          ORIGINAL         |          LEARNT          | Progress |
|           |    Vars  Clauses Literals |    Limit  Clauses Lit/Cl |          |
===============================================================================
===============================================================================
restarts              : 1
conflicts             : 35             (959 /sec)
decisions             : 43018          (0.00 % random) (1178382 /sec)
propagations          : 87864          (2406837 /sec)
conflict literals     : 105            (0.00 % deleted)
Memory used           : 15.68 MB
CPU time              : 0.036506 s

SATISFIABLE
