Reading from standard input... Use '--help' for help.
============================[ Problem Statistics ]=============================
|                                                                             |
|  Number of variables:         69608                                         |
|  Number of clauses:          118081                                         |
|  Parse time:                   0.03 s                                       |
|                                                                             |
============================[ Search Statistics ]==============================
| Conflicts |          ORIGINAL         |          LEARNT          | Progress |
|           |    Vars  Clauses Literals |    Limit  Clauses Lit/Cl |          |
===============================================================================
===============================================================================
restarts              : 1
conflicts             : 9              (230 /sec)
decisions             : 40192          (0.00 % random) (1028823 /sec)
propagations          : 79783          (2042262 /sec)
conflict literals     : 20             (0.00 % deleted)
Memory used           : 17.01 MB
CPU time              : 0.039066 s

SATISFIABLE
