Reading from standard input... Use '--help' for help.
============================[ Problem Statistics ]=============================
|                                                                             |
|  Number of variables:         69608                                         |
|  Number of clauses:          118081                                         |
|  Parse time:                   0.02 s                                       |
|                                                                             |
============================[ Search Statistics ]==============================
| Conflicts |          ORIGINAL         |          LEARNT          | Progress |
|           |    Vars  Clauses Literals |    Limit  Clauses Lit/Cl |          |
===============================================================================
===============================================================================
restarts              : 1
conflicts             : 64             (2390 /sec)
decisions             : 34204          (0.00 % random) (1277556 /sec)
propagations          : 69770          (2605984 /sec)
conflict literals     : 238            (0.00 % deleted)
Memory used           : 13.91 MB
CPU time              : 0.026773 s

SATISFIABLE
