Reading from standard input... Use '--help' for help.
============================[ Problem Statistics ]=============================
|                                                                             |
|  Number of variables:         69608                                         |
|  Number of clauses:          118081                                         |
|  Parse time:                   0.03 s                                       |
|                                                                             |
============================[ Search Statistics ]==============================
| Conflicts |          ORIGINAL         |          LEARNT          | Progress |
|           |    Vars  Clauses Literals |    Limit  Clauses Lit/Cl |          |
===============================================================================
===============================================================================
restarts              : 1
conflicts             : 24             (612 /sec)
decisions             : 43765          (0.00 % random) (1115970 /sec)
propagations          : 89358          (2278553 /sec)
conflict literals     : 55             (0.00 % deleted)
Memory used           : 14.62 MB
CPU time              : 0.039217 s

SATISFIABLE
