Reading from standard input... Use '--help' for help.
============================[ Problem Statistics ]=============================
|                                                                             |
|  Number of variables:         87638                                         |
|  Number of clauses:          161767                                         |
|  Parse time:                   0.04 s                                       |
|                                                                             |
============================[ Search Statistics ]==============================
| Conflicts |          ORIGINAL         |          LEARNT          | Progress |
|           |    Vars  Clauses Literals |    Limit  Clauses Lit/Cl |          |
===============================================================================
|       100 |   64660   113316   283025 |    41549      100      9 | 26.219 % |
|       250 |   55700   113268   282893 |    45704      194     15 | 36.443 % |
|       475 |   55537    86460   216654 |    50274      413     22 | 36.629 % |
|       812 |   55388    85280   213898 |    55301      678     24 | 36.799 % |
|      1318 |   53565    79960   200679 |    60832      907     40 | 38.879 % |
|      2077 |   53264    78131   195573 |    66915     1541     48 | 39.223 % |
|      3216 |   52990    78011   195279 |    73606     2662     54 | 39.535 % |
|      4924 |   52870    76555   191765 |    80967     4314     52 | 39.672 % |
|      7486 |   52759    76081   190613 |    89064     6861     53 | 39.799 % |
|     11330 |   52699    75803   190016 |    97970    10672     55 | 39.867 % |
|     17096 |   51434    70580   177330 |   107767     8989     53 | 41.311 % |
===============================================================================
restarts              : 63
conflicts             : 17847          (8581 /sec)
decisions             : 67182          (0.00 % random) (32302 /sec)
propagations          : 22325283       (10734383 /sec)
conflict literals     : 996708         (46.55 % deleted)
Memory used           : 34.50 MB
CPU time              : 2.07979 s

UNSATISFIABLE
