Reading from standard input... Use '--help' for help.
============================[ Problem Statistics ]=============================
|                                                                             |
|  Number of variables:         87638                                         |
|  Number of clauses:          161767                                         |
|  Parse time:                   0.04 s                                       |
|                                                                             |
============================[ Search Statistics ]==============================
| Conflicts |          ORIGINAL         |          LEARNT          | Progress |
|           |    Vars  Clauses Literals |    Limit  Clauses Lit/Cl |          |
===============================================================================
|       100 |   64382   112442   280889 |    41228      100      8 | 26.536 % |
|       250 |   64381   112398   280799 |    45351      248     36 | 26.538 % |
|       475 |   64381   112398   280799 |    49886      473     47 | 26.538 % |
|       812 |   64381   112398   280799 |    54875      810     69 | 26.538 % |
|      1318 |   64365   112332   280646 |    60362     1315     68 | 26.556 % |
|      2077 |   64343   112240   280435 |    66399     2073     64 | 26.581 % |
|      3216 |   64325   112166   280264 |    73039     3206     70 | 26.601 % |
|      4924 |   54019    81259   204465 |    80343     4240     64 | 38.361 % |
|      7486 |   53662    80017   201390 |    88377     6780     63 | 38.769 % |
|     11330 |   53422    79039   199082 |    97215    10601     69 | 39.042 % |
|     17096 |   53134    78148   196989 |   106936    14302     70 | 39.371 % |
|     25745 |   52889    76750   193677 |   117630    22519     71 | 39.651 % |
===============================================================================
restarts              : 102
conflicts             : 28502          (5893 /sec)
decisions             : 92186          (0.00 % random) (19059 /sec)
propagations          : 42795815       (8847937 /sec)
conflict literals     : 1961496        (48.92 % deleted)
Memory used           : 41.56 MB
CPU time              : 4.83681 s

INDETERMINATE
