Reading from standard input... Use '--help' for help.
============================[ Problem Statistics ]=============================
|                                                                             |
|  Number of variables:         69608                                         |
|  Number of clauses:          118081                                         |
|  Parse time:                   0.03 s                                       |
|                                                                             |
============================[ Search Statistics ]==============================
| Conflicts |          ORIGINAL         |          LEARNT          | Progress |
|           |    Vars  Clauses Literals |    Limit  Clauses Lit/Cl |          |
===============================================================================
===============================================================================
restarts              : 1
conflicts             : 5              (134 /sec)
decisions             : 36608          (0.00 % random) (978274 /sec)
propagations          : 73513          (1964485 /sec)
conflict literals     : 11             (0.00 % deleted)
Memory used           : 15.85 MB
CPU time              : 0.037421 s

SATISFIABLE
