Reading from standard input... Use '--help' for help.
============================[ Problem Statistics ]=============================
|                                                                             |
|  Number of variables:         87638                                         |
|  Number of clauses:          161767                                         |
|  Parse time:                   0.03 s                                       |
|                                                                             |
============================[ Search Statistics ]==============================
| Conflicts |          ORIGINAL         |          LEARNT          | Progress |
|           |    Vars  Clauses Literals |    Limit  Clauses Lit/Cl |          |
===============================================================================
|       100 |   63164   108027   269919 |    39609      100     11 | 27.926 % |
|       250 |   63164   108027   269919 |    43570      250     17 | 27.926 % |
|       475 |   63163   107983   269829 |    47927      474     55 | 27.927 % |
|       812 |   63163   107983   269829 |    52720      811     57 | 27.927 % |
|      1318 |   63163   107983   269829 |    57992     1317     86 | 27.927 % |
|      2077 |   63163   107983   269829 |    63792     2076     94 | 27.928 % |
|      3216 |   63163   107983   269829 |    70171     3215     95 | 27.928 % |
|      4924 |   63163   107983   269829 |    77188     4923     99 | 27.927 % |
|      7486 |   63163   107983   269829 |    84907     7485     92 | 27.928 % |
|     11330 |   63163   107983   269829 |    93398    11329     91 | 27.928 % |
|     17096 |   63139   107883   269600 |   102737    17092     90 | 27.955 % |
|     25745 |   62986   107197   268111 |   113011     9138     72 | 28.129 % |
===============================================================================
restarts              : 94
conflicts             : 27121          (8261 /sec)
decisions             : 80896          (0.00 % random) (24640 /sec)
propagations          : 37899279       (11543692 /sec)
conflict literals     : 2230716        (60.61 % deleted)
Memory used           : 39.35 MB
CPU time              : 3.28312 s

UNSATISFIABLE
