Reading from standard input... Use '--help' for help.
============================[ Problem Statistics ]=============================
|                                                                             |
|  Number of variables:         69608                                         |
|  Number of clauses:          118081                                         |
|  Parse time:                   0.03 s                                       |
|                                                                             |
============================[ Search Statistics ]==============================
| Conflicts |          ORIGINAL         |          LEARNT          | Progress |
|           |    Vars  Clauses Literals |    Limit  Clauses Lit/Cl |          |
===============================================================================
|       100 |   56119    78911   195523 |    28934      100     27 | 19.379 % |
===============================================================================
restarts              : 2
conflicts             : 103            (2310 /sec)
decisions             : 51513          (0.00 % random) (1155389 /sec)
propagations          : 159250         (3571829 /sec)
conflict literals     : 2745           (20.50 % deleted)
Memory used           : 17.54 MB
CPU time              : 0.044585 s

SATISFIABLE
