Reading from standard input... Use '--help' for help.
============================[ Problem Statistics ]=============================
|                                                                             |
|  Number of variables:         69608                                         |
|  Number of clauses:          118081                                         |
|  Parse time:                   0.02 s                                       |
|                                                                             |
============================[ Search Statistics ]==============================
| Conflicts |          ORIGINAL         |          LEARNT          | Progress |
|           |    Vars  Clauses Literals |    Limit  Clauses Lit/Cl |          |
===============================================================================
===============================================================================
restarts              : 1
conflicts             : 25             (640 /sec)
decisions             : 42550          (0.00 % random) (1089964 /sec)
propagations          : 100738         (2580511 /sec)
conflict literals     : 51             (13.56 % deleted)
Memory used           : 17.05 MB
CPU time              : 0.039038 s

SATISFIABLE
