Reading from standard input... Use '--help' for help.
============================[ Problem Statistics ]=============================
|                                                                             |
|  Number of variables:         69608                                         |
|  Number of clauses:          118081                                         |
|  Parse time:                   0.03 s                                       |
|                                                                             |
============================[ Search Statistics ]==============================
| Conflicts |          ORIGINAL         |          LEARNT          | Progress |
|           |    Vars  Clauses Literals |    Limit  Clauses Lit/Cl |          |
===============================================================================
===============================================================================
restarts              : 1
conflicts             : 12             (324 /sec)
decisions             : 38667          (0.00 % random) (1044151 /sec)
propagations          : 84538          (2282836 /sec)
conflict literals     : 33             (0.00 % deleted)
Memory used           : 15.51 MB
CPU time              : 0.037032 s

SATISFIABLE
