Reading from standard input... Use '--help' for help.
============================[ Problem Statistics ]=============================
|                                                                             |
|  Number of variables:         87638                                         |
|  Number of clauses:          161767                                         |
|  Parse time:                   0.04 s                                       |
|                                                                             |
============================[ Search Statistics ]==============================
| Conflicts |          ORIGINAL         |          LEARNT          | Progress |
|           |    Vars  Clauses Literals |    Limit  Clauses Lit/Cl |          |
===============================================================================
|       100 |   62637   106062   265221 |    38889      100     33 | 28.528 % |
|       250 |   62637   106062   265221 |    42778      250    143 | 28.528 % |
|       475 |   62637   106062   265221 |    47056      475    167 | 28.528 % |
|       812 |   43991    51244   130726 |    51761      788    139 | 49.804 % |
|      1318 |   43991    51244   130726 |    56937     1294     98 | 49.804 % |
|      2077 |   43990    51200   130636 |    62631     2052     71 | 49.805 % |
|      3216 |   43960    51080   130355 |    68894     3173     56 | 49.839 % |
===============================================================================
restarts              : 22
conflicts             : 4247           (8860 /sec)
decisions             : 16115          (0.00 % random) (33618 /sec)
propagations          : 5753700        (12002954 /sec)
conflict literals     : 204253         (26.29 % deleted)
Memory used           : 25.48 MB
CPU time              : 0.479357 s

UNSATISFIABLE
