Reading from standard input... Use '--help' for help.
============================[ Problem Statistics ]=============================
|                                                                             |
|  Number of variables:         87638                                         |
|  Number of clauses:          161767                                         |
|  Parse time:                   0.03 s                                       |
|                                                                             |
============================[ Search Statistics ]==============================
| Conflicts |          ORIGINAL         |          LEARNT          | Progress |
|           |    Vars  Clauses Literals |    Limit  Clauses Lit/Cl |          |
===============================================================================
|       100 |   63386   108668   271639 |    39844      100     42 | 27.673 % |
|       250 |   63386   108668   271639 |    43829      250     42 | 27.673 % |
|       475 |   63386   108668   271639 |    48212      475     60 | 27.673 % |
|       812 |   63386   108668   271639 |    53033      812     90 | 27.673 % |
|      1318 |   63385   108624   271549 |    58336     1316     74 | 27.674 % |
|      2077 |   63385   108624   271549 |    64170     2075     81 | 27.674 % |
|      3216 |   63363   108532   271338 |    70587     3212     89 | 27.699 % |
|      4924 |   51490    73348   184000 |    77646     4639     74 | 41.247 % |
|      7486 |   51487    73340   183984 |    85411     7200     65 | 41.250 % |
|     11330 |   51318    72514   182078 |    93952    10222     65 | 41.443 % |
===============================================================================
restarts              : 63
conflicts             : 16397          (11166 /sec)
decisions             : 54708          (0.00 % random) (37256 /sec)
propagations          : 19865520       (13528214 /sec)
conflict literals     : 980323         (46.50 % deleted)
Memory used           : 27.06 MB
CPU time              : 1.46845 s

UNSATISFIABLE
