Reading from standard input... Use '--help' for help.
============================[ Problem Statistics ]=============================
|                                                                             |
|  Number of variables:         87638                                         |
|  Number of clauses:          161767                                         |
|  Parse time:                   0.05 s                                       |
|                                                                             |
============================[ Search Statistics ]==============================
| Conflicts |          ORIGINAL         |          LEARNT          | Progress |
|           |    Vars  Clauses Literals |    Limit  Clauses Lit/Cl |          |
===============================================================================
|       100 |   65825   117825   293703 |    43202      100     29 | 24.890 % |
|       250 |   65825   117825   293703 |    47522      250     45 | 24.890 % |
|       475 |   60019    99210   247898 |    52275      467     60 | 31.515 % |
|       812 |   60018    99166   247808 |    57502      803     56 | 31.516 % |
|      1318 |   60018    99166   247808 |    63252     1309     67 | 31.516 % |
|      2077 |   60018    99166   247808 |    69578     2068     60 | 31.516 % |
|      3216 |   59997    99074   247593 |    76535     3206     81 | 31.540 % |
|      4924 |   59808    98314   245828 |    84189     4866     76 | 31.756 % |
|      7486 |   59617    97617   244197 |    92608     7346     95 | 31.974 % |
|     11330 |   59383    96713   242074 |   101869    11177    100 | 32.241 % |
|     17096 |   59310    96395   241345 |   112056    16934    108 | 32.324 % |
|     25745 |   59166    95795   239883 |   123261    25553    112 | 32.488 % |
===============================================================================
restarts              : 94
conflicts             : 26232          (5411 /sec)
decisions             : 116785         (0.00 % random) (24091 /sec)
propagations          : 40185615       (8289635 /sec)
conflict literals     : 2944782        (31.52 % deleted)
Memory used           : 53.91 MB
CPU time              : 4.84769 s

INDETERMINATE
