Reading from standard input... Use '--help' for help.
============================[ Problem Statistics ]=============================
|                                                                             |
|  Number of variables:         87638                                         |
|  Number of clauses:          161767                                         |
|  Parse time:                   0.04 s                                       |
|                                                                             |
============================[ Search Statistics ]==============================
| Conflicts |          ORIGINAL         |          LEARNT          | Progress |
|           |    Vars  Clauses Literals |    Limit  Clauses Lit/Cl |          |
===============================================================================
|       100 |   63370   108669   271536 |    39845      100      8 | 27.691 % |
|       250 |   54743    82880   208015 |    43829      240     26 | 37.535 % |
|       475 |   54743    82836   207925 |    48212      464    100 | 37.535 % |
|       812 |   54683    82574   207308 |    53034      757     76 | 37.604 % |
|      1318 |   54626    82496   207122 |    58337     1257     60 | 37.669 % |
|      2077 |   54613    82262   206567 |    64171     1994     56 | 37.683 % |
|      3216 |   54588    82254   206551 |    70588     3130     50 | 37.712 % |
|      4924 |   52896    76795   192477 |    77647     4447     53 | 39.643 % |
|      7486 |   52891    76300   191266 |    85411     6987     62 | 39.648 % |
|     11330 |   52843    76040   190687 |    93953    10805     63 | 39.703 % |
===============================================================================
restarts              : 57
conflicts             : 12923          (8622 /sec)
decisions             : 49374          (0.00 % random) (32940 /sec)
propagations          : 15881893       (10595572 /sec)
conflict literals     : 774463         (38.85 % deleted)
Memory used           : 28.41 MB
CPU time              : 1.49892 s

INDETERMINATE
