Reading from standard input... Use '--help' for help.
============================[ Problem Statistics ]=============================
|                                                                             |
|  Number of variables:         69608                                         |
|  Number of clauses:          118081                                         |
|  Parse time:                   0.02 s                                       |
|                                                                             |
============================[ Search Statistics ]==============================
| Conflicts |          ORIGINAL         |          LEARNT          | Progress |
|           |    Vars  Clauses Literals |    Limit  Clauses Lit/Cl |          |
===============================================================================
===============================================================================
restarts              : 1
conflicts             : 19             (633 /sec)
decisions             : 7831           (0.00 % random) (260885 /sec)
propagations          : 32698          (1089316 /sec)
conflict literals     : 60             (0.00 % deleted)
Memory used           : 15.31 MB
CPU time              : 0.030017 s

UNSATISFIABLE
