Reading from standard input... Use '--help' for help.
============================[ Problem Statistics ]=============================
|                                                                             |
|  Number of variables:         69608                                         |
|  Number of clauses:          118081                                         |
|  Parse time:                   0.03 s                                       |
|                                                                             |
============================[ Search Statistics ]==============================
| Conflicts |          ORIGINAL         |          LEARNT          | Progress |
|           |    Vars  Clauses Literals |    Limit  Clauses Lit/Cl |          |
===============================================================================
===============================================================================
restarts              : 1
conflicts             : 4              (111 /sec)
decisions             : 37684          (0.00 % random) (1044109 /sec)
propagations          : 75676          (2096753 /sec)
conflict literals     : 9              (0.00 % deleted)
Memory used           : 18.47 MB
CPU time              : 0.036092 s

SATISFIABLE
