Reading from standard input... Use '--help' for help.
============================[ Problem Statistics ]=============================
|                                                                             |
|  Number of variables:         69608                                         |
|  Number of clauses:          118081                                         |
|  Parse time:                   0.03 s                                       |
|                                                                             |
============================[ Search Statistics ]==============================
| Conflicts |          ORIGINAL         |          LEARNT          | Progress |
|           |    Vars  Clauses Literals |    Limit  Clauses Lit/Cl |          |
===============================================================================
===============================================================================
restarts              : 1
conflicts             : 25             (652 /sec)
decisions             : 44445          (0.00 % random) (1159294 /sec)
propagations          : 88103          (2298059 /sec)
conflict literals     : 77             (0.00 % deleted)
Memory used           : 15.18 MB
CPU time              : 0.038338 s

SATISFIABLE
