Reading from standard input... Use '--help' for help.
============================[ Problem Statistics ]=============================
|                                                                             |
|  Number of variables:         87638                                         |
|  Number of clauses:          161767                                         |
|  Parse time:                   0.04 s                                       |
|                                                                             |
============================[ Search Statistics ]==============================
| Conflicts |          ORIGINAL         |          LEARNT          | Progress |
|           |    Vars  Clauses Literals |    Limit  Clauses Lit/Cl |          |
===============================================================================
|       100 |   62670   106256   265506 |    38960      100     18 | 28.490 % |
|       250 |   62670   106256   265506 |    42856      250     62 | 28.490 % |
|       475 |   62670   106256   265506 |    47142      475    107 | 28.490 % |
|       812 |   62670   106256   265506 |    51856      812     86 | 28.490 % |
|      1318 |   62648   106164   265295 |    57042     1317    123 | 28.515 % |
|      2077 |   62647   106120   265205 |    62746     2071    113 | 28.516 % |
|      3216 |   50203    71075   178941 |    69020     3159    127 | 42.715 % |
|      4924 |   49557    68618   172978 |    75923     4532    100 | 43.453 % |
|      7486 |   49371    67175   169460 |    83515     6697     81 | 43.665 % |
|     11330 |   48946    65692   165954 |    91866     9199     65 | 44.150 % |
===============================================================================
restarts              : 62
conflicts             : 15768          (8408 /sec)
decisions             : 49497          (0.00 % random) (26395 /sec)
propagations          : 21973798       (11717703 /sec)
conflict literals     : 903343         (40.79 % deleted)
Memory used           : 33.83 MB
CPU time              : 1.87526 s

UNSATISFIABLE
