Reading from standard input... Use '--help' for help.
============================[ Problem Statistics ]=============================
|                                                                             |
|  Number of variables:         69608                                         |
|  Number of clauses:          118081                                         |
|  Parse time:                   0.04 s                                       |
|                                                                             |
============================[ Search Statistics ]==============================
| Conflicts |          ORIGINAL         |          LEARNT          | Progress |
|           |    Vars  Clauses Literals |    Limit  Clauses Lit/Cl |          |
===============================================================================
===============================================================================
restarts              : 1
conflicts             : 52             (1057 /sec)
decisions             : 36338          (0.00 % random) (738397 /sec)
propagations          : 126865         (2577928 /sec)
conflict literals     : 248            (23.46 % deleted)
Memory used           : 15.45 MB
CPU time              : 0.049212 s

SATISFIABLE
