Reading from standard input... Use '--help' for help.
============================[ Problem Statistics ]=============================
|                                                                             |
|  Number of variables:         69608                                         |
|  Number of clauses:          118081                                         |
|  Parse time:                   0.02 s                                       |
|                                                                             |
============================[ Search Statistics ]==============================
| Conflicts |          ORIGINAL         |          LEARNT          | Progress |
|           |    Vars  Clauses Literals |    Limit  Clauses Lit/Cl |          |
===============================================================================
===============================================================================
restarts              : 1
conflicts             : 32             (1338 /sec)
decisions             : 34158          (0.00 % random) (1428309 /sec)
propagations          : 69690          (2914071 /sec)
conflict literals     : 118            (0.00 % deleted)
Memory used           : 15.30 MB
CPU time              : 0.023915 s

SATISFIABLE
