Reading from standard input... Use '--help' for help.
============================[ Problem Statistics ]=============================
|                                                                             |
|  Number of variables:         69608                                         |
|  Number of clauses:          118081                                         |
|  Parse time:                   0.02 s                                       |
|                                                                             |
============================[ Search Statistics ]==============================
| Conflicts |          ORIGINAL         |          LEARNT          | Progress |
|           |    Vars  Clauses Literals |    Limit  Clauses Lit/Cl |          |
===============================================================================
===============================================================================
restarts              : 1
conflicts             : 6              (221 /sec)
decisions             : 655            (0.00 % random) (24119 /sec)
propagations          : 21355          (786353 /sec)
conflict literals     : 7              (0.00 % deleted)
Memory used           : 14.13 MB
CPU time              : 0.027157 s

UNSATISFIABLE
