Reading from standard input... Use '--help' for help.
============================[ Problem Statistics ]=============================
|                                                                             |
|  Number of variables:         87638                                         |
|  Number of clauses:          161767                                         |
|  Parse time:                   0.03 s                                       |
|                                                                             |
============================[ Search Statistics ]==============================
| Conflicts |          ORIGINAL         |          LEARNT          | Progress |
|           |    Vars  Clauses Literals |    Limit  Clauses Lit/Cl |          |
===============================================================================
|       100 |   63223   108247   270347 |    39690      100     10 | 27.859 % |
|       250 |   63223   108247   270347 |    43659      250     20 | 27.859 % |
|       475 |   63223   108247   270347 |    48025      475     57 | 27.859 % |
|       812 |   63219   108231   270303 |    52828      793     65 | 27.863 % |
|      1318 |   63219   108231   270303 |    58110     1299     70 | 27.863 % |
|      2077 |   62859   106755   266826 |    63922     2021     77 | 28.274 % |
|      3216 |   62788   106647   266550 |    70314     3154     79 | 28.355 % |
|      4924 |   62770   106405   265992 |    77345     4857     94 | 28.376 % |
|      7486 |   62770   106405   265992 |    85080     7419     99 | 28.376 % |
|     11330 |   62689   106088   265221 |    93588    11247    107 | 28.468 % |
|     17096 |   53851    78292   196674 |   102947    15374     94 | 38.553 % |
===============================================================================
restarts              : 64
conflicts             : 19347          (9208 /sec)
decisions             : 62862          (0.00 % random) (29918 /sec)
propagations          : 22735345       (10820295 /sec)
conflict literals     : 1671035        (47.07 % deleted)
Memory used           : 32.02 MB
CPU time              : 2.10118 s

UNSATISFIABLE
