Reading from standard input... Use '--help' for help.
============================[ Problem Statistics ]=============================
|                                                                             |
|  Number of variables:         69608                                         |
|  Number of clauses:          118081                                         |
|  Parse time:                   0.02 s                                       |
|                                                                             |
============================[ Search Statistics ]==============================
| Conflicts |          ORIGINAL         |          LEARNT          | Progress |
|           |    Vars  Clauses Literals |    Limit  Clauses Lit/Cl |          |
===============================================================================
===============================================================================
restarts              : 1
conflicts             : 9              (258 /sec)
decisions             : 42029          (0.00 % random) (1204822 /sec)
propagations          : 84337          (2417641 /sec)
conflict literals     : 16             (0.00 % deleted)
Memory used           : 17.16 MB
CPU time              : 0.034884 s

SATISFIABLE
