Reading from standard input... Use '--help' for help.
============================[ Problem Statistics ]=============================
|                                                                             |
|  Number of variables:         87638                                         |
|  Number of clauses:          161767                                         |
|  Parse time:                   0.03 s                                       |
|                                                                             |
============================[ Search Statistics ]==============================
| Conflicts |          ORIGINAL         |          LEARNT          | Progress |
|           |    Vars  Clauses Literals |    Limit  Clauses Lit/Cl |          |
===============================================================================
|       100 |   63199   108148   270220 |    39654      100     15 | 27.886 % |
|       250 |   63198   108104   270130 |    43619      249     37 | 27.887 % |
|       475 |   63169   107986   269855 |    47981      473     42 | 27.921 % |
|       812 |   63147   107894   269644 |    52779      809     56 | 27.946 % |
|      1318 |   63123   107794   269415 |    58057     1313     62 | 27.973 % |
|      2077 |   63048   107492   268693 |    63863     2058     84 | 28.059 % |
|      3216 |   63048   107492   268693 |    70249     3197     70 | 28.059 % |
|      4924 |   63048   107492   268693 |    77274     4905     80 | 28.059 % |
|      7486 |   63048   107492   268693 |    85002     7467     88 | 28.059 % |
===============================================================================
restarts              : 32
conflicts             : 8059           (6461 /sec)
decisions             : 43227          (0.00 % random) (34655 /sec)
propagations          : 13225381       (10602647 /sec)
conflict literals     : 709308         (43.16 % deleted)
Memory used           : 22.37 MB
CPU time              : 1.24737 s

INDETERMINATE
