Reading from standard input... Use '--help' for help.
============================[ Problem Statistics ]=============================
|                                                                             |
|  Number of variables:         69608                                         |
|  Number of clauses:          118081                                         |
|  Parse time:                   0.02 s                                       |
|                                                                             |
============================[ Search Statistics ]==============================
| Conflicts |          ORIGINAL         |          LEARNT          | Progress |
|           |    Vars  Clauses Literals |    Limit  Clauses Lit/Cl |          |
===============================================================================
===============================================================================
restarts              : 1
conflicts             : 71             (1944 /sec)
decisions             : 37674          (0.00 % random) (1031345 /sec)
propagations          : 117300         (3211147 /sec)
conflict literals     : 1010           (2.79 % deleted)
Memory used           : 14.70 MB
CPU time              : 0.036529 s

SATISFIABLE
