Reading from standard input... Use '--help' for help.
============================[ Problem Statistics ]=============================
|                                                                             |
|  Number of variables:         87638                                         |
|  Number of clauses:          161767                                         |
|  Parse time:                   0.05 s                                       |
|                                                                             |
============================[ Search Statistics ]==============================
| Conflicts |          ORIGINAL         |          LEARNT          | Progress |
|           |    Vars  Clauses Literals |    Limit  Clauses Lit/Cl |          |
===============================================================================
|       100 |   63926   110707   276790 |    40592       99     29 | 27.057 % |
|       250 |   63926   110633   276619 |    44651      249     57 | 27.057 % |
|       475 |   63926   110633   276619 |    49117      474    112 | 27.057 % |
|       812 |   63904   110541   276408 |    54028      810    108 | 27.082 % |
|      1318 |   63850   110508   276324 |    59431     1310     97 | 27.143 % |
|      2077 |   63825   110245   275656 |    65374     2041     83 | 27.172 % |
|      3216 |   63727   109842   274716 |    71912     3176     95 | 27.284 % |
|      4924 |   63678   109774   274554 |    79103     4881     94 | 27.340 % |
|      7486 |   63591   109294   273410 |    87013     7433     99 | 27.439 % |
|     11330 |   63541   109054   272859 |    95715    11063     92 | 27.496 % |
===============================================================================
restarts              : 61
conflicts             : 14416          (6934 /sec)
decisions             : 50791          (0.00 % random) (24431 /sec)
propagations          : 20512424       (9866585 /sec)
conflict literals     : 1163121        (47.06 % deleted)
Memory used           : 30.53 MB
CPU time              : 2.07898 s

UNSATISFIABLE
