Reading from standard input... Use '--help' for help.
============================[ Problem Statistics ]=============================
|                                                                             |
|  Number of variables:         87638                                         |
|  Number of clauses:          161767                                         |
|  Parse time:                   0.03 s                                       |
|                                                                             |
============================[ Search Statistics ]==============================
| Conflicts |          ORIGINAL         |          LEARNT          | Progress |
|           |    Vars  Clauses Literals |    Limit  Clauses Lit/Cl |          |
===============================================================================
|       100 |   63785   110341   275417 |    40458      100     26 | 27.218 % |
|       250 |   57685    91126   227922 |    44504      248     31 | 34.178 % |
|       475 |   57685    91126   227922 |    48954      473     30 | 34.178 % |
|       812 |   57573    90696   226914 |    53850      783     55 | 34.306 % |
|      1318 |   56649    87525   218663 |    59235     1106     55 | 35.360 % |
|      2077 |   56649    87525   218663 |    65158     1865     45 | 35.360 % |
|      3216 |   56601    87276   218042 |    71674     3003     45 | 35.415 % |
|      4924 |   56539    87074   217571 |    78841     4355     49 | 35.486 % |
|      7486 |   56454    86715   216765 |    86726     6880     56 | 35.583 % |
|     11330 |   56087    85185   213109 |    95398    10676     58 | 36.002 % |
|     17096 |   55981    84727   212041 |   104938    15836     63 | 36.122 % |
===============================================================================
restarts              : 81
conflicts             : 22742          (10716 /sec)
decisions             : 72654          (0.00 % random) (34235 /sec)
propagations          : 27000694       (12722907 /sec)
conflict literals     : 1373255        (48.40 % deleted)
Memory used           : 23.79 MB
CPU time              : 2.12221 s

UNSATISFIABLE
