Reading from standard input... Use '--help' for help.
============================[ Problem Statistics ]=============================
|                                                                             |
|  Number of variables:         69608                                         |
|  Number of clauses:          118081                                         |
|  Parse time:                   0.02 s                                       |
|                                                                             |
============================[ Search Statistics ]==============================
| Conflicts |          ORIGINAL         |          LEARNT          | Progress |
|           |    Vars  Clauses Literals |    Limit  Clauses Lit/Cl |          |
===============================================================================
===============================================================================
restarts              : 1
conflicts             : 17             (695 /sec)
decisions             : 7271           (0.00 % random) (297067 /sec)
propagations          : 32812          (1340579 /sec)
conflict literals     : 34             (0.00 % deleted)
Memory used           : 16.77 MB
CPU time              : 0.024476 s

UNSATISFIABLE
