Reading from standard input... Use '--help' for help.
============================[ Problem Statistics ]=============================
|                                                                             |
|  Number of variables:         69608                                         |
|  Number of clauses:          118081                                         |
|  Parse time:                   0.03 s                                       |
|                                                                             |
============================[ Search Statistics ]==============================
| Conflicts |          ORIGINAL         |          LEARNT          | Progress |
|           |    Vars  Clauses Literals |    Limit  Clauses Lit/Cl |          |
===============================================================================
===============================================================================
restarts              : 1
conflicts             : 28             (722 /sec)
decisions             : 39585          (0.00 % random) (1020653 /sec)
propagations          : 94615          (2439537 /sec)
conflict literals     : 324            (5.26 % deleted)
Memory used           : 14.99 MB
CPU time              : 0.038784 s

SATISFIABLE
