Reading from standard input... Use '--help' for help.
============================[ Problem Statistics ]=============================
|                                                                             |
|  Number of variables:         87638                                         |
|  Number of clauses:          161767                                         |
|  Parse time:                   0.04 s                                       |
|                                                                             |
============================[ Search Statistics ]==============================
| Conflicts |          ORIGINAL         |          LEARNT          | Progress |
|           |    Vars  Clauses Literals |    Limit  Clauses Lit/Cl |          |
===============================================================================
|       100 |   64522   112882   281917 |    41390      100     29 | 26.377 % |
|       250 |   64522   112882   281917 |    45529      250     35 | 26.377 % |
|       475 |   64522   112882   281917 |    50081      475     49 | 26.377 % |
|       812 |   64503   112806   281741 |    55090      811     48 | 26.398 % |
|      1318 |   64503   112806   281741 |    60599     1317     80 | 26.398 % |
|      2077 |   64502   112762   281651 |    66659     2071     82 | 26.400 % |
|      3216 |   64502   112762   281651 |    73325     3210     81 | 26.400 % |
|      4924 |   64440   112506   281043 |    80657     4768     79 | 26.470 % |
|      7486 |   64440   112506   281043 |    88723     7330     76 | 26.470 % |
|     11330 |   64384   112274   280513 |    97595    11172     72 | 26.534 % |
|     17096 |   64314   111954   279792 |   107355    14816     76 | 26.614 % |
===============================================================================
restarts              : 66
conflicts             : 19436          (5981 /sec)
decisions             : 73282          (0.00 % random) (22549 /sec)
propagations          : 31099467       (9569558 /sec)
conflict literals     : 1485206        (55.20 % deleted)
Memory used           : 39.82 MB
CPU time              : 3.24983 s

INDETERMINATE
