Reading from standard input... Use '--help' for help.
============================[ Problem Statistics ]=============================
|                                                                             |
|  Number of variables:         69608                                         |
|  Number of clauses:          118081                                         |
|  Parse time:                   0.03 s                                       |
|                                                                             |
============================[ Search Statistics ]==============================
| Conflicts |          ORIGINAL         |          LEARNT          | Progress |
|           |    Vars  Clauses Literals |    Limit  Clauses Lit/Cl |          |
===============================================================================
===============================================================================
restarts              : 1
conflicts             : 13             (359 /sec)
decisions             : 35857          (0.00 % random) (991072 /sec)
propagations          : 72644          (2007850 /sec)
conflict literals     : 39             (0.00 % deleted)
Memory used           : 15.58 MB
CPU time              : 0.03618 s

SATISFIABLE
