Reading from standard input... Use '--help' for help.
============================[ Problem Statistics ]=============================
|                                                                             |
|  Number of variables:         87638                                         |
|  Number of clauses:          161767                                         |
|  Parse time:                   0.03 s                                       |
|                                                                             |
============================[ Search Statistics ]==============================
| Conflicts |          ORIGINAL         |          LEARNT          | Progress |
|           |    Vars  Clauses Literals |    Limit  Clauses Lit/Cl |          |
===============================================================================
|       100 |   63273   108348   270803 |    39727      100      8 | 27.802 % |
|       250 |   63273   108348   270803 |    43700      250     30 | 27.802 % |
|       475 |   63273   108348   270803 |    48070      475     39 | 27.802 % |
|       812 |   63273   108348   270803 |    52877      812     67 | 27.802 % |
|      1318 |   63273   108348   270803 |    58165     1318     78 | 27.802 % |
|      2077 |   63273   108348   270803 |    63981     2077     67 | 27.802 % |
|      3216 |   63248   108204   270484 |    70379     3211     77 | 27.830 % |
|      4924 |   52547    76757   192943 |    77417     4174     74 | 40.041 % |
|      7486 |   52442    76340   191968 |    85159     6715     83 | 40.161 % |
|     11330 |   52406    76190   191619 |    93675    10555     86 | 40.202 % |
|     17096 |   52140    75068   188956 |   103043    14425     77 | 40.505 % |
===============================================================================
restarts              : 63
conflicts             : 17536          (6266 /sec)
decisions             : 60252          (0.00 % random) (21529 /sec)
propagations          : 26334467       (9409643 /sec)
conflict literals     : 1380567        (42.28 % deleted)
Memory used           : 31.82 MB
CPU time              : 2.79867 s

INDETERMINATE
