Reading from standard input... Use '--help' for help.
============================[ Problem Statistics ]=============================
|                                                                             |
|  Number of variables:         69608                                         |
|  Number of clauses:          118081                                         |
|  Parse time:                   0.02 s                                       |
|                                                                             |
============================[ Search Statistics ]==============================
| Conflicts |          ORIGINAL         |          LEARNT          | Progress |
|           |    Vars  Clauses Literals |    Limit  Clauses Lit/Cl |          |
===============================================================================
|       100 |   58957    86839   214910 |    31840       98     13 | 15.301 % |
|       250 |   58679    86394   213916 |    35025      232     15 | 15.701 % |
===============================================================================
restarts              : 4
conflicts             : 462            (7105 /sec)
decisions             : 11008          (0.00 % random) (169297 /sec)
propagations          : 617212         (9492356 /sec)
conflict literals     : 6291           (24.69 % deleted)
Memory used           : 18.04 MB
CPU time              : 0.065022 s

UNSATISFIABLE
