Reading from standard input... Use '--help' for help.
============================[ Problem Statistics ]=============================
|                                                                             |
|  Number of variables:         69608                                         |
|  Number of clauses:          118081                                         |
|  Parse time:                   0.02 s                                       |
|                                                                             |
============================[ Search Statistics ]==============================
| Conflicts |          ORIGINAL         |          LEARNT          | Progress |
|           |    Vars  Clauses Literals |    Limit  Clauses Lit/Cl |          |
===============================================================================
===============================================================================
restarts              : 1
conflicts             : 39             (947 /sec)
decisions             : 42787          (0.00 % random) (1039428 /sec)
propagations          : 114996         (2793606 /sec)
conflict literals     : 479            (0.83 % deleted)
Memory used           : 16.32 MB
CPU time              : 0.041164 s

SATISFIABLE
