Reading from standard input... Use '--help' for help.
============================[ Problem Statistics ]=============================
|                                                                             |
|  Number of variables:         69608                                         |
|  Number of clauses:          118081                                         |
|  Parse time:                   0.02 s                                       |
|                                                                             |
============================[ Search Statistics ]==============================
| Conflicts |          ORIGINAL         |          LEARNT          | Progress |
|           |    Vars  Clauses Literals |    Limit  Clauses Lit/Cl |          |
===============================================================================
===============================================================================
restarts              : 1
conflicts             : 9              (244 /sec)
decisions             : 41545          (0.00 % random) (1127714 /sec)
propagations          : 84050          (2281488 /sec)
conflict literals     : 16             (0.00 % deleted)
Memory used           : 14.49 MB
CPU time              : 0.03684 s

SATISFIABLE
