Reading from standard input... Use '--help' for help.
============================[ Problem Statistics ]=============================
|                                                                             |
|  Number of variables:         69608                                         |
|  Number of clauses:          118081                                         |
|  Parse time:                   0.02 s                                       |
|                                                                             |
============================[ Search Statistics ]==============================
| Conflicts |          ORIGINAL         |          LEARNT          | Progress |
|           |    Vars  Clauses Literals |    Limit  Clauses Lit/Cl |          |
===============================================================================
===============================================================================
restarts              : 1
conflicts             : 29             (926 /sec)
decisions             : 11558          (0.00 % random) (368947 /sec)
propagations          : 43465          (1387461 /sec)
conflict literals     : 93             (0.00 % deleted)
Memory used           : 14.65 MB
CPU time              : 0.031327 s

UNSATISFIABLE
