Reading from standard input... Use '--help' for help.
============================[ Problem Statistics ]=============================
|                                                                             |
|  Number of variables:         87638                                         |
|  Number of clauses:          161767                                         |
|  Parse time:                   0.04 s                                       |
|                                                                             |
============================[ Search Statistics ]==============================
| Conflicts |          ORIGINAL         |          LEARNT          | Progress |
|           |    Vars  Clauses Literals |    Limit  Clauses Lit/Cl |          |
===============================================================================
|       100 |   64154   111695   278342 |    40954      100     16 | 26.797 % |
|       250 |   64154   111695   278342 |    45050      250     46 | 26.797 % |
|       475 |   64154   111695   278342 |    49555      475     48 | 26.797 % |
|       812 |   64153   111692   278336 |    54510      811     43 | 26.798 % |
|      1318 |   64153   111692   278336 |    59961     1317     43 | 26.798 % |
|      2077 |   64153   111692   278336 |    65958     2076     51 | 26.798 % |
|      3216 |   64152   111648   278246 |    72553     3211     52 | 26.799 % |
|      4924 |   64152   111648   278246 |    79809     4919     62 | 26.799 % |
|      7486 |   64151   111645   278240 |    87790     7480     66 | 26.800 % |
|     11330 |   63978   110941   276624 |    96569    11315     71 | 26.997 % |
|     17096 |   63951   110795   276306 |   106226    16221     76 | 27.028 % |
===============================================================================
restarts              : 78
conflicts             : 22049          (7357 /sec)
decisions             : 69612          (0.00 % random) (23227 /sec)
propagations          : 28745525       (9591347 /sec)
conflict literals     : 1735423        (52.47 % deleted)
Memory used           : 41.81 MB
CPU time              : 2.99703 s

UNSATISFIABLE
