Reading from standard input... Use '--help' for help.
============================[ Problem Statistics ]=============================
|                                                                             |
|  Number of variables:         69608                                         |
|  Number of clauses:          118081                                         |
|  Parse time:                   0.03 s                                       |
|                                                                             |
============================[ Search Statistics ]==============================
| Conflicts |          ORIGINAL         |          LEARNT          | Progress |
|           |    Vars  Clauses Literals |    Limit  Clauses Lit/Cl |          |
===============================================================================
===============================================================================
restarts              : 1
conflicts             : 36             (1037 /sec)
decisions             : 10237          (0.00 % random) (295023 /sec)
propagations          : 38768          (1117266 /sec)
conflict literals     : 96             (0.00 % deleted)
Memory used           : 16.09 MB
CPU time              : 0.034699 s

UNSATISFIABLE
