Reading from standard input... Use '--help' for help.
============================[ Problem Statistics ]=============================
|                                                                             |
|  Number of variables:         87638                                         |
|  Number of clauses:          161767                                         |
|  Parse time:                   0.04 s                                       |
|                                                                             |
============================[ Search Statistics ]==============================
| Conflicts |          ORIGINAL         |          LEARNT          | Progress |
|           |    Vars  Clauses Literals |    Limit  Clauses Lit/Cl |          |
===============================================================================
|       100 |   63362   108646   271471 |    39836      100     21 | 27.700 % |
|       250 |   63333   108528   271196 |    43820      249     24 | 27.733 % |
|       475 |   63305   108416   270929 |    48202      473     30 | 27.765 % |
|       812 |   63305   108416   270929 |    53022      810     56 | 27.765 % |
|      1318 |   63305   108416   270929 |    58325     1316     46 | 27.765 % |
|      2077 |   63305   108416   270929 |    64157     2075     51 | 27.765 % |
|      3216 |   63286   108298   270668 |    70573     2629     52 | 27.787 % |
|      4924 |   63286   108298   270668 |    77630     4337     67 | 27.787 % |
|      7486 |   63267   108222   270488 |    85393     6896     71 | 27.809 % |
|     11330 |   52617    75195   188900 |    93933     9771     69 | 39.961 % |
===============================================================================
restarts              : 53
conflicts             : 12188          (7784 /sec)
decisions             : 43543          (0.00 % random) (27808 /sec)
propagations          : 15798044       (10089014 /sec)
conflict literals     : 767599         (48.32 % deleted)
Memory used           : 31.18 MB
CPU time              : 1.56587 s

INDETERMINATE
