Reading from standard input... Use '--help' for help.
============================[ Problem Statistics ]=============================
|                                                                             |
|  Number of variables:         69608                                         |
|  Number of clauses:          118081                                         |
|  Parse time:                   0.02 s                                       |
|                                                                             |
============================[ Search Statistics ]==============================
| Conflicts |          ORIGINAL         |          LEARNT          | Progress |
|           |    Vars  Clauses Literals |    Limit  Clauses Lit/Cl |          |
===============================================================================
|       100 |   56434    80716   200143 |    29595       96      8 | 18.926 % |
===============================================================================
restarts              : 2
conflicts             : 164            (4008 /sec)
decisions             : 9626           (0.00 % random) (235262 /sec)
propagations          : 248522         (6073956 /sec)
conflict literals     : 1135           (18.11 % deleted)
Memory used           : 16.75 MB
CPU time              : 0.040916 s

UNSATISFIABLE
