Reading from standard input... Use '--help' for help.
============================[ Problem Statistics ]=============================
|                                                                             |
|  Number of variables:         87638                                         |
|  Number of clauses:          161767                                         |
|  Parse time:                   0.04 s                                       |
|                                                                             |
============================[ Search Statistics ]==============================
| Conflicts |          ORIGINAL         |          LEARNT          | Progress |
|           |    Vars  Clauses Literals |    Limit  Clauses Lit/Cl |          |
===============================================================================
|       100 |   62018   103814   259427 |    38065      100     11 | 29.234 % |
|       250 |   62018   103814   259427 |    41871      250     26 | 29.234 % |
|       475 |   62018   103814   259427 |    46058      475     46 | 29.234 % |
|       812 |   62018   103814   259427 |    50664      812     98 | 29.234 % |
|      1318 |   62002   103750   259251 |    55731     1160    101 | 29.252 % |
|      2077 |   62002   103750   259251 |    61304     1919    108 | 29.252 % |
|      3216 |   62002   103750   259251 |    67434     3058    130 | 29.252 % |
===============================================================================
restarts              : 20
conflicts             : 3802           (5176 /sec)
decisions             : 11697          (0.00 % random) (15924 /sec)
propagations          : 6141770        (8361155 /sec)
conflict literals     : 470208         (48.58 % deleted)
Memory used           : 24.88 MB
CPU time              : 0.73456 s

UNSATISFIABLE
