Reading from standard input... Use '--help' for help.
============================[ Problem Statistics ]=============================
|                                                                             |
|  Number of variables:         69608                                         |
|  Number of clauses:          118081                                         |
|  Parse time:                   0.03 s                                       |
|                                                                             |
============================[ Search Statistics ]==============================
| Conflicts |          ORIGINAL         |          LEARNT          | Progress |
|           |    Vars  Clauses Literals |    Limit  Clauses Lit/Cl |          |
===============================================================================
===============================================================================
restarts              : 1
conflicts             : 32             (894 /sec)
decisions             : 33915          (0.00 % random) (947241 /sec)
propagations          : 69690          (1946431 /sec)
conflict literals     : 118            (0.00 % deleted)
Memory used           : 15.53 MB
CPU time              : 0.035804 s

SATISFIABLE
