Reading from standard input... Use '--help' for help.
============================[ Problem Statistics ]=============================
|                                                                             |
|  Number of variables:         87638                                         |
|  Number of clauses:          161767                                         |
|  Parse time:                   0.04 s                                       |
|                                                                             |
============================[ Search Statistics ]==============================
| Conflicts |          ORIGINAL         |          LEARNT          | Progress |
|           |    Vars  Clauses Literals |    Limit  Clauses Lit/Cl |          |
===============================================================================
|       100 |   64368   112433   280712 |    41225      100     19 | 26.552 % |
|       250 |   64368   112433   280712 |    45347      250     21 | 26.552 % |
|       475 |   64368   112433   280712 |    49882      475     26 | 26.553 % |
|       812 |   56117    87595   219747 |    54871      806     55 | 35.967 % |
|      1318 |   56052    87513   219558 |    60358     1310     74 | 36.041 % |
|      2077 |   55942    86946   218203 |    66393     2065     71 | 36.167 % |
|      3216 |   55463    85162   213940 |    73033     3183     70 | 36.714 % |
|      4924 |   55352    84651   212717 |    80336     4700     76 | 36.840 % |
|      7486 |   55292    84540   212468 |    88370     7255     72 | 36.909 % |
|     11330 |   55140    83764   210631 |    97207    11080     75 | 37.082 % |
|     17096 |   54980    83134   209164 |   106928    16774     70 | 37.265 % |
===============================================================================
restarts              : 63
conflicts             : 18819          (6706 /sec)
decisions             : 78959          (0.00 % random) (28138 /sec)
propagations          : 30420224       (10840698 /sec)
conflict literals     : 1320033        (42.44 % deleted)
Memory used           : 28.54 MB
CPU time              : 2.80611 s

INDETERMINATE
