Reading from standard input... Use '--help' for help.
============================[ Problem Statistics ]=============================
|                                                                             |
|  Number of variables:         69608                                         |
|  Number of clauses:          118081                                         |
|  Parse time:                   0.02 s                                       |
|                                                                             |
============================[ Search Statistics ]==============================
| Conflicts |          ORIGINAL         |          LEARNT          | Progress |
|           |    Vars  Clauses Literals |    Limit  Clauses Lit/Cl |          |
===============================================================================
===============================================================================
restarts              : 1
conflicts             : 18             (508 /sec)
decisions             : 38190          (0.00 % random) (1078387 /sec)
propagations          : 77796          (2196758 /sec)
conflict literals     : 49             (0.00 % deleted)
Memory used           : 16.75 MB
CPU time              : 0.035414 s

SATISFIABLE
