Reading from standard input... Use '--help' for help.
============================[ Problem Statistics ]=============================
|                                                                             |
|  Number of variables:         69608                                         |
|  Number of clauses:          118081                                         |
|  Parse time:                   0.02 s                                       |
|                                                                             |
============================[ Search Statistics ]==============================
| Conflicts |          ORIGINAL         |          LEARNT          | Progress |
|           |    Vars  Clauses Literals |    Limit  Clauses Lit/Cl |          |
===============================================================================
===============================================================================
restarts              : 1
conflicts             : 9              (316 /sec)
decisions             : 41669          (0.00 % random) (1461762 /sec)
propagations          : 85037          (2983126 /sec)
conflict literals     : 16             (0.00 % deleted)
Memory used           : 15.91 MB
CPU time              : 0.028506 s

SATISFIABLE
