Reading from standard input... Use '--help' for help.
============================[ Problem Statistics ]=============================
|                                                                             |
|  Number of variables:         69608                                         |
|  Number of clauses:          118081                                         |
|  Parse time:                   0.02 s                                       |
|                                                                             |
============================[ Search Statistics ]==============================
| Conflicts |          ORIGINAL         |          LEARNT          | Progress |
|           |    Vars  Clauses Literals |    Limit  Clauses Lit/Cl |          |
===============================================================================
===============================================================================
restarts              : 1
conflicts             : 31             (924 /sec)
decisions             : 3477           (0.00 % random) (103590 /sec)
propagations          : 71851          (2140652 /sec)
conflict literals     : 153            (11.05 % deleted)
Memory used           : 15.85 MB
CPU time              : 0.033565 s

UNSATISFIABLE
