Reading from standard input... Use '--help' for help.
============================[ Problem Statistics ]=============================
|                                                                             |
|  Number of variables:         69608                                         |
|  Number of clauses:          118081                                         |
|  Parse time:                   0.03 s                                       |
|                                                                             |
============================[ Search Statistics ]==============================
| Conflicts |          ORIGINAL         |          LEARNT          | Progress |
|           |    Vars  Clauses Literals |    Limit  Clauses Lit/Cl |          |
===============================================================================
===============================================================================
restarts              : 1
conflicts             : 10             (270 /sec)
decisions             : 38026          (0.00 % random) (1028174 /sec)
propagations          : 76975          (2081305 /sec)
conflict literals     : 21             (0.00 % deleted)
Memory used           : 16.41 MB
CPU time              : 0.036984 s

SATISFIABLE
