Reading from standard input... Use '--help' for help.
============================[ Problem Statistics ]=============================
|                                                                             |
|  Number of variables:         69608                                         |
|  Number of clauses:          118081                                         |
|  Parse time:                   0.02 s                                       |
|                                                                             |
============================[ Search Statistics ]==============================
| Conflicts |          ORIGINAL         |          LEARNT          | Progress |
|           |    Vars  Clauses Literals |    Limit  Clauses Lit/Cl |          |
===============================================================================
===============================================================================
restarts              : 1
conflicts             : 17             (667 /sec)
decisions             : 7280           (0.00 % random) (285669 /sec)
propagations          : 32799          (1287043 /sec)
conflict literals     : 34             (0.00 % deleted)
Memory used           : 14.23 MB
CPU time              : 0.025484 s

UNSATISFIABLE
