Reading from standard input... Use '--help' for help.
============================[ Problem Statistics ]=============================
|                                                                             |
|  Number of variables:         69608                                         |
|  Number of clauses:          118081                                         |
|  Parse time:                   0.03 s                                       |
|                                                                             |
============================[ Search Statistics ]==============================
| Conflicts |          ORIGINAL         |          LEARNT          | Progress |
|           |    Vars  Clauses Literals |    Limit  Clauses Lit/Cl |          |
===============================================================================
===============================================================================
restarts              : 1
conflicts             : 8              (222 /sec)
decisions             : 34350          (0.00 % random) (953081 /sec)
propagations          : 69630          (1931966 /sec)
conflict literals     : 28             (0.00 % deleted)
Memory used           : 15.99 MB
CPU time              : 0.036041 s

SATISFIABLE
