Reading from standard input... Use '--help' for help.
============================[ Problem Statistics ]=============================
|                                                                             |
|  Number of variables:         69608                                         |
|  Number of clauses:          118081                                         |
|  Parse time:                   0.02 s                                       |
|                                                                             |
============================[ Search Statistics ]==============================
| Conflicts |          ORIGINAL         |          LEARNT          | Progress |
|           |    Vars  Clauses Literals |    Limit  Clauses Lit/Cl |          |
===============================================================================
===============================================================================
restarts              : 1
conflicts             : 20             (721 /sec)
decisions             : 6117           (0.00 % random) (220568 /sec)
propagations          : 30452          (1098042 /sec)
conflict literals     : 62             (0.00 % deleted)
Memory used           : 14.90 MB
CPU time              : 0.027733 s

UNSATISFIABLE
