Reading from standard input... Use '--help' for help.
============================[ Problem Statistics ]=============================
|                                                                             |
|  Number of variables:         87638                                         |
|  Number of clauses:          161767                                         |
|  Parse time:                   0.03 s                                       |
|                                                                             |
============================[ Search Statistics ]==============================
| Conflicts |          ORIGINAL         |          LEARNT          | Progress |
|           |    Vars  Clauses Literals |    Limit  Clauses Lit/Cl |          |
===============================================================================
|       100 |   64668   113324   283072 |    41552      100     10 | 26.210 % |
|       250 |   64668   113324   283072 |    45707      250     23 | 26.210 % |
|       475 |   64668   113324   283072 |    50278      475     27 | 26.210 % |
|       812 |   64668   113324   283072 |    55305      812     48 | 26.210 % |
|      1318 |   64650   113250   282901 |    60836     1316     55 | 26.231 % |
|      2077 |   64607   113176   282730 |    66920     2071     75 | 26.280 % |
|      3216 |   54445    83807   210279 |    73612     3100     73 | 37.875 % |
|      4924 |   52830    76207   191024 |    80973     4273     87 | 39.718 % |
|      7486 |   52546    75012   188169 |    89070     6761     72 | 40.042 % |
|     11330 |   52420    74469   186887 |    97977    10542     67 | 40.186 % |
|     17096 |   52237    73833   185422 |   107775    15166     64 | 40.395 % |
===============================================================================
restarts              : 63
conflicts             : 17625          (8678 /sec)
decisions             : 70715          (0.00 % random) (34819 /sec)
propagations          : 21461110       (10567046 /sec)
conflict literals     : 1048866        (40.74 % deleted)
Memory used           : 30.56 MB
CPU time              : 2.03095 s

UNSATISFIABLE
