Reading from standard input... Use '--help' for help.
============================[ Problem Statistics ]=============================
|                                                                             |
|  Number of variables:         87638                                         |
|  Number of clauses:          161767                                         |
|  Parse time:                   0.03 s                                       |
|                                                                             |
============================[ Search Statistics ]==============================
| Conflicts |          ORIGINAL         |          LEARNT          | Progress |
|           |    Vars  Clauses Literals |    Limit  Clauses Lit/Cl |          |
===============================================================================
|       100 |   63222   108242   270369 |    39688      100     10 | 27.860 % |
|       250 |   63222   108242   270369 |    43657      250     18 | 27.860 % |
|       475 |   63222   108242   270369 |    48023      475     22 | 27.860 % |
|       812 |   54404    81976   205718 |    52825      799     24 | 37.922 % |
|      1318 |   54366    81803   205305 |    58108     1282     28 | 37.965 % |
|      2077 |   53895    80134   201272 |    63919     1928     37 | 38.503 % |
|      3216 |   53813    79751   200430 |    70311     3037     55 | 38.596 % |
|      4924 |   53735    79613   200095 |    77342     4732     51 | 38.685 % |
|      7486 |   53688    79366   199502 |    85076     7283     52 | 38.739 % |
===============================================================================
restarts              : 44
conflicts             : 9872           (8297 /sec)
decisions             : 44360          (0.00 % random) (37283 /sec)
propagations          : 13361760       (11230134 /sec)
conflict literals     : 514828         (37.18 % deleted)
Memory used           : 26.99 MB
CPU time              : 1.18981 s

INDETERMINATE
