Reading from standard input... Use '--help' for help.
============================[ Problem Statistics ]=============================
|                                                                             |
|  Number of variables:         69608                                         |
|  Number of clauses:          118081                                         |
|  Parse time:                   0.03 s                                       |
|                                                                             |
============================[ Search Statistics ]==============================
| Conflicts |          ORIGINAL         |          LEARNT          | Progress |
|           |    Vars  Clauses Literals |    Limit  Clauses Lit/Cl |          |
===============================================================================
===============================================================================
restarts              : 1
conflicts             : 14             (381 /sec)
decisions             : 36619          (0.00 % random) (995325 /sec)
propagations          : 74173          (2016064 /sec)
conflict literals     : 40             (0.00 % deleted)
Memory used           : 16.71 MB
CPU time              : 0.036791 s

SATISFIABLE
