Reading from standard input... Use '--help' for help.
============================[ Problem Statistics ]=============================
|                                                                             |
|  Number of variables:         87638                                         |
|  Number of clauses:          161767                                         |
|  Parse time:                   0.04 s                                       |
|                                                                             |
============================[ Search Statistics ]==============================
| Conflicts |          ORIGINAL         |          LEARNT          | Progress |
|           |    Vars  Clauses Literals |    Limit  Clauses Lit/Cl |          |
===============================================================================
|       100 |   63038   107572   268942 |    39443      100     23 | 28.070 % |
|       250 |   63038   107572   268942 |    43387      250     44 | 28.070 % |
|       475 |   63038   107572   268942 |    47726      475     39 | 28.070 % |
|       812 |   63038   107572   268942 |    52498      812     36 | 28.070 % |
|      1318 |   63038   107572   268942 |    57748     1318     56 | 28.070 % |
|      2077 |   63013   107428   268623 |    63523     1875     57 | 28.099 % |
|      3216 |   48256    65174   164922 |    69875     2964     58 | 44.937 % |
|      4924 |   47708    63194   159972 |    76863     4653     50 | 45.562 % |
|      7486 |   47252    61409   155723 |    84549     7206     50 | 46.083 % |
===============================================================================
restarts              : 46
conflicts             : 10995          (7388 /sec)
decisions             : 32583          (0.00 % random) (21894 /sec)
propagations          : 16497545       (11085205 /sec)
conflict literals     : 489608         (45.97 % deleted)
Memory used           : 29.56 MB
CPU time              : 1.48825 s

UNSATISFIABLE
