Reading from standard input... Use '--help' for help.
============================[ Problem Statistics ]=============================
|                                                                             |
|  Number of variables:         69608                                         |
|  Number of clauses:          118081                                         |
|  Parse time:                   0.03 s                                       |
|                                                                             |
============================[ Search Statistics ]==============================
| Conflicts |          ORIGINAL         |          LEARNT          | Progress |
|           |    Vars  Clauses Literals |    Limit  Clauses Lit/Cl |          |
===============================================================================
===============================================================================
restarts              : 1
conflicts             : 23             (606 /sec)
decisions             : 37265          (0.00 % random) (981200 /sec)
propagations          : 77526          (2041286 /sec)
conflict literals     : 55             (3.51 % deleted)
Memory used           : 15.58 MB
CPU time              : 0.037979 s

SATISFIABLE
