Reading from standard input... Use '--help' for help.
============================[ Problem Statistics ]=============================
|                                                                             |
|  Number of variables:         87638                                         |
|  Number of clauses:          161767                                         |
|  Parse time:                   0.04 s                                       |
|                                                                             |
============================[ Search Statistics ]==============================
| Conflicts |          ORIGINAL         |          LEARNT          | Progress |
|           |    Vars  Clauses Literals |    Limit  Clauses Lit/Cl |          |
===============================================================================
|       100 |   63225   108252   270399 |    39692      100     10 | 27.857 % |
|       250 |   63225   108252   270399 |    43661      250     36 | 27.857 % |
|       475 |   54523    82392   206762 |    48027      452     45 | 37.786 % |
|       812 |   54523    82392   206762 |    52830      789     44 | 37.786 % |
|      1318 |   54523    82392   206762 |    58113     1295     78 | 37.786 % |
|      2077 |   54494    82298   206480 |    63925     2053     70 | 37.819 % |
|      3216 |   54494    82298   206480 |    70317     3192     99 | 37.819 % |
|      4924 |   54354    81735   205153 |    77349     4872     94 | 37.979 % |
|      7486 |   54351    81727   205137 |    85084     7431     79 | 37.982 % |
===============================================================================
restarts              : 46
conflicts             : 10622          (8021 /sec)
decisions             : 44937          (0.00 % random) (33932 /sec)
propagations          : 14450466       (10911439 /sec)
conflict literals     : 792531         (32.67 % deleted)
Memory used           : 24.76 MB
CPU time              : 1.32434 s

INDETERMINATE
