Reading from standard input... Use '--help' for help.
============================[ Problem Statistics ]=============================
|                                                                             |
|  Number of variables:         69608                                         |
|  Number of clauses:          118081                                         |
|  Parse time:                   0.03 s                                       |
|                                                                             |
============================[ Search Statistics ]==============================
| Conflicts |          ORIGINAL         |          LEARNT          | Progress |
|           |    Vars  Clauses Literals |    Limit  Clauses Lit/Cl |          |
===============================================================================
|       100 |   59576    89639   221481 |    32867       95      9 | 14.412 % |
===============================================================================
restarts              : 3
conflicts             : 229            (4661 /sec)
decisions             : 6883           (0.00 % random) (140106 /sec)
propagations          : 250732         (5103752 /sec)
conflict literals     : 2838           (30.75 % deleted)
Memory used           : 16.45 MB
CPU time              : 0.049127 s

UNSATISFIABLE
