Reading from standard input... Use '--help' for help.
============================[ Problem Statistics ]=============================
|                                                                             |
|  Number of variables:         69608                                         |
|  Number of clauses:          118081                                         |
|  Parse time:                   0.02 s                                       |
|                                                                             |
============================[ Search Statistics ]==============================
| Conflicts |          ORIGINAL         |          LEARNT          | Progress |
|           |    Vars  Clauses Literals |    Limit  Clauses Lit/Cl |          |
===============================================================================
===============================================================================
restarts              : 1
conflicts             : 10             (308 /sec)
decisions             : 2342           (0.00 % random) (72075 /sec)
propagations          : 20309          (625008 /sec)
conflict literals     : 29             (0.00 % deleted)
Memory used           : 15.60 MB
CPU time              : 0.032494 s

UNSATISFIABLE
