Reading from standard input... Use '--help' for help.
============================[ Problem Statistics ]=============================
|                                                                             |
|  Number of variables:         69608                                         |
|  Number of clauses:          118081                                         |
|  Parse time:                   0.02 s                                       |
|                                                                             |
============================[ Search Statistics ]==============================
| Conflicts |          ORIGINAL         |          LEARNT          | Progress |
|           |    Vars  Clauses Literals |    Limit  Clauses Lit/Cl |          |
===============================================================================
|       100 |   57190    83881   207727 |    30756       92      8 | 17.840 % |
===============================================================================
restarts              : 2
conflicts             : 199            (5105 /sec)
decisions             : 4269           (0.00 % random) (109504 /sec)
propagations          : 250916         (6436219 /sec)
conflict literals     : 1251           (15.59 % deleted)
Memory used           : 15.38 MB
CPU time              : 0.038985 s

UNSATISFIABLE
