Reading from standard input... Use '--help' for help.
============================[ Problem Statistics ]=============================
|                                                                             |
|  Number of variables:         69608                                         |
|  Number of clauses:          118081                                         |
|  Parse time:                   0.03 s                                       |
|                                                                             |
============================[ Search Statistics ]==============================
| Conflicts |          ORIGINAL         |          LEARNT          | Progress |
|           |    Vars  Clauses Literals |    Limit  Clauses Lit/Cl |          |
===============================================================================
===============================================================================
restarts              : 1
conflicts             : 20             (604 /sec)
decisions             : 4461           (0.00 % random) (134749 /sec)
propagations          : 27255          (823265 /sec)
conflict literals     : 62             (0.00 % deleted)
Memory used           : 15.27 MB
CPU time              : 0.033106 s

UNSATISFIABLE
