Reading from standard input... Use '--help' for help.
============================[ Problem Statistics ]=============================
|                                                                             |
|  Number of variables:         69608                                         |
|  Number of clauses:          118081                                         |
|  Parse time:                   0.03 s                                       |
|                                                                             |
============================[ Search Statistics ]==============================
| Conflicts |          ORIGINAL         |          LEARNT          | Progress |
|           |    Vars  Clauses Literals |    Limit  Clauses Lit/Cl |          |
===============================================================================
===============================================================================
restarts              : 1
conflicts             : 30             (680 /sec)
decisions             : 42913          (0.00 % random) (972312 /sec)
propagations          : 97497          (2209063 /sec)
conflict literals     : 239            (8.43 % deleted)
Memory used           : 15.80 MB
CPU time              : 0.044135 s

SATISFIABLE
