Reading from standard input... Use '--help' for help.
============================[ Problem Statistics ]=============================
|                                                                             |
|  Number of variables:         87638                                         |
|  Number of clauses:          161767                                         |
|  Parse time:                   0.04 s                                       |
|                                                                             |
============================[ Search Statistics ]==============================
| Conflicts |          ORIGINAL         |          LEARNT          | Progress |
|           |    Vars  Clauses Literals |    Limit  Clauses Lit/Cl |          |
===============================================================================
|       100 |   62653   106071   265239 |    38892      100     23 | 28.509 % |
|       250 |   62653   106071   265239 |    42781      250     53 | 28.510 % |
|       475 |   62653   106071   265239 |    47060      475    141 | 28.509 % |
|       812 |   62634   105953   264978 |    51766      760    109 | 28.531 % |
|      1318 |   62634   105953   264978 |    56942     1266    101 | 28.531 % |
|      2077 |   62634   105953   264978 |    62637     2025    100 | 28.531 % |
|      3216 |   62634   105953   264978 |    68900     3164     81 | 28.531 % |
===============================================================================
restarts              : 17
conflicts             : 3410           (6255 /sec)
decisions             : 10374          (0.00 % random) (19030 /sec)
propagations          : 4796338        (8798538 /sec)
conflict literals     : 265299         (56.48 % deleted)
Memory used           : 24.29 MB
CPU time              : 0.545129 s

UNSATISFIABLE
