Reading from standard input... Use '--help' for help.
============================[ Problem Statistics ]=============================
|                                                                             |
|  Number of variables:         87638                                         |
|  Number of clauses:          161767                                         |
|  Parse time:                   0.04 s                                       |
|                                                                             |
============================[ Search Statistics ]==============================
| Conflicts |          ORIGINAL         |          LEARNT          | Progress |
|           |    Vars  Clauses Literals |    Limit  Clauses Lit/Cl |          |
===============================================================================
|       100 |   63945   110766   276719 |    40614      100     27 | 27.035 % |
|       250 |   63945   110766   276719 |    44675      250     42 | 27.035 % |
|       475 |   63945   110766   276719 |    49143      475     72 | 27.035 % |
|       812 |   63945   110766   276719 |    54057      812     65 | 27.035 % |
|      1318 |   55142    84506   212218 |    59463     1249     60 | 37.080 % |
|      2077 |   55017    84035   211101 |    65409     1930     58 | 37.222 % |
|      3216 |   54914    83615   210046 |    71950     3068     75 | 37.340 % |
|      4924 |   54685    82589   207563 |    79145     4706     67 | 37.601 % |
|      7486 |   54589    82197   206633 |    87060     7230     69 | 37.711 % |
|     11330 |   53990    80217   201625 |    95766    10876     69 | 38.394 % |
|     17096 |   53263    77715   195671 |   105342    15430     66 | 39.224 % |
|     25745 |   53076    76503   192850 |   115877    21634     63 | 39.437 % |
===============================================================================
restarts              : 108
conflicts             : 29350          (7403 /sec)
decisions             : 87797          (0.00 % random) (22145 /sec)
propagations          : 42581862       (10740552 /sec)
conflict literals     : 1731184        (48.68 % deleted)
Memory used           : 40.10 MB
CPU time              : 3.96459 s

UNSATISFIABLE
