Reading from standard input... Use '--help' for help.
============================[ Problem Statistics ]=============================
|                                                                             |
|  Number of variables:         69608                                         |
|  Number of clauses:          118081                                         |
|  Parse time:                   0.02 s                                       |
|                                                                             |
============================[ Search Statistics ]==============================
| Conflicts |          ORIGINAL         |          LEARNT          | Progress |
|           |    Vars  Clauses Literals |    Limit  Clauses Lit/Cl |          |
===============================================================================
===============================================================================
restarts              : 1
conflicts             : 14             (600 /sec)
decisions             : 4384           (0.00 % random) (187768 /sec)
propagations          : 23792          (1019017 /sec)
conflict literals     : 37             (0.00 % deleted)
Memory used           : 16.77 MB
CPU time              : 0.023348 s

UNSATISFIABLE
