Reading from standard input... Use '--help' for help.
============================[ Problem Statistics ]=============================
|                                                                             |
|  Number of variables:         69608                                         |
|  Number of clauses:          118081                                         |
|  Parse time:                   0.02 s                                       |
|                                                                             |
============================[ Search Statistics ]==============================
| Conflicts |          ORIGINAL         |          LEARNT          | Progress |
|           |    Vars  Clauses Literals |    Limit  Clauses Lit/Cl |          |
===============================================================================
===============================================================================
restarts              : 1
conflicts             : 14             (472 /sec)
decisions             : 3140           (0.00 % random) (105967 /sec)
propagations          : 25114          (847530 /sec)
conflict literals     : 26             (3.70 % deleted)
Memory used           : 15.50 MB
CPU time              : 0.029632 s

UNSATISFIABLE
