Reading from standard input... Use '--help' for help.
============================[ Problem Statistics ]=============================
|                                                                             |
|  Number of variables:         69608                                         |
|  Number of clauses:          118081                                         |
|  Parse time:                   0.02 s                                       |
|                                                                             |
============================[ Search Statistics ]==============================
| Conflicts |          ORIGINAL         |          LEARNT          | Progress |
|           |    Vars  Clauses Literals |    Limit  Clauses Lit/Cl |          |
===============================================================================
===============================================================================
restarts              : 1
conflicts             : 11             (389 /sec)
decisions             : 38160          (0.00 % random) (1349077 /sec)
propagations          : 82704          (2923849 /sec)
conflict literals     : 32             (0.00 % deleted)
Memory used           : 15.95 MB
CPU time              : 0.028286 s

SATISFIABLE
