Reading from standard input... Use '--help' for help.
============================[ Problem Statistics ]=============================
|                                                                             |
|  Number of variables:         69608                                         |
|  Number of clauses:          118081                                         |
|  Parse time:                   0.03 s                                       |
|                                                                             |
============================[ Search Statistics ]==============================
| Conflicts |          ORIGINAL         |          LEARNT          | Progress |
|           |    Vars  Clauses Literals |    Limit  Clauses Lit/Cl |          |
===============================================================================
|       100 |   55052    81393   201454 |    29844       92      7 | 20.911 % |
===============================================================================
restarts              : 2
conflicts             : 103            (2526 /sec)
decisions             : 4083           (0.00 % random) (100142 /sec)
propagations          : 135188         (3315707 /sec)
conflict literals     : 662            (16.62 % deleted)
Memory used           : 15.78 MB
CPU time              : 0.040772 s

UNSATISFIABLE
