Reading from standard input... Use '--help' for help.
============================[ Problem Statistics ]=============================
|                                                                             |
|  Number of variables:         87638                                         |
|  Number of clauses:          161767                                         |
|  Parse time:                   0.04 s                                       |
|                                                                             |
============================[ Search Statistics ]==============================
| Conflicts |          ORIGINAL         |          LEARNT          | Progress |
|           |    Vars  Clauses Literals |    Limit  Clauses Lit/Cl |          |
===============================================================================
|       100 |   63053   107654   268978 |    39473      100     11 | 28.053 % |
|       250 |   63053   107654   268978 |    43420      250     33 | 28.053 % |
|       475 |   63053   107654   268978 |    47762      475     40 | 28.053 % |
|       812 |   63053   107654   268978 |    52538      812     59 | 28.053 % |
|      1318 |   63053   107654   268978 |    57792     1318    104 | 28.053 % |
|      2077 |   63053   107654   268978 |    63571     2077     87 | 28.053 % |
|      3216 |   63053   107654   268978 |    69929     3216    109 | 28.053 % |
|      4924 |   62941   107518   268677 |    76921     4918     95 | 28.181 % |
|      7486 |   62881   106873   267198 |    84614     7150    102 | 28.249 % |
===============================================================================
restarts              : 41
conflicts             : 9480           (6156 /sec)
decisions             : 42249          (0.00 % random) (27433 /sec)
propagations          : 15571852       (10111231 /sec)
conflict literals     : 984582         (44.70 % deleted)
Memory used           : 26.31 MB
CPU time              : 1.54005 s

INDETERMINATE
