Reading from standard input... Use '--help' for help.
============================[ Problem Statistics ]=============================
|                                                                             |
|  Number of variables:         69608                                         |
|  Number of clauses:          118081                                         |
|  Parse time:                   0.02 s                                       |
|                                                                             |
============================[ Search Statistics ]==============================
| Conflicts |          ORIGINAL         |          LEARNT          | Progress |
|           |    Vars  Clauses Literals |    Limit  Clauses Lit/Cl |          |
===============================================================================
===============================================================================
restarts              : 1
conflicts             : 8              (302 /sec)
decisions             : 5164           (0.00 % random) (194949 /sec)
propagations          : 29383          (1109253 /sec)
conflict literals     : 13             (0.00 % deleted)
Memory used           : 14.93 MB
CPU time              : 0.026489 s

UNSATISFIABLE
