Reading from standard input... Use '--help' for help.
============================[ Problem Statistics ]=============================
|                                                                             |
|  Number of variables:         69608                                         |
|  Number of clauses:          118081                                         |
|  Parse time:                   0.02 s                                       |
|                                                                             |
============================[ Search Statistics ]==============================
| Conflicts |          ORIGINAL         |          LEARNT          | Progress |
|           |    Vars  Clauses Literals |    Limit  Clauses Lit/Cl |          |
===============================================================================
===============================================================================
restarts              : 1
conflicts             : 32             (1207 /sec)
decisions             : 33944          (0.00 % random) (1279988 /sec)
propagations          : 69690          (2627927 /sec)
conflict literals     : 118            (0.00 % deleted)
Memory used           : 15.17 MB
CPU time              : 0.026519 s

SATISFIABLE
