Reading from standard input... Use '--help' for help.
============================[ Problem Statistics ]=============================
|                                                                             |
|  Number of variables:         69608                                         |
|  Number of clauses:          118081                                         |
|  Parse time:                   0.03 s                                       |
|                                                                             |
============================[ Search Statistics ]==============================
| Conflicts |          ORIGINAL         |          LEARNT          | Progress |
|           |    Vars  Clauses Literals |    Limit  Clauses Lit/Cl |          |
===============================================================================
===============================================================================
restarts              : 1
conflicts             : 10             (246 /sec)
decisions             : 38018          (0.00 % random) (937096 /sec)
propagations          : 77297          (1905275 /sec)
conflict literals     : 21             (0.00 % deleted)
Memory used           : 16.16 MB
CPU time              : 0.04057 s

SATISFIABLE
