Reading from standard input... Use '--help' for help.
============================[ Problem Statistics ]=============================
|                                                                             |
|  Number of variables:         69608                                         |
|  Number of clauses:          118081                                         |
|  Parse time:                   0.03 s                                       |
|                                                                             |
============================[ Search Statistics ]==============================
| Conflicts |          ORIGINAL         |          LEARNT          | Progress |
|           |    Vars  Clauses Literals |    Limit  Clauses Lit/Cl |          |
===============================================================================
===============================================================================
restarts              : 1
conflicts             : 12             (351 /sec)
decisions             : 1479           (0.00 % random) (43252 /sec)
propagations          : 35235          (1030414 /sec)
conflict literals     : 17             (10.53 % deleted)
Memory used           : 17.32 MB
CPU time              : 0.034195 s

UNSATISFIABLE
