Reading from standard input... Use '--help' for help.
============================[ Problem Statistics ]=============================
|                                                                             |
|  Number of variables:         69608                                         |
|  Number of clauses:          118081                                         |
|  Parse time:                   0.03 s                                       |
|                                                                             |
============================[ Search Statistics ]==============================
| Conflicts |          ORIGINAL         |          LEARNT          | Progress |
|           |    Vars  Clauses Literals |    Limit  Clauses Lit/Cl |          |
===============================================================================
===============================================================================
restarts              : 1
conflicts             : 20             (529 /sec)
decisions             : 6632           (0.00 % random) (175362 /sec)
propagations          : 30921          (817605 /sec)
conflict literals     : 62             (0.00 % deleted)
Memory used           : 17.04 MB
CPU time              : 0.037819 s

UNSATISFIABLE
