Reading from standard input... Use '--help' for help.
============================[ Problem Statistics ]=============================
|                                                                             |
|  Number of variables:         87638                                         |
|  Number of clauses:          161767                                         |
|  Parse time:                   0.04 s                                       |
|                                                                             |
============================[ Search Statistics ]==============================
| Conflicts |          ORIGINAL         |          LEARNT          | Progress |
|           |    Vars  Clauses Literals |    Limit  Clauses Lit/Cl |          |
===============================================================================
|       100 |   64365   112449   280649 |    41231      100     46 | 26.556 % |
|       250 |   64365   112449   280649 |    45354      250     75 | 26.556 % |
|       475 |   64364   112405   280559 |    49889      474     79 | 26.557 % |
|       812 |   64364   112405   280559 |    54878      811     88 | 26.557 % |
|      1318 |   64364   112405   280559 |    60366     1317     72 | 26.557 % |
|      2077 |   57018    90025   225583 |    66403     2069     63 | 34.939 % |
|      3216 |   57016    90017   225565 |    73043     3205     64 | 34.941 % |
|      4924 |   56959    89777   224997 |    80348     4852     64 | 35.007 % |
|      7486 |   56712    89291   223865 |    88382     7371     67 | 35.288 % |
|     11330 |   56304    87352   219193 |    97221    10996     74 | 35.754 % |
|     17096 |   56230    87169   218760 |   106943    16753     73 | 35.838 % |
===============================================================================
restarts              : 78
conflicts             : 21723          (7335 /sec)
decisions             : 92126          (0.00 % random) (31107 /sec)
propagations          : 32295982       (10904962 /sec)
conflict literals     : 1618834        (43.45 % deleted)
Memory used           : 43.09 MB
CPU time              : 2.96159 s

INDETERMINATE
