Reading from standard input... Use '--help' for help.
============================[ Problem Statistics ]=============================
|                                                                             |
|  Number of variables:         69608                                         |
|  Number of clauses:          118081                                         |
|  Parse time:                   0.02 s                                       |
|                                                                             |
============================[ Search Statistics ]==============================
| Conflicts |          ORIGINAL         |          LEARNT          | Progress |
|           |    Vars  Clauses Literals |    Limit  Clauses Lit/Cl |          |
===============================================================================
===============================================================================
restarts              : 1
conflicts             : 10             (270 /sec)
decisions             : 37998          (0.00 % random) (1025642 /sec)
propagations          : 76744          (2071475 /sec)
conflict literals     : 21             (0.00 % deleted)
Memory used           : 16.80 MB
CPU time              : 0.037048 s

SATISFIABLE
