Reading from standard input... Use '--help' for help.
============================[ Problem Statistics ]=============================
|                                                                             |
|  Number of variables:         69608                                         |
|  Number of clauses:          118081                                         |
|  Parse time:                   0.03 s                                       |
|                                                                             |
============================[ Search Statistics ]==============================
| Conflicts |          ORIGINAL         |          LEARNT          | Progress |
|           |    Vars  Clauses Literals |    Limit  Clauses Lit/Cl |          |
===============================================================================
===============================================================================
restarts              : 1
conflicts             : 18             (479 /sec)
decisions             : 2426           (0.00 % random) (64538 /sec)
propagations          : 19343          (514578 /sec)
conflict literals     : 59             (0.00 % deleted)
Memory used           : 16.21 MB
CPU time              : 0.03759 s

UNSATISFIABLE
