Reading from standard input... Use '--help' for help.
============================[ Problem Statistics ]=============================
|                                                                             |
|  Number of variables:         87638                                         |
|  Number of clauses:          161767                                         |
|  Parse time:                   0.04 s                                       |
|                                                                             |
============================[ Search Statistics ]==============================
| Conflicts |          ORIGINAL         |          LEARNT          | Progress |
|           |    Vars  Clauses Literals |    Limit  Clauses Lit/Cl |          |
===============================================================================
|       100 |   63141   107930   269775 |    39574      100     12 | 27.952 % |
|       250 |   63114   107897   269691 |    43531      247     13 | 27.983 % |
|       475 |   63105   107798   269427 |    47884      458     21 | 27.994 % |
|       812 |   63069   107765   269339 |    52673      788     39 | 28.035 % |
|      1318 |   63044   107522   268756 |    57940     1269     60 | 28.063 % |
|      2077 |   63044   107522   268756 |    63734     2028     68 | 28.063 % |
|      3216 |   63044   107522   268756 |    70108     3167     70 | 28.063 % |
|      4924 |   63015   107404   268482 |    77119     4873     72 | 28.096 % |
|      7486 |   62967   107214   268025 |    84831     7433     86 | 28.151 % |
===============================================================================
restarts              : 39
conflicts             : 9301           (6210 /sec)
decisions             : 42658          (0.00 % random) (28483 /sec)
propagations          : 14789938       (9875391 /sec)
conflict literals     : 783000         (47.87 % deleted)
Memory used           : 27.42 MB
CPU time              : 1.49766 s

INDETERMINATE
