Reading from standard input... Use '--help' for help.
============================[ Problem Statistics ]=============================
|                                                                             |
|  Number of variables:         69608                                         |
|  Number of clauses:          118081                                         |
|  Parse time:                   0.02 s                                       |
|                                                                             |
============================[ Search Statistics ]==============================
| Conflicts |          ORIGINAL         |          LEARNT          | Progress |
|           |    Vars  Clauses Literals |    Limit  Clauses Lit/Cl |          |
===============================================================================
===============================================================================
restarts              : 1
conflicts             : 64             (1692 /sec)
decisions             : 49038          (0.00 % random) (1296376 /sec)
propagations          : 171829         (4542496 /sec)
conflict literals     : 682            (5.54 % deleted)
Memory used           : 15.89 MB
CPU time              : 0.037827 s

SATISFIABLE
