Reading from standard input... Use '--help' for help.
============================[ Problem Statistics ]=============================
|                                                                             |
|  Number of variables:         69608                                         |
|  Number of clauses:          118081                                         |
|  Parse time:                   0.03 s                                       |
|                                                                             |
============================[ Search Statistics ]==============================
| Conflicts |          ORIGINAL         |          LEARNT          | Progress |
|           |    Vars  Clauses Literals |    Limit  Clauses Lit/Cl |          |
===============================================================================
===============================================================================
restarts              : 1
conflicts             : 24             (614 /sec)
decisions             : 34132          (0.00 % random) (872763 /sec)
propagations          : 69670          (1781477 /sec)
conflict literals     : 88             (0.00 % deleted)
Memory used           : 16.46 MB
CPU time              : 0.039108 s

SATISFIABLE
