Reading from standard input... Use '--help' for help.
============================[ Problem Statistics ]=============================
|                                                                             |
|  Number of variables:         69608                                         |
|  Number of clauses:          118081                                         |
|  Parse time:                   0.03 s                                       |
|                                                                             |
============================[ Search Statistics ]==============================
| Conflicts |          ORIGINAL         |          LEARNT          | Progress |
|           |    Vars  Clauses Literals |    Limit  Clauses Lit/Cl |          |
===============================================================================
===============================================================================
restarts              : 1
conflicts             : 44             (1247 /sec)
decisions             : 39613          (0.00 % random) (1122658 /sec)
propagations          : 79449          (2251637 /sec)
conflict literals     : 146            (0.00 % deleted)
Memory used           : 13.51 MB
CPU time              : 0.035285 s

SATISFIABLE
