Reading from standard input... Use '--help' for help.
============================[ Problem Statistics ]=============================
|                                                                             |
|  Number of variables:         69608                                         |
|  Number of clauses:          118081                                         |
|  Parse time:                   0.03 s                                       |
|                                                                             |
============================[ Search Statistics ]==============================
| Conflicts |          ORIGINAL         |          LEARNT          | Progress |
|           |    Vars  Clauses Literals |    Limit  Clauses Lit/Cl |          |
===============================================================================
===============================================================================
restarts              : 1
conflicts             : 49             (1074 /sec)
decisions             : 38544          (0.00 % random) (844781 /sec)
propagations          : 98034          (2148643 /sec)
conflict literals     : 484            (0.82 % deleted)
Memory used           : 14.24 MB
CPU time              : 0.045626 s

SATISFIABLE
