Reading from standard input... Use '--help' for help.
============================[ Problem Statistics ]=============================
|                                                                             |
|  Number of variables:         69608                                         |
|  Number of clauses:          118081                                         |
|  Parse time:                   0.01 s                                       |
|                                                                             |
============================[ Search Statistics ]==============================
| Conflicts |          ORIGINAL         |          LEARNT          | Progress |
|           |    Vars  Clauses Literals |    Limit  Clauses Lit/Cl |          |
===============================================================================
===============================================================================
restarts              : 1
conflicts             : 80             (3703 /sec)
decisions             : 34996          (0.00 % random) (1620035 /sec)
propagations          : 69810          (3231645 /sec)
conflict literals     : 298            (0.00 % deleted)
Memory used           : 14.06 MB
CPU time              : 0.021602 s

SATISFIABLE
