Reading from standard input... Use '--help' for help.
============================[ Problem Statistics ]=============================
|                                                                             |
|  Number of variables:         87638                                         |
|  Number of clauses:          161767                                         |
|  Parse time:                   0.03 s                                       |
|                                                                             |
============================[ Search Statistics ]==============================
| Conflicts |          ORIGINAL         |          LEARNT          | Progress |
|           |    Vars  Clauses Literals |    Limit  Clauses Lit/Cl |          |
===============================================================================
|       100 |   63183   108145   270077 |    39653      100     12 | 27.905 % |
|       250 |   63183   108145   270077 |    43618      250     15 | 27.905 % |
|       475 |   63183   108145   270077 |    47980      475     49 | 27.905 % |
|       812 |   63182   108101   269987 |    52778      811     67 | 27.906 % |
|      1318 |   63182   108101   269987 |    58056     1317    103 | 27.906 % |
|      2077 |   63182   108101   269987 |    63861     2076     94 | 27.906 % |
|      3216 |   63182   108101   269987 |    70248     3215     89 | 27.906 % |
|      4924 |   63163   108025   269807 |    77272     4921     79 | 27.927 % |
|      7486 |   63123   107863   269433 |    85000     7481     79 | 27.973 % |
|     11330 |   63123   107863   269433 |    93500    11325     84 | 27.973 % |
|     17096 |   55502    84131   211283 |   102850    16308     81 | 36.669 % |
===============================================================================
restarts              : 85
conflicts             : 23396          (8160 /sec)
decisions             : 75850          (0.00 % random) (26455 /sec)
propagations          : 36113720       (12595602 /sec)
conflict literals     : 1717822        (52.37 % deleted)
Memory used           : 37.87 MB
CPU time              : 2.86717 s

UNSATISFIABLE
