Reading from standard input... Use '--help' for help.
============================[ Problem Statistics ]=============================
|                                                                             |
|  Number of variables:         69608                                         |
|  Number of clauses:          118081                                         |
|  Parse time:                   0.03 s                                       |
|                                                                             |
============================[ Search Statistics ]==============================
| Conflicts |          ORIGINAL         |          LEARNT          | Progress |
|           |    Vars  Clauses Literals |    Limit  Clauses Lit/Cl |          |
===============================================================================
===============================================================================
restarts              : 1
conflicts             : 44             (1130 /sec)
decisions             : 40989          (0.00 % random) (1053133 /sec)
propagations          : 88135          (2264459 /sec)
conflict literals     : 142            (0.00 % deleted)
Memory used           : 15.98 MB
CPU time              : 0.038921 s

SATISFIABLE
