Reading from standard input... Use '--help' for help.
============================[ Problem Statistics ]=============================
|                                                                             |
|  Number of variables:         69608                                         |
|  Number of clauses:          118081                                         |
|  Parse time:                   0.02 s                                       |
|                                                                             |
============================[ Search Statistics ]==============================
| Conflicts |          ORIGINAL         |          LEARNT          | Progress |
|           |    Vars  Clauses Literals |    Limit  Clauses Lit/Cl |          |
===============================================================================
===============================================================================
restarts              : 1
conflicts             : 9              (322 /sec)
decisions             : 34696          (0.00 % random) (1240029 /sec)
propagations          : 70264          (2511222 /sec)
conflict literals     : 30             (0.00 % deleted)
Memory used           : 15.91 MB
CPU time              : 0.02798 s

SATISFIABLE
