Reading from standard input... Use '--help' for help.
============================[ Problem Statistics ]=============================
|                                                                             |
|  Number of variables:         69608                                         |
|  Number of clauses:          118081                                         |
|  Parse time:                   0.02 s                                       |
|                                                                             |
============================[ Search Statistics ]==============================
| Conflicts |          ORIGINAL         |          LEARNT          | Progress |
|           |    Vars  Clauses Literals |    Limit  Clauses Lit/Cl |          |
===============================================================================
===============================================================================
restarts              : 1
conflicts             : 41             (1256 /sec)
decisions             : 7962           (0.00 % random) (243867 /sec)
propagations          : 27827          (852308 /sec)
conflict literals     : 133            (0.00 % deleted)
Memory used           : 14.41 MB
CPU time              : 0.032649 s

UNSATISFIABLE
