Reading from standard input... Use '--help' for help.
============================[ Problem Statistics ]=============================
|                                                                             |
|  Number of variables:         69608                                         |
|  Number of clauses:          118081                                         |
|  Parse time:                   0.02 s                                       |
|                                                                             |
============================[ Search Statistics ]==============================
| Conflicts |          ORIGINAL         |          LEARNT          | Progress |
|           |    Vars  Clauses Literals |    Limit  Clauses Lit/Cl |          |
===============================================================================
===============================================================================
restarts              : 1
conflicts             : 12             (374 /sec)
decisions             : 39542          (0.00 % random) (1231531 /sec)
propagations          : 78976          (2459699 /sec)
conflict literals     : 28             (0.00 % deleted)
Memory used           : 14.76 MB
CPU time              : 0.032108 s

SATISFIABLE
