Reading from standard input... Use '--help' for help.
============================[ Problem Statistics ]=============================
|                                                                             |
|  Number of variables:         69608                                         |
|  Number of clauses:          118081                                         |
|  Parse time:                   0.02 s                                       |
|                                                                             |
============================[ Search Statistics ]==============================
| Conflicts |          ORIGINAL         |          LEARNT          | Progress |
|           |    Vars  Clauses Literals |    Limit  Clauses Lit/Cl |          |
===============================================================================
===============================================================================
restarts              : 1
conflicts             : 24             (677 /sec)
decisions             : 34128          (0.00 % random) (963116 /sec)
propagations          : 69670          (1966135 /sec)
conflict literals     : 88             (0.00 % deleted)
Memory used           : 16.38 MB
CPU time              : 0.035435 s

SATISFIABLE
