Reading from standard input... Use '--help' for help.
============================[ Problem Statistics ]=============================
|                                                                             |
|  Number of variables:         87638                                         |
|  Number of clauses:          161767                                         |
|  Parse time:                   0.03 s                                       |
|                                                                             |
============================[ Search Statistics ]==============================
| Conflicts |          ORIGINAL         |          LEARNT          | Progress |
|           |    Vars  Clauses Literals |    Limit  Clauses Lit/Cl |          |
===============================================================================
|       100 |   63134   107911   269743 |    39567      100     27 | 27.960 % |
|       250 |   63114   107827   269550 |    43524      249     25 | 27.983 % |
|       475 |   63114   107827   269550 |    47876      474     36 | 27.983 % |
|       812 |   63114   107827   269550 |    52664      811     66 | 27.983 % |
|      1318 |   63113   107783   269460 |    57930     1315     61 | 27.984 % |
|      2077 |   63113   107783   269460 |    63723     2074     66 | 27.984 % |
|      3216 |   63113   107783   269460 |    70096     3213     76 | 27.984 % |
|      4924 |   63072   107588   269070 |    77105     4919     76 | 28.031 % |
|      7486 |   50895    71985   181634 |    84816     7352     79 | 41.926 % |
|     11330 |   50628    70892   179115 |    93297    10750     73 | 42.231 % |
|     17096 |   50203    69108   174881 |   102627    14731     68 | 42.715 % |
===============================================================================
restarts              : 79
conflicts             : 22525          (8250 /sec)
decisions             : 66812          (0.00 % random) (24472 /sec)
propagations          : 32487737       (11899494 /sec)
conflict literals     : 1395262        (48.67 % deleted)
Memory used           : 33.88 MB
CPU time              : 2.73018 s

UNSATISFIABLE
