Reading from standard input... Use '--help' for help.
============================[ Problem Statistics ]=============================
|                                                                             |
|  Number of variables:         69608                                         |
|  Number of clauses:          118081                                         |
|  Parse time:                   0.03 s                                       |
|                                                                             |
============================[ Search Statistics ]==============================
| Conflicts |          ORIGINAL         |          LEARNT          | Progress |
|           |    Vars  Clauses Literals |    Limit  Clauses Lit/Cl |          |
===============================================================================
===============================================================================
restarts              : 1
conflicts             : 6              (152 /sec)
decisions             : 38700          (0.00 % random) (979821 /sec)
propagations          : 80153          (2029344 /sec)
conflict literals     : 11             (0.00 % deleted)
Memory used           : 16.29 MB
CPU time              : 0.039497 s

SATISFIABLE
