Reading from standard input... Use '--help' for help.
============================[ Problem Statistics ]=============================
|                                                                             |
|  Number of variables:         69608                                         |
|  Number of clauses:          118081                                         |
|  Parse time:                   0.02 s                                       |
|                                                                             |
============================[ Search Statistics ]==============================
| Conflicts |          ORIGINAL         |          LEARNT          | Progress |
|           |    Vars  Clauses Literals |    Limit  Clauses Lit/Cl |          |
===============================================================================
===============================================================================
restarts              : 1
conflicts             : 19             (570 /sec)
decisions             : 8239           (0.00 % random) (247351 /sec)
propagations          : 33844          (1016062 /sec)
conflict literals     : 60             (0.00 % deleted)
Memory used           : 14.28 MB
CPU time              : 0.033309 s

UNSATISFIABLE
