Reading from standard input... Use '--help' for help.
============================[ Problem Statistics ]=============================
|                                                                             |
|  Number of variables:         69608                                         |
|  Number of clauses:          118081                                         |
|  Parse time:                   0.03 s                                       |
|                                                                             |
============================[ Search Statistics ]==============================
| Conflicts |          ORIGINAL         |          LEARNT          | Progress |
|           |    Vars  Clauses Literals |    Limit  Clauses Lit/Cl |          |
===============================================================================
===============================================================================
restarts              : 1
conflicts             : 11             (312 /sec)
decisions             : 34666          (0.00 % random) (984690 /sec)
propagations          : 70330          (1997728 /sec)
conflict literals     : 34             (0.00 % deleted)
Memory used           : 15.77 MB
CPU time              : 0.035205 s

SATISFIABLE
