Reading from standard input... Use '--help' for help.
============================[ Problem Statistics ]=============================
|                                                                             |
|  Number of variables:         69608                                         |
|  Number of clauses:          118081                                         |
|  Parse time:                   0.02 s                                       |
|                                                                             |
============================[ Search Statistics ]==============================
| Conflicts |          ORIGINAL         |          LEARNT          | Progress |
|           |    Vars  Clauses Literals |    Limit  Clauses Lit/Cl |          |
===============================================================================
===============================================================================
restarts              : 1
conflicts             : 43             (1379 /sec)
decisions             : 34643          (0.00 % random) (1111172 /sec)
propagations          : 70612          (2264875 /sec)
conflict literals     : 154            (0.00 % deleted)
Memory used           : 16.00 MB
CPU time              : 0.031177 s

SATISFIABLE
