Reading from standard input... Use '--help' for help.
============================[ Problem Statistics ]=============================
|                                                                             |
|  Number of variables:         69608                                         |
|  Number of clauses:          118081                                         |
|  Parse time:                   0.03 s                                       |
|                                                                             |
============================[ Search Statistics ]==============================
| Conflicts |          ORIGINAL         |          LEARNT          | Progress |
|           |    Vars  Clauses Literals |    Limit  Clauses Lit/Cl |          |
===============================================================================
===============================================================================
restarts              : 1
conflicts             : 12             (321 /sec)
decisions             : 37847          (0.00 % random) (1012629 /sec)
propagations          : 79314          (2122114 /sec)
conflict literals     : 24             (0.00 % deleted)
Memory used           : 17.77 MB
CPU time              : 0.037375 s

SATISFIABLE
