Reading from standard input... Use '--help' for help.
============================[ Problem Statistics ]=============================
|                                                                             |
|  Number of variables:         69608                                         |
|  Number of clauses:          118081                                         |
|  Parse time:                   0.03 s                                       |
|                                                                             |
============================[ Search Statistics ]==============================
| Conflicts |          ORIGINAL         |          LEARNT          | Progress |
|           |    Vars  Clauses Literals |    Limit  Clauses Lit/Cl |          |
===============================================================================
===============================================================================
restarts              : 1
conflicts             : 21             (501 /sec)
decisions             : 9571           (0.00 % random) (228245 /sec)
propagations          : 35375          (843608 /sec)
conflict literals     : 49             (3.92 % deleted)
Memory used           : 15.79 MB
CPU time              : 0.041933 s

UNSATISFIABLE
