Reading from standard input... Use '--help' for help.
============================[ Problem Statistics ]=============================
|                                                                             |
|  Number of variables:         69608                                         |
|  Number of clauses:          118081                                         |
|  Parse time:                   0.02 s                                       |
|                                                                             |
============================[ Search Statistics ]==============================
| Conflicts |          ORIGINAL         |          LEARNT          | Progress |
|           |    Vars  Clauses Literals |    Limit  Clauses Lit/Cl |          |
===============================================================================
===============================================================================
restarts              : 1
conflicts             : 3              (91 /sec)
decisions             : 34633          (0.00 % random) (1045493 /sec)
propagations          : 70302          (2122260 /sec)
conflict literals     : 6              (0.00 % deleted)
Memory used           : 15.88 MB
CPU time              : 0.033126 s

SATISFIABLE
