Reading from standard input... Use '--help' for help.
============================[ Problem Statistics ]=============================
|                                                                             |
|  Number of variables:         69608                                         |
|  Number of clauses:          118081                                         |
|  Parse time:                   0.04 s                                       |
|                                                                             |
============================[ Search Statistics ]==============================
| Conflicts |          ORIGINAL         |          LEARNT          | Progress |
|           |    Vars  Clauses Literals |    Limit  Clauses Lit/Cl |          |
===============================================================================
===============================================================================
restarts              : 1
conflicts             : 54             (946 /sec)
decisions             : 69681          (0.00 % random) (1220803 /sec)
propagations          : 137272         (2404990 /sec)
conflict literals     : 172            (0.00 % deleted)
Memory used           : 16.25 MB
CPU time              : 0.057078 s

SATISFIABLE
