Reading from standard input... Use '--help' for help.
============================[ Problem Statistics ]=============================
|                                                                             |
|  Number of variables:         87638                                         |
|  Number of clauses:          161767                                         |
|  Parse time:                   0.03 s                                       |
|                                                                             |
============================[ Search Statistics ]==============================
| Conflicts |          ORIGINAL         |          LEARNT          | Progress |
|           |    Vars  Clauses Literals |    Limit  Clauses Lit/Cl |          |
===============================================================================
|       100 |   62730   106463   266012 |    39036      100     13 | 28.421 % |
|       250 |   62730   106463   266012 |    42940      250     29 | 28.422 % |
|       475 |   62720   106419   265922 |    47234      471     61 | 28.433 % |
|       812 |   62720   106386   265838 |    51957      808    107 | 28.433 % |
|      1318 |   62720   106386   265838 |    57153     1314     92 | 28.433 % |
|      2077 |   62702   106312   265667 |    62868     2072     94 | 28.453 % |
|      3216 |   62702   106312   265667 |    69155     3211     97 | 28.453 % |
|      4924 |   62680   106220   265456 |    76070     4913     94 | 28.479 % |
|      7486 |   62680   106220   265456 |    83678     7475     95 | 28.479 % |
|     11330 |   52345    74446   187125 |    92045    10747     93 | 40.271 % |
|     17096 |   52190    74311   186800 |   101250    16496     80 | 40.448 % |
===============================================================================
restarts              : 63
conflicts             : 18717          (8610 /sec)
decisions             : 61249          (0.00 % random) (28174 /sec)
propagations          : 23112660       (10631741 /sec)
conflict literals     : 1417418        (47.61 % deleted)
Memory used           : 36.93 MB
CPU time              : 2.17393 s

UNSATISFIABLE
