Reading from standard input... Use '--help' for help.
============================[ Problem Statistics ]=============================
|                                                                             |
|  Number of variables:         69608                                         |
|  Number of clauses:          118081                                         |
|  Parse time:                   0.03 s                                       |
|                                                                             |
============================[ Search Statistics ]==============================
| Conflicts |          ORIGINAL         |          LEARNT          | Progress |
|           |    Vars  Clauses Literals |    Limit  Clauses Lit/Cl |          |
===============================================================================
===============================================================================
restarts              : 1
conflicts             : 3              (79 /sec)
decisions             : 37439          (0.00 % random) (987993 /sec)
propagations          : 80419          (2122209 /sec)
conflict literals     : 4              (0.00 % deleted)
Memory used           : 18.43 MB
CPU time              : 0.037894 s

SATISFIABLE
