Reading from standard input... Use '--help' for help.
============================[ Problem Statistics ]=============================
|                                                                             |
|  Number of variables:         69608                                         |
|  Number of clauses:          118081                                         |
|  Parse time:                   0.02 s                                       |
|                                                                             |
============================[ Search Statistics ]==============================
| Conflicts |          ORIGINAL         |          LEARNT          | Progress |
|           |    Vars  Clauses Literals |    Limit  Clauses Lit/Cl |          |
===============================================================================
===============================================================================
restarts              : 1
conflicts             : 44             (1708 /sec)
decisions             : 43944          (0.00 % random) (1705702 /sec)
propagations          : 98185          (3811086 /sec)
conflict literals     : 153            (0.00 % deleted)
Memory used           : 14.52 MB
CPU time              : 0.025763 s

SATISFIABLE
