Reading from standard input... Use '--help' for help.
============================[ Problem Statistics ]=============================
|                                                                             |
|  Number of variables:         69608                                         |
|  Number of clauses:          118081                                         |
|  Parse time:                   0.03 s                                       |
|                                                                             |
============================[ Search Statistics ]==============================
| Conflicts |          ORIGINAL         |          LEARNT          | Progress |
|           |    Vars  Clauses Literals |    Limit  Clauses Lit/Cl |          |
===============================================================================
===============================================================================
restarts              : 1
conflicts             : 12             (335 /sec)
decisions             : 1475           (0.00 % random) (41200 /sec)
propagations          : 34728          (970029 /sec)
conflict literals     : 17             (10.53 % deleted)
Memory used           : 14.26 MB
CPU time              : 0.035801 s

UNSATISFIABLE
