Reading from standard input... Use '--help' for help.
============================[ Problem Statistics ]=============================
|                                                                             |
|  Number of variables:         69608                                         |
|  Number of clauses:          118081                                         |
|  Parse time:                   0.02 s                                       |
|                                                                             |
============================[ Search Statistics ]==============================
| Conflicts |          ORIGINAL         |          LEARNT          | Progress |
|           |    Vars  Clauses Literals |    Limit  Clauses Lit/Cl |          |
===============================================================================
===============================================================================
restarts              : 1
conflicts             : 21             (633 /sec)
decisions             : 36725          (0.00 % random) (1106908 /sec)
propagations          : 73982          (2229851 /sec)
conflict literals     : 69             (0.00 % deleted)
Memory used           : 15.98 MB
CPU time              : 0.033178 s

SATISFIABLE
