Reading from standard input... Use '--help' for help.
============================[ Problem Statistics ]=============================
|                                                                             |
|  Number of variables:         87638                                         |
|  Number of clauses:          161767                                         |
|  Parse time:                   0.03 s                                       |
|                                                                             |
============================[ Search Statistics ]==============================
| Conflicts |          ORIGINAL         |          LEARNT          | Progress |
|           |    Vars  Clauses Literals |    Limit  Clauses Lit/Cl |          |
===============================================================================
|       100 |   64549   112956   282237 |    41417      100     33 | 26.346 % |
|       250 |   64549   112956   282237 |    45558      250     50 | 26.346 % |
|       475 |   64549   112956   282237 |    50114      475     47 | 26.346 % |
|       812 |   54229    82644   207445 |    55126      790     60 | 38.122 % |
|      1318 |   54130    82446   207002 |    60638     1292     59 | 38.235 % |
|      2077 |   53962    81445   204628 |    66702     1983     60 | 38.426 % |
|      3216 |   53022    78357   196986 |    73373     3028     58 | 39.499 % |
|      4924 |   52322    75974   190924 |    80710     4303     56 | 40.298 % |
|      7486 |   52249    75780   190485 |    88781     6322     53 | 40.381 % |
|     11330 |   52182    75340   189470 |    97659     8235     56 | 40.457 % |
|     17096 |   51976    74388   187238 |   107425    10979     58 | 40.692 % |
===============================================================================
restarts              : 81
conflicts             : 22853          (7455 /sec)
decisions             : 73567          (0.00 % random) (24000 /sec)
propagations          : 33528603       (10938118 /sec)
conflict literals     : 1301296        (50.08 % deleted)
Memory used           : 42.14 MB
CPU time              : 3.0653 s

INDETERMINATE
