Reading from standard input... Use '--help' for help.
============================[ Problem Statistics ]=============================
|                                                                             |
|  Number of variables:         87638                                         |
|  Number of clauses:          161767                                         |
|  Parse time:                   0.03 s                                       |
|                                                                             |
============================[ Search Statistics ]==============================
| Conflicts |          ORIGINAL         |          LEARNT          | Progress |
|           |    Vars  Clauses Literals |    Limit  Clauses Lit/Cl |          |
===============================================================================
|       100 |   64293   112194   280053 |    41137      100     14 | 26.638 % |
|       250 |   64280   112102   279831 |    45251      212     28 | 26.653 % |
|       475 |   64280   112102   279831 |    49776      437     33 | 26.653 % |
|       812 |   64280   112102   279831 |    54754      774     50 | 26.653 % |
|      1318 |   55894    86941   217995 |    60229     1267     59 | 36.222 % |
|      2077 |   55845    86780   217623 |    66252     2020     69 | 36.278 % |
|      3216 |   55738    86400   216678 |    72878     3135     59 | 36.400 % |
|      4924 |   55704    86226   216302 |    80165     4829     61 | 36.439 % |
|      7486 |   55416    85442   214412 |    88182     7354     78 | 36.767 % |
|     11330 |   55309    84720   212625 |    97000    11177     84 | 36.889 % |
|     17096 |   55282    84616   212383 |   106700    16934     87 | 36.920 % |
|     25745 |   55138    84122   211244 |   117370    25554     87 | 37.084 % |
===============================================================================
restarts              : 126
conflicts             : 37316          (7746 /sec)
decisions             : 121041         (0.00 % random) (25126 /sec)
propagations          : 56292071       (11685180 /sec)
conflict literals     : 3244170        (43.65 % deleted)
Memory used           : 49.84 MB
CPU time              : 4.81739 s

INDETERMINATE
