Reading from standard input... Use '--help' for help.
============================[ Problem Statistics ]=============================
|                                                                             |
|  Number of variables:         69608                                         |
|  Number of clauses:          118081                                         |
|  Parse time:                   0.03 s                                       |
|                                                                             |
============================[ Search Statistics ]==============================
| Conflicts |          ORIGINAL         |          LEARNT          | Progress |
|           |    Vars  Clauses Literals |    Limit  Clauses Lit/Cl |          |
===============================================================================
===============================================================================
restarts              : 1
conflicts             : 19             (523 /sec)
decisions             : 10795          (0.00 % random) (297424 /sec)
propagations          : 43536          (1199504 /sec)
conflict literals     : 45             (0.00 % deleted)
Memory used           : 18.19 MB
CPU time              : 0.036295 s

UNSATISFIABLE
