Reading from standard input... Use '--help' for help.
============================[ Problem Statistics ]=============================
|                                                                             |
|  Number of variables:         69608                                         |
|  Number of clauses:          118081                                         |
|  Parse time:                   0.02 s                                       |
|                                                                             |
============================[ Search Statistics ]==============================
| Conflicts |          ORIGINAL         |          LEARNT          | Progress |
|           |    Vars  Clauses Literals |    Limit  Clauses Lit/Cl |          |
===============================================================================
===============================================================================
restarts              : 1
conflicts             : 5              (131 /sec)
decisions             : 38909          (0.00 % random) (1018347 /sec)
propagations          : 76003          (1989191 /sec)
conflict literals     : 9              (0.00 % deleted)
Memory used           : 16.87 MB
CPU time              : 0.038208 s

SATISFIABLE
