Reading from standard input... Use '--help' for help.
============================[ Problem Statistics ]=============================
|                                                                             |
|  Number of variables:         69608                                         |
|  Number of clauses:          118081                                         |
|  Parse time:                   0.02 s                                       |
|                                                                             |
============================[ Search Statistics ]==============================
| Conflicts |          ORIGINAL         |          LEARNT          | Progress |
|           |    Vars  Clauses Literals |    Limit  Clauses Lit/Cl |          |
===============================================================================
===============================================================================
restarts              : 1
conflicts             : 15             (562 /sec)
decisions             : 41820          (0.00 % random) (1566292 /sec)
propagations          : 84071          (3148727 /sec)
conflict literals     : 34             (0.00 % deleted)
Memory used           : 19.40 MB
CPU time              : 0.0267 s

SATISFIABLE
