Reading from standard input... Use '--help' for help.
============================[ Problem Statistics ]=============================
|                                                                             |
|  Number of variables:         87638                                         |
|  Number of clauses:          161767                                         |
|  Parse time:                   0.03 s                                       |
|                                                                             |
============================[ Search Statistics ]==============================
| Conflicts |          ORIGINAL         |          LEARNT          | Progress |
|           |    Vars  Clauses Literals |    Limit  Clauses Lit/Cl |          |
===============================================================================
|       100 |   63769   110216   275420 |    40412      100     10 | 27.236 % |
|       250 |   63742   110183   275336 |    44453      247     13 | 27.267 % |
|       475 |   63742   110183   275336 |    48899      472     44 | 27.267 % |
|       812 |   53845    81023   203512 |    53789      752     56 | 38.560 % |
|      1318 |   53818    80979   203422 |    59167     1253     53 | 38.591 % |
|      2077 |   53733    80488   202311 |    65084     1945     57 | 38.688 % |
|      3216 |   53715    80416   202146 |    71593     3083     59 | 38.708 % |
|      4924 |   53324    79749   200580 |    78752     4778     60 | 39.154 % |
|      7486 |   53040    77918   195993 |    86627     7080     68 | 39.478 % |
|     11330 |   52830    77060   193940 |    95290    10875     67 | 39.718 % |
|     17096 |   52674    76393   192370 |   104819    15038     71 | 39.896 % |
|     25745 |   52487    75617   190498 |   115301    23646     70 | 40.109 % |
===============================================================================
restarts              : 126
conflicts             : 36192          (7846 /sec)
decisions             : 107374         (0.00 % random) (23276 /sec)
propagations          : 53694415       (11639713 /sec)
conflict literals     : 2472611        (51.03 % deleted)
Memory used           : 42.89 MB
CPU time              : 4.61304 s

INDETERMINATE
