Reading from standard input... Use '--help' for help.
============================[ Problem Statistics ]=============================
|                                                                             |
|  Number of variables:         87638                                         |
|  Number of clauses:          161767                                         |
|  Parse time:                   0.03 s                                       |
|                                                                             |
============================[ Search Statistics ]==============================
| Conflicts |          ORIGINAL         |          LEARNT          | Progress |
|           |    Vars  Clauses Literals |    Limit  Clauses Lit/Cl |          |
===============================================================================
|       100 |   64662   113317   283039 |    41549      100      9 | 26.217 % |
|       250 |   55710    86493   216756 |    45704      232     14 | 36.432 % |
|       475 |   55710    86493   216756 |    50274      457     24 | 36.432 % |
|       812 |   55694    86424   216595 |    55302      793     37 | 36.450 % |
|      1318 |   55694    86424   216595 |    60832     1299     54 | 36.450 % |
|      2077 |   55635    86165   216001 |    66915     2052     48 | 36.517 % |
|      3216 |   55404    85220   213778 |    73607     3110     72 | 36.781 % |
|      4924 |   54929    83419   209455 |    80968     4735     71 | 37.323 % |
|      7486 |   53093    77292   193604 |    89065     6721     73 | 39.418 % |
|     11330 |   52964    76779   192385 |    97971    10047     68 | 39.565 % |
|     17096 |   52334    74109   186025 |   107768    14270     62 | 40.284 % |
===============================================================================
restarts              : 63
conflicts             : 18180          (8885 /sec)
decisions             : 65598          (0.00 % random) (32061 /sec)
propagations          : 22434253       (10964601 /sec)
conflict literals     : 1053630        (44.83 % deleted)
Memory used           : 33.67 MB
CPU time              : 2.04606 s

UNSATISFIABLE
