Reading from standard input... Use '--help' for help.
============================[ Problem Statistics ]=============================
|                                                                             |
|  Number of variables:         69608                                         |
|  Number of clauses:          118081                                         |
|  Parse time:                   0.03 s                                       |
|                                                                             |
============================[ Search Statistics ]==============================
| Conflicts |          ORIGINAL         |          LEARNT          | Progress |
|           |    Vars  Clauses Literals |    Limit  Clauses Lit/Cl |          |
===============================================================================
===============================================================================
restarts              : 1
conflicts             : 10             (273 /sec)
decisions             : 37939          (0.00 % random) (1037066 /sec)
propagations          : 77128          (2108302 /sec)
conflict literals     : 21             (0.00 % deleted)
Memory used           : 15.03 MB
CPU time              : 0.036583 s

SATISFIABLE
