Reading from standard input... Use '--help' for help.
============================[ Problem Statistics ]=============================
|                                                                             |
|  Number of variables:         87638                                         |
|  Number of clauses:          161767                                         |
|  Parse time:                   0.03 s                                       |
|                                                                             |
============================[ Search Statistics ]==============================
| Conflicts |          ORIGINAL         |          LEARNT          | Progress |
|           |    Vars  Clauses Literals |    Limit  Clauses Lit/Cl |          |
===============================================================================
|       100 |   63269   108330   270760 |    39721      100     14 | 27.806 % |
|       250 |   63269   108330   270760 |    43693      250     25 | 27.806 % |
|       475 |   63269   108330   270760 |    48062      475     53 | 27.806 % |
|       812 |   63269   108330   270760 |    52868      812     47 | 27.806 % |
|      1318 |   52807    77695   195408 |    58155     1293     57 | 39.744 % |
|      2077 |   52641    77182   194113 |    63971     2048     60 | 39.934 % |
|      3216 |   52597    76982   193645 |    70368     3181     59 | 39.984 % |
|      4924 |   52544    76696   192994 |    77404     4874     54 | 40.044 % |
|      7486 |   52464    76353   192215 |    85145     6900     60 | 40.136 % |
|     11330 |   52345    75852   191028 |    93660    10730     60 | 40.271 % |
|     17096 |   52166    75085   189150 |   103026    16458     61 | 40.476 % |
===============================================================================
restarts              : 91
conflicts             : 24307          (9248 /sec)
decisions             : 70368          (0.00 % random) (26771 /sec)
propagations          : 34164598       (12997829 /sec)
conflict literals     : 1486240        (48.20 % deleted)
Memory used           : 28.39 MB
CPU time              : 2.62848 s

UNSATISFIABLE
