Reading from standard input... Use '--help' for help.
============================[ Problem Statistics ]=============================
|                                                                             |
|  Number of variables:         69608                                         |
|  Number of clauses:          118081                                         |
|  Parse time:                   0.02 s                                       |
|                                                                             |
============================[ Search Statistics ]==============================
| Conflicts |          ORIGINAL         |          LEARNT          | Progress |
|           |    Vars  Clauses Literals |    Limit  Clauses Lit/Cl |          |
===============================================================================
===============================================================================
restarts              : 1
conflicts             : 3              (96 /sec)
decisions             : 34467          (0.00 % random) (1106201 /sec)
propagations          : 70432          (2260479 /sec)
conflict literals     : 6              (0.00 % deleted)
Memory used           : 15.51 MB
CPU time              : 0.031158 s

SATISFIABLE
