Reading from standard input... Use '--help' for help.
============================[ Problem Statistics ]=============================
|                                                                             |
|  Number of variables:         69608                                         |
|  Number of clauses:          118081                                         |
|  Parse time:                   0.02 s                                       |
|                                                                             |
============================[ Search Statistics ]==============================
| Conflicts |          ORIGINAL         |          LEARNT          | Progress |
|           |    Vars  Clauses Literals |    Limit  Clauses Lit/Cl |          |
===============================================================================
===============================================================================
restarts              : 1
conflicts             : 19             (502 /sec)
decisions             : 38155          (0.00 % random) (1008538 /sec)
propagations          : 77555          (2049984 /sec)
conflict literals     : 54             (0.00 % deleted)
Memory used           : 15.97 MB
CPU time              : 0.037832 s

SATISFIABLE
