Reading from standard input... Use '--help' for help.
============================[ Problem Statistics ]=============================
|                                                                             |
|  Number of variables:         87638                                         |
|  Number of clauses:          161767                                         |
|  Parse time:                   0.03 s                                       |
|                                                                             |
============================[ Search Statistics ]==============================
| Conflicts |          ORIGINAL         |          LEARNT          | Progress |
|           |    Vars  Clauses Literals |    Limit  Clauses Lit/Cl |          |
===============================================================================
|       100 |   62628   106069   265193 |    38891      100     52 | 28.538 % |
|       250 |   62628   106069   265193 |    42781      250     61 | 28.538 % |
|       475 |   62628   106069   265193 |    47059      475     73 | 28.538 % |
|       812 |   62628   106069   265193 |    51765      812     85 | 28.538 % |
|      1318 |   62628   106069   265193 |    56941     1318    127 | 28.538 % |
|      2077 |   62589   105873   264749 |    62635     1793    115 | 28.583 % |
===============================================================================
restarts              : 15
conflicts             : 3154           (5869 /sec)
decisions             : 12044          (0.00 % random) (22411 /sec)
propagations          : 4445863        (8272666 /sec)
conflict literals     : 334461         (48.47 % deleted)
Memory used           : 24.65 MB
CPU time              : 0.537416 s

UNSATISFIABLE
