Reading from standard input... Use '--help' for help.
============================[ Problem Statistics ]=============================
|                                                                             |
|  Number of variables:         87638                                         |
|  Number of clauses:          161767                                         |
|  Parse time:                   0.04 s                                       |
|                                                                             |
============================[ Search Statistics ]==============================
| Conflicts |          ORIGINAL         |          LEARNT          | Progress |
|           |    Vars  Clauses Literals |    Limit  Clauses Lit/Cl |          |
===============================================================================
|       100 |   63269   108298   270714 |    39709      100     26 | 27.806 % |
|       250 |   63269   108298   270714 |    43680      250     43 | 27.806 % |
|       475 |   63269   108298   270714 |    48048      475     41 | 27.806 % |
|       812 |   63269   108298   270714 |    52853      812     45 | 27.806 % |
|      1318 |   63269   108298   270714 |    58138     1318     63 | 27.806 % |
|      2077 |   63268   108254   270624 |    63952     2075     69 | 27.808 % |
|      3216 |   63268   108254   270624 |    70347     3214     72 | 27.808 % |
|      4924 |   63268   108254   270624 |    77382     4922     83 | 27.808 % |
|      7486 |   63228   108088   270242 |    85120     6961     81 | 27.853 % |
===============================================================================
restarts              : 39
conflicts             : 9294           (6088 /sec)
decisions             : 35133          (0.00 % random) (23013 /sec)
propagations          : 14975034       (9809011 /sec)
conflict literals     : 799733         (50.78 % deleted)
Memory used           : 27.36 MB
CPU time              : 1.52666 s

INDETERMINATE
