Reading from standard input... Use '--help' for help.
============================[ Problem Statistics ]=============================
|                                                                             |
|  Number of variables:         87638                                         |
|  Number of clauses:          161767                                         |
|  Parse time:                   0.04 s                                       |
|                                                                             |
============================[ Search Statistics ]==============================
| Conflicts |          ORIGINAL         |          LEARNT          | Progress |
|           |    Vars  Clauses Literals |    Limit  Clauses Lit/Cl |          |
===============================================================================
|       100 |   63263   108341   270724 |    39725      100     36 | 27.813 % |
|       250 |   52964    78745   197932 |    43697      243     25 | 39.565 % |
|       475 |   52809    78177   196288 |    48067      467     42 | 39.742 % |
|       812 |   52645    77865   195446 |    52874      799     41 | 39.929 % |
|      1318 |   52644    77635   194892 |    58161     1302     49 | 39.930 % |
|      2077 |   52546    77180   193849 |    63977     2047     47 | 40.042 % |
|      3216 |   52406    76531   192245 |    70375     3177     50 | 40.202 % |
|      4924 |   51801    74400   187013 |    77412     4606     54 | 40.892 % |
|      7486 |   51653    73930   185949 |    85154     6757     54 | 41.061 % |
|     11330 |   51177    71974   181226 |    93669    10510     55 | 41.604 % |
|     17096 |   50955    71071   179108 |   103036    15216     56 | 41.857 % |
===============================================================================
restarts              : 66
conflicts             : 19551          (7279 /sec)
decisions             : 68658          (0.00 % random) (25560 /sec)
propagations          : 26341249       (9806412 /sec)
conflict literals     : 1047742        (46.94 % deleted)
Memory used           : 32.44 MB
CPU time              : 2.68613 s

UNSATISFIABLE
