Reading from standard input... Use '--help' for help.
============================[ Problem Statistics ]=============================
|                                                                             |
|  Number of variables:         87638                                         |
|  Number of clauses:          161767                                         |
|  Parse time:                   0.03 s                                       |
|                                                                             |
============================[ Search Statistics ]==============================
| Conflicts |          ORIGINAL         |          LEARNT          | Progress |
|           |    Vars  Clauses Literals |    Limit  Clauses Lit/Cl |          |
===============================================================================
|       100 |   64501   112833   281760 |    41372      100     23 | 26.401 % |
|       250 |   64501   112833   281760 |    45509      250     48 | 26.401 % |
|       475 |   55895    86951   217981 |    50060      470     45 | 36.221 % |
|       812 |   55895    86951   217981 |    55066      807     53 | 36.221 % |
|      1318 |   55895    86951   217981 |    60572     1313     55 | 36.221 % |
|      2077 |   55875    86867   217788 |    66630     2071     76 | 36.243 % |
|      3216 |   55629    86573   217098 |    73293     3203     93 | 36.524 % |
|      4924 |   55418    85270   213969 |    80622     4794     78 | 36.765 % |
|      7486 |   55136    83972   210807 |    88684     7298     95 | 37.087 % |
|     11330 |   55088    83764   210359 |    97553    11118     89 | 37.141 % |
|     17096 |   54431    81432   204615 |   107308    16366     88 | 37.891 % |
===============================================================================
restarts              : 78
conflicts             : 22011          (6979 /sec)
decisions             : 83257          (0.00 % random) (26399 /sec)
propagations          : 32301955       (10242165 /sec)
conflict literals     : 1861740        (39.48 % deleted)
Memory used           : 41.80 MB
CPU time              : 3.15382 s

INDETERMINATE
