Reading from standard input... Use '--help' for help.
============================[ Problem Statistics ]=============================
|                                                                             |
|  Number of variables:         87638                                         |
|  Number of clauses:          161767                                         |
|  Parse time:                   0.04 s                                       |
|                                                                             |
============================[ Search Statistics ]==============================
| Conflicts |          ORIGINAL         |          LEARNT          | Progress |
|           |    Vars  Clauses Literals |    Limit  Clauses Lit/Cl |          |
===============================================================================
|       100 |   63322   108523   271219 |    39791      100     38 | 27.746 % |
|       250 |   63322   108523   271219 |    43770      250     51 | 27.746 % |
|       475 |   63322   108523   271219 |    48148      475     47 | 27.746 % |
|       812 |   63322   108523   271219 |    52962      812     45 | 27.746 % |
|      1318 |   63321   108479   271129 |    58259     1314     58 | 27.747 % |
|      2077 |   63313   108463   271085 |    64085     2022     64 | 27.756 % |
|      3216 |   63313   108447   271041 |    70493     3111     78 | 27.756 % |
|      4924 |   63313   108447   271041 |    77542     4819     83 | 27.756 % |
|      7486 |   63289   108347   270812 |    85297     7379     92 | 27.784 % |
===============================================================================
restarts              : 40
conflicts             : 9328           (6519 /sec)
decisions             : 41963          (0.00 % random) (29329 /sec)
propagations          : 14258935       (9965771 /sec)
conflict literals     : 857883         (45.90 % deleted)
Memory used           : 26.15 MB
CPU time              : 1.43079 s

INDETERMINATE
