Reading from standard input... Use '--help' for help.
============================[ Problem Statistics ]=============================
|                                                                             |
|  Number of variables:         87638                                         |
|  Number of clauses:          161767                                         |
|  Parse time:                   0.03 s                                       |
|                                                                             |
============================[ Search Statistics ]==============================
| Conflicts |          ORIGINAL         |          LEARNT          | Progress |
|           |    Vars  Clauses Literals |    Limit  Clauses Lit/Cl |          |
===============================================================================
|       100 |   63767   110240   275343 |    40421      100     11 | 27.238 % |
|       250 |   63767   110240   275343 |    44463      250     36 | 27.238 % |
|       475 |   63767   110240   275343 |    48909      475     45 | 27.238 % |
|       812 |   63767   110240   275343 |    53800      812     73 | 27.238 % |
|      1318 |   63767   110240   275343 |    59180     1318     76 | 27.238 % |
|      2077 |   63744   110104   275042 |    65098     2072     85 | 27.264 % |
|      3216 |   63744   110104   275042 |    71608     3211     82 | 27.264 % |
|      4924 |   54841    83950   210915 |    78769     4891     76 | 37.423 % |
|      7486 |   54781    83265   209236 |    86646     7445     78 | 37.492 % |
|     11330 |   54592    82417   207344 |    95311    11261     71 | 37.707 % |
|     17096 |   54432    81706   205684 |   104842    15165     65 | 37.890 % |
|     25745 |   54365    81439   205048 |   115326    23806     63 | 37.966 % |
===============================================================================
restarts              : 127
conflicts             : 38541          (7992 /sec)
decisions             : 119189         (0.00 % random) (24714 /sec)
propagations          : 59392692       (12315135 /sec)
conflict literals     : 2452771        (50.45 % deleted)
Memory used           : 46.53 MB
CPU time              : 4.82274 s

INDETERMINATE
