Reading from standard input... Use '--help' for help.
============================[ Problem Statistics ]=============================
|                                                                             |
|  Number of variables:         69608                                         |
|  Number of clauses:          118081                                         |
|  Parse time:                   0.03 s                                       |
|                                                                             |
============================[ Search Statistics ]==============================
| Conflicts |          ORIGINAL         |          LEARNT          | Progress |
|           |    Vars  Clauses Literals |    Limit  Clauses Lit/Cl |          |
===============================================================================
===============================================================================
restarts              : 1
conflicts             : 11             (309 /sec)
decisions             : 38191          (0.00 % random) (1073354 /sec)
propagations          : 83524          (2347433 /sec)
conflict literals     : 32             (0.00 % deleted)
Memory used           : 17.35 MB
CPU time              : 0.035581 s

SATISFIABLE
