Reading from standard input... Use '--help' for help.
============================[ Problem Statistics ]=============================
|                                                                             |
|  Number of variables:         69608                                         |
|  Number of clauses:          118081                                         |
|  Parse time:                   0.02 s                                       |
|                                                                             |
============================[ Search Statistics ]==============================
| Conflicts |          ORIGINAL         |          LEARNT          | Progress |
|           |    Vars  Clauses Literals |    Limit  Clauses Lit/Cl |          |
===============================================================================
===============================================================================
restarts              : 1
conflicts             : 17             (581 /sec)
decisions             : 66929          (0.00 % random) (2287233 /sec)
propagations          : 122313         (4179926 /sec)
conflict literals     : 39             (0.00 % deleted)
Memory used           : 14.93 MB
CPU time              : 0.029262 s

SATISFIABLE
