Reading from standard input... Use '--help' for help.
============================[ Problem Statistics ]=============================
|                                                                             |
|  Number of variables:         69608                                         |
|  Number of clauses:          118081                                         |
|  Parse time:                   0.02 s                                       |
|                                                                             |
============================[ Search Statistics ]==============================
| Conflicts |          ORIGINAL         |          LEARNT          | Progress |
|           |    Vars  Clauses Literals |    Limit  Clauses Lit/Cl |          |
===============================================================================
===============================================================================
restarts              : 1
conflicts             : 44             (1345 /sec)
decisions             : 39620          (0.00 % random) (1211102 /sec)
propagations          : 79892          (2442135 /sec)
conflict literals     : 146            (0.00 % deleted)
Memory used           : 16.75 MB
CPU time              : 0.032714 s

SATISFIABLE
