Reading from standard input... Use '--help' for help.
============================[ Problem Statistics ]=============================
|                                                                             |
|  Number of variables:         69608                                         |
|  Number of clauses:          118081                                         |
|  Parse time:                   0.02 s                                       |
|                                                                             |
============================[ Search Statistics ]==============================
| Conflicts |          ORIGINAL         |          LEARNT          | Progress |
|           |    Vars  Clauses Literals |    Limit  Clauses Lit/Cl |          |
===============================================================================
===============================================================================
restarts              : 1
conflicts             : 8              (261 /sec)
decisions             : 34154          (0.00 % random) (1113851 /sec)
propagations          : 69630          (2270815 /sec)
conflict literals     : 28             (0.00 % deleted)
Memory used           : 15.16 MB
CPU time              : 0.030663 s

SATISFIABLE
