Reading from standard input... Use '--help' for help.
============================[ Problem Statistics ]=============================
|                                                                             |
|  Number of variables:         69608                                         |
|  Number of clauses:          118081                                         |
|  Parse time:                   0.02 s                                       |
|                                                                             |
============================[ Search Statistics ]==============================
| Conflicts |          ORIGINAL         |          LEARNT          | Progress |
|           |    Vars  Clauses Literals |    Limit  Clauses Lit/Cl |          |
===============================================================================
|       100 |   57098    83064   205701 |    30456       93     10 | 17.972 % |
===============================================================================
restarts              : 2
conflicts             : 205            (5203 /sec)
decisions             : 4338           (0.00 % random) (110090 /sec)
propagations          : 303927         (7713100 /sec)
conflict literals     : 1935           (22.38 % deleted)
Memory used           : 15.20 MB
CPU time              : 0.039404 s

UNSATISFIABLE
