Reading from standard input... Use '--help' for help.
============================[ Problem Statistics ]=============================
|                                                                             |
|  Number of variables:         69608                                         |
|  Number of clauses:          118081                                         |
|  Parse time:                   0.02 s                                       |
|                                                                             |
============================[ Search Statistics ]==============================
| Conflicts |          ORIGINAL         |          LEARNT          | Progress |
|           |    Vars  Clauses Literals |    Limit  Clauses Lit/Cl |          |
===============================================================================
===============================================================================
restarts              : 1
conflicts             : 24             (668 /sec)
decisions             : 3074           (0.00 % random) (85529 /sec)
propagations          : 42151          (1172783 /sec)
conflict literals     : 61             (8.96 % deleted)
Memory used           : 14.84 MB
CPU time              : 0.035941 s

UNSATISFIABLE
