Reading from standard input... Use '--help' for help.
============================[ Problem Statistics ]=============================
|                                                                             |
|  Number of variables:         87638                                         |
|  Number of clauses:          161767                                         |
|  Parse time:                   0.03 s                                       |
|                                                                             |
============================[ Search Statistics ]==============================
| Conflicts |          ORIGINAL         |          LEARNT          | Progress |
|           |    Vars  Clauses Literals |    Limit  Clauses Lit/Cl |          |
===============================================================================
|       100 |   63174   108050   269951 |    39618      100      9 | 27.915 % |
|       250 |   63173   108006   269861 |    43580      249     24 | 27.916 % |
|       475 |   63173   108006   269861 |    47938      474     35 | 27.916 % |
|       812 |   63173   108006   269861 |    52732      811     51 | 27.916 % |
|      1318 |   63173   108006   269861 |    58005     1317     64 | 27.916 % |
|      2077 |   63173   108006   269861 |    63805     2076     68 | 27.916 % |
|      3216 |   63173   108006   269861 |    70186     3215     82 | 27.916 % |
|      4924 |   63173   108006   269861 |    77204     4923     86 | 27.916 % |
|      7486 |   63173   108006   269861 |    84925     7485     91 | 27.916 % |
|     11330 |   51844    74184   186938 |    93417    10342     83 | 40.843 % |
|     17096 |   51687    73567   185458 |   102759    15646     78 | 41.022 % |
|     25745 |   51111    71276   180006 |   113035    18643     72 | 41.679 % |
===============================================================================
restarts              : 94
conflicts             : 26313          (8202 /sec)
decisions             : 74773          (0.00 % random) (23306 /sec)
propagations          : 38716354       (12067654 /sec)
conflict literals     : 1824494        (49.18 % deleted)
Memory used           : 37.57 MB
CPU time              : 3.20827 s

UNSATISFIABLE
