Reading from standard input... Use '--help' for help.
============================[ Problem Statistics ]=============================
|                                                                             |
|  Number of variables:         87638                                         |
|  Number of clauses:          161767                                         |
|  Parse time:                   0.03 s                                       |
|                                                                             |
============================[ Search Statistics ]==============================
| Conflicts |          ORIGINAL         |          LEARNT          | Progress |
|           |    Vars  Clauses Literals |    Limit  Clauses Lit/Cl |          |
===============================================================================
|       100 |   63757   110375   275952 |    40470       97     34 | 27.250 % |
|       250 |   63754   110043   275188 |    44517      238     33 | 27.253 % |
|       475 |   63753   109999   275098 |    48969      462     33 | 27.254 % |
|       812 |   63753   109999   275098 |    53866      799     34 | 27.254 % |
|      1318 |   63753   109999   275098 |    59253     1305     48 | 27.254 % |
|      2077 |   63722   109878   274801 |    65178     2063     60 | 27.290 % |
|      3216 |   63700   109786   274590 |    71696     2822     77 | 27.315 % |
|      4924 |   63700   109786   274590 |    78866     4530     79 | 27.315 % |
|      7486 |   63678   109696   274385 |    86752     7084     81 | 27.340 % |
|     11330 |   50567    70969   179103 |    95428    10746     77 | 42.300 % |
|     17096 |   50413    70250   177394 |   104970    16460     71 | 42.476 % |
===============================================================================
restarts              : 63
conflicts             : 17696          (6380 /sec)
decisions             : 60998          (0.00 % random) (21991 /sec)
propagations          : 27596848       (9949059 /sec)
conflict literals     : 1227665        (49.47 % deleted)
Memory used           : 28.46 MB
CPU time              : 2.77381 s

INDETERMINATE
