Reading from standard input... Use '--help' for help.
============================[ Problem Statistics ]=============================
|                                                                             |
|  Number of variables:         69608                                         |
|  Number of clauses:          118081                                         |
|  Parse time:                   0.02 s                                       |
|                                                                             |
============================[ Search Statistics ]==============================
| Conflicts |          ORIGINAL         |          LEARNT          | Progress |
|           |    Vars  Clauses Literals |    Limit  Clauses Lit/Cl |          |
===============================================================================
===============================================================================
restarts              : 1
conflicts             : 24             (957 /sec)
decisions             : 34166          (0.00 % random) (1361792 /sec)
propagations          : 69670          (2776914 /sec)
conflict literals     : 88             (0.00 % deleted)
Memory used           : 16.22 MB
CPU time              : 0.025089 s

SATISFIABLE
