Reading from standard input... Use '--help' for help.
============================[ Problem Statistics ]=============================
|                                                                             |
|  Number of variables:         69608                                         |
|  Number of clauses:          118081                                         |
|  Parse time:                   0.03 s                                       |
|                                                                             |
============================[ Search Statistics ]==============================
| Conflicts |          ORIGINAL         |          LEARNT          | Progress |
|           |    Vars  Clauses Literals |    Limit  Clauses Lit/Cl |          |
===============================================================================
===============================================================================
restarts              : 1
conflicts             : 6              (178 /sec)
decisions             : 38545          (0.00 % random) (1144958 /sec)
propagations          : 77095          (2290064 /sec)
conflict literals     : 13             (0.00 % deleted)
Memory used           : 15.42 MB
CPU time              : 0.033665 s

SATISFIABLE
