Reading from standard input... Use '--help' for help.
============================[ Problem Statistics ]=============================
|                                                                             |
|  Number of variables:         87638                                         |
|  Number of clauses:          161767                                         |
|  Parse time:                   0.04 s                                       |
|                                                                             |
============================[ Search Statistics ]==============================
| Conflicts |          ORIGINAL         |          LEARNT          | Progress |
|           |    Vars  Clauses Literals |    Limit  Clauses Lit/Cl |          |
===============================================================================
|       100 |   64499   112800   281703 |    41360      100     26 | 26.403 % |
|       250 |   64498   112756   281613 |    45496      248     41 | 26.404 % |
|       475 |   64498   112756   281613 |    50045      473     38 | 26.404 % |
|       812 |   55554    86030   215764 |    55050      775     38 | 36.610 % |
|      1318 |   55554    85584   214717 |    60555     1280     64 | 36.610 % |
|      2077 |   55554    85584   214717 |    66610     2039     71 | 36.610 % |
|      3216 |   55534    85500   214524 |    73271     3177     89 | 36.633 % |
|      4924 |   55427    85125   213584 |    80598     4844     82 | 36.755 % |
|      7486 |   54832    83981   210855 |    88658     7365     79 | 37.434 % |
|     11330 |   54716    82548   207348 |    97524    10817     75 | 37.566 % |
|     17096 |   54269    80801   203200 |   107277    15630     78 | 38.076 % |
===============================================================================
restarts              : 77
conflicts             : 21467          (6914 /sec)
decisions             : 76801          (0.00 % random) (24734 /sec)
propagations          : 32262450       (10390379 /sec)
conflict literals     : 1626205        (44.92 % deleted)
Memory used           : 41.24 MB
CPU time              : 3.10503 s

INDETERMINATE
