Reading from standard input... Use '--help' for help.
============================[ Problem Statistics ]=============================
|                                                                             |
|  Number of variables:         69608                                         |
|  Number of clauses:          118081                                         |
|  Parse time:                   0.02 s                                       |
|                                                                             |
============================[ Search Statistics ]==============================
| Conflicts |          ORIGINAL         |          LEARNT          | Progress |
|           |    Vars  Clauses Literals |    Limit  Clauses Lit/Cl |          |
===============================================================================
|       100 |   59518    91307   225897 |    33479       94      8 | 14.495 % |
|       250 |   59504    89392   221489 |    36827      236     12 | 14.516 % |
===============================================================================
restarts              : 3
conflicts             : 338            (6966 /sec)
decisions             : 8610           (0.00 % random) (177442 /sec)
propagations          : 549438         (11323249 /sec)
conflict literals     : 4044           (24.06 % deleted)
Memory used           : 15.55 MB
CPU time              : 0.048523 s

UNSATISFIABLE
