Reading from standard input... Use '--help' for help.
============================[ Problem Statistics ]=============================
|                                                                             |
|  Number of variables:         69608                                         |
|  Number of clauses:          118081                                         |
|  Parse time:                   0.03 s                                       |
|                                                                             |
============================[ Search Statistics ]==============================
| Conflicts |          ORIGINAL         |          LEARNT          | Progress |
|           |    Vars  Clauses Literals |    Limit  Clauses Lit/Cl |          |
===============================================================================
===============================================================================
restarts              : 1
conflicts             : 11             (273 /sec)
decisions             : 63898          (0.00 % random) (1584850 /sec)
propagations          : 109490         (2715660 /sec)
conflict literals     : 25             (0.00 % deleted)
Memory used           : 15.01 MB
CPU time              : 0.040318 s

SATISFIABLE
