Reading from standard input... Use '--help' for help.
============================[ Problem Statistics ]=============================
|                                                                             |
|  Number of variables:         69608                                         |
|  Number of clauses:          118081                                         |
|  Parse time:                   0.02 s                                       |
|                                                                             |
============================[ Search Statistics ]==============================
| Conflicts |          ORIGINAL         |          LEARNT          | Progress |
|           |    Vars  Clauses Literals |    Limit  Clauses Lit/Cl |          |
===============================================================================
===============================================================================
restarts              : 1
conflicts             : 33             (1099 /sec)
decisions             : 4274           (0.00 % random) (142358 /sec)
propagations          : 71734          (2389302 /sec)
conflict literals     : 161            (18.27 % deleted)
Memory used           : 14.52 MB
CPU time              : 0.030023 s

UNSATISFIABLE
