Reading from standard input... Use '--help' for help.
============================[ Problem Statistics ]=============================
|                                                                             |
|  Number of variables:         69608                                         |
|  Number of clauses:          118081                                         |
|  Parse time:                   0.02 s                                       |
|                                                                             |
============================[ Search Statistics ]==============================
| Conflicts |          ORIGINAL         |          LEARNT          | Progress |
|           |    Vars  Clauses Literals |    Limit  Clauses Lit/Cl |          |
===============================================================================
===============================================================================
restarts              : 1
conflicts             : 44             (1390 /sec)
decisions             : 43804          (0.00 % random) (1384013 /sec)
propagations          : 98207          (3102907 /sec)
conflict literals     : 153            (0.00 % deleted)
Memory used           : 14.49 MB
CPU time              : 0.03165 s

SATISFIABLE
