Reading from standard input... Use '--help' for help.
============================[ Problem Statistics ]=============================
|                                                                             |
|  Number of variables:         69608                                         |
|  Number of clauses:          118081                                         |
|  Parse time:                   0.03 s                                       |
|                                                                             |
============================[ Search Statistics ]==============================
| Conflicts |          ORIGINAL         |          LEARNT          | Progress |
|           |    Vars  Clauses Literals |    Limit  Clauses Lit/Cl |          |
===============================================================================
===============================================================================
restarts              : 1
conflicts             : 20             (486 /sec)
decisions             : 6129           (0.00 % random) (148860 /sec)
propagations          : 30467          (739975 /sec)
conflict literals     : 62             (0.00 % deleted)
Memory used           : 14.26 MB
CPU time              : 0.041173 s

UNSATISFIABLE
