Reading from standard input... Use '--help' for help.
============================[ Problem Statistics ]=============================
|                                                                             |
|  Number of variables:         87638                                         |
|  Number of clauses:          161767                                         |
|  Parse time:                   0.03 s                                       |
|                                                                             |
============================[ Search Statistics ]==============================
| Conflicts |          ORIGINAL         |          LEARNT          | Progress |
|           |    Vars  Clauses Literals |    Limit  Clauses Lit/Cl |          |
===============================================================================
|       100 |   64454   112719   281228 |    41330      100     35 | 26.454 % |
|       250 |   64454   112719   281228 |    45463      250     29 | 26.454 % |
|       475 |   64454   112719   281228 |    50009      475     28 | 26.454 % |
|       812 |   64454   112719   281228 |    55010      812     41 | 26.454 % |
|      1318 |   64451   112670   281126 |    60511     1315     54 | 26.458 % |
|      2077 |   64434   112578   280912 |    66562     2070     62 | 26.477 % |
|      3216 |   64434   112578   280912 |    73219     3209     65 | 26.477 % |
|      4924 |   64404   112456   280623 |    80541     4912     88 | 26.511 % |
|      7486 |   64395   112423   280535 |    88595     7470    111 | 26.522 % |
|     11330 |   57357    89893   225146 |    97454    10632    105 | 34.552 % |
===============================================================================
restarts              : 63
conflicts             : 17027          (7320 /sec)
decisions             : 77334          (0.00 % random) (33246 /sec)
propagations          : 24816762       (10668691 /sec)
conflict literals     : 1613639        (35.54 % deleted)
Memory used           : 42.43 MB
CPU time              : 2.32613 s

INDETERMINATE
