Reading from standard input... Use '--help' for help.
============================[ Problem Statistics ]=============================
|                                                                             |
|  Number of variables:         69608                                         |
|  Number of clauses:          118081                                         |
|  Parse time:                   0.02 s                                       |
|                                                                             |
============================[ Search Statistics ]==============================
| Conflicts |          ORIGINAL         |          LEARNT          | Progress |
|           |    Vars  Clauses Literals |    Limit  Clauses Lit/Cl |          |
===============================================================================
|       100 |   57745    83942   207936 |    30778       97     11 | 17.043 % |
|       250 |   57321    83430   206711 |    33856      233     10 | 17.652 % |
===============================================================================
restarts              : 3
conflicts             : 363            (7173 /sec)
decisions             : 13429          (0.00 % random) (265364 /sec)
propagations          : 575325         (11368711 /sec)
conflict literals     : 3291           (21.42 % deleted)
Memory used           : 17.14 MB
CPU time              : 0.050606 s

UNSATISFIABLE
