Reading from standard input... Use '--help' for help.
============================[ Problem Statistics ]=============================
|                                                                             |
|  Number of variables:         69608                                         |
|  Number of clauses:          118081                                         |
|  Parse time:                   0.02 s                                       |
|                                                                             |
============================[ Search Statistics ]==============================
| Conflicts |          ORIGINAL         |          LEARNT          | Progress |
|           |    Vars  Clauses Literals |    Limit  Clauses Lit/Cl |          |
===============================================================================
===============================================================================
restarts              : 1
conflicts             : 33             (1171 /sec)
decisions             : 37484          (0.00 % random) (1329974 /sec)
propagations          : 81357          (2886638 /sec)
conflict literals     : 119            (0.00 % deleted)
Memory used           : 15.63 MB
CPU time              : 0.028184 s

SATISFIABLE
