Reading from standard input... Use '--help' for help.
============================[ Problem Statistics ]=============================
|                                                                             |
|  Number of variables:         69608                                         |
|  Number of clauses:          118081                                         |
|  Parse time:                   0.02 s                                       |
|                                                                             |
============================[ Search Statistics ]==============================
| Conflicts |          ORIGINAL         |          LEARNT          | Progress |
|           |    Vars  Clauses Literals |    Limit  Clauses Lit/Cl |          |
===============================================================================
===============================================================================
restarts              : 1
conflicts             : 33             (988 /sec)
decisions             : 37306          (0.00 % random) (1117013 /sec)
propagations          : 79299          (2374364 /sec)
conflict literals     : 119            (0.00 % deleted)
Memory used           : 15.47 MB
CPU time              : 0.033398 s

SATISFIABLE
