Reading from standard input... Use '--help' for help.
============================[ Problem Statistics ]=============================
|                                                                             |
|  Number of variables:         69608                                         |
|  Number of clauses:          118081                                         |
|  Parse time:                   0.02 s                                       |
|                                                                             |
============================[ Search Statistics ]==============================
| Conflicts |          ORIGINAL         |          LEARNT          | Progress |
|           |    Vars  Clauses Literals |    Limit  Clauses Lit/Cl |          |
===============================================================================
===============================================================================
restarts              : 1
conflicts             : 67             (2012 /sec)
decisions             : 36643          (0.00 % random) (1100622 /sec)
propagations          : 91136          (2737392 /sec)
conflict literals     : 400            (6.98 % deleted)
Memory used           : 15.66 MB
CPU time              : 0.033293 s

SATISFIABLE
