Reading from standard input... Use '--help' for help.
============================[ Problem Statistics ]=============================
|                                                                             |
|  Number of variables:         69608                                         |
|  Number of clauses:          118081                                         |
|  Parse time:                   0.03 s                                       |
|                                                                             |
============================[ Search Statistics ]==============================
| Conflicts |          ORIGINAL         |          LEARNT          | Progress |
|           |    Vars  Clauses Literals |    Limit  Clauses Lit/Cl |          |
===============================================================================
===============================================================================
restarts              : 1
conflicts             : 15             (429 /sec)
decisions             : 2389           (0.00 % random) (68316 /sec)
propagations          : 24343          (696111 /sec)
conflict literals     : 27             (0.00 % deleted)
Memory used           : 17.36 MB
CPU time              : 0.03497 s

UNSATISFIABLE
