Reading from standard input... Use '--help' for help.
============================[ Problem Statistics ]=============================
|                                                                             |
|  Number of variables:         69608                                         |
|  Number of clauses:          118081                                         |
|  Parse time:                   0.02 s                                       |
|                                                                             |
============================[ Search Statistics ]==============================
| Conflicts |          ORIGINAL         |          LEARNT          | Progress |
|           |    Vars  Clauses Literals |    Limit  Clauses Lit/Cl |          |
===============================================================================
===============================================================================
restarts              : 1
conflicts             : 12             (434 /sec)
decisions             : 1445           (0.00 % random) (52230 /sec)
propagations          : 36457          (1317755 /sec)
conflict literals     : 17             (10.53 % deleted)
Memory used           : 15.11 MB
CPU time              : 0.027666 s

UNSATISFIABLE
