Reading from standard input... Use '--help' for help.
============================[ Problem Statistics ]=============================
|                                                                             |
|  Number of variables:         87638                                         |
|  Number of clauses:          161767                                         |
|  Parse time:                   0.03 s                                       |
|                                                                             |
============================[ Search Statistics ]==============================
| Conflicts |          ORIGINAL         |          LEARNT          | Progress |
|           |    Vars  Clauses Literals |    Limit  Clauses Lit/Cl |          |
===============================================================================
|       100 |   63378   108663   271638 |    39843      100     39 | 27.682 % |
|       250 |   63378   108663   271638 |    43827      250     69 | 27.682 % |
|       475 |   52920    78100   196342 |    48210      420     69 | 39.615 % |
|       812 |   52878    77956   195951 |    53031      754     56 | 39.663 % |
|      1318 |   52878    77956   195951 |    58334     1260     48 | 39.663 % |
|      2077 |   52748    77514   194889 |    64167     2012     49 | 39.811 % |
|      3216 |   51644    73957   185412 |    70584     2997     79 | 41.071 % |
|      4924 |   51627    73890   185252 |    77642     4702     81 | 41.091 % |
|      7486 |   51606    73780   185006 |    85407     7260     72 | 41.115 % |
|     11330 |   51315    72531   181926 |    93947    11003     70 | 41.447 % |
===============================================================================
restarts              : 63
conflicts             : 16744          (7417 /sec)
decisions             : 55661          (0.00 % random) (24655 /sec)
propagations          : 20087568       (8897749 /sec)
conflict literals     : 1141938        (45.39 % deleted)
Memory used           : 34.17 MB
CPU time              : 2.2576 s

UNSATISFIABLE
