Reading from standard input... Use '--help' for help.
============================[ Problem Statistics ]=============================
|                                                                             |
|  Number of variables:         69608                                         |
|  Number of clauses:          118081                                         |
|  Parse time:                   0.01 s                                       |
|                                                                             |
============================[ Search Statistics ]==============================
| Conflicts |          ORIGINAL         |          LEARNT          | Progress |
|           |    Vars  Clauses Literals |    Limit  Clauses Lit/Cl |          |
===============================================================================
===============================================================================
restarts              : 1
conflicts             : 56             (2594 /sec)
decisions             : 44423          (0.00 % random) (2057764 /sec)
propagations          : 97235          (4504123 /sec)
conflict literals     : 192            (0.00 % deleted)
Memory used           : 14.44 MB
CPU time              : 0.021588 s

SATISFIABLE
