Reading from standard input... Use '--help' for help.
============================[ Problem Statistics ]=============================
|                                                                             |
|  Number of variables:         87638                                         |
|  Number of clauses:          161767                                         |
|  Parse time:                   0.04 s                                       |
|                                                                             |
============================[ Search Statistics ]==============================
| Conflicts |          ORIGINAL         |          LEARNT          | Progress |
|           |    Vars  Clauses Literals |    Limit  Clauses Lit/Cl |          |
===============================================================================
|       100 |   63181   108038   270143 |    39613      100     19 | 27.907 % |
|       250 |   63180   107994   270053 |    43575      249     32 | 27.908 % |
|       475 |   63180   107994   270053 |    47932      474     47 | 27.908 % |
|       812 |   63180   107994   270053 |    52726      811     58 | 27.908 % |
|      1318 |   63180   107994   270053 |    57998     1317     64 | 27.908 % |
|      2077 |   63180   107994   270053 |    63798     2076     77 | 27.908 % |
|      3216 |   47958    63595   160881 |    70178     3139     75 | 45.277 % |
|      4924 |   47621    62301   157611 |    77196     4498     64 | 45.662 % |
|      7486 |   47293    60995   154429 |    84915     6676     57 | 46.036 % |
===============================================================================
restarts              : 39
conflicts             : 9261           (7030 /sec)
decisions             : 29884          (0.00 % random) (22684 /sec)
propagations          : 14080214       (10687621 /sec)
conflict literals     : 451141         (41.50 % deleted)
Memory used           : 29.09 MB
CPU time              : 1.31743 s

UNSATISFIABLE
