Reading from standard input... Use '--help' for help.
============================[ Problem Statistics ]=============================
|                                                                             |
|  Number of variables:         69608                                         |
|  Number of clauses:          118081                                         |
|  Parse time:                   0.02 s                                       |
|                                                                             |
============================[ Search Statistics ]==============================
| Conflicts |          ORIGINAL         |          LEARNT          | Progress |
|           |    Vars  Clauses Literals |    Limit  Clauses Lit/Cl |          |
===============================================================================
===============================================================================
restarts              : 1
conflicts             : 13             (434 /sec)
decisions             : 35756          (0.00 % random) (1194774 /sec)
propagations          : 73102          (2442677 /sec)
conflict literals     : 39             (0.00 % deleted)
Memory used           : 15.07 MB
CPU time              : 0.029927 s

SATISFIABLE
