Reading from standard input... Use '--help' for help.
============================[ Problem Statistics ]=============================
|                                                                             |
|  Number of variables:         69608                                         |
|  Number of clauses:          118081                                         |
|  Parse time:                   0.02 s                                       |
|                                                                             |
============================[ Search Statistics ]==============================
| Conflicts |          ORIGINAL         |          LEARNT          | Progress |
|           |    Vars  Clauses Literals |    Limit  Clauses Lit/Cl |          |
===============================================================================
===============================================================================
restarts              : 1
conflicts             : 6              (231 /sec)
decisions             : 657            (0.00 % random) (25283 /sec)
propagations          : 21739          (836566 /sec)
conflict literals     : 7              (0.00 % deleted)
Memory used           : 14.30 MB
CPU time              : 0.025986 s

UNSATISFIABLE
