Reading from standard input... Use '--help' for help.
============================[ Problem Statistics ]=============================
|                                                                             |
|  Number of variables:         69608                                         |
|  Number of clauses:          118081                                         |
|  Parse time:                   0.02 s                                       |
|                                                                             |
============================[ Search Statistics ]==============================
| Conflicts |          ORIGINAL         |          LEARNT          | Progress |
|           |    Vars  Clauses Literals |    Limit  Clauses Lit/Cl |          |
===============================================================================
===============================================================================
restarts              : 1
conflicts             : 53             (1777 /sec)
decisions             : 36066          (0.00 % random) (1209457 /sec)
propagations          : 73390          (2461100 /sec)
conflict literals     : 189            (0.00 % deleted)
Memory used           : 15.70 MB
CPU time              : 0.02982 s

SATISFIABLE
