Reading from standard input... Use '--help' for help.
============================[ Problem Statistics ]=============================
|                                                                             |
|  Number of variables:         69608                                         |
|  Number of clauses:          118081                                         |
|  Parse time:                   0.02 s                                       |
|                                                                             |
============================[ Search Statistics ]==============================
| Conflicts |          ORIGINAL         |          LEARNT          | Progress |
|           |    Vars  Clauses Literals |    Limit  Clauses Lit/Cl |          |
===============================================================================
===============================================================================
restarts              : 1
conflicts             : 12             (387 /sec)
decisions             : 1463           (0.00 % random) (47134 /sec)
propagations          : 34925          (1125197 /sec)
conflict literals     : 17             (10.53 % deleted)
Memory used           : 17.40 MB
CPU time              : 0.031039 s

UNSATISFIABLE
