Reading from standard input... Use '--help' for help.
============================[ Problem Statistics ]=============================
|                                                                             |
|  Number of variables:         87638                                         |
|  Number of clauses:          161767                                         |
|  Parse time:                   0.04 s                                       |
|                                                                             |
============================[ Search Statistics ]==============================
| Conflicts |          ORIGINAL         |          LEARNT          | Progress |
|           |    Vars  Clauses Literals |    Limit  Clauses Lit/Cl |          |
===============================================================================
|       100 |   63790   110637   275287 |    40566      100     12 | 27.212 % |
|       250 |   63786   110621   275243 |    44623      228     13 | 27.217 % |
|       475 |   63785   110621   275243 |    49085      452     27 | 27.218 % |
|       812 |   63785   110577   275153 |    53994      788     50 | 27.218 % |
|      1318 |   63785   110577   275153 |    59393     1294     49 | 27.218 % |
|      2077 |   63785   110577   275153 |    65333     2053     64 | 27.218 % |
|      3216 |   63785   110577   275153 |    71866     3192     69 | 27.218 % |
|      4924 |   63767   110503   274982 |    79053     4898     66 | 27.238 % |
|      7486 |   63767   110503   274982 |    86958     7460     68 | 27.238 % |
|     11330 |   63751   110437   274829 |    95654    11302     78 | 27.256 % |
|     17096 |   59760    97224   242289 |   105220    15233     77 | 31.810 % |
===============================================================================
restarts              : 69
conflicts             : 19989          (7850 /sec)
decisions             : 63431          (0.00 % random) (24912 /sec)
propagations          : 27305310       (10723836 /sec)
conflict literals     : 1494336        (50.09 % deleted)
Memory used           : 36.15 MB
CPU time              : 2.54623 s

UNSATISFIABLE
