Reading from standard input... Use '--help' for help.
============================[ Problem Statistics ]=============================
|                                                                             |
|  Number of variables:         69608                                         |
|  Number of clauses:          118081                                         |
|  Parse time:                   0.02 s                                       |
|                                                                             |
============================[ Search Statistics ]==============================
| Conflicts |          ORIGINAL         |          LEARNT          | Progress |
|           |    Vars  Clauses Literals |    Limit  Clauses Lit/Cl |          |
===============================================================================
===============================================================================
restarts              : 1
conflicts             : 45             (1327 /sec)
decisions             : 47739          (0.00 % random) (1408064 /sec)
propagations          : 125116         (3690302 /sec)
conflict literals     : 294            (6.96 % deleted)
Memory used           : 16.32 MB
CPU time              : 0.033904 s

SATISFIABLE
