Reading from standard input... Use '--help' for help.
============================[ Problem Statistics ]=============================
|                                                                             |
|  Number of variables:         87638                                         |
|  Number of clauses:          161767                                         |
|  Parse time:                   0.03 s                                       |
|                                                                             |
============================[ Search Statistics ]==============================
| Conflicts |          ORIGINAL         |          LEARNT          | Progress |
|           |    Vars  Clauses Literals |    Limit  Clauses Lit/Cl |          |
===============================================================================
|       100 |   63396   109115   271942 |    40008      100      9 | 27.662 % |
|       250 |   63396   109115   271942 |    44009      250     40 | 27.662 % |
|       475 |   63396   109115   271942 |    48410      475     57 | 27.662 % |
|       812 |   63396   109115   271942 |    53251      812     54 | 27.662 % |
|      1318 |   63396   109115   271942 |    58576     1318     54 | 27.662 % |
|      2077 |   63396   109115   271942 |    64434     2077     55 | 27.662 % |
|      3216 |   63396   109115   271942 |    70878     3216     62 | 27.662 % |
|      4924 |   63395   109071   271852 |    77965     4921     65 | 27.663 % |
|      7486 |   63377   108997   271681 |    85762     7480     79 | 27.683 % |
|     11330 |   63377   108997   271681 |    94338    11324     84 | 27.683 % |
===============================================================================
restarts              : 62
conflicts             : 15892          (8581 /sec)
decisions             : 72415          (0.00 % random) (39100 /sec)
propagations          : 19728445       (10652186 /sec)
conflict literals     : 1277218        (46.36 % deleted)
Memory used           : 29.29 MB
CPU time              : 1.85206 s

INDETERMINATE
