Reading from standard input... Use '--help' for help.
============================[ Problem Statistics ]=============================
|                                                                             |
|  Number of variables:         69608                                         |
|  Number of clauses:          118081                                         |
|  Parse time:                   0.02 s                                       |
|                                                                             |
============================[ Search Statistics ]==============================
| Conflicts |          ORIGINAL         |          LEARNT          | Progress |
|           |    Vars  Clauses Literals |    Limit  Clauses Lit/Cl |          |
===============================================================================
===============================================================================
restarts              : 1
conflicts             : 27             (872 /sec)
decisions             : 45661          (0.00 % random) (1474362 /sec)
propagations          : 117820         (3804327 /sec)
conflict literals     : 271            (1.45 % deleted)
Memory used           : 14.83 MB
CPU time              : 0.03097 s

SATISFIABLE
