Reading from standard input... Use '--help' for help.
============================[ Problem Statistics ]=============================
|                                                                             |
|  Number of variables:         87638                                         |
|  Number of clauses:          161767                                         |
|  Parse time:                   0.03 s                                       |
|                                                                             |
============================[ Search Statistics ]==============================
| Conflicts |          ORIGINAL         |          LEARNT          | Progress |
|           |    Vars  Clauses Literals |    Limit  Clauses Lit/Cl |          |
===============================================================================
|       100 |   62442   105643   263434 |    38735      100     25 | 28.750 % |
|       250 |   62442   105643   263434 |    42609      250     55 | 28.750 % |
|       475 |   62442   105643   263434 |    46870      475     59 | 28.750 % |
|       812 |   62442   105643   263434 |    51557      812     57 | 28.750 % |
|      1318 |   62442   105643   263434 |    56713     1318     85 | 28.750 % |
|      2077 |   62442   105643   263434 |    62384     2077     93 | 28.750 % |
|      3216 |   62441   105599   263344 |    68622     3214     80 | 28.751 % |
|      4924 |   62441   105599   263344 |    75485     4922     87 | 28.751 % |
|      7486 |   62441   105599   263344 |    83033     7484     82 | 28.751 % |
|     11330 |   54987    82779   207434 |    91336    11252     89 | 37.257 % |
|     17096 |   54878    82417   206574 |   100470    16986     86 | 37.381 % |
===============================================================================
restarts              : 77
conflicts             : 21520          (8530 /sec)
decisions             : 64585          (0.00 % random) (25599 /sec)
propagations          : 26799664       (10622555 /sec)
conflict literals     : 1749760        (47.82 % deleted)
Memory used           : 26.27 MB
CPU time              : 2.5229 s

UNSATISFIABLE
