Reading from standard input... Use '--help' for help.
============================[ Problem Statistics ]=============================
|                                                                             |
|  Number of variables:         69608                                         |
|  Number of clauses:          118081                                         |
|  Parse time:                   0.03 s                                       |
|                                                                             |
============================[ Search Statistics ]==============================
| Conflicts |          ORIGINAL         |          LEARNT          | Progress |
|           |    Vars  Clauses Literals |    Limit  Clauses Lit/Cl |          |
===============================================================================
===============================================================================
restarts              : 1
conflicts             : 20             (514 /sec)
decisions             : 38272          (0.00 % random) (983376 /sec)
propagations          : 87817          (2256404 /sec)
conflict literals     : 44             (15.38 % deleted)
Memory used           : 14.81 MB
CPU time              : 0.038919 s

SATISFIABLE
