Reading from standard input... Use '--help' for help.
============================[ Problem Statistics ]=============================
|                                                                             |
|  Number of variables:         87638                                         |
|  Number of clauses:          161767                                         |
|  Parse time:                   0.02 s                                       |
|                                                                             |
============================[ Search Statistics ]==============================
| Conflicts |          ORIGINAL         |          LEARNT          | Progress |
|           |    Vars  Clauses Literals |    Limit  Clauses Lit/Cl |          |
===============================================================================
|       100 |   65980   118311   294969 |    43380      100     28 | 24.713 % |
|       250 |   65980   118311   294969 |    47718      250     22 | 24.713 % |
|       475 |   65980   118311   294969 |    52490      475     29 | 24.713 % |
|       812 |   59846    98841   246886 |    57739      805     33 | 31.712 % |
|      1318 |   59821    98655   246442 |    63513     1309     37 | 31.741 % |
|      2077 |   59762    98453   245937 |    69865     2065     38 | 31.808 % |
|      3216 |   59761    98401   245824 |    76851     3198     50 | 31.809 % |
|      4924 |   59569    97760   244201 |    84536     4834     50 | 32.028 % |
|      7486 |   59520    97501   243560 |    92990     7393     68 | 32.084 % |
|     11330 |   59352    96855   242040 |   102289    11231     77 | 32.276 % |
|     17096 |   59221    96406   241009 |   112518    16962     95 | 32.425 % |
|     25745 |   58423    93231   233587 |   123770    25262    110 | 33.336 % |
===============================================================================
restarts              : 126
conflicts             : 37929          (7910 /sec)
decisions             : 149451         (0.00 % random) (31166 /sec)
propagations          : 56867399       (11858930 /sec)
conflict literals     : 4012939        (39.44 % deleted)
Memory used           : 46.59 MB
CPU time              : 4.79532 s

INDETERMINATE
