Reading from standard input... Use '--help' for help.
============================[ Problem Statistics ]=============================
|                                                                             |
|  Number of variables:         69608                                         |
|  Number of clauses:          118081                                         |
|  Parse time:                   0.02 s                                       |
|                                                                             |
============================[ Search Statistics ]==============================
| Conflicts |          ORIGINAL         |          LEARNT          | Progress |
|           |    Vars  Clauses Literals |    Limit  Clauses Lit/Cl |          |
===============================================================================
===============================================================================
restarts              : 1
conflicts             : 16             (525 /sec)
decisions             : 34136          (0.00 % random) (1121014 /sec)
propagations          : 69650          (2287281 /sec)
conflict literals     : 58             (0.00 % deleted)
Memory used           : 15.39 MB
CPU time              : 0.030451 s

SATISFIABLE
