Reading from standard input... Use '--help' for help.
============================[ Problem Statistics ]=============================
|                                                                             |
|  Number of variables:         69608                                         |
|  Number of clauses:          118081                                         |
|  Parse time:                   0.03 s                                       |
|                                                                             |
============================[ Search Statistics ]==============================
| Conflicts |          ORIGINAL         |          LEARNT          | Progress |
|           |    Vars  Clauses Literals |    Limit  Clauses Lit/Cl |          |
===============================================================================
===============================================================================
restarts              : 1
conflicts             : 6              (163 /sec)
decisions             : 38610          (0.00 % random) (1046795 /sec)
propagations          : 77206          (2093211 /sec)
conflict literals     : 13             (0.00 % deleted)
Memory used           : 16.90 MB
CPU time              : 0.036884 s

SATISFIABLE
