Reading from standard input... Use '--help' for help.
============================[ Problem Statistics ]=============================
|                                                                             |
|  Number of variables:         69608                                         |
|  Number of clauses:          118081                                         |
|  Parse time:                   0.02 s                                       |
|                                                                             |
============================[ Search Statistics ]==============================
| Conflicts |          ORIGINAL         |          LEARNT          | Progress |
|           |    Vars  Clauses Literals |    Limit  Clauses Lit/Cl |          |
===============================================================================
===============================================================================
restarts              : 1
conflicts             : 64             (2783 /sec)
decisions             : 34002          (0.00 % random) (1478605 /sec)
propagations          : 69770          (3034006 /sec)
conflict literals     : 238            (0.00 % deleted)
Memory used           : 14.62 MB
CPU time              : 0.022996 s

SATISFIABLE
