Reading from standard input... Use '--help' for help.
============================[ Problem Statistics ]=============================
|                                                                             |
|  Number of variables:         87638                                         |
|  Number of clauses:          161767                                         |
|  Parse time:                   0.03 s                                       |
|                                                                             |
============================[ Search Statistics ]==============================
| Conflicts |          ORIGINAL         |          LEARNT          | Progress |
|           |    Vars  Clauses Literals |    Limit  Clauses Lit/Cl |          |
===============================================================================
|       100 |   62772   106551   266305 |    39068      100     54 | 28.374 % |
|       250 |   62771   106548   266299 |    42975      249    111 | 28.375 % |
|       475 |   62771   106548   266299 |    47273      474     99 | 28.375 % |
|       812 |   62733   106474   266128 |    52000      809     87 | 28.418 % |
|      1318 |   62713   106312   265754 |    57200     1313     74 | 28.441 % |
|      2077 |   62701   106264   265622 |    62920     1991     69 | 28.455 % |
|      3216 |   62701   106264   265622 |    69212     3130     87 | 28.455 % |
|      4924 |   62681   106184   265439 |    76133     4835     99 | 28.478 % |
|      7486 |   49759    68053   171674 |    83747     7320     93 | 43.222 % |
===============================================================================
restarts              : 31
conflicts             : 7829           (6584 /sec)
decisions             : 33631          (0.00 % random) (28282 /sec)
propagations          : 11890215       (9999197 /sec)
conflict literals     : 704600         (39.99 % deleted)
Memory used           : 23.04 MB
CPU time              : 1.18912 s

INDETERMINATE
