Reading from standard input... Use '--help' for help.
============================[ Problem Statistics ]=============================
|                                                                             |
|  Number of variables:         87638                                         |
|  Number of clauses:          161767                                         |
|  Parse time:                   0.04 s                                       |
|                                                                             |
============================[ Search Statistics ]==============================
| Conflicts |          ORIGINAL         |          LEARNT          | Progress |
|           |    Vars  Clauses Literals |    Limit  Clauses Lit/Cl |          |
===============================================================================
|       100 |   63268   108311   270769 |    39714      100     14 | 27.808 % |
|       250 |   63268   108311   270769 |    43685      250     59 | 27.808 % |
|       475 |   51616    74994   188685 |    48053      470     70 | 41.103 % |
|       812 |   51582    74771   188157 |    52859      805     63 | 41.142 % |
|      1318 |   51046    73192   184252 |    58145     1291     51 | 41.754 % |
|      2077 |   51002    72692   183011 |    63959     1540     54 | 41.804 % |
|      3216 |   51001    72689   183005 |    70355     2677     47 | 41.805 % |
|      4924 |   50253    70496   177500 |    77391     4331     48 | 42.658 % |
|      7486 |   50094    69351   174762 |    85130     6850     48 | 42.840 % |
|     11330 |   49728    67804   171098 |    93643    10651     48 | 43.257 % |
===============================================================================
restarts              : 53
conflicts             : 12122          (8067 /sec)
decisions             : 43621          (0.00 % random) (29028 /sec)
propagations          : 16547529       (11011652 /sec)
conflict literals     : 585081         (40.66 % deleted)
Memory used           : 28.88 MB
CPU time              : 1.50273 s

INDETERMINATE
