Reading from standard input... Use '--help' for help.
============================[ Problem Statistics ]=============================
|                                                                             |
|  Number of variables:         87638                                         |
|  Number of clauses:          161767                                         |
|  Parse time:                   0.03 s                                       |
|                                                                             |
============================[ Search Statistics ]==============================
| Conflicts |          ORIGINAL         |          LEARNT          | Progress |
|           |    Vars  Clauses Literals |    Limit  Clauses Lit/Cl |          |
===============================================================================
|       100 |   63216   108252   270363 |    39692      100      8 | 27.867 % |
|       250 |   63216   108252   270363 |    43661      250     15 | 27.867 % |
|       475 |   63216   108252   270363 |    48027      475     39 | 27.867 % |
|       812 |   63216   108252   270363 |    52830      812     56 | 27.867 % |
|      1318 |   63216   108252   270363 |    58113     1318     69 | 27.867 % |
|      2077 |   63216   108252   270363 |    63925     2077     89 | 27.867 % |
|      3216 |   55852    85834   215126 |    70317     3193     83 | 36.270 % |
|      4924 |   55134    83469   208813 |    77349     4777     73 | 37.089 % |
|      7486 |   55036    83345   208517 |    85084     7334     65 | 37.201 % |
|     11330 |   54924    82494   206510 |    93592     9594     63 | 37.329 % |
===============================================================================
restarts              : 62
conflicts             : 15768          (8493 /sec)
decisions             : 52589          (0.00 % random) (28327 /sec)
propagations          : 19702567       (10612640 /sec)
conflict literals     : 944089         (43.74 % deleted)
Memory used           : 33.15 MB
CPU time              : 1.85652 s

INDETERMINATE
