Reading from standard input... Use '--help' for help.
============================[ Problem Statistics ]=============================
|                                                                             |
|  Number of variables:         69608                                         |
|  Number of clauses:          118081                                         |
|  Parse time:                   0.02 s                                       |
|                                                                             |
============================[ Search Statistics ]==============================
| Conflicts |          ORIGINAL         |          LEARNT          | Progress |
|           |    Vars  Clauses Literals |    Limit  Clauses Lit/Cl |          |
===============================================================================
===============================================================================
restarts              : 1
conflicts             : 53             (1785 /sec)
decisions             : 36120          (0.00 % random) (1216694 /sec)
propagations          : 73264          (2467882 /sec)
conflict literals     : 189            (0.00 % deleted)
Memory used           : 16.65 MB
CPU time              : 0.029687 s

SATISFIABLE
