Reading from standard input... Use '--help' for help.
============================[ Problem Statistics ]=============================
|                                                                             |
|  Number of variables:         69608                                         |
|  Number of clauses:          118081                                         |
|  Parse time:                   0.03 s                                       |
|                                                                             |
============================[ Search Statistics ]==============================
| Conflicts |          ORIGINAL         |          LEARNT          | Progress |
|           |    Vars  Clauses Literals |    Limit  Clauses Lit/Cl |          |
===============================================================================
===============================================================================
restarts              : 1
conflicts             : 3              (81 /sec)
decisions             : 34467          (0.00 % random) (934774 /sec)
propagations          : 70422          (1909905 /sec)
conflict literals     : 6              (0.00 % deleted)
Memory used           : 14.71 MB
CPU time              : 0.036872 s

SATISFIABLE
