Reading from standard input... Use '--help' for help.
============================[ Problem Statistics ]=============================
|                                                                             |
|  Number of variables:         69608                                         |
|  Number of clauses:          118081                                         |
|  Parse time:                   0.03 s                                       |
|                                                                             |
============================[ Search Statistics ]==============================
| Conflicts |          ORIGINAL         |          LEARNT          | Progress |
|           |    Vars  Clauses Literals |    Limit  Clauses Lit/Cl |          |
===============================================================================
===============================================================================
restarts              : 1
conflicts             : 43             (1164 /sec)
decisions             : 2570           (0.00 % random) (69555 /sec)
propagations          : 79374          (2148204 /sec)
conflict literals     : 207            (20.38 % deleted)
Memory used           : 16.39 MB
CPU time              : 0.036949 s

UNSATISFIABLE
