Reading from standard input... Use '--help' for help.
============================[ Problem Statistics ]=============================
|                                                                             |
|  Number of variables:         69608                                         |
|  Number of clauses:          118081                                         |
|  Parse time:                   0.02 s                                       |
|                                                                             |
============================[ Search Statistics ]==============================
| Conflicts |          ORIGINAL         |          LEARNT          | Progress |
|           |    Vars  Clauses Literals |    Limit  Clauses Lit/Cl |          |
===============================================================================
===============================================================================
restarts              : 1
conflicts             : 25             (915 /sec)
decisions             : 6116           (0.00 % random) (223792 /sec)
propagations          : 27241          (996780 /sec)
conflict literals     : 73             (0.00 % deleted)
Memory used           : 15.40 MB
CPU time              : 0.027329 s

UNSATISFIABLE
