Reading from standard input... Use '--help' for help.
============================[ Problem Statistics ]=============================
|                                                                             |
|  Number of variables:         69608                                         |
|  Number of clauses:          118081                                         |
|  Parse time:                   0.02 s                                       |
|                                                                             |
============================[ Search Statistics ]==============================
| Conflicts |          ORIGINAL         |          LEARNT          | Progress |
|           |    Vars  Clauses Literals |    Limit  Clauses Lit/Cl |          |
===============================================================================
===============================================================================
restarts              : 1
conflicts             : 9              (241 /sec)
decisions             : 40108          (0.00 % random) (1075858 /sec)
propagations          : 79869          (2142409 /sec)
conflict literals     : 20             (0.00 % deleted)
Memory used           : 15.87 MB
CPU time              : 0.03728 s

SATISFIABLE
