Reading from standard input... Use '--help' for help.
============================[ Problem Statistics ]=============================
|                                                                             |
|  Number of variables:         69608                                         |
|  Number of clauses:          118081                                         |
|  Parse time:                   0.03 s                                       |
|                                                                             |
============================[ Search Statistics ]==============================
| Conflicts |          ORIGINAL         |          LEARNT          | Progress |
|           |    Vars  Clauses Literals |    Limit  Clauses Lit/Cl |          |
===============================================================================
===============================================================================
restarts              : 1
conflicts             : 14             (347 /sec)
decisions             : 40124          (0.00 % random) (995534 /sec)
propagations          : 87283          (2165616 /sec)
conflict literals     : 37             (0.00 % deleted)
Memory used           : 17.34 MB
CPU time              : 0.040304 s

SATISFIABLE
