Reading from standard input... Use '--help' for help.
============================[ Problem Statistics ]=============================
|                                                                             |
|  Number of variables:         87638                                         |
|  Number of clauses:          161767                                         |
|  Parse time:                   0.03 s                                       |
|                                                                             |
============================[ Search Statistics ]==============================
| Conflicts |          ORIGINAL         |          LEARNT          | Progress |
|           |    Vars  Clauses Literals |    Limit  Clauses Lit/Cl |          |
===============================================================================
|       100 |   63263   108343   270733 |    39725      100     37 | 27.813 % |
|       250 |   63263   108343   270733 |    43698      250     56 | 27.813 % |
|       475 |   52860   108310   270649 |    48068      472     41 | 39.684 % |
|       812 |   52743    77591   195174 |    52874      789     37 | 39.817 % |
|      1318 |   52495    76931   193319 |    58162     1289     46 | 40.100 % |
|      2077 |   52211    75940   190957 |    63978     2018     45 | 40.424 % |
|      3216 |   52128    75547   189989 |    70376     3120     44 | 40.519 % |
|      4924 |   52089    75277   189327 |    77414     4796     48 | 40.563 % |
|      7486 |   51923    74610   187722 |    85155     7301     47 | 40.753 % |
===============================================================================
restarts              : 47
conflicts             : 11287          (7922 /sec)
decisions             : 51332          (0.00 % random) (36030 /sec)
propagations          : 16683222       (11709817 /sec)
conflict literals     : 547829         (43.92 % deleted)
Memory used           : 26.36 MB
CPU time              : 1.42472 s

INDETERMINATE
