Reading from standard input... Use '--help' for help.
============================[ Problem Statistics ]=============================
|                                                                             |
|  Number of variables:         69608                                         |
|  Number of clauses:          118081                                         |
|  Parse time:                   0.02 s                                       |
|                                                                             |
============================[ Search Statistics ]==============================
| Conflicts |          ORIGINAL         |          LEARNT          | Progress |
|           |    Vars  Clauses Literals |    Limit  Clauses Lit/Cl |          |
===============================================================================
===============================================================================
restarts              : 1
conflicts             : 19             (734 /sec)
decisions             : 9149           (0.00 % random) (353339 /sec)
propagations          : 34630          (1337427 /sec)
conflict literals     : 49             (0.00 % deleted)
Memory used           : 15.56 MB
CPU time              : 0.025893 s

UNSATISFIABLE
