Reading from standard input... Use '--help' for help.
============================[ Problem Statistics ]=============================
|                                                                             |
|  Number of variables:         69608                                         |
|  Number of clauses:          118081                                         |
|  Parse time:                   0.03 s                                       |
|                                                                             |
============================[ Search Statistics ]==============================
| Conflicts |          ORIGINAL         |          LEARNT          | Progress |
|           |    Vars  Clauses Literals |    Limit  Clauses Lit/Cl |          |
===============================================================================
===============================================================================
restarts              : 1
conflicts             : 11             (306 /sec)
decisions             : 34291          (0.00 % random) (953879 /sec)
propagations          : 70464          (1960110 /sec)
conflict literals     : 34             (0.00 % deleted)
Memory used           : 18.58 MB
CPU time              : 0.035949 s

SATISFIABLE
