Reading from standard input... Use '--help' for help.
============================[ Problem Statistics ]=============================
|                                                                             |
|  Number of variables:         69608                                         |
|  Number of clauses:          118081                                         |
|  Parse time:                   0.02 s                                       |
|                                                                             |
============================[ Search Statistics ]==============================
| Conflicts |          ORIGINAL         |          LEARNT          | Progress |
|           |    Vars  Clauses Literals |    Limit  Clauses Lit/Cl |          |
===============================================================================
===============================================================================
restarts              : 1
conflicts             : 20             (732 /sec)
decisions             : 5764           (0.00 % random) (210881 /sec)
propagations          : 29591          (1082611 /sec)
conflict literals     : 62             (0.00 % deleted)
Memory used           : 15.49 MB
CPU time              : 0.027333 s

UNSATISFIABLE
