Reading from standard input... Use '--help' for help.
============================[ Problem Statistics ]=============================
|                                                                             |
|  Number of variables:         69608                                         |
|  Number of clauses:          118081                                         |
|  Parse time:                   0.02 s                                       |
|                                                                             |
============================[ Search Statistics ]==============================
| Conflicts |          ORIGINAL         |          LEARNT          | Progress |
|           |    Vars  Clauses Literals |    Limit  Clauses Lit/Cl |          |
===============================================================================
|       100 |   57350    83282   206487 |    30536       97      9 | 17.610 % |
===============================================================================
restarts              : 2
conflicts             : 190            (3916 /sec)
decisions             : 13216          (0.00 % random) (272399 /sec)
propagations          : 315817         (6509409 /sec)
conflict literals     : 1784           (30.39 % deleted)
Memory used           : 18.04 MB
CPU time              : 0.048517 s

UNSATISFIABLE
