Reading from standard input... Use '--help' for help.
============================[ Problem Statistics ]=============================
|                                                                             |
|  Number of variables:         69608                                         |
|  Number of clauses:          118081                                         |
|  Parse time:                   0.02 s                                       |
|                                                                             |
============================[ Search Statistics ]==============================
| Conflicts |          ORIGINAL         |          LEARNT          | Progress |
|           |    Vars  Clauses Literals |    Limit  Clauses Lit/Cl |          |
===============================================================================
===============================================================================
restarts              : 1
conflicts             : 10             (307 /sec)
decisions             : 37969          (0.00 % random) (1166124 /sec)
propagations          : 76987          (2364466 /sec)
conflict literals     : 21             (0.00 % deleted)
Memory used           : 16.94 MB
CPU time              : 0.03256 s

SATISFIABLE
