Reading from standard input... Use '--help' for help.
============================[ Problem Statistics ]=============================
|                                                                             |
|  Number of variables:         69608                                         |
|  Number of clauses:          118081                                         |
|  Parse time:                   0.03 s                                       |
|                                                                             |
============================[ Search Statistics ]==============================
| Conflicts |          ORIGINAL         |          LEARNT          | Progress |
|           |    Vars  Clauses Literals |    Limit  Clauses Lit/Cl |          |
===============================================================================
===============================================================================
restarts              : 1
conflicts             : 36             (940 /sec)
decisions             : 38472          (0.00 % random) (1004674 /sec)
propagations          : 89995          (2350168 /sec)
conflict literals     : 228            (8.43 % deleted)
Memory used           : 16.90 MB
CPU time              : 0.038293 s

SATISFIABLE
