Reading from standard input... Use '--help' for help.
============================[ Problem Statistics ]=============================
|                                                                             |
|  Number of variables:         69608                                         |
|  Number of clauses:          118081                                         |
|  Parse time:                   0.02 s                                       |
|                                                                             |
============================[ Search Statistics ]==============================
| Conflicts |          ORIGINAL         |          LEARNT          | Progress |
|           |    Vars  Clauses Literals |    Limit  Clauses Lit/Cl |          |
===============================================================================
===============================================================================
restarts              : 1
conflicts             : 19             (635 /sec)
decisions             : 9169           (0.00 % random) (306225 /sec)
propagations          : 34048          (1137132 /sec)
conflict literals     : 49             (0.00 % deleted)
Memory used           : 15.46 MB
CPU time              : 0.029942 s

UNSATISFIABLE
