Reading from standard input... Use '--help' for help.
============================[ Problem Statistics ]=============================
|                                                                             |
|  Number of variables:         69608                                         |
|  Number of clauses:          118081                                         |
|  Parse time:                   0.03 s                                       |
|                                                                             |
============================[ Search Statistics ]==============================
| Conflicts |          ORIGINAL         |          LEARNT          | Progress |
|           |    Vars  Clauses Literals |    Limit  Clauses Lit/Cl |          |
===============================================================================
===============================================================================
restarts              : 1
conflicts             : 26             (568 /sec)
decisions             : 48795          (0.00 % random) (1065230 /sec)
propagations          : 148240         (3236187 /sec)
conflict literals     : 306            (2.24 % deleted)
Memory used           : 16.90 MB
CPU time              : 0.045807 s

SATISFIABLE
