Reading from standard input... Use '--help' for help.
============================[ Problem Statistics ]=============================
|                                                                             |
|  Number of variables:         69608                                         |
|  Number of clauses:          118081                                         |
|  Parse time:                   0.03 s                                       |
|                                                                             |
============================[ Search Statistics ]==============================
| Conflicts |          ORIGINAL         |          LEARNT          | Progress |
|           |    Vars  Clauses Literals |    Limit  Clauses Lit/Cl |          |
===============================================================================
===============================================================================
restarts              : 1
conflicts             : 6              (139 /sec)
decisions             : 38697          (0.00 % random) (897717 /sec)
propagations          : 80114          (1858535 /sec)
conflict literals     : 11             (0.00 % deleted)
Memory used           : 15.88 MB
CPU time              : 0.043106 s

SATISFIABLE
