Reading from standard input... Use '--help' for help.
============================[ Problem Statistics ]=============================
|                                                                             |
|  Number of variables:         69608                                         |
|  Number of clauses:          118081                                         |
|  Parse time:                   0.02 s                                       |
|                                                                             |
============================[ Search Statistics ]==============================
| Conflicts |          ORIGINAL         |          LEARNT          | Progress |
|           |    Vars  Clauses Literals |    Limit  Clauses Lit/Cl |          |
===============================================================================
|       100 |   56322    81644   202195 |    29936       90      8 | 19.087 % |
===============================================================================
restarts              : 2
conflicts             : 168            (4147 /sec)
decisions             : 4303           (0.00 % random) (106221 /sec)
propagations          : 275214         (6793730 /sec)
conflict literals     : 1317           (26.55 % deleted)
Memory used           : 15.87 MB
CPU time              : 0.04051 s

UNSATISFIABLE
