Reading from standard input... Use '--help' for help.
============================[ Problem Statistics ]=============================
|                                                                             |
|  Number of variables:         87638                                         |
|  Number of clauses:          161767                                         |
|  Parse time:                   0.03 s                                       |
|                                                                             |
============================[ Search Statistics ]==============================
| Conflicts |          ORIGINAL         |          LEARNT          | Progress |
|           |    Vars  Clauses Literals |    Limit  Clauses Lit/Cl |          |
===============================================================================
|       100 |   63372   108659   271598 |    39841      100     24 | 27.689 % |
|       250 |   63372   108659   271598 |    43825      250     78 | 27.689 % |
|       475 |   63372   108659   271598 |    48208      475     91 | 27.689 % |
|       812 |   63371   108615   271508 |    53029      808     88 | 27.690 % |
|      1318 |   63371   108615   271508 |    58332     1314    100 | 27.690 % |
|      2077 |   63351   108531   271315 |    64165     2072     96 | 27.713 % |
|      3216 |   63342   108498   271231 |    70581     3209    106 | 27.723 % |
|      4924 |   51214    73515   184355 |    77640     4647     97 | 41.562 % |
|      7486 |   50686    69676   175158 |    85404     6989     82 | 42.164 % |
|     11330 |   50466    68906   173376 |    93944    10790     69 | 42.415 % |
===============================================================================
restarts              : 51
conflicts             : 11767          (7831 /sec)
decisions             : 42454          (0.00 % random) (28254 /sec)
propagations          : 15125623       (10066441 /sec)
conflict literals     : 776461         (38.22 % deleted)
Memory used           : 33.32 MB
CPU time              : 1.50258 s

INDETERMINATE
