Reading from standard input... Use '--help' for help.
============================[ Problem Statistics ]=============================
|                                                                             |
|  Number of variables:         69608                                         |
|  Number of clauses:          118081                                         |
|  Parse time:                   0.02 s                                       |
|                                                                             |
============================[ Search Statistics ]==============================
| Conflicts |          ORIGINAL         |          LEARNT          | Progress |
|           |    Vars  Clauses Literals |    Limit  Clauses Lit/Cl |          |
===============================================================================
===============================================================================
restarts              : 1
conflicts             : 12             (365 /sec)
decisions             : 1444           (0.00 % random) (43949 /sec)
propagations          : 36501          (1110939 /sec)
conflict literals     : 17             (10.53 % deleted)
Memory used           : 18.36 MB
CPU time              : 0.032856 s

UNSATISFIABLE
