Reading from standard input... Use '--help' for help.
============================[ Problem Statistics ]=============================
|                                                                             |
|  Number of variables:         69608                                         |
|  Number of clauses:          118081                                         |
|  Parse time:                   0.03 s                                       |
|                                                                             |
============================[ Search Statistics ]==============================
| Conflicts |          ORIGINAL         |          LEARNT          | Progress |
|           |    Vars  Clauses Literals |    Limit  Clauses Lit/Cl |          |
===============================================================================
===============================================================================
restarts              : 1
conflicts             : 35             (918 /sec)
decisions             : 49481          (0.00 % random) (1298169 /sec)
propagations          : 171797         (4507215 /sec)
conflict literals     : 386            (4.93 % deleted)
Memory used           : 15.56 MB
CPU time              : 0.038116 s

SATISFIABLE
