Reading from standard input... Use '--help' for help.
============================[ Problem Statistics ]=============================
|                                                                             |
|  Number of variables:         69608                                         |
|  Number of clauses:          118081                                         |
|  Parse time:                   0.03 s                                       |
|                                                                             |
============================[ Search Statistics ]==============================
| Conflicts |          ORIGINAL         |          LEARNT          | Progress |
|           |    Vars  Clauses Literals |    Limit  Clauses Lit/Cl |          |
===============================================================================
===============================================================================
restarts              : 1
conflicts             : 31             (882 /sec)
decisions             : 3479           (0.00 % random) (98948 /sec)
propagations          : 71897          (2044852 /sec)
conflict literals     : 153            (11.05 % deleted)
Memory used           : 16.00 MB
CPU time              : 0.03516 s

UNSATISFIABLE
