Reading from standard input... Use '--help' for help.
============================[ Problem Statistics ]=============================
|                                                                             |
|  Number of variables:         69608                                         |
|  Number of clauses:          118081                                         |
|  Parse time:                   0.03 s                                       |
|                                                                             |
============================[ Search Statistics ]==============================
| Conflicts |          ORIGINAL         |          LEARNT          | Progress |
|           |    Vars  Clauses Literals |    Limit  Clauses Lit/Cl |          |
===============================================================================
===============================================================================
restarts              : 1
conflicts             : 29             (734 /sec)
decisions             : 37656          (0.00 % random) (953292 /sec)
propagations          : 88092          (2230121 /sec)
conflict literals     : 271            (9.36 % deleted)
Memory used           : 16.06 MB
CPU time              : 0.039501 s

SATISFIABLE
