Reading from standard input... Use '--help' for help.
============================[ Problem Statistics ]=============================
|                                                                             |
|  Number of variables:         87638                                         |
|  Number of clauses:          161767                                         |
|  Parse time:                   0.02 s                                       |
|                                                                             |
============================[ Search Statistics ]==============================
| Conflicts |          ORIGINAL         |          LEARNT          | Progress |
|           |    Vars  Clauses Literals |    Limit  Clauses Lit/Cl |          |
===============================================================================
|       100 |   65762   117563   292746 |    43106      100     15 | 24.962 % |
|       250 |   61943   104750   261106 |    47417      245     20 | 29.319 % |
|       475 |   61943   104750   261106 |    52158      470     28 | 29.319 % |
|       812 |   61942   104745   261094 |    57374      806     44 | 29.321 % |
|      1318 |   61654   104701   261004 |    63112     1310     67 | 29.649 % |
|      2077 |   61582   103258   257608 |    69423     2058     59 | 29.731 % |
|      3216 |   61401   102565   255966 |    76365     3169     52 | 29.938 % |
|      4924 |   61164   101637   253830 |    84002     4853     59 | 30.208 % |
|      7486 |   60982   100924   252177 |    92402     7352     72 | 30.416 % |
|     11330 |   60797   100181   250421 |   101642    11169     89 | 30.627 % |
|     17096 |   60502    99376   248497 |   111806    16853     97 | 30.964 % |
===============================================================================
restarts              : 69
conflicts             : 19954          (6815 /sec)
decisions             : 107522         (0.00 % random) (36724 /sec)
propagations          : 31728386       (10836790 /sec)
conflict literals     : 2036224        (30.90 % deleted)
Memory used           : 43.38 MB
CPU time              : 2.92784 s

INDETERMINATE
