Reading from standard input... Use '--help' for help.
============================[ Problem Statistics ]=============================
|                                                                             |
|  Number of variables:         69608                                         |
|  Number of clauses:          118081                                         |
|  Parse time:                   0.02 s                                       |
|                                                                             |
============================[ Search Statistics ]==============================
| Conflicts |          ORIGINAL         |          LEARNT          | Progress |
|           |    Vars  Clauses Literals |    Limit  Clauses Lit/Cl |          |
===============================================================================
===============================================================================
restarts              : 1
conflicts             : 25             (898 /sec)
decisions             : 6137           (0.00 % random) (220391 /sec)
propagations          : 27019          (970301 /sec)
conflict literals     : 73             (0.00 % deleted)
Memory used           : 15.96 MB
CPU time              : 0.027846 s

UNSATISFIABLE
