Reading from standard input... Use '--help' for help.
============================[ Problem Statistics ]=============================
|                                                                             |
|  Number of variables:         69608                                         |
|  Number of clauses:          118081                                         |
|  Parse time:                   0.02 s                                       |
|                                                                             |
============================[ Search Statistics ]==============================
| Conflicts |          ORIGINAL         |          LEARNT          | Progress |
|           |    Vars  Clauses Literals |    Limit  Clauses Lit/Cl |          |
===============================================================================
===============================================================================
restarts              : 1
conflicts             : 21             (731 /sec)
decisions             : 9571           (0.00 % random) (332997 /sec)
propagations          : 35375          (1230777 /sec)
conflict literals     : 49             (3.92 % deleted)
Memory used           : 15.07 MB
CPU time              : 0.028742 s

UNSATISFIABLE
