Reading from standard input... Use '--help' for help.
============================[ Problem Statistics ]=============================
|                                                                             |
|  Number of variables:         69608                                         |
|  Number of clauses:          118081                                         |
|  Parse time:                   0.02 s                                       |
|                                                                             |
============================[ Search Statistics ]==============================
| Conflicts |          ORIGINAL         |          LEARNT          | Progress |
|           |    Vars  Clauses Literals |    Limit  Clauses Lit/Cl |          |
===============================================================================
===============================================================================
restarts              : 1
conflicts             : 24             (773 /sec)
decisions             : 34151          (0.00 % random) (1100332 /sec)
propagations          : 69670          (2244740 /sec)
conflict literals     : 88             (0.00 % deleted)
Memory used           : 15.19 MB
CPU time              : 0.031037 s

SATISFIABLE
