Reading from standard input... Use '--help' for help.
============================[ Problem Statistics ]=============================
|                                                                             |
|  Number of variables:         69608                                         |
|  Number of clauses:          118081                                         |
|  Parse time:                   0.01 s                                       |
|                                                                             |
============================[ Search Statistics ]==============================
| Conflicts |          ORIGINAL         |          LEARNT          | Progress |
|           |    Vars  Clauses Literals |    Limit  Clauses Lit/Cl |          |
===============================================================================
===============================================================================
restarts              : 1
conflicts             : 44             (2063 /sec)
decisions             : 43522          (0.00 % random) (2040221 /sec)
propagations          : 98318          (4608944 /sec)
conflict literals     : 153            (0.00 % deleted)
Memory used           : 13.44 MB
CPU time              : 0.021332 s

SATISFIABLE
