Reading from standard input... Use '--help' for help.
============================[ Problem Statistics ]=============================
|                                                                             |
|  Number of variables:         69608                                         |
|  Number of clauses:          118081                                         |
|  Parse time:                   0.02 s                                       |
|                                                                             |
============================[ Search Statistics ]==============================
| Conflicts |          ORIGINAL         |          LEARNT          | Progress |
|           |    Vars  Clauses Literals |    Limit  Clauses Lit/Cl |          |
===============================================================================
===============================================================================
restarts              : 1
conflicts             : 48             (1519 /sec)
decisions             : 39501          (0.00 % random) (1249992 /sec)
propagations          : 93576          (2961172 /sec)
conflict literals     : 301            (10.68 % deleted)
Memory used           : 14.46 MB
CPU time              : 0.031601 s

SATISFIABLE
