Reading from standard input... Use '--help' for help.
============================[ Problem Statistics ]=============================
|                                                                             |
|  Number of variables:         69608                                         |
|  Number of clauses:          118081                                         |
|  Parse time:                   0.03 s                                       |
|                                                                             |
============================[ Search Statistics ]==============================
| Conflicts |          ORIGINAL         |          LEARNT          | Progress |
|           |    Vars  Clauses Literals |    Limit  Clauses Lit/Cl |          |
===============================================================================
===============================================================================
restarts              : 1
conflicts             : 73             (1743 /sec)
decisions             : 54955          (0.00 % random) (1312421 /sec)
propagations          : 167652         (4003821 /sec)
conflict literals     : 4509           (11.81 % deleted)
Memory used           : 16.15 MB
CPU time              : 0.041873 s

SATISFIABLE
