Reading from standard input... Use '--help' for help.
============================[ Problem Statistics ]=============================
|                                                                             |
|  Number of variables:         69608                                         |
|  Number of clauses:          118081                                         |
|  Parse time:                   0.02 s                                       |
|                                                                             |
============================[ Search Statistics ]==============================
| Conflicts |          ORIGINAL         |          LEARNT          | Progress |
|           |    Vars  Clauses Literals |    Limit  Clauses Lit/Cl |          |
===============================================================================
===============================================================================
restarts              : 1
conflicts             : 40             (1280 /sec)
decisions             : 33953          (0.00 % random) (1086739 /sec)
propagations          : 69710          (2231220 /sec)
conflict literals     : 148            (0.00 % deleted)
Memory used           : 13.93 MB
CPU time              : 0.031243 s

SATISFIABLE
