Reading from standard input... Use '--help' for help.
============================[ Problem Statistics ]=============================
|                                                                             |
|  Number of variables:         87638                                         |
|  Number of clauses:          161767                                         |
|  Parse time:                   0.03 s                                       |
|                                                                             |
============================[ Search Statistics ]==============================
| Conflicts |          ORIGINAL         |          LEARNT          | Progress |
|           |    Vars  Clauses Literals |    Limit  Clauses Lit/Cl |          |
===============================================================================
|       100 |   63270   108366   270696 |    39734      100     16 | 27.805 % |
|       250 |   54461    82454   206973 |    43707      246     41 | 37.857 % |
|       475 |   54461    82370   206780 |    48078      471     52 | 37.857 % |
|       812 |   54461    82370   206780 |    52886      808     64 | 37.857 % |
|      1318 |   54437    82270   206551 |    58174     1313     71 | 37.884 % |
|      2077 |   54376    82156   206297 |    63992     2067     73 | 37.954 % |
|      3216 |   54164    81652   205115 |    70391     3187     67 | 38.196 % |
|      4924 |   53179    77871   195297 |    77430     4087     51 | 39.320 % |
|      7486 |   53179    77871   195297 |    85173     6649     60 | 39.320 % |
|     11330 |   53012    77205   193695 |    93691    10461     63 | 39.510 % |
|     17096 |   52787    76162   191287 |   103060    15118     60 | 39.767 % |
===============================================================================
restarts              : 63
conflicts             : 18245          (10780 /sec)
decisions             : 62323          (0.00 % random) (36823 /sec)
propagations          : 21674008       (12805966 /sec)
conflict literals     : 1082059        (47.23 % deleted)
Memory used           : 31.84 MB
CPU time              : 1.69249 s

UNSATISFIABLE
