Reading from standard input... Use '--help' for help.
============================[ Problem Statistics ]=============================
|                                                                             |
|  Number of variables:         69608                                         |
|  Number of clauses:          118081                                         |
|  Parse time:                   0.03 s                                       |
|                                                                             |
============================[ Search Statistics ]==============================
| Conflicts |          ORIGINAL         |          LEARNT          | Progress |
|           |    Vars  Clauses Literals |    Limit  Clauses Lit/Cl |          |
===============================================================================
|       100 |   57335    83871   207714 |    30752       92      6 | 17.632 % |
===============================================================================
restarts              : 2
conflicts             : 150            (3872 /sec)
decisions             : 3980           (0.00 % random) (102734 /sec)
propagations          : 172613         (4455564 /sec)
conflict literals     : 769            (24.09 % deleted)
Memory used           : 15.90 MB
CPU time              : 0.038741 s

UNSATISFIABLE
