Reading from standard input... Use '--help' for help.
============================[ Problem Statistics ]=============================
|                                                                             |
|  Number of variables:         87638                                         |
|  Number of clauses:          161767                                         |
|  Parse time:                   0.03 s                                       |
|                                                                             |
============================[ Search Statistics ]==============================
| Conflicts |          ORIGINAL         |          LEARNT          | Progress |
|           |    Vars  Clauses Literals |    Limit  Clauses Lit/Cl |          |
===============================================================================
|       100 |   62244   104715   261670 |    38395      100     92 | 28.976 % |
|       250 |   62243   104712   261664 |    42235      249    109 | 28.977 % |
|       475 |   62243   104712   261664 |    46458      474    120 | 28.977 % |
|       812 |   62243   104712   261664 |    51104      811    116 | 28.977 % |
|      1318 |   43765    50705   129168 |    56214     1296    125 | 50.062 % |
|      2077 |   43757    50547   128780 |    61836     1647     81 | 50.071 % |
|      3216 |   42771    47765   121519 |    68019     1940     53 | 51.196 % |
===============================================================================
restarts              : 18
conflicts             : 3591           (8426 /sec)
decisions             : 14399          (0.00 % random) (33787 /sec)
propagations          : 5119858        (12013736 /sec)
conflict literals     : 214643         (26.76 % deleted)
Memory used           : 26.14 MB
CPU time              : 0.426167 s

UNSATISFIABLE
