Reading from standard input... Use '--help' for help.
============================[ Problem Statistics ]=============================
|                                                                             |
|  Number of variables:         69608                                         |
|  Number of clauses:          118081                                         |
|  Parse time:                   0.02 s                                       |
|                                                                             |
============================[ Search Statistics ]==============================
| Conflicts |          ORIGINAL         |          LEARNT          | Progress |
|           |    Vars  Clauses Literals |    Limit  Clauses Lit/Cl |          |
===============================================================================
===============================================================================
restarts              : 1
conflicts             : 38             (1010 /sec)
decisions             : 40938          (0.00 % random) (1088140 /sec)
propagations          : 92829          (2467413 /sec)
conflict literals     : 348            (8.42 % deleted)
Memory used           : 17.75 MB
CPU time              : 0.037622 s

SATISFIABLE
