Reading from standard input... Use '--help' for help.
============================[ Problem Statistics ]=============================
|                                                                             |
|  Number of variables:         69608                                         |
|  Number of clauses:          118081                                         |
|  Parse time:                   0.03 s                                       |
|                                                                             |
============================[ Search Statistics ]==============================
| Conflicts |          ORIGINAL         |          LEARNT          | Progress |
|           |    Vars  Clauses Literals |    Limit  Clauses Lit/Cl |          |
===============================================================================
===============================================================================
restarts              : 1
conflicts             : 13             (336 /sec)
decisions             : 65185          (0.00 % random) (1685151 /sec)
propagations          : 119314         (3084484 /sec)
conflict literals     : 29             (0.00 % deleted)
Memory used           : 16.84 MB
CPU time              : 0.038682 s

SATISFIABLE
