Reading from standard input... Use '--help' for help.
============================[ Problem Statistics ]=============================
|                                                                             |
|  Number of variables:         69608                                         |
|  Number of clauses:          118081                                         |
|  Parse time:                   0.03 s                                       |
|                                                                             |
============================[ Search Statistics ]==============================
| Conflicts |          ORIGINAL         |          LEARNT          | Progress |
|           |    Vars  Clauses Literals |    Limit  Clauses Lit/Cl |          |
===============================================================================
===============================================================================
restarts              : 1
conflicts             : 10             (250 /sec)
decisions             : 65420          (0.00 % random) (1635009 /sec)
propagations          : 119877         (2996026 /sec)
conflict literals     : 22             (0.00 % deleted)
Memory used           : 15.31 MB
CPU time              : 0.040012 s

SATISFIABLE
