Reading from standard input... Use '--help' for help.
============================[ Problem Statistics ]=============================
|                                                                             |
|  Number of variables:         69608                                         |
|  Number of clauses:          118081                                         |
|  Parse time:                   0.02 s                                       |
|                                                                             |
============================[ Search Statistics ]==============================
| Conflicts |          ORIGINAL         |          LEARNT          | Progress |
|           |    Vars  Clauses Literals |    Limit  Clauses Lit/Cl |          |
===============================================================================
===============================================================================
restarts              : 1
conflicts             : 69             (2865 /sec)
decisions             : 37969          (0.00 % random) (1576655 /sec)
propagations          : 76067          (3158666 /sec)
conflict literals     : 235            (0.00 % deleted)
Memory used           : 17.18 MB
CPU time              : 0.024082 s

SATISFIABLE
