Reading from standard input... Use '--help' for help.
============================[ Problem Statistics ]=============================
|                                                                             |
|  Number of variables:         69608                                         |
|  Number of clauses:          118081                                         |
|  Parse time:                   0.03 s                                       |
|                                                                             |
============================[ Search Statistics ]==============================
| Conflicts |          ORIGINAL         |          LEARNT          | Progress |
|           |    Vars  Clauses Literals |    Limit  Clauses Lit/Cl |          |
===============================================================================
===============================================================================
restarts              : 1
conflicts             : 4              (102 /sec)
decisions             : 39842          (0.00 % random) (1012709 /sec)
propagations          : 84701          (2152941 /sec)
conflict literals     : 5              (0.00 % deleted)
Memory used           : 16.07 MB
CPU time              : 0.039342 s

SATISFIABLE
