Reading from standard input... Use '--help' for help.
============================[ Problem Statistics ]=============================
|                                                                             |
|  Number of variables:         87638                                         |
|  Number of clauses:          161767                                         |
|  Parse time:                   0.02 s                                       |
|                                                                             |
============================[ Search Statistics ]==============================
| Conflicts |          ORIGINAL         |          LEARNT          | Progress |
|           |    Vars  Clauses Literals |    Limit  Clauses Lit/Cl |          |
===============================================================================
|       100 |   63376   108662   271628 |    39842      100     36 | 27.684 % |
|       250 |   63354   108570   271417 |    43827      240     27 | 27.709 % |
|       475 |   63354   108570   271417 |    48209      465     29 | 27.709 % |
|       812 |   63354   108570   271417 |    53030      802     46 | 27.709 % |
|      1318 |   63343   108514   271280 |    58333     1222     62 | 27.722 % |
|      2077 |   63343   108514   271280 |    64167     1981     71 | 27.722 % |
|      3216 |   52656    77245   194265 |    70583     3036     76 | 39.916 % |
|      4924 |   51098    71861   180339 |    77642     4353     67 | 41.694 % |
|      7486 |   51045    71402   179243 |    85406     6904     61 | 41.755 % |
|     11330 |   50829    70354   176770 |    93947    10703     56 | 42.001 % |
===============================================================================
restarts              : 63
conflicts             : 16325          (10657 /sec)
decisions             : 49929          (0.00 % random) (32592 /sec)
propagations          : 20423515       (13331964 /sec)
conflict literals     : 797935         (46.44 % deleted)
Memory used           : 31.91 MB
CPU time              : 1.53192 s

UNSATISFIABLE
