Reading from standard input... Use '--help' for help.
============================[ Problem Statistics ]=============================
|                                                                             |
|  Number of variables:         69608                                         |
|  Number of clauses:          118081                                         |
|  Parse time:                   0.02 s                                       |
|                                                                             |
============================[ Search Statistics ]==============================
| Conflicts |          ORIGINAL         |          LEARNT          | Progress |
|           |    Vars  Clauses Literals |    Limit  Clauses Lit/Cl |          |
===============================================================================
===============================================================================
restarts              : 1
conflicts             : 64             (1917 /sec)
decisions             : 49535          (0.00 % random) (1483439 /sec)
propagations          : 107853         (3229905 /sec)
conflict literals     : 789            (1.62 % deleted)
Memory used           : 16.94 MB
CPU time              : 0.033392 s

SATISFIABLE
