Reading from standard input... Use '--help' for help.
============================[ Problem Statistics ]=============================
|                                                                             |
|  Number of variables:         87638                                         |
|  Number of clauses:          161767                                         |
|  Parse time:                   0.04 s                                       |
|                                                                             |
============================[ Search Statistics ]==============================
| Conflicts |          ORIGINAL         |          LEARNT          | Progress |
|           |    Vars  Clauses Literals |    Limit  Clauses Lit/Cl |          |
===============================================================================
|       100 |   63223   108179   270413 |    39665      100     12 | 27.859 % |
|       250 |   63223   108179   270413 |    43632      250     57 | 27.859 % |
|       475 |   63223   108179   270413 |    47995      475     92 | 27.859 % |
|       812 |   63194   108061   270139 |    52794      810     84 | 27.892 % |
|      1318 |   63174   107983   269949 |    58074     1314     84 | 27.915 % |
|      2077 |   63174   107983   269949 |    63881     2073     98 | 27.915 % |
|      3216 |   63173   107939   269859 |    70270     3207     90 | 27.916 % |
|      4924 |   63173   107939   269859 |    77297     4915     82 | 27.916 % |
|      7486 |   63155   107865   269688 |    85026     7475     84 | 27.937 % |
===============================================================================
restarts              : 38
conflicts             : 8884           (5975 /sec)
decisions             : 40218          (0.00 % random) (27048 /sec)
propagations          : 14291576       (9611659 /sec)
conflict literals     : 708181         (49.76 % deleted)
Memory used           : 27.47 MB
CPU time              : 1.4869 s

INDETERMINATE
