Reading from standard input... Use '--help' for help.
============================[ Problem Statistics ]=============================
|                                                                             |
|  Number of variables:         69608                                         |
|  Number of clauses:          118081                                         |
|  Parse time:                   0.02 s                                       |
|                                                                             |
============================[ Search Statistics ]==============================
| Conflicts |          ORIGINAL         |          LEARNT          | Progress |
|           |    Vars  Clauses Literals |    Limit  Clauses Lit/Cl |          |
===============================================================================
===============================================================================
restarts              : 1
conflicts             : 13             (362 /sec)
decisions             : 38378          (0.00 % random) (1067301 /sec)
propagations          : 77708          (2161077 /sec)
conflict literals     : 38             (0.00 % deleted)
Memory used           : 17.76 MB
CPU time              : 0.035958 s

SATISFIABLE
