Reading from standard input... Use '--help' for help.
============================[ Problem Statistics ]=============================
|                                                                             |
|  Number of variables:         69608                                         |
|  Number of clauses:          118081                                         |
|  Parse time:                   0.02 s                                       |
|                                                                             |
============================[ Search Statistics ]==============================
| Conflicts |          ORIGINAL         |          LEARNT          | Progress |
|           |    Vars  Clauses Literals |    Limit  Clauses Lit/Cl |          |
===============================================================================
|       100 |   55991    79229   196337 |    29050       96      7 | 19.562 % |
===============================================================================
restarts              : 3
conflicts             : 215            (6677 /sec)
decisions             : 10782          (0.00 % random) (334855 /sec)
propagations          : 264002         (8199075 /sec)
conflict literals     : 1571           (22.19 % deleted)
Memory used           : 15.51 MB
CPU time              : 0.032199 s

UNSATISFIABLE
