Reading from standard input... Use '--help' for help.
============================[ Problem Statistics ]=============================
|                                                                             |
|  Number of variables:         69608                                         |
|  Number of clauses:          118081                                         |
|  Parse time:                   0.02 s                                       |
|                                                                             |
============================[ Search Statistics ]==============================
| Conflicts |          ORIGINAL         |          LEARNT          | Progress |
|           |    Vars  Clauses Literals |    Limit  Clauses Lit/Cl |          |
===============================================================================
===============================================================================
restarts              : 1
conflicts             : 45             (1709 /sec)
decisions             : 10223          (0.00 % random) (388264 /sec)
propagations          : 33513          (1272807 /sec)
conflict literals     : 141            (0.00 % deleted)
Memory used           : 18.75 MB
CPU time              : 0.02633 s

UNSATISFIABLE
