Reading from standard input... Use '--help' for help.
============================[ Problem Statistics ]=============================
|                                                                             |
|  Number of variables:         69608                                         |
|  Number of clauses:          118081                                         |
|  Parse time:                   0.03 s                                       |
|                                                                             |
============================[ Search Statistics ]==============================
| Conflicts |          ORIGINAL         |          LEARNT          | Progress |
|           |    Vars  Clauses Literals |    Limit  Clauses Lit/Cl |          |
===============================================================================
===============================================================================
restarts              : 1
conflicts             : 43             (1299 /sec)
decisions             : 34654          (0.00 % random) (1047138 /sec)
propagations          : 70602          (2133378 /sec)
conflict literals     : 154            (0.00 % deleted)
Memory used           : 16.90 MB
CPU time              : 0.033094 s

SATISFIABLE
