Reading from standard input... Use '--help' for help.
============================[ Problem Statistics ]=============================
|                                                                             |
|  Number of variables:         87638                                         |
|  Number of clauses:          161767                                         |
|  Parse time:                   0.03 s                                       |
|                                                                             |
============================[ Search Statistics ]==============================
| Conflicts |          ORIGINAL         |          LEARNT          | Progress |
|           |    Vars  Clauses Literals |    Limit  Clauses Lit/Cl |          |
===============================================================================
|       100 |   62766   106566   266277 |    39074      100     19 | 28.380 % |
|       250 |   62766   106566   266277 |    42981      250     42 | 28.380 % |
|       475 |   62766   106566   266277 |    47279      475     47 | 28.381 % |
|       812 |   62766   106566   266277 |    52007      812     67 | 28.380 % |
|      1318 |   62766   106566   266277 |    57208     1318     72 | 28.380 % |
|      2077 |   62766   106566   266277 |    62929     2077     69 | 28.380 % |
|      3216 |   62766   106566   266277 |    69222     3216     82 | 28.380 % |
|      4924 |   62766   106566   266277 |    76144     4924     85 | 28.380 % |
|      7486 |   62766   106566   266277 |    83759     7486     88 | 28.380 % |
|     11330 |   50148    68583   172610 |    92134     8802     89 | 42.778 % |
===============================================================================
restarts              : 61
conflicts             : 14452          (9109 /sec)
decisions             : 47333          (0.00 % random) (29833 /sec)
propagations          : 17984235       (11335200 /sec)
conflict literals     : 1063389        (50.27 % deleted)
Memory used           : 36.54 MB
CPU time              : 1.58658 s

UNSATISFIABLE
