Reading from standard input... Use '--help' for help.
============================[ Problem Statistics ]=============================
|                                                                             |
|  Number of variables:         69608                                         |
|  Number of clauses:          118081                                         |
|  Parse time:                   0.02 s                                       |
|                                                                             |
============================[ Search Statistics ]==============================
| Conflicts |          ORIGINAL         |          LEARNT          | Progress |
|           |    Vars  Clauses Literals |    Limit  Clauses Lit/Cl |          |
===============================================================================
===============================================================================
restarts              : 1
conflicts             : 36             (1334 /sec)
decisions             : 2541           (0.00 % random) (94139 /sec)
propagations          : 73396          (2719176 /sec)
conflict literals     : 175            (18.60 % deleted)
Memory used           : 14.89 MB
CPU time              : 0.026992 s

UNSATISFIABLE
