Reading from standard input... Use '--help' for help.
============================[ Problem Statistics ]=============================
|                                                                             |
|  Number of variables:         87638                                         |
|  Number of clauses:          161767                                         |
|  Parse time:                   0.03 s                                       |
|                                                                             |
============================[ Search Statistics ]==============================
| Conflicts |          ORIGINAL         |          LEARNT          | Progress |
|           |    Vars  Clauses Literals |    Limit  Clauses Lit/Cl |          |
===============================================================================
|       100 |   63837   110482   275881 |    40510      100     16 | 27.158 % |
|       250 |   63837   110482   275881 |    44561      250     26 | 27.158 % |
|       475 |   63837   110482   275881 |    49017      475     64 | 27.158 % |
|       812 |   63797   110320   275507 |    53918      809     68 | 27.204 % |
|      1318 |   56611    88533   221978 |    59310     1308    116 | 35.404 % |
|      2077 |   56585    88425   221731 |    65241     2066     99 | 35.433 % |
|      3216 |   56564    88338   221532 |    71766     3203     93 | 35.457 % |
|      4924 |   56277    87194   218786 |    78942     4864     86 | 35.785 % |
|      7486 |   56148    86715   217693 |    86836     7396     82 | 35.932 % |
|     11330 |   56040    86221   216540 |    95520    10654     77 | 36.055 % |
|     17096 |   55613    84978   213582 |   105072    16195     77 | 36.542 % |
|     25745 |   54962    82078   206378 |   115579    24537     75 | 37.285 % |
===============================================================================
restarts              : 126
conflicts             : 37105          (8334 /sec)
decisions             : 116607         (0.00 % random) (26189 /sec)
propagations          : 51376872       (11538879 /sec)
conflict literals     : 2603629        (52.14 % deleted)
Memory used           : 52.81 MB
CPU time              : 4.4525 s

UNSATISFIABLE
