Reading from standard input... Use '--help' for help.
============================[ Problem Statistics ]=============================
|                                                                             |
|  Number of variables:         69608                                         |
|  Number of clauses:          118081                                         |
|  Parse time:                   0.02 s                                       |
|                                                                             |
============================[ Search Statistics ]==============================
| Conflicts |          ORIGINAL         |          LEARNT          | Progress |
|           |    Vars  Clauses Literals |    Limit  Clauses Lit/Cl |          |
===============================================================================
===============================================================================
restarts              : 1
conflicts             : 23             (736 /sec)
decisions             : 4870           (0.00 % random) (155860 /sec)
propagations          : 26230          (839467 /sec)
conflict literals     : 58             (0.00 % deleted)
Memory used           : 17.43 MB
CPU time              : 0.031246 s

UNSATISFIABLE
