Reading from standard input... Use '--help' for help.
============================[ Problem Statistics ]=============================
|                                                                             |
|  Number of variables:         69608                                         |
|  Number of clauses:          118081                                         |
|  Parse time:                   0.02 s                                       |
|                                                                             |
============================[ Search Statistics ]==============================
| Conflicts |          ORIGINAL         |          LEARNT          | Progress |
|           |    Vars  Clauses Literals |    Limit  Clauses Lit/Cl |          |
===============================================================================
===============================================================================
restarts              : 1
conflicts             : 1              (25 /sec)
decisions             : 35848          (0.00 % random) (906856 /sec)
propagations          : 72751          (1840400 /sec)
conflict literals     : 1              (0.00 % deleted)
Memory used           : 15.04 MB
CPU time              : 0.03953 s

SATISFIABLE
