Reading from standard input... Use '--help' for help.
============================[ Problem Statistics ]=============================
|                                                                             |
|  Number of variables:         87638                                         |
|  Number of clauses:          161767                                         |
|  Parse time:                   0.02 s                                       |
|                                                                             |
============================[ Search Statistics ]==============================
| Conflicts |          ORIGINAL         |          LEARNT          | Progress |
|           |    Vars  Clauses Literals |    Limit  Clauses Lit/Cl |          |
===============================================================================
|       100 |   63217   108239   270439 |    39687      100     22 | 27.866 % |
|       250 |   63217   108239   270439 |    43656      250     37 | 27.866 % |
|       475 |   63217   108239   270439 |    48022      475     47 | 27.866 % |
|       812 |   63217   108239   270439 |    52824      812     51 | 27.866 % |
|      1318 |   63216   108236   270433 |    58106     1317     64 | 27.867 % |
|      2077 |   63196   108157   270251 |    63917     2074     65 | 27.890 % |
|      3216 |   63195   108113   270161 |    70309     3206     84 | 27.891 % |
|      4924 |   63034   107465   268623 |    77339     4906     91 | 28.075 % |
|      7486 |   63034   107465   268623 |    85073     7468     87 | 28.075 % |
|     11330 |   63034   107465   268623 |    93581    11312     83 | 28.075 % |
|     17096 |   51626    72923   183652 |   102939    12860     78 | 41.092 % |
|     25745 |   51260    71359   179960 |   113233    17087     67 | 41.509 % |
===============================================================================
restarts              : 94
conflicts             : 26486          (7724 /sec)
decisions             : 82991          (0.00 % random) (24201 /sec)
propagations          : 38015727       (11085856 /sec)
conflict literals     : 1840789        (53.95 % deleted)
Memory used           : 45.17 MB
CPU time              : 3.42921 s

UNSATISFIABLE
