Reading from standard input... Use '--help' for help.
============================[ Problem Statistics ]=============================
|                                                                             |
|  Number of variables:         69608                                         |
|  Number of clauses:          118081                                         |
|  Parse time:                   0.03 s                                       |
|                                                                             |
============================[ Search Statistics ]==============================
| Conflicts |          ORIGINAL         |          LEARNT          | Progress |
|           |    Vars  Clauses Literals |    Limit  Clauses Lit/Cl |          |
===============================================================================
===============================================================================
restarts              : 1
conflicts             : 6              (162 /sec)
decisions             : 1810           (0.00 % random) (48808 /sec)
propagations          : 23375          (630326 /sec)
conflict literals     : 7              (0.00 % deleted)
Memory used           : 16.70 MB
CPU time              : 0.037084 s

UNSATISFIABLE
