Reading from standard input... Use '--help' for help.
============================[ Problem Statistics ]=============================
|                                                                             |
|  Number of variables:         69608                                         |
|  Number of clauses:          118081                                         |
|  Parse time:                   0.02 s                                       |
|                                                                             |
============================[ Search Statistics ]==============================
| Conflicts |          ORIGINAL         |          LEARNT          | Progress |
|           |    Vars  Clauses Literals |    Limit  Clauses Lit/Cl |          |
===============================================================================
===============================================================================
restarts              : 1
conflicts             : 3              (97 /sec)
decisions             : 34479          (0.00 % random) (1120212 /sec)
propagations          : 70422          (2287989 /sec)
conflict literals     : 6              (0.00 % deleted)
Memory used           : 14.96 MB
CPU time              : 0.030779 s

SATISFIABLE
