Reading from standard input... Use '--help' for help.
============================[ Problem Statistics ]=============================
|                                                                             |
|  Number of variables:         87638                                         |
|  Number of clauses:          161767                                         |
|  Parse time:                   0.03 s                                       |
|                                                                             |
============================[ Search Statistics ]==============================
| Conflicts |          ORIGINAL         |          LEARNT          | Progress |
|           |    Vars  Clauses Literals |    Limit  Clauses Lit/Cl |          |
===============================================================================
|       100 |   63858   110497   276018 |    40515      100     52 | 27.134 % |
|       250 |   55103    84651   212469 |    44567      246     69 | 37.124 % |
|       475 |   55094    84613   212379 |    49023      469     72 | 37.135 % |
|       812 |   55073    84534   212179 |    53926      805     62 | 37.159 % |
|      1318 |   54828    83883   210345 |    59318     1306     49 | 37.438 % |
|      2077 |   54828    83883   210345 |    65250     2065     54 | 37.438 % |
|      3216 |   54682    83634   209757 |    71775     3199     57 | 37.605 % |
|      4924 |   54155    81443   204469 |    78953     4658     64 | 38.206 % |
|      7486 |   53726    80124   201222 |    86848     7169     64 | 38.696 % |
|     11330 |   53353    78523   197308 |    95533    10296     60 | 39.121 % |
|     17096 |   53274    78194   196527 |   105086    15924     61 | 39.211 % |
===============================================================================
restarts              : 88
conflicts             : 23941          (9166 /sec)
decisions             : 76408          (0.00 % random) (29253 /sec)
propagations          : 32211112       (12332303 /sec)
conflict literals     : 1412833        (46.87 % deleted)
Memory used           : 30.16 MB
CPU time              : 2.61193 s

UNSATISFIABLE
