Reading from standard input... Use '--help' for help.
============================[ Problem Statistics ]=============================
|                                                                             |
|  Number of variables:         69608                                         |
|  Number of clauses:          118081                                         |
|  Parse time:                   0.02 s                                       |
|                                                                             |
============================[ Search Statistics ]==============================
| Conflicts |          ORIGINAL         |          LEARNT          | Progress |
|           |    Vars  Clauses Literals |    Limit  Clauses Lit/Cl |          |
===============================================================================
|       100 |   56431    81691   202275 |    29953       94     10 | 18.930 % |
===============================================================================
restarts              : 3
conflicts             : 228            (4460 /sec)
decisions             : 8479           (0.00 % random) (165868 /sec)
propagations          : 345798         (6764569 /sec)
conflict literals     : 1925           (27.25 % deleted)
Memory used           : 18.20 MB
CPU time              : 0.051119 s

UNSATISFIABLE
