Reading from standard input... Use '--help' for help.
============================[ Problem Statistics ]=============================
|                                                                             |
|  Number of variables:         69608                                         |
|  Number of clauses:          118081                                         |
|  Parse time:                   0.03 s                                       |
|                                                                             |
============================[ Search Statistics ]==============================
| Conflicts |          ORIGINAL         |          LEARNT          | Progress |
|           |    Vars  Clauses Literals |    Limit  Clauses Lit/Cl |          |
===============================================================================
===============================================================================
restarts              : 1
conflicts             : 5              (138 /sec)
decisions             : 36488          (0.00 % random) (1008987 /sec)
propagations          : 73290          (2026657 /sec)
conflict literals     : 11             (0.00 % deleted)
Memory used           : 18.02 MB
CPU time              : 0.036163 s

SATISFIABLE
