Reading from standard input... Use '--help' for help.
============================[ Problem Statistics ]=============================
|                                                                             |
|  Number of variables:         69608                                         |
|  Number of clauses:          118081                                         |
|  Parse time:                   0.02 s                                       |
|                                                                             |
============================[ Search Statistics ]==============================
| Conflicts |          ORIGINAL         |          LEARNT          | Progress |
|           |    Vars  Clauses Literals |    Limit  Clauses Lit/Cl |          |
===============================================================================
===============================================================================
restarts              : 1
conflicts             : 80             (2303 /sec)
decisions             : 47164          (0.00 % random) (1357863 /sec)
propagations          : 102324         (2945932 /sec)
conflict literals     : 602            (1.95 % deleted)
Memory used           : 17.21 MB
CPU time              : 0.034734 s

SATISFIABLE
