Reading from standard input... Use '--help' for help.
============================[ Problem Statistics ]=============================
|                                                                             |
|  Number of variables:         69608                                         |
|  Number of clauses:          118081                                         |
|  Parse time:                   0.02 s                                       |
|                                                                             |
============================[ Search Statistics ]==============================
| Conflicts |          ORIGINAL         |          LEARNT          | Progress |
|           |    Vars  Clauses Literals |    Limit  Clauses Lit/Cl |          |
===============================================================================
===============================================================================
restarts              : 1
conflicts             : 30             (1142 /sec)
decisions             : 12398          (0.00 % random) (472017 /sec)
propagations          : 45167          (1719599 /sec)
conflict literals     : 94             (0.00 % deleted)
Memory used           : 14.90 MB
CPU time              : 0.026266 s

UNSATISFIABLE
