Reading from standard input... Use '--help' for help.
============================[ Problem Statistics ]=============================
|                                                                             |
|  Number of variables:         69608                                         |
|  Number of clauses:          118081                                         |
|  Parse time:                   0.02 s                                       |
|                                                                             |
============================[ Search Statistics ]==============================
| Conflicts |          ORIGINAL         |          LEARNT          | Progress |
|           |    Vars  Clauses Literals |    Limit  Clauses Lit/Cl |          |
===============================================================================
===============================================================================
restarts              : 1
conflicts             : 29             (855 /sec)
decisions             : 11948          (0.00 % random) (352168 /sec)
propagations          : 45559          (1342854 /sec)
conflict literals     : 93             (0.00 % deleted)
Memory used           : 14.84 MB
CPU time              : 0.033927 s

UNSATISFIABLE
