Reading from standard input... Use '--help' for help.
============================[ Problem Statistics ]=============================
|                                                                             |
|  Number of variables:         69608                                         |
|  Number of clauses:          118081                                         |
|  Parse time:                   0.02 s                                       |
|                                                                             |
============================[ Search Statistics ]==============================
| Conflicts |          ORIGINAL         |          LEARNT          | Progress |
|           |    Vars  Clauses Literals |    Limit  Clauses Lit/Cl |          |
===============================================================================
===============================================================================
restarts              : 1
conflicts             : 35             (1201 /sec)
decisions             : 10629          (0.00 % random) (364719 /sec)
propagations          : 40077          (1375184 /sec)
conflict literals     : 94             (0.00 % deleted)
Memory used           : 15.38 MB
CPU time              : 0.029143 s

UNSATISFIABLE
