Reading from standard input... Use '--help' for help.
============================[ Problem Statistics ]=============================
|                                                                             |
|  Number of variables:         87638                                         |
|  Number of clauses:          161767                                         |
|  Parse time:                   0.04 s                                       |
|                                                                             |
============================[ Search Statistics ]==============================
| Conflicts |          ORIGINAL         |          LEARNT          | Progress |
|           |    Vars  Clauses Literals |    Limit  Clauses Lit/Cl |          |
===============================================================================
|       100 |   63842   110424   276015 |    40488      100     52 | 27.153 % |
|       250 |   63842   110424   276015 |    44537      250    112 | 27.153 % |
|       475 |   63834   110392   275927 |    48991      425     76 | 27.162 % |
|       812 |   63658   109676   274239 |    53890      746     85 | 27.363 % |
|      1318 |   63658   109676   274239 |    59279     1252     77 | 27.363 % |
|      2077 |   63653   109616   274105 |    65207     1940     67 | 27.368 % |
|      3216 |   63606   109424   273660 |    71728     2486     68 | 27.422 % |
|      4924 |   63533   109142   273008 |    78901     4189     76 | 27.505 % |
|      7486 |   63533   109142   273008 |    86791     6751     83 | 27.505 % |
|     11330 |   50278    69540   175460 |    95470    10395     84 | 42.630 % |
|     17096 |   50125    68959   174127 |   105017    15000     76 | 42.804 % |
===============================================================================
restarts              : 69
conflicts             : 19936          (5854 /sec)
decisions             : 65560          (0.00 % random) (19250 /sec)
propagations          : 31641119       (9290546 /sec)
conflict literals     : 1452523        (51.30 % deleted)
Memory used           : 34.18 MB
CPU time              : 3.40573 s

INDETERMINATE
