Reading from standard input... Use '--help' for help.
============================[ Problem Statistics ]=============================
|                                                                             |
|  Number of variables:         69608                                         |
|  Number of clauses:          118081                                         |
|  Parse time:                   0.03 s                                       |
|                                                                             |
============================[ Search Statistics ]==============================
| Conflicts |          ORIGINAL         |          LEARNT          | Progress |
|           |    Vars  Clauses Literals |    Limit  Clauses Lit/Cl |          |
===============================================================================
===============================================================================
restarts              : 1
conflicts             : 29             (891 /sec)
decisions             : 11542          (0.00 % random) (354767 /sec)
propagations          : 43104          (1324891 /sec)
conflict literals     : 93             (0.00 % deleted)
Memory used           : 19.02 MB
CPU time              : 0.032534 s

UNSATISFIABLE
