Reading from standard input... Use '--help' for help.
============================[ Problem Statistics ]=============================
|                                                                             |
|  Number of variables:         69608                                         |
|  Number of clauses:          118081                                         |
|  Parse time:                   0.02 s                                       |
|                                                                             |
============================[ Search Statistics ]==============================
| Conflicts |          ORIGINAL         |          LEARNT          | Progress |
|           |    Vars  Clauses Literals |    Limit  Clauses Lit/Cl |          |
===============================================================================
|       100 |   57374    84414   208973 |    30951       90      6 | 17.576 % |
===============================================================================
restarts              : 2
conflicts             : 200            (5445 /sec)
decisions             : 5154           (0.00 % random) (140306 /sec)
propagations          : 233638         (6360266 /sec)
conflict literals     : 1550           (18.38 % deleted)
Memory used           : 15.81 MB
CPU time              : 0.036734 s

UNSATISFIABLE
