Reading from standard input... Use '--help' for help.
============================[ Problem Statistics ]=============================
|                                                                             |
|  Number of variables:         87638                                         |
|  Number of clauses:          161767                                         |
|  Parse time:                   0.02 s                                       |
|                                                                             |
============================[ Search Statistics ]==============================
| Conflicts |          ORIGINAL         |          LEARNT          | Progress |
|           |    Vars  Clauses Literals |    Limit  Clauses Lit/Cl |          |
===============================================================================
|       100 |   63961   110797   276820 |    40625      100     30 | 27.017 % |
|       250 |   63961   110797   276820 |    44688      250     61 | 27.017 % |
|       475 |   63961   110797   276820 |    49156      475     45 | 27.017 % |
|       812 |   63961   110797   276820 |    54072      812     49 | 27.017 % |
|      1318 |   63961   110797   276820 |    59479     1318     63 | 27.017 % |
|      2077 |   63961   110797   276820 |    65427     2077     63 | 27.017 % |
|      3216 |   63961   110797   276820 |    71970     3216     61 | 27.017 % |
|      4924 |   63961   110797   276820 |    79167     4924     65 | 27.017 % |
|      7486 |   63940   110669   276537 |    87084     7479     83 | 27.041 % |
|     11330 |   63846   110289   275649 |    95792    11315     92 | 27.148 % |
|     17096 |   54610   110171   275375 |   105372    16155     92 | 37.687 % |
|     25745 |   53572    78802   198110 |   115909    23098     85 | 38.871 % |
===============================================================================
restarts              : 108
conflicts             : 29325          (8041 /sec)
decisions             : 89357          (0.00 % random) (24503 /sec)
propagations          : 44243056       (12132224 /sec)
conflict literals     : 2310189        (51.68 % deleted)
Memory used           : 40.02 MB
CPU time              : 3.64674 s

UNSATISFIABLE
