Reading from standard input... Use '--help' for help.
============================[ Problem Statistics ]=============================
|                                                                             |
|  Number of variables:         87638                                         |
|  Number of clauses:          161767                                         |
|  Parse time:                   0.02 s                                       |
|                                                                             |
============================[ Search Statistics ]==============================
| Conflicts |          ORIGINAL         |          LEARNT          | Progress |
|           |    Vars  Clauses Literals |    Limit  Clauses Lit/Cl |          |
===============================================================================
|       100 |   65133   115244   287261 |    42256      100     10 | 25.679 % |
|       250 |   65133   115244   287261 |    46481      250     25 | 25.680 % |
|       475 |   65133   115244   287261 |    51129      475     20 | 25.679 % |
|       812 |   60835   101278   252575 |    56242      801     63 | 30.584 % |
|      1318 |   60835   101181   252351 |    61867     1307    103 | 30.584 % |
|      2077 |   60835   101181   252351 |    68053     2066     93 | 30.584 % |
|      3216 |   59562    96966   241442 |    74859     2967    114 | 32.036 % |
|      4924 |   59520    96746   240956 |    82345     4643     94 | 32.084 % |
|      7486 |   59484    96557   240525 |    90579     7181     80 | 32.125 % |
|     11330 |   59452    96433   240214 |    99637    11006     79 | 32.162 % |
|     17096 |   59404    96204   239691 |   109601    16000     74 | 32.217 % |
===============================================================================
restarts              : 84
conflicts             : 23173          (12612 /sec)
decisions             : 85433          (0.00 % random) (46497 /sec)
propagations          : 30283412       (16481782 /sec)
conflict literals     : 1643149        (44.46 % deleted)
Memory used           : 30.51 MB
CPU time              : 1.83739 s

UNSATISFIABLE
