Reading from standard input... Use '--help' for help.
============================[ Problem Statistics ]=============================
|                                                                             |
|  Number of variables:         69608                                         |
|  Number of clauses:          118081                                         |
|  Parse time:                   0.01 s                                       |
|                                                                             |
============================[ Search Statistics ]==============================
| Conflicts |          ORIGINAL         |          LEARNT          | Progress |
|           |    Vars  Clauses Literals |    Limit  Clauses Lit/Cl |          |
===============================================================================
===============================================================================
restarts              : 1
conflicts             : 43             (2036 /sec)
decisions             : 34497          (0.00 % random) (1633690 /sec)
propagations          : 70642          (3345425 /sec)
conflict literals     : 154            (0.00 % deleted)
Memory used           : 12.90 MB
CPU time              : 0.021116 s

SATISFIABLE
