Reading from standard input... Use '--help' for help.
============================[ Problem Statistics ]=============================
|                                                                             |
|  Number of variables:         69608                                         |
|  Number of clauses:          118081                                         |
|  Parse time:                   0.02 s                                       |
|                                                                             |
============================[ Search Statistics ]==============================
| Conflicts |          ORIGINAL         |          LEARNT          | Progress |
|           |    Vars  Clauses Literals |    Limit  Clauses Lit/Cl |          |
===============================================================================
===============================================================================
restarts              : 1
conflicts             : 8              (215 /sec)
decisions             : 37566          (0.00 % random) (1007672 /sec)
propagations          : 76030          (2039431 /sec)
conflict literals     : 17             (0.00 % deleted)
Memory used           : 15.14 MB
CPU time              : 0.03728 s

SATISFIABLE
