Reading from standard input... Use '--help' for help.
============================[ Problem Statistics ]=============================
|                                                                             |
|  Number of variables:         69608                                         |
|  Number of clauses:          118081                                         |
|  Parse time:                   0.03 s                                       |
|                                                                             |
============================[ Search Statistics ]==============================
| Conflicts |          ORIGINAL         |          LEARNT          | Progress |
|           |    Vars  Clauses Literals |    Limit  Clauses Lit/Cl |          |
===============================================================================
===============================================================================
restarts              : 1
conflicts             : 14             (348 /sec)
decisions             : 36619          (0.00 % random) (909789 /sec)
propagations          : 74202          (1843528 /sec)
conflict literals     : 40             (0.00 % deleted)
Memory used           : 17.54 MB
CPU time              : 0.04025 s

SATISFIABLE
