Reading from standard input... Use '--help' for help.
============================[ Problem Statistics ]=============================
|                                                                             |
|  Number of variables:         69608                                         |
|  Number of clauses:          118081                                         |
|  Parse time:                   0.03 s                                       |
|                                                                             |
============================[ Search Statistics ]==============================
| Conflicts |          ORIGINAL         |          LEARNT          | Progress |
|           |    Vars  Clauses Literals |    Limit  Clauses Lit/Cl |          |
===============================================================================
===============================================================================
restarts              : 1
conflicts             : 50             (1366 /sec)
decisions             : 35506          (0.00 % random) (970268 /sec)
propagations          : 88190          (2409958 /sec)
conflict literals     : 337            (3.71 % deleted)
Memory used           : 18.00 MB
CPU time              : 0.036594 s

SATISFIABLE
