Reading from standard input... Use '--help' for help.
============================[ Problem Statistics ]=============================
|                                                                             |
|  Number of variables:         69608                                         |
|  Number of clauses:          118081                                         |
|  Parse time:                   0.02 s                                       |
|                                                                             |
============================[ Search Statistics ]==============================
| Conflicts |          ORIGINAL         |          LEARNT          | Progress |
|           |    Vars  Clauses Literals |    Limit  Clauses Lit/Cl |          |
===============================================================================
===============================================================================
restarts              : 1
conflicts             : 13             (431 /sec)
decisions             : 36662          (0.00 % random) (1214335 /sec)
propagations          : 74894          (2480673 /sec)
conflict literals     : 39             (0.00 % deleted)
Memory used           : 15.14 MB
CPU time              : 0.030191 s

SATISFIABLE
