Reading from standard input... Use '--help' for help.
============================[ Problem Statistics ]=============================
|                                                                             |
|  Number of variables:         69608                                         |
|  Number of clauses:          118081                                         |
|  Parse time:                   0.02 s                                       |
|                                                                             |
============================[ Search Statistics ]==============================
| Conflicts |          ORIGINAL         |          LEARNT          | Progress |
|           |    Vars  Clauses Literals |    Limit  Clauses Lit/Cl |          |
===============================================================================
===============================================================================
restarts              : 1
conflicts             : 30             (1137 /sec)
decisions             : 10740          (0.00 % random) (406972 /sec)
propagations          : 45341          (1718113 /sec)
conflict literals     : 77             (3.75 % deleted)
Memory used           : 16.16 MB
CPU time              : 0.02639 s

UNSATISFIABLE
