Reading from standard input... Use '--help' for help.
============================[ Problem Statistics ]=============================
|                                                                             |
|  Number of variables:         69608                                         |
|  Number of clauses:          118081                                         |
|  Parse time:                   0.02 s                                       |
|                                                                             |
============================[ Search Statistics ]==============================
| Conflicts |          ORIGINAL         |          LEARNT          | Progress |
|           |    Vars  Clauses Literals |    Limit  Clauses Lit/Cl |          |
===============================================================================
===============================================================================
restarts              : 1
conflicts             : 12             (361 /sec)
decisions             : 70363          (0.00 % random) (2114209 /sec)
propagations          : 131824         (3960939 /sec)
conflict literals     : 22             (0.00 % deleted)
Memory used           : 16.40 MB
CPU time              : 0.033281 s

SATISFIABLE
