Reading from standard input... Use '--help' for help.
============================[ Problem Statistics ]=============================
|                                                                             |
|  Number of variables:         69608                                         |
|  Number of clauses:          118081                                         |
|  Parse time:                   0.02 s                                       |
|                                                                             |
============================[ Search Statistics ]==============================
| Conflicts |          ORIGINAL         |          LEARNT          | Progress |
|           |    Vars  Clauses Literals |    Limit  Clauses Lit/Cl |          |
===============================================================================
===============================================================================
restarts              : 1
conflicts             : 13             (355 /sec)
decisions             : 36716          (0.00 % random) (1002895 /sec)
propagations          : 75635          (2065966 /sec)
conflict literals     : 32             (0.00 % deleted)
Memory used           : 15.77 MB
CPU time              : 0.03661 s

SATISFIABLE
