Reading from standard input... Use '--help' for help.
============================[ Problem Statistics ]=============================
|                                                                             |
|  Number of variables:         69608                                         |
|  Number of clauses:          118081                                         |
|  Parse time:                   0.03 s                                       |
|                                                                             |
============================[ Search Statistics ]==============================
| Conflicts |          ORIGINAL         |          LEARNT          | Progress |
|           |    Vars  Clauses Literals |    Limit  Clauses Lit/Cl |          |
===============================================================================
===============================================================================
restarts              : 1
conflicts             : 3              (74 /sec)
decisions             : 38500          (0.00 % random) (947459 /sec)
propagations          : 80119          (1971675 /sec)
conflict literals     : 4              (0.00 % deleted)
Memory used           : 17.05 MB
CPU time              : 0.040635 s

SATISFIABLE
