Reading from standard input... Use '--help' for help.
============================[ Problem Statistics ]=============================
|                                                                             |
|  Number of variables:         69608                                         |
|  Number of clauses:          118081                                         |
|  Parse time:                   0.02 s                                       |
|                                                                             |
============================[ Search Statistics ]==============================
| Conflicts |          ORIGINAL         |          LEARNT          | Progress |
|           |    Vars  Clauses Literals |    Limit  Clauses Lit/Cl |          |
===============================================================================
===============================================================================
restarts              : 1
conflicts             : 24             (983 /sec)
decisions             : 6774           (0.00 % random) (277543 /sec)
propagations          : 33027          (1353177 /sec)
conflict literals     : 56             (3.45 % deleted)
Memory used           : 14.47 MB
CPU time              : 0.024407 s

UNSATISFIABLE
