Reading from standard input... Use '--help' for help.
============================[ Problem Statistics ]=============================
|                                                                             |
|  Number of variables:         87638                                         |
|  Number of clauses:          161767                                         |
|  Parse time:                   0.04 s                                       |
|                                                                             |
============================[ Search Statistics ]==============================
| Conflicts |          ORIGINAL         |          LEARNT          | Progress |
|           |    Vars  Clauses Literals |    Limit  Clauses Lit/Cl |          |
===============================================================================
|       100 |   63175   108039   270034 |    39614      100      9 | 27.914 % |
|       250 |   63175   108039   270034 |    43575      250     90 | 27.914 % |
|       475 |   63175   108039   270034 |    47933      475    106 | 27.914 % |
|       812 |   63146   107921   269759 |    52726      810     94 | 27.947 % |
|      1318 |   63100   107729   269319 |    57999     1314    109 | 27.999 % |
|      2077 |   63099   107685   269229 |    63799     2068     96 | 28.000 % |
|      3216 |   63099   107685   269229 |    70179     3207     84 | 28.000 % |
|      4924 |   63079   107601   269036 |    77197     4913     81 | 28.023 % |
|      7486 |   63011   107296   268374 |    84916     6653     78 | 28.101 % |
|     11330 |   62964   107081   267918 |    93408    10174     78 | 28.154 % |
===============================================================================
restarts              : 63
conflicts             : 16263          (6336 /sec)
decisions             : 49279          (0.00 % random) (19199 /sec)
propagations          : 24740573       (9638766 /sec)
conflict literals     : 1259126        (57.93 % deleted)
Memory used           : 31.08 MB
CPU time              : 2.56678 s

UNSATISFIABLE
