Reading from standard input... Use '--help' for help.
============================[ Problem Statistics ]=============================
|                                                                             |
|  Number of variables:         69608                                         |
|  Number of clauses:          118081                                         |
|  Parse time:                   0.02 s                                       |
|                                                                             |
============================[ Search Statistics ]==============================
| Conflicts |          ORIGINAL         |          LEARNT          | Progress |
|           |    Vars  Clauses Literals |    Limit  Clauses Lit/Cl |          |
===============================================================================
===============================================================================
restarts              : 1
conflicts             : 14             (391 /sec)
decisions             : 8691           (0.00 % random) (242881 /sec)
propagations          : 38213          (1067909 /sec)
conflict literals     : 34             (0.00 % deleted)
Memory used           : 15.46 MB
CPU time              : 0.035783 s

UNSATISFIABLE
