Reading from standard input... Use '--help' for help.
============================[ Problem Statistics ]=============================
|                                                                             |
|  Number of variables:         69608                                         |
|  Number of clauses:          118081                                         |
|  Parse time:                   0.03 s                                       |
|                                                                             |
============================[ Search Statistics ]==============================
| Conflicts |          ORIGINAL         |          LEARNT          | Progress |
|           |    Vars  Clauses Literals |    Limit  Clauses Lit/Cl |          |
===============================================================================
===============================================================================
restarts              : 1
conflicts             : 4              (117 /sec)
decisions             : 551            (0.00 % random) (16106 /sec)
propagations          : 19744          (577141 /sec)
conflict literals     : 4              (0.00 % deleted)
Memory used           : 15.40 MB
CPU time              : 0.03421 s

UNSATISFIABLE
