Reading from standard input... Use '--help' for help.
============================[ Problem Statistics ]=============================
|                                                                             |
|  Number of variables:         87638                                         |
|  Number of clauses:          161767                                         |
|  Parse time:                   0.03 s                                       |
|                                                                             |
============================[ Search Statistics ]==============================
| Conflicts |          ORIGINAL         |          LEARNT          | Progress |
|           |    Vars  Clauses Literals |    Limit  Clauses Lit/Cl |          |
===============================================================================
|       100 |   66468   120233   299161 |    44085      100     23 | 24.156 % |
|       250 |   63388   109405   272197 |    48493      247     39 | 27.671 % |
|       475 |   63308   109395   272173 |    53343      468     41 | 27.762 % |
|       812 |   63308   109113   271489 |    58677      805     40 | 27.762 % |
|      1318 |   63307   109108   271477 |    64545     1310     50 | 27.763 % |
|      2077 |   63295   109049   271334 |    71000     2067     60 | 27.777 % |
|      3216 |   63295   109049   271334 |    78100     3206     74 | 27.777 % |
|      4924 |   62827   107176   266977 |    85910     4457     68 | 28.311 % |
|      7486 |   62767   106877   266286 |    94501     7010     80 | 28.379 % |
|     11330 |   62281   105321   262564 |   103951     9913     85 | 28.934 % |
|     17096 |   61976   104102   259665 |   114346    15456     88 | 29.282 % |
===============================================================================
restarts              : 70
conflicts             : 20156          (7092 /sec)
decisions             : 103924         (0.00 % random) (36566 /sec)
propagations          : 31640773       (11132877 /sec)
conflict literals     : 1761907        (43.89 % deleted)
Memory used           : 38.12 MB
CPU time              : 2.8421 s

INDETERMINATE
