Reading from standard input... Use '--help' for help.
============================[ Problem Statistics ]=============================
|                                                                             |
|  Number of variables:         87638                                         |
|  Number of clauses:          161767                                         |
|  Parse time:                   0.04 s                                       |
|                                                                             |
============================[ Search Statistics ]==============================
| Conflicts |          ORIGINAL         |          LEARNT          | Progress |
|           |    Vars  Clauses Literals |    Limit  Clauses Lit/Cl |          |
===============================================================================
|       100 |   62660   106161   265451 |    38925      100      6 | 28.501 % |
|       250 |   62660   106161   265451 |    42818      250     15 | 28.501 % |
|       475 |   62660   106161   265451 |    47100      475     61 | 28.501 % |
|       812 |   62660   106161   265451 |    51810      812     56 | 28.502 % |
|      1318 |   62660   106161   265451 |    56991     1318     58 | 28.501 % |
|      2077 |   62642   106087   265280 |    62690     2075     67 | 28.522 % |
|      3216 |   62642   106087   265280 |    68959     3214     66 | 28.522 % |
===============================================================================
restarts              : 21
conflicts             : 3939           (7200 /sec)
decisions             : 13702          (0.00 % random) (25044 /sec)
propagations          : 6224994        (11378019 /sec)
conflict literals     : 245402         (56.53 % deleted)
Memory used           : 25.47 MB
CPU time              : 0.547107 s

UNSATISFIABLE
