Reading from standard input... Use '--help' for help.
============================[ Problem Statistics ]=============================
|                                                                             |
|  Number of variables:         87638                                         |
|  Number of clauses:          161767                                         |
|  Parse time:                   0.03 s                                       |
|                                                                             |
============================[ Search Statistics ]==============================
| Conflicts |          ORIGINAL         |          LEARNT          | Progress |
|           |    Vars  Clauses Literals |    Limit  Clauses Lit/Cl |          |
===============================================================================
|       100 |   63389   109100   271948 |    40003      100      8 | 27.670 % |
|       250 |   63389   109100   271948 |    44003      250     35 | 27.670 % |
|       475 |   63389   109100   271948 |    48404      475     38 | 27.670 % |
|       812 |   63389   109100   271948 |    53244      812     46 | 27.670 % |
|      1318 |   63389   109100   271948 |    58568     1318     48 | 27.670 % |
|      2077 |   63389   109100   271948 |    64425     2077     57 | 27.670 % |
|      3216 |   63389   109100   271948 |    70868     3216     63 | 27.670 % |
|      4924 |   63370   108982   271687 |    77955     4917     67 | 27.691 % |
|      7486 |   62335   105019   262263 |    85750     6018     67 | 28.872 % |
|     11330 |   56980    87822   219756 |    94325     9290     66 | 34.983 % |
|     17096 |   56598    86375   216153 |   103758    12139     65 | 35.418 % |
===============================================================================
restarts              : 63
conflicts             : 19153          (9010 /sec)
decisions             : 61992          (0.00 % random) (29161 /sec)
propagations          : 22555909       (10610391 /sec)
conflict literals     : 1270819        (46.57 % deleted)
Memory used           : 43.11 MB
CPU time              : 2.12583 s

UNSATISFIABLE
