Reading from standard input... Use '--help' for help.
============================[ Problem Statistics ]=============================
|                                                                             |
|  Number of variables:         69608                                         |
|  Number of clauses:          118081                                         |
|  Parse time:                   0.02 s                                       |
|                                                                             |
============================[ Search Statistics ]==============================
| Conflicts |          ORIGINAL         |          LEARNT          | Progress |
|           |    Vars  Clauses Literals |    Limit  Clauses Lit/Cl |          |
===============================================================================
===============================================================================
restarts              : 1
conflicts             : 20             (600 /sec)
decisions             : 5291           (0.00 % random) (158627 /sec)
propagations          : 28736          (861520 /sec)
conflict literals     : 62             (0.00 % deleted)
Memory used           : 15.89 MB
CPU time              : 0.033355 s

UNSATISFIABLE
