Reading from standard input... Use '--help' for help.
============================[ Problem Statistics ]=============================
|                                                                             |
|  Number of variables:         69608                                         |
|  Number of clauses:          118081                                         |
|  Parse time:                   0.03 s                                       |
|                                                                             |
============================[ Search Statistics ]==============================
| Conflicts |          ORIGINAL         |          LEARNT          | Progress |
|           |    Vars  Clauses Literals |    Limit  Clauses Lit/Cl |          |
===============================================================================
===============================================================================
restarts              : 1
conflicts             : 7              (208 /sec)
decisions             : 6459           (0.00 % random) (192289 /sec)
propagations          : 32721          (974129 /sec)
conflict literals     : 8              (0.00 % deleted)
Memory used           : 15.27 MB
CPU time              : 0.03359 s

UNSATISFIABLE
