Reading from standard input... Use '--help' for help.
============================[ Problem Statistics ]=============================
|                                                                             |
|  Number of variables:         69608                                         |
|  Number of clauses:          118081                                         |
|  Parse time:                   0.03 s                                       |
|                                                                             |
============================[ Search Statistics ]==============================
| Conflicts |          ORIGINAL         |          LEARNT          | Progress |
|           |    Vars  Clauses Literals |    Limit  Clauses Lit/Cl |          |
===============================================================================
===============================================================================
restarts              : 1
conflicts             : 12             (337 /sec)
decisions             : 1454           (0.00 % random) (40781 /sec)
propagations          : 36000          (1009704 /sec)
conflict literals     : 17             (10.53 % deleted)
Memory used           : 16.62 MB
CPU time              : 0.035654 s

UNSATISFIABLE
