Reading from standard input... Use '--help' for help.
============================[ Problem Statistics ]=============================
|                                                                             |
|  Number of variables:         69608                                         |
|  Number of clauses:          118081                                         |
|  Parse time:                   0.02 s                                       |
|                                                                             |
============================[ Search Statistics ]==============================
| Conflicts |          ORIGINAL         |          LEARNT          | Progress |
|           |    Vars  Clauses Literals |    Limit  Clauses Lit/Cl |          |
===============================================================================
===============================================================================
restarts              : 1
conflicts             : 19             (589 /sec)
decisions             : 7369           (0.00 % random) (228532 /sec)
propagations          : 31527          (977733 /sec)
conflict literals     : 60             (0.00 % deleted)
Memory used           : 17.86 MB
CPU time              : 0.032245 s

UNSATISFIABLE
