Reading from standard input... Use '--help' for help.
============================[ Problem Statistics ]=============================
|                                                                             |
|  Number of variables:         69608                                         |
|  Number of clauses:          118081                                         |
|  Parse time:                   0.03 s                                       |
|                                                                             |
============================[ Search Statistics ]==============================
| Conflicts |          ORIGINAL         |          LEARNT          | Progress |
|           |    Vars  Clauses Literals |    Limit  Clauses Lit/Cl |          |
===============================================================================
===============================================================================
restarts              : 1
conflicts             : 35             (963 /sec)
decisions             : 28059          (0.00 % random) (772146 /sec)
propagations          : 62674          (1724703 /sec)
conflict literals     : 73             (0.00 % deleted)
Memory used           : 17.58 MB
CPU time              : 0.036339 s

UNSATISFIABLE
