Reading from standard input... Use '--help' for help.
============================[ Problem Statistics ]=============================
|                                                                             |
|  Number of variables:         87638                                         |
|  Number of clauses:          161767                                         |
|  Parse time:                   0.03 s                                       |
|                                                                             |
============================[ Search Statistics ]==============================
| Conflicts |          ORIGINAL         |          LEARNT          | Progress |
|           |    Vars  Clauses Literals |    Limit  Clauses Lit/Cl |          |
===============================================================================
|       100 |   65206   115438   288064 |    42327      100     14 | 25.596 % |
|       250 |   65206   115438   288064 |    46559      250     26 | 25.596 % |
|       475 |   65206   115438   288064 |    51215      475     32 | 25.596 % |
|       812 |   65206   115438   288064 |    56337      812     37 | 25.596 % |
|      1318 |   65151   115214   287545 |    61971     1316     59 | 25.659 % |
|      2077 |   65151   115214   287545 |    68168     2075     82 | 25.659 % |
|      3216 |   65150   115170   287455 |    74985     3210    105 | 25.660 % |
|      4924 |   65150   115170   287455 |    82483     4918     99 | 25.660 % |
|      7486 |   65132   115096   287284 |    90732     7479    130 | 25.681 % |
|     11330 |   65021   114642   286232 |    99805    11316    157 | 25.807 % |
|     17096 |   56530    87833   220393 |   109786    16599    139 | 35.496 % |
===============================================================================
restarts              : 63
conflicts             : 18551          (6480 /sec)
decisions             : 89543          (0.00 % random) (31277 /sec)
propagations          : 27962833       (9767307 /sec)
conflict literals     : 2511510        (28.05 % deleted)
Memory used           : 47.98 MB
CPU time              : 2.8629 s

INDETERMINATE
