Reading from standard input... Use '--help' for help.
============================[ Problem Statistics ]=============================
|                                                                             |
|  Number of variables:         87638                                         |
|  Number of clauses:          161767                                         |
|  Parse time:                   0.04 s                                       |
|                                                                             |
============================[ Search Statistics ]==============================
| Conflicts |          ORIGINAL         |          LEARNT          | Progress |
|           |    Vars  Clauses Literals |    Limit  Clauses Lit/Cl |          |
===============================================================================
|       100 |   63956   110793   276767 |    40624      100     18 | 27.023 % |
|       250 |   63956   110793   276767 |    44686      250     22 | 27.023 % |
|       475 |   63956   110793   276767 |    49155      475     38 | 27.023 % |
|       812 |   63956   110793   276767 |    54070      812     73 | 27.023 % |
|      1318 |   63956   110793   276767 |    59477     1318    162 | 27.023 % |
|      2077 |   63956   110793   276767 |    65425     2077    129 | 27.023 % |
|      3216 |   63956   110793   276767 |    71968     3216    145 | 27.023 % |
|      4924 |   63940   110727   276614 |    79164     4919    138 | 27.041 % |
|      7486 |   54612    82358   206841 |    87081     7402    117 | 37.685 % |
|     11330 |   54050    80209   201503 |    95789    11081     97 | 38.326 % |
|     17096 |   53553    78300   196901 |   105368    15981     85 | 38.893 % |
===============================================================================
restarts              : 92
conflicts             : 24876          (7280 /sec)
decisions             : 83059          (0.00 % random) (24308 /sec)
propagations          : 33861762       (9910155 /sec)
conflict literals     : 1864106        (42.11 % deleted)
Memory used           : 39.57 MB
CPU time              : 3.41688 s

INDETERMINATE
