Reading from standard input... Use '--help' for help.
============================[ Problem Statistics ]=============================
|                                                                             |
|  Number of variables:         87638                                         |
|  Number of clauses:          161767                                         |
|  Parse time:                   0.03 s                                       |
|                                                                             |
============================[ Search Statistics ]==============================
| Conflicts |          ORIGINAL         |          LEARNT          | Progress |
|           |    Vars  Clauses Literals |    Limit  Clauses Lit/Cl |          |
===============================================================================
|       100 |   62724   106449   265959 |    39031      100     11 | 28.428 % |
|       250 |   62724   106449   265959 |    42934      250     42 | 28.428 % |
|       475 |   62724   106449   265959 |    47227      475     43 | 28.428 % |
|       812 |   53760    80076   201165 |    51950      764     60 | 38.657 % |
|      1318 |   53663    79641   200035 |    57145     1254     56 | 38.767 % |
|      2077 |   53629    79462   199622 |    62860     2009     54 | 38.806 % |
|      3216 |   53518    79050   198634 |    69146     3128     49 | 38.933 % |
|      4924 |   53453    78760   197927 |    76060     4830     54 | 39.007 % |
|      7486 |   53342    78290   196805 |    83667     6429     58 | 39.134 % |
|     11330 |   53110    77397   194669 |    92033     9222     54 | 39.398 % |
|     17096 |   52596    75117   189161 |   101237    13482     54 | 39.985 % |
===============================================================================
restarts              : 63
conflicts             : 17462          (8376 /sec)
decisions             : 58560          (0.00 % random) (28088 /sec)
propagations          : 23356398       (11202942 /sec)
conflict literals     : 991941         (44.53 % deleted)
Memory used           : 33.88 MB
CPU time              : 2.08485 s

UNSATISFIABLE
