Reading from standard input... Use '--help' for help.
============================[ Problem Statistics ]=============================
|                                                                             |
|  Number of variables:         87638                                         |
|  Number of clauses:          161767                                         |
|  Parse time:                   0.03 s                                       |
|                                                                             |
============================[ Search Statistics ]==============================
| Conflicts |          ORIGINAL         |          LEARNT          | Progress |
|           |    Vars  Clauses Literals |    Limit  Clauses Lit/Cl |          |
===============================================================================
|       100 |   63859   110502   276066 |    40517      100     11 | 27.133 % |
|       250 |   63859   110502   276066 |    44569      250     28 | 27.133 % |
|       475 |   55265    84827   212831 |    49026      472     38 | 36.939 % |
|       812 |   55265    84827   212831 |    53928      809     52 | 36.939 % |
|      1318 |   55265    84827   212831 |    59321     1315     62 | 36.939 % |
|      2077 |   55265    84827   212831 |    65253     2074     56 | 36.939 % |
|      3216 |   55155    84699   212546 |    71779     3202     52 | 37.065 % |
|      4924 |   54613    82468   207051 |    78956     4677     62 | 37.683 % |
|      7486 |   54487    82071   206026 |    86852     7234     64 | 37.827 % |
|     11330 |   54388    81673   205041 |    95537    10953     69 | 37.940 % |
|     17096 |   54062    80504   202285 |   105091    16642     77 | 38.312 % |
===============================================================================
restarts              : 63
conflicts             : 18516          (7203 /sec)
decisions             : 73348          (0.00 % random) (28535 /sec)
propagations          : 27255397       (10603352 /sec)
conflict literals     : 1440577        (41.92 % deleted)
Memory used           : 33.95 MB
CPU time              : 2.57045 s

INDETERMINATE
