Reading from standard input... Use '--help' for help.
============================[ Problem Statistics ]=============================
|                                                                             |
|  Number of variables:         87638                                         |
|  Number of clauses:          161767                                         |
|  Parse time:                   0.03 s                                       |
|                                                                             |
============================[ Search Statistics ]==============================
| Conflicts |          ORIGINAL         |          LEARNT          | Progress |
|           |    Vars  Clauses Literals |    Limit  Clauses Lit/Cl |          |
===============================================================================
|       100 |   65204   115445   287892 |    42329      100     10 | 25.598 % |
|       250 |   59122    96354   240753 |    46562      248     11 | 32.538 % |
|       475 |   59122    96354   240753 |    51219      473     31 | 32.538 % |
|       812 |   59122    96354   240753 |    56341      810     36 | 32.538 % |
|      1318 |   59106    96306   240621 |    61975     1237     77 | 32.557 % |
|      2077 |   59082    96154   240278 |    68172     1974     87 | 32.584 % |
|      3216 |   59020    95901   239693 |    74989     3108     76 | 32.655 % |
|      4924 |   58857    95586   238911 |    82488     4749     77 | 32.841 % |
|      7486 |   56426    87096   217539 |    90737     5317     92 | 35.615 % |
|     11330 |   56053    85545   213834 |    99811     7715     82 | 36.040 % |
|     17096 |   55506    83232   208342 |   109792    13367     82 | 36.664 % |
===============================================================================
restarts              : 77
conflicts             : 21387          (8345 /sec)
decisions             : 92003          (0.00 % random) (35898 /sec)
propagations          : 27194830       (10610815 /sec)
conflict literals     : 1607314        (42.45 % deleted)
Memory used           : 50.11 MB
CPU time              : 2.56293 s

UNSATISFIABLE
