Reading from standard input... Use '--help' for help.
============================[ Problem Statistics ]=============================
|                                                                             |
|  Number of variables:         69608                                         |
|  Number of clauses:          118081                                         |
|  Parse time:                   0.03 s                                       |
|                                                                             |
============================[ Search Statistics ]==============================
| Conflicts |          ORIGINAL         |          LEARNT          | Progress |
|           |    Vars  Clauses Literals |    Limit  Clauses Lit/Cl |          |
===============================================================================
===============================================================================
restarts              : 1
conflicts             : 6              (176 /sec)
decisions             : 663            (0.00 % random) (19491 /sec)
propagations          : 21074          (619532 /sec)
conflict literals     : 7              (0.00 % deleted)
Memory used           : 16.62 MB
CPU time              : 0.034016 s

UNSATISFIABLE
