Reading from standard input... Use '--help' for help.
============================[ Problem Statistics ]=============================
|                                                                             |
|  Number of variables:         69608                                         |
|  Number of clauses:          118081                                         |
|  Parse time:                   0.02 s                                       |
|                                                                             |
============================[ Search Statistics ]==============================
| Conflicts |          ORIGINAL         |          LEARNT          | Progress |
|           |    Vars  Clauses Literals |    Limit  Clauses Lit/Cl |          |
===============================================================================
|       100 |   57767    84833   209733 |    31105       91      9 | 17.011 % |
|       250 |   57579    83851   207446 |    34215      236     11 | 17.281 % |
===============================================================================
restarts              : 3
conflicts             : 268            (5015 /sec)
decisions             : 5804           (0.00 % random) (108616 /sec)
propagations          : 363758         (6807358 /sec)
conflict literals     : 2602           (22.35 % deleted)
Memory used           : 16.05 MB
CPU time              : 0.053436 s

UNSATISFIABLE
