Reading from standard input... Use '--help' for help.
============================[ Problem Statistics ]=============================
|                                                                             |
|  Number of variables:         87638                                         |
|  Number of clauses:          161767                                         |
|  Parse time:                   0.03 s                                       |
|                                                                             |
============================[ Search Statistics ]==============================
| Conflicts |          ORIGINAL         |          LEARNT          | Progress |
|           |    Vars  Clauses Literals |    Limit  Clauses Lit/Cl |          |
===============================================================================
|       100 |   62309   104881   262125 |    38456      100     13 | 28.902 % |
|       250 |   62309   104881   262125 |    42302      250     37 | 28.902 % |
|       475 |   62308   104837   262035 |    46532      473     67 | 28.903 % |
|       812 |   62308   104837   262035 |    51185      810     64 | 28.903 % |
|      1318 |   62308   104837   262035 |    56303     1316    101 | 28.903 % |
|      2077 |   62308   104837   262035 |    61934     2075    110 | 28.903 % |
|      3216 |   62308   104837   262035 |    68127     3214    105 | 28.903 % |
|      4924 |   47477    62274   157624 |    74940     4848     92 | 45.826 % |
|      7486 |   47421    62052   157108 |    82434     7403     75 | 45.890 % |
===============================================================================
restarts              : 45
conflicts             : 10063          (7263 /sec)
decisions             : 32782          (0.00 % random) (23662 /sec)
propagations          : 14566879       (10514323 /sec)
conflict literals     : 656033         (42.51 % deleted)
Memory used           : 28.50 MB
CPU time              : 1.38543 s

UNSATISFIABLE
