Reading from standard input... Use '--help' for help.
============================[ Problem Statistics ]=============================
|                                                                             |
|  Number of variables:         69608                                         |
|  Number of clauses:          118081                                         |
|  Parse time:                   0.03 s                                       |
|                                                                             |
============================[ Search Statistics ]==============================
| Conflicts |          ORIGINAL         |          LEARNT          | Progress |
|           |    Vars  Clauses Literals |    Limit  Clauses Lit/Cl |          |
===============================================================================
===============================================================================
restarts              : 1
conflicts             : 9              (252 /sec)
decisions             : 592            (0.00 % random) (16559 /sec)
propagations          : 20260          (566682 /sec)
conflict literals     : 11             (0.00 % deleted)
Memory used           : 16.77 MB
CPU time              : 0.035752 s

UNSATISFIABLE
