Reading from standard input... Use '--help' for help.
============================[ Problem Statistics ]=============================
|                                                                             |
|  Number of variables:         69608                                         |
|  Number of clauses:          118081                                         |
|  Parse time:                   0.02 s                                       |
|                                                                             |
============================[ Search Statistics ]==============================
| Conflicts |          ORIGINAL         |          LEARNT          | Progress |
|           |    Vars  Clauses Literals |    Limit  Clauses Lit/Cl |          |
===============================================================================
===============================================================================
restarts              : 1
conflicts             : 2              (81 /sec)
decisions             : 845            (0.00 % random) (34187 /sec)
propagations          : 18997          (768580 /sec)
conflict literals     : 1              (0.00 % deleted)
Memory used           : 15.37 MB
CPU time              : 0.024717 s

UNSATISFIABLE
