Reading from standard input... Use '--help' for help.
============================[ Problem Statistics ]=============================
|                                                                             |
|  Number of variables:         69608                                         |
|  Number of clauses:          118081                                         |
|  Parse time:                   0.02 s                                       |
|                                                                             |
============================[ Search Statistics ]==============================
| Conflicts |          ORIGINAL         |          LEARNT          | Progress |
|           |    Vars  Clauses Literals |    Limit  Clauses Lit/Cl |          |
===============================================================================
|       100 |   56895    83559   206998 |    30638       95      6 | 18.264 % |
===============================================================================
restarts              : 2
conflicts             : 185            (4196 /sec)
decisions             : 4925           (0.00 % random) (111693 /sec)
propagations          : 261227         (5924321 /sec)
conflict literals     : 1516           (22.38 % deleted)
Memory used           : 16.71 MB
CPU time              : 0.044094 s

UNSATISFIABLE
