Reading from standard input... Use '--help' for help.
============================[ Problem Statistics ]=============================
|                                                                             |
|  Number of variables:         87638                                         |
|  Number of clauses:          161767                                         |
|  Parse time:                   0.04 s                                       |
|                                                                             |
============================[ Search Statistics ]==============================
| Conflicts |          ORIGINAL         |          LEARNT          | Progress |
|           |    Vars  Clauses Literals |    Limit  Clauses Lit/Cl |          |
===============================================================================
|       100 |   62823   106704   266667 |    39124      100      8 | 28.315 % |
|       250 |   62823   106704   266667 |    43037      250     43 | 28.315 % |
|       475 |   62823   106704   266667 |    47341      475     69 | 28.315 % |
|       812 |   62823   106704   266667 |    52075      812     57 | 28.315 % |
|      1318 |   62823   106704   266667 |    57282     1318     50 | 28.315 % |
|      2077 |   51471    73353   184147 |    63010     1885     50 | 41.269 % |
|      3216 |   51470    73291   183997 |    69311     3020     42 | 41.270 % |
|      4924 |   51429    73081   183554 |    76243     4712     43 | 41.317 % |
|      7486 |   51336    72867   183050 |    83867     7265     44 | 41.423 % |
|     11330 |   51170    71983   180944 |    92254    10572     45 | 41.612 % |
===============================================================================
restarts              : 62
conflicts             : 15338          (9070 /sec)
decisions             : 44143          (0.00 % random) (26102 /sec)
propagations          : 19403902       (11473771 /sec)
conflict literals     : 693164         (48.01 % deleted)
Memory used           : 27.79 MB
CPU time              : 1.69115 s

UNSATISFIABLE
