Reading from standard input... Use '--help' for help.
============================[ Problem Statistics ]=============================
|                                                                             |
|  Number of variables:         69608                                         |
|  Number of clauses:          118081                                         |
|  Parse time:                   0.03 s                                       |
|                                                                             |
============================[ Search Statistics ]==============================
| Conflicts |          ORIGINAL         |          LEARNT          | Progress |
|           |    Vars  Clauses Literals |    Limit  Clauses Lit/Cl |          |
===============================================================================
===============================================================================
restarts              : 1
conflicts             : 16             (465 /sec)
decisions             : 5386           (0.00 % random) (156583 /sec)
propagations          : 28774          (836526 /sec)
conflict literals     : 41             (0.00 % deleted)
Memory used           : 15.58 MB
CPU time              : 0.034397 s

UNSATISFIABLE
