Reading from standard input... Use '--help' for help.
============================[ Problem Statistics ]=============================
|                                                                             |
|  Number of variables:         69608                                         |
|  Number of clauses:          118081                                         |
|  Parse time:                   0.02 s                                       |
|                                                                             |
============================[ Search Statistics ]==============================
| Conflicts |          ORIGINAL         |          LEARNT          | Progress |
|           |    Vars  Clauses Literals |    Limit  Clauses Lit/Cl |          |
===============================================================================
|       100 |   56619    82276   203705 |    30167       91      9 | 18.660 % |
===============================================================================
restarts              : 2
conflicts             : 143            (3827 /sec)
decisions             : 4329           (0.00 % random) (115845 /sec)
propagations          : 219326         (5869196 /sec)
conflict literals     : 1001           (23.88 % deleted)
Memory used           : 15.57 MB
CPU time              : 0.037369 s

UNSATISFIABLE
