Reading from standard input... Use '--help' for help.
============================[ Problem Statistics ]=============================
|                                                                             |
|  Number of variables:         69608                                         |
|  Number of clauses:          118081                                         |
|  Parse time:                   0.02 s                                       |
|                                                                             |
============================[ Search Statistics ]==============================
| Conflicts |          ORIGINAL         |          LEARNT          | Progress |
|           |    Vars  Clauses Literals |    Limit  Clauses Lit/Cl |          |
===============================================================================
===============================================================================
restarts              : 1
conflicts             : 20             (636 /sec)
decisions             : 6255           (0.00 % random) (198767 /sec)
propagations          : 30544          (970606 /sec)
conflict literals     : 62             (0.00 % deleted)
Memory used           : 15.42 MB
CPU time              : 0.031469 s

UNSATISFIABLE
