Reading from standard input... Use '--help' for help.
============================[ Problem Statistics ]=============================
|                                                                             |
|  Number of variables:         69608                                         |
|  Number of clauses:          118081                                         |
|  Parse time:                   0.03 s                                       |
|                                                                             |
============================[ Search Statistics ]==============================
| Conflicts |          ORIGINAL         |          LEARNT          | Progress |
|           |    Vars  Clauses Literals |    Limit  Clauses Lit/Cl |          |
===============================================================================
===============================================================================
restarts              : 1
conflicts             : 6              (185 /sec)
decisions             : 3168           (0.00 % random) (97790 /sec)
propagations          : 23223          (716848 /sec)
conflict literals     : 9              (0.00 % deleted)
Memory used           : 14.70 MB
CPU time              : 0.032396 s

UNSATISFIABLE
