Reading from standard input... Use '--help' for help.
============================[ Problem Statistics ]=============================
|                                                                             |
|  Number of variables:         69608                                         |
|  Number of clauses:          118081                                         |
|  Parse time:                   0.03 s                                       |
|                                                                             |
============================[ Search Statistics ]==============================
| Conflicts |          ORIGINAL         |          LEARNT          | Progress |
|           |    Vars  Clauses Literals |    Limit  Clauses Lit/Cl |          |
===============================================================================
===============================================================================
restarts              : 1
conflicts             : 23             (696 /sec)
decisions             : 5397           (0.00 % random) (163343 /sec)
propagations          : 26859          (812899 /sec)
conflict literals     : 58             (0.00 % deleted)
Memory used           : 17.38 MB
CPU time              : 0.033041 s

UNSATISFIABLE
