Reading from standard input... Use '--help' for help.
============================[ Problem Statistics ]=============================
|                                                                             |
|  Number of variables:         69608                                         |
|  Number of clauses:          118081                                         |
|  Parse time:                   0.02 s                                       |
|                                                                             |
============================[ Search Statistics ]==============================
| Conflicts |          ORIGINAL         |          LEARNT          | Progress |
|           |    Vars  Clauses Literals |    Limit  Clauses Lit/Cl |          |
===============================================================================
===============================================================================
restarts              : 1
conflicts             : 12             (389 /sec)
decisions             : 1453           (0.00 % random) (47108 /sec)
propagations          : 35986          (1166710 /sec)
conflict literals     : 17             (10.53 % deleted)
Memory used           : 17.60 MB
CPU time              : 0.030844 s

UNSATISFIABLE
