Reading from standard input... Use '--help' for help.
============================[ Problem Statistics ]=============================
|                                                                             |
|  Number of variables:         69608                                         |
|  Number of clauses:          118081                                         |
|  Parse time:                   0.02 s                                       |
|                                                                             |
============================[ Search Statistics ]==============================
| Conflicts |          ORIGINAL         |          LEARNT          | Progress |
|           |    Vars  Clauses Literals |    Limit  Clauses Lit/Cl |          |
===============================================================================
===============================================================================
restarts              : 1
conflicts             : 4              (128 /sec)
decisions             : 551            (0.00 % random) (17580 /sec)
propagations          : 19857          (633539 /sec)
conflict literals     : 4              (0.00 % deleted)
Memory used           : 16.60 MB
CPU time              : 0.031343 s

UNSATISFIABLE
