Reading from standard input... Use '--help' for help.
============================[ Problem Statistics ]=============================
|                                                                             |
|  Number of variables:         69608                                         |
|  Number of clauses:          118081                                         |
|  Parse time:                   0.03 s                                       |
|                                                                             |
============================[ Search Statistics ]==============================
| Conflicts |          ORIGINAL         |          LEARNT          | Progress |
|           |    Vars  Clauses Literals |    Limit  Clauses Lit/Cl |          |
===============================================================================
===============================================================================
restarts              : 1
conflicts             : 12             (305 /sec)
decisions             : 2820           (0.00 % random) (71721 /sec)
propagations          : 22976          (584349 /sec)
conflict literals     : 32             (0.00 % deleted)
Memory used           : 16.20 MB
CPU time              : 0.039319 s

UNSATISFIABLE
