Reading from standard input... Use '--help' for help.
============================[ Problem Statistics ]=============================
|                                                                             |
|  Number of variables:         69608                                         |
|  Number of clauses:          118081                                         |
|  Parse time:                   0.03 s                                       |
|                                                                             |
============================[ Search Statistics ]==============================
| Conflicts |          ORIGINAL         |          LEARNT          | Progress |
|           |    Vars  Clauses Literals |    Limit  Clauses Lit/Cl |          |
===============================================================================
===============================================================================
restarts              : 1
conflicts             : 21             (574 /sec)
decisions             : 9502           (0.00 % random) (259575 /sec)
propagations          : 35999          (983418 /sec)
conflict literals     : 49             (3.92 % deleted)
Memory used           : 16.23 MB
CPU time              : 0.036606 s

UNSATISFIABLE
