Reading from standard input... Use '--help' for help.
============================[ Problem Statistics ]=============================
|                                                                             |
|  Number of variables:         69608                                         |
|  Number of clauses:          118081                                         |
|  Parse time:                   0.02 s                                       |
|                                                                             |
============================[ Search Statistics ]==============================
| Conflicts |          ORIGINAL         |          LEARNT          | Progress |
|           |    Vars  Clauses Literals |    Limit  Clauses Lit/Cl |          |
===============================================================================
===============================================================================
restarts              : 1
conflicts             : 6              (171 /sec)
decisions             : 5068           (0.00 % random) (144084 /sec)
propagations          : 27662          (786433 /sec)
conflict literals     : 6              (0.00 % deleted)
Memory used           : 16.78 MB
CPU time              : 0.035174 s

UNSATISFIABLE
