Reading from standard input... Use '--help' for help.
============================[ Problem Statistics ]=============================
|                                                                             |
|  Number of variables:         69608                                         |
|  Number of clauses:          118081                                         |
|  Parse time:                   0.03 s                                       |
|                                                                             |
============================[ Search Statistics ]==============================
| Conflicts |          ORIGINAL         |          LEARNT          | Progress |
|           |    Vars  Clauses Literals |    Limit  Clauses Lit/Cl |          |
===============================================================================
===============================================================================
restarts              : 1
conflicts             : 2              (59 /sec)
decisions             : 768            (0.00 % random) (22724 /sec)
propagations          : 19283          (570554 /sec)
conflict literals     : 1              (0.00 % deleted)
Memory used           : 16.65 MB
CPU time              : 0.033797 s

UNSATISFIABLE
