Reading from standard input... Use '--help' for help.
============================[ Problem Statistics ]=============================
|                                                                             |
|  Number of variables:         87638                                         |
|  Number of clauses:          161767                                         |
|  Parse time:                   0.04 s                                       |
|                                                                             |
============================[ Search Statistics ]==============================
| Conflicts |          ORIGINAL         |          LEARNT          | Progress |
|           |    Vars  Clauses Literals |    Limit  Clauses Lit/Cl |          |
===============================================================================
|       100 |   63682   109922   274853 |    40304      100     27 | 27.335 % |
|       250 |   63682   109922   274853 |    44335      250     46 | 27.335 % |
|       475 |   63682   109922   274853 |    48768      475     62 | 27.335 % |
|       812 |   63681   109878   274763 |    53645      811     79 | 27.336 % |
|      1318 |   63681   109878   274763 |    59010     1317    100 | 27.336 % |
|      2077 |   50148    71392   180088 |    64911     2038     85 | 42.778 % |
|      3216 |   49812    70922   178933 |    71402     3161     74 | 43.162 % |
|      4924 |   49242    67710   171293 |    78542     4186     67 | 43.812 % |
|      7486 |   48180    64265   162946 |    86396     6313     62 | 45.024 % |
===============================================================================
restarts              : 46
conflicts             : 10850          (7223 /sec)
decisions             : 36837          (0.00 % random) (24523 /sec)
propagations          : 17739055       (11809338 /sec)
conflict literals     : 551831         (43.53 % deleted)
Memory used           : 28.28 MB
CPU time              : 1.50212 s

UNSATISFIABLE
