Reading from standard input... Use '--help' for help.
============================[ Problem Statistics ]=============================
|                                                                             |
|  Number of variables:         69608                                         |
|  Number of clauses:          118081                                         |
|  Parse time:                   0.03 s                                       |
|                                                                             |
============================[ Search Statistics ]==============================
| Conflicts |          ORIGINAL         |          LEARNT          | Progress |
|           |    Vars  Clauses Literals |    Limit  Clauses Lit/Cl |          |
===============================================================================
===============================================================================
restarts              : 1
conflicts             : 35             (998 /sec)
decisions             : 3472           (0.00 % random) (98968 /sec)
propagations          : 49510          (1411265 /sec)
conflict literals     : 86             (18.10 % deleted)
Memory used           : 18.89 MB
CPU time              : 0.035082 s

UNSATISFIABLE
