Reading from standard input... Use '--help' for help.
============================[ Problem Statistics ]=============================
|                                                                             |
|  Number of variables:         87638                                         |
|  Number of clauses:          161767                                         |
|  Parse time:                   0.03 s                                       |
|                                                                             |
============================[ Search Statistics ]==============================
| Conflicts |          ORIGINAL         |          LEARNT          | Progress |
|           |    Vars  Clauses Literals |    Limit  Clauses Lit/Cl |          |
===============================================================================
|       100 |   62634   106072   265206 |    38893      100      6 | 28.531 % |
|       250 |   62634   106072   265206 |    42782      250     15 | 28.531 % |
|       475 |   62634   106072   265206 |    47060      475     49 | 28.531 % |
|       812 |   62541   105760   264379 |    51766      645     84 | 28.637 % |
|      1318 |   43818    50412   128448 |    56943     1126     68 | 50.001 % |
|      2077 |   43723    50057   127569 |    62637     1826     52 | 50.110 % |
===============================================================================
restarts              : 15
conflicts             : 2644           (8959 /sec)
decisions             : 10141          (0.00 % random) (34362 /sec)
propagations          : 3595424        (12182757 /sec)
conflict literals     : 112008         (33.32 % deleted)
Memory used           : 24.00 MB
CPU time              : 0.295124 s

UNSATISFIABLE
