Reading from standard input... Use '--help' for help.
============================[ Problem Statistics ]=============================
|                                                                             |
|  Number of variables:         69608                                         |
|  Number of clauses:          118081                                         |
|  Parse time:                   0.02 s                                       |
|                                                                             |
============================[ Search Statistics ]==============================
| Conflicts |          ORIGINAL         |          LEARNT          | Progress |
|           |    Vars  Clauses Literals |    Limit  Clauses Lit/Cl |          |
===============================================================================
===============================================================================
restarts              : 1
conflicts             : 6              (200 /sec)
decisions             : 1163           (0.00 % random) (38846 /sec)
propagations          : 21727          (725709 /sec)
conflict literals     : 7              (0.00 % deleted)
Memory used           : 14.68 MB
CPU time              : 0.029939 s

UNSATISFIABLE
