Reading from standard input... Use '--help' for help.
============================[ Problem Statistics ]=============================
|                                                                             |
|  Number of variables:         69608                                         |
|  Number of clauses:          118081                                         |
|  Parse time:                   0.03 s                                       |
|                                                                             |
============================[ Search Statistics ]==============================
| Conflicts |          ORIGINAL         |          LEARNT          | Progress |
|           |    Vars  Clauses Literals |    Limit  Clauses Lit/Cl |          |
===============================================================================
===============================================================================
restarts              : 1
conflicts             : 21             (629 /sec)
decisions             : 2442           (0.00 % random) (73094 /sec)
propagations          : 19786          (592236 /sec)
conflict literals     : 65             (0.00 % deleted)
Memory used           : 17.90 MB
CPU time              : 0.033409 s

UNSATISFIABLE
