Reading from standard input... Use '--help' for help.
============================[ Problem Statistics ]=============================
|                                                                             |
|  Number of variables:         87638                                         |
|  Number of clauses:          161767                                         |
|  Parse time:                   0.03 s                                       |
|                                                                             |
============================[ Search Statistics ]==============================
| Conflicts |          ORIGINAL         |          LEARNT          | Progress |
|           |    Vars  Clauses Literals |    Limit  Clauses Lit/Cl |          |
===============================================================================
|       100 |   63734   110157   275037 |    40390      100     10 | 27.276 % |
|       250 |   63732   110113   274947 |    44429      248     48 | 27.278 % |
|       475 |   63732   110110   274941 |    48872      473     49 | 27.278 % |
|       812 |   63732   110110   274941 |    53760      810     63 | 27.278 % |
|      1318 |   63732   110110   274941 |    59136     1316     74 | 27.278 % |
|      2077 |   63732   110110   274941 |    65049     2075     71 | 27.278 % |
|      3216 |   63732   110110   274941 |    71554     3214     85 | 27.278 % |
|      4924 |   63732   110110   274941 |    78710     4922     88 | 27.278 % |
|      7486 |   63704   109994   274676 |    86581     7482     92 | 27.310 % |
|     11330 |   63704   109994   274676 |    95239    11326     97 | 27.310 % |
|     17096 |   63704   109994   274676 |   104763    17092     98 | 27.310 % |
===============================================================================
restarts              : 63
conflicts             : 17565          (6870 /sec)
decisions             : 71940          (0.00 % random) (28135 /sec)
propagations          : 25762481       (10075583 /sec)
conflict literals     : 1706677        (41.64 % deleted)
Memory used           : 38.27 MB
CPU time              : 2.55692 s

INDETERMINATE
