Reading from standard input... Use '--help' for help.
============================[ Problem Statistics ]=============================
|                                                                             |
|  Number of variables:         69608                                         |
|  Number of clauses:          118081                                         |
|  Parse time:                   0.02 s                                       |
|                                                                             |
============================[ Search Statistics ]==============================
| Conflicts |          ORIGINAL         |          LEARNT          | Progress |
|           |    Vars  Clauses Literals |    Limit  Clauses Lit/Cl |          |
===============================================================================
|       100 |   55212    86209   213509 |    31609       92      7 | 20.682 % |
===============================================================================
restarts              : 2
conflicts             : 105            (3310 /sec)
decisions             : 6872           (0.00 % random) (216652 /sec)
propagations          : 120034         (3784293 /sec)
conflict literals     : 700            (11.39 % deleted)
Memory used           : 17.31 MB
CPU time              : 0.031719 s

UNSATISFIABLE
