Reading from standard input... Use '--help' for help.
============================[ Problem Statistics ]=============================
|                                                                             |
|  Number of variables:         69608                                         |
|  Number of clauses:          118081                                         |
|  Parse time:                   0.03 s                                       |
|                                                                             |
============================[ Search Statistics ]==============================
| Conflicts |          ORIGINAL         |          LEARNT          | Progress |
|           |    Vars  Clauses Literals |    Limit  Clauses Lit/Cl |          |
===============================================================================
===============================================================================
restarts              : 1
conflicts             : 7              (198 /sec)
decisions             : 3045           (0.00 % random) (86087 /sec)
propagations          : 23226          (656640 /sec)
conflict literals     : 11             (0.00 % deleted)
Memory used           : 14.65 MB
CPU time              : 0.035371 s

UNSATISFIABLE
