Reading from standard input... Use '--help' for help.
============================[ Problem Statistics ]=============================
|                                                                             |
|  Number of variables:         87638                                         |
|  Number of clauses:          161767                                         |
|  Parse time:                   0.04 s                                       |
|                                                                             |
============================[ Search Statistics ]==============================
| Conflicts |          ORIGINAL         |          LEARNT          | Progress |
|           |    Vars  Clauses Literals |    Limit  Clauses Lit/Cl |          |
===============================================================================
|       100 |   63193   108082   270277 |    39630      100     26 | 27.893 % |
|       250 |   63193   108082   270277 |    43593      250     47 | 27.893 % |
|       475 |   63193   108082   270277 |    47952      475     56 | 27.893 % |
|       812 |   63192   108038   270187 |    52747      810     46 | 27.894 % |
|      1318 |   63192   108038   270187 |    58022     1316     45 | 27.894 % |
|      2077 |   63192   108038   270187 |    63824     2075     50 | 27.894 % |
|      3216 |   48657   107895   269875 |    70207     2780     48 | 44.480 % |
|      4924 |   48098    63681   161243 |    77227     4353     46 | 45.117 % |
|      7486 |   47664    62407   157920 |    84950     6892     45 | 45.613 % |
===============================================================================
restarts              : 46
conflicts             : 10902          (7661 /sec)
decisions             : 35226          (0.00 % random) (24753 /sec)
propagations          : 16570173       (11643757 /sec)
conflict literals     : 458964         (43.54 % deleted)
Memory used           : 28.89 MB
CPU time              : 1.42309 s

UNSATISFIABLE
