Reading from standard input... Use '--help' for help.
============================[ Problem Statistics ]=============================
|                                                                             |
|  Number of variables:         69608                                         |
|  Number of clauses:          118081                                         |
|  Parse time:                   0.02 s                                       |
|                                                                             |
============================[ Search Statistics ]==============================
| Conflicts |          ORIGINAL         |          LEARNT          | Progress |
|           |    Vars  Clauses Literals |    Limit  Clauses Lit/Cl |          |
===============================================================================
===============================================================================
restarts              : 1
conflicts             : 31             (819 /sec)
decisions             : 3480           (0.00 % random) (91910 /sec)
propagations          : 71779          (1895756 /sec)
conflict literals     : 153            (11.05 % deleted)
Memory used           : 16.11 MB
CPU time              : 0.037863 s

UNSATISFIABLE
