Reading from standard input... Use '--help' for help.
============================[ Problem Statistics ]=============================
|                                                                             |
|  Number of variables:         87638                                         |
|  Number of clauses:          161767                                         |
|  Parse time:                   0.04 s                                       |
|                                                                             |
============================[ Search Statistics ]==============================
| Conflicts |          ORIGINAL         |          LEARNT          | Progress |
|           |    Vars  Clauses Literals |    Limit  Clauses Lit/Cl |          |
===============================================================================
|       100 |   63279   108354   270834 |    39729      100      7 | 27.795 % |
|       250 |   63279   108354   270834 |    43702      250     15 | 27.795 % |
|       475 |   63260   108278   270658 |    48073      474    101 | 27.817 % |
|       812 |   63260   108278   270658 |    52880      811    107 | 27.817 % |
|      1318 |   63260   108278   270658 |    58168     1317     91 | 27.817 % |
|      2077 |   63259   108234   270568 |    63985     2073     81 | 27.818 % |
|      3216 |   63259   108234   270568 |    70383     3212    107 | 27.818 % |
|      4924 |   63259   108234   270568 |    77422     4920    102 | 27.818 % |
|      7486 |   63237   108142   270357 |    85164     6455     98 | 27.843 % |
|     11330 |   63219   108068   270186 |    93680    10298     88 | 27.863 % |
===============================================================================
restarts              : 63
conflicts             : 16961          (5747 /sec)
decisions             : 55595          (0.00 % random) (18838 /sec)
propagations          : 27128941       (9192253 /sec)
conflict literals     : 1360278        (52.18 % deleted)
Memory used           : 29.82 MB
CPU time              : 2.95128 s

INDETERMINATE
