Reading from standard input... Use '--help' for help.
============================[ Problem Statistics ]=============================
|                                                                             |
|  Number of variables:         69608                                         |
|  Number of clauses:          118081                                         |
|  Parse time:                   0.02 s                                       |
|                                                                             |
============================[ Search Statistics ]==============================
| Conflicts |          ORIGINAL         |          LEARNT          | Progress |
|           |    Vars  Clauses Literals |    Limit  Clauses Lit/Cl |          |
===============================================================================
===============================================================================
restarts              : 1
conflicts             : 43             (1272 /sec)
decisions             : 2566           (0.00 % random) (75881 /sec)
propagations          : 79300          (2345044 /sec)
conflict literals     : 207            (20.38 % deleted)
Memory used           : 16.25 MB
CPU time              : 0.033816 s

UNSATISFIABLE
