Reading from standard input... Use '--help' for help.
============================[ Problem Statistics ]=============================
|                                                                             |
|  Number of variables:         69608                                         |
|  Number of clauses:          118081                                         |
|  Parse time:                   0.02 s                                       |
|                                                                             |
============================[ Search Statistics ]==============================
| Conflicts |          ORIGINAL         |          LEARNT          | Progress |
|           |    Vars  Clauses Literals |    Limit  Clauses Lit/Cl |          |
===============================================================================
===============================================================================
restarts              : 1
conflicts             : 31             (824 /sec)
decisions             : 42554          (0.00 % random) (1131394 /sec)
propagations          : 110210         (2930182 /sec)
conflict literals     : 301            (0.00 % deleted)
Memory used           : 15.77 MB
CPU time              : 0.037612 s

SATISFIABLE
