Reading from standard input... Use '--help' for help.
============================[ Problem Statistics ]=============================
|                                                                             |
|  Number of variables:         69608                                         |
|  Number of clauses:          118081                                         |
|  Parse time:                   0.02 s                                       |
|                                                                             |
============================[ Search Statistics ]==============================
| Conflicts |          ORIGINAL         |          LEARNT          | Progress |
|           |    Vars  Clauses Literals |    Limit  Clauses Lit/Cl |          |
===============================================================================
===============================================================================
restarts              : 1
conflicts             : 34             (953 /sec)
decisions             : 65257          (0.00 % random) (1828901 /sec)
propagations          : 123202         (3452874 /sec)
conflict literals     : 99             (1.98 % deleted)
Memory used           : 17.01 MB
CPU time              : 0.035681 s

SATISFIABLE
