Reading from standard input... Use '--help' for help.
============================[ Problem Statistics ]=============================
|                                                                             |
|  Number of variables:         69608                                         |
|  Number of clauses:          118081                                         |
|  Parse time:                   0.02 s                                       |
|                                                                             |
============================[ Search Statistics ]==============================
| Conflicts |          ORIGINAL         |          LEARNT          | Progress |
|           |    Vars  Clauses Literals |    Limit  Clauses Lit/Cl |          |
===============================================================================
===============================================================================
restarts              : 1
conflicts             : 11             (328 /sec)
decisions             : 71250          (0.00 % random) (2124139 /sec)
propagations          : 133121         (3968667 /sec)
conflict literals     : 22             (0.00 % deleted)
Memory used           : 14.44 MB
CPU time              : 0.033543 s

SATISFIABLE
