Reading from standard input... Use '--help' for help.
============================[ Problem Statistics ]=============================
|                                                                             |
|  Number of variables:         69608                                         |
|  Number of clauses:          118081                                         |
|  Parse time:                   0.02 s                                       |
|                                                                             |
============================[ Search Statistics ]==============================
| Conflicts |          ORIGINAL         |          LEARNT          | Progress |
|           |    Vars  Clauses Literals |    Limit  Clauses Lit/Cl |          |
===============================================================================
===============================================================================
restarts              : 1
conflicts             : 12             (388 /sec)
decisions             : 1465           (0.00 % random) (47406 /sec)
propagations          : 35907          (1161926 /sec)
conflict literals     : 17             (10.53 % deleted)
Memory used           : 14.23 MB
CPU time              : 0.030903 s

UNSATISFIABLE
