Reading from standard input... Use '--help' for help.
============================[ Problem Statistics ]=============================
|                                                                             |
|  Number of variables:         69608                                         |
|  Number of clauses:          118081                                         |
|  Parse time:                   0.03 s                                       |
|                                                                             |
============================[ Search Statistics ]==============================
| Conflicts |          ORIGINAL         |          LEARNT          | Progress |
|           |    Vars  Clauses Literals |    Limit  Clauses Lit/Cl |          |
===============================================================================
===============================================================================
restarts              : 1
conflicts             : 11             (256 /sec)
decisions             : 60054          (0.00 % random) (1396312 /sec)
propagations          : 104350         (2426236 /sec)
conflict literals     : 26             (0.00 % deleted)
Memory used           : 17.26 MB
CPU time              : 0.043009 s

SATISFIABLE
