Reading from standard input... Use '--help' for help.
============================[ Problem Statistics ]=============================
|                                                                             |
|  Number of variables:         87638                                         |
|  Number of clauses:          161767                                         |
|  Parse time:                   0.03 s                                       |
|                                                                             |
============================[ Search Statistics ]==============================
| Conflicts |          ORIGINAL         |          LEARNT          | Progress |
|           |    Vars  Clauses Literals |    Limit  Clauses Lit/Cl |          |
===============================================================================
|       100 |   64444   112688   281220 |    41318      100     13 | 26.466 % |
|       250 |   64444   112688   281220 |    45450      250     17 | 26.466 % |
|       475 |   64444   112688   281220 |    49995      475     29 | 26.466 % |
|       812 |   64444   112688   281220 |    54995      812     34 | 26.466 % |
|      1318 |   64416   112572   280955 |    60495     1317     42 | 26.498 % |
|      2077 |   58147    93236   233346 |    66544     2064     53 | 33.651 % |
|      3216 |   58134    93144   233140 |    73199     3200     61 | 33.666 % |
|      4924 |   57965    92438   231505 |    80518     4890     68 | 33.859 % |
|      7486 |   57927    92271   231113 |    88570     7447     78 | 33.902 % |
|     11330 |   57815    91804   229988 |    97427    11248     89 | 34.030 % |
|     17096 |   56881    88471   221885 |   107170    16130     91 | 35.096 % |
|     25745 |   56865    88406   221735 |   117887    24775     84 | 35.114 % |
|     38719 |   56475    86994   218346 |   129676    37681     83 | 35.559 % |
===============================================================================
restarts              : 127
conflicts             : 43028          (8795 /sec)
decisions             : 138693         (0.00 % random) (28349 /sec)
propagations          : 61690061       (12609500 /sec)
conflict literals     : 3446647        (49.20 % deleted)
Memory used           : 48.63 MB
CPU time              : 4.89235 s

INDETERMINATE
