Reading from standard input... Use '--help' for help.
============================[ Problem Statistics ]=============================
|                                                                             |
|  Number of variables:         87638                                         |
|  Number of clauses:          161767                                         |
|  Parse time:                   0.03 s                                       |
|                                                                             |
============================[ Search Statistics ]==============================
| Conflicts |          ORIGINAL         |          LEARNT          | Progress |
|           |    Vars  Clauses Literals |    Limit  Clauses Lit/Cl |          |
===============================================================================
|       100 |   65761   117625   293135 |    43129      100     18 | 24.963 % |
|       250 |   60793   101651   253706 |    47442      248     46 | 30.632 % |
|       475 |   60710   101351   252973 |    52186      471     40 | 30.726 % |
|       812 |   60690   101263   252770 |    57404      807     44 | 30.749 % |
|      1318 |   60690   101263   252770 |    63145     1313     38 | 30.749 % |
|      2077 |   60624   101094   252384 |    69459     2069     55 | 30.825 % |
|      3216 |   60624   100958   252074 |    76405     3203     61 | 30.825 % |
|      4924 |   60375   100015   249844 |    84046     4884     64 | 31.109 % |
|      7486 |   60355    99928   249643 |    92451     7444     77 | 31.131 % |
|     11330 |   59959    98409   246122 |   101696    10899     78 | 31.583 % |
|     17096 |   59590    96909   242592 |   111865    13958     79 | 32.004 % |
===============================================================================
restarts              : 76
conflicts             : 21248          (7664 /sec)
decisions             : 103093         (0.00 % random) (37185 /sec)
propagations          : 31183936       (11247847 /sec)
conflict literals     : 1661244        (37.19 % deleted)
Memory used           : 40.60 MB
CPU time              : 2.77244 s

INDETERMINATE
