Reading from standard input... Use '--help' for help.
============================[ Problem Statistics ]=============================
|                                                                             |
|  Number of variables:         87638                                         |
|  Number of clauses:          161767                                         |
|  Parse time:                   0.04 s                                       |
|                                                                             |
============================[ Search Statistics ]==============================
| Conflicts |          ORIGINAL         |          LEARNT          | Progress |
|           |    Vars  Clauses Literals |    Limit  Clauses Lit/Cl |          |
===============================================================================
|       100 |   62627   106067   265152 |    38891      100     16 | 28.539 % |
|       250 |   62627   106067   265152 |    42780      250     22 | 28.539 % |
|       475 |   62626   106023   265062 |    47058      474     38 | 28.540 % |
|       812 |   62626   106023   265062 |    51764      811     44 | 28.540 % |
|      1318 |   62606   105945   264872 |    56940     1316     54 | 28.563 % |
|      2077 |   62606   105945   264872 |    62634     2075     65 | 28.563 % |
|      3216 |   62606   105945   264872 |    68898     3214     68 | 28.563 % |
|      4924 |   62589   105879   264719 |    75788     4416     72 | 28.582 % |
|      7486 |   62548   105724   264382 |    83366     6591     70 | 28.629 % |
|     11330 |   62548   105724   264382 |    91703    10435     68 | 28.629 % |
===============================================================================
restarts              : 48
conflicts             : 11364          (6532 /sec)
decisions             : 32300          (0.00 % random) (18565 /sec)
propagations          : 18235656       (10481298 /sec)
conflict literals     : 787078         (59.01 % deleted)
Memory used           : 29.90 MB
CPU time              : 1.73983 s

UNSATISFIABLE
