Reading from standard input... Use '--help' for help.
============================[ Problem Statistics ]=============================
|                                                                             |
|  Number of variables:         87638                                         |
|  Number of clauses:          161767                                         |
|  Parse time:                   0.03 s                                       |
|                                                                             |
============================[ Search Statistics ]==============================
| Conflicts |          ORIGINAL         |          LEARNT          | Progress |
|           |    Vars  Clauses Literals |    Limit  Clauses Lit/Cl |          |
===============================================================================
|       100 |   62672   106235   265550 |    38952      100     78 | 28.488 % |
|       250 |   62672   106235   265550 |    42848      250     80 | 28.488 % |
|       475 |   62671   106191   265460 |    47132      471     89 | 28.489 % |
|       812 |   62659   106143   265328 |    51846      771    131 | 28.502 % |
|      1318 |   62659   106143   265328 |    57030     1277    119 | 28.502 % |
|      2077 |   62642   106075   265167 |    62733     2035    108 | 28.522 % |
|      3216 |   62630   106027   265035 |    69007     3130    111 | 28.536 % |
|      4924 |   62547   105685   264248 |    75908     4833    111 | 28.630 % |
===============================================================================
restarts              : 30
conflicts             : 6061           (5441 /sec)
decisions             : 30977          (0.00 % random) (27809 /sec)
propagations          : 11445792       (10275255 /sec)
conflict literals     : 639961         (45.52 % deleted)
Memory used           : 25.10 MB
CPU time              : 1.11392 s

INDETERMINATE
