Reading from standard input... Use '--help' for help.
============================[ Problem Statistics ]=============================
|                                                                             |
|  Number of variables:         69608                                         |
|  Number of clauses:          118081                                         |
|  Parse time:                   0.02 s                                       |
|                                                                             |
============================[ Search Statistics ]==============================
| Conflicts |          ORIGINAL         |          LEARNT          | Progress |
|           |    Vars  Clauses Literals |    Limit  Clauses Lit/Cl |          |
===============================================================================
===============================================================================
restarts              : 1
conflicts             : 39             (1202 /sec)
decisions             : 14103          (0.00 % random) (434620 /sec)
propagations          : 45748          (1409843 /sec)
conflict literals     : 126            (0.00 % deleted)
Memory used           : 15.34 MB
CPU time              : 0.032449 s

UNSATISFIABLE
