Reading from standard input... Use '--help' for help.
============================[ Problem Statistics ]=============================
|                                                                             |
|  Number of variables:         87638                                         |
|  Number of clauses:          161767                                         |
|  Parse time:                   0.03 s                                       |
|                                                                             |
============================[ Search Statistics ]==============================
| Conflicts |          ORIGINAL         |          LEARNT          | Progress |
|           |    Vars  Clauses Literals |    Limit  Clauses Lit/Cl |          |
===============================================================================
|       100 |   64460   112724   281264 |    41332      100     28 | 26.447 % |
|       250 |   64460   112724   281264 |    45465      250     36 | 26.447 % |
|       475 |   64460   112724   281264 |    50011      475     42 | 26.447 % |
|       812 |   58377    93715   234346 |    55013      808     37 | 33.388 % |
|      1318 |   58309    93443   233656 |    60514     1233     43 | 33.466 % |
|      2077 |   58224    93093   232851 |    66565     1988     51 | 33.563 % |
|      3216 |   58076    92732   232011 |    73222     3114     58 | 33.732 % |
|      4924 |   57648    90815   227519 |    80544     4563     63 | 34.220 % |
|      7486 |   57162    90773   227420 |    88599     7120     71 | 34.775 % |
|     11330 |   57162    89200   223493 |    97459    10821     74 | 34.775 % |
|     17096 |   57072    88792   222537 |   107204    16557     78 | 34.878 % |
===============================================================================
restarts              : 63
conflicts             : 17598          (7835 /sec)
decisions             : 77111          (0.00 % random) (34333 /sec)
propagations          : 25515069       (11360394 /sec)
conflict literals     : 1374193        (41.36 % deleted)
Memory used           : 28.60 MB
CPU time              : 2.24597 s

INDETERMINATE
