Reading from standard input... Use '--help' for help.
============================[ Problem Statistics ]=============================
|                                                                             |
|  Number of variables:         87638                                         |
|  Number of clauses:          161767                                         |
|  Parse time:                   0.03 s                                       |
|                                                                             |
============================[ Search Statistics ]==============================
| Conflicts |          ORIGINAL         |          LEARNT          | Progress |
|           |    Vars  Clauses Literals |    Limit  Clauses Lit/Cl |          |
===============================================================================
|       100 |   64541   112977   281953 |    41424      100     15 | 26.355 % |
|       250 |   64541   112977   281953 |    45567      250     21 | 26.355 % |
|       475 |   64540   112972   281941 |    50124      474     35 | 26.356 % |
|       812 |   64540   112972   281941 |    55136      811     55 | 26.356 % |
|      1318 |   64540   112972   281941 |    60650     1317     69 | 26.356 % |
|      2077 |   64467   112664   281151 |    66715     2030     73 | 26.439 % |
|      3216 |   64467   112664   281151 |    73386     3169     69 | 26.440 % |
|      4924 |   56712    87883   219707 |    80725     4635     66 | 35.288 % |
|      7486 |   56625    87595   219022 |    88797     6806     61 | 35.388 % |
|     11330 |   56477    86833   217241 |    97677    10592     59 | 35.556 % |
|     17096 |   56387    86342   216127 |   107445    14586     62 | 35.659 % |
===============================================================================
restarts              : 63
conflicts             : 19158          (8894 /sec)
decisions             : 57416          (0.00 % random) (26654 /sec)
propagations          : 22941733       (10650066 /sec)
conflict literals     : 1146522        (50.09 % deleted)
Memory used           : 40.58 MB
CPU time              : 2.15414 s

UNSATISFIABLE
