Reading from standard input... Use '--help' for help.
============================[ Problem Statistics ]=============================
|                                                                             |
|  Number of variables:         69608                                         |
|  Number of clauses:          118081                                         |
|  Parse time:                   0.02 s                                       |
|                                                                             |
============================[ Search Statistics ]==============================
| Conflicts |          ORIGINAL         |          LEARNT          | Progress |
|           |    Vars  Clauses Literals |    Limit  Clauses Lit/Cl |          |
===============================================================================
===============================================================================
restarts              : 1
conflicts             : 4              (117 /sec)
decisions             : 40247          (0.00 % random) (1177191 /sec)
propagations          : 85055          (2487788 /sec)
conflict literals     : 5              (0.00 % deleted)
Memory used           : 17.66 MB
CPU time              : 0.034189 s

SATISFIABLE
