Reading from standard input... Use '--help' for help.
============================[ Problem Statistics ]=============================
|                                                                             |
|  Number of variables:         69608                                         |
|  Number of clauses:          118081                                         |
|  Parse time:                   0.02 s                                       |
|                                                                             |
============================[ Search Statistics ]==============================
| Conflicts |          ORIGINAL         |          LEARNT          | Progress |
|           |    Vars  Clauses Literals |    Limit  Clauses Lit/Cl |          |
===============================================================================
===============================================================================
restarts              : 1
conflicts             : 12             (343 /sec)
decisions             : 1461           (0.00 % random) (41791 /sec)
propagations          : 35327          (1010498 /sec)
conflict literals     : 17             (10.53 % deleted)
Memory used           : 15.44 MB
CPU time              : 0.03496 s

UNSATISFIABLE
