Reading from standard input... Use '--help' for help.
============================[ Problem Statistics ]=============================
|                                                                             |
|  Number of variables:         69608                                         |
|  Number of clauses:          118081                                         |
|  Parse time:                   0.03 s                                       |
|                                                                             |
============================[ Search Statistics ]==============================
| Conflicts |          ORIGINAL         |          LEARNT          | Progress |
|           |    Vars  Clauses Literals |    Limit  Clauses Lit/Cl |          |
===============================================================================
===============================================================================
restarts              : 1
conflicts             : 5              (145 /sec)
decisions             : 36630          (0.00 % random) (1061063 /sec)
propagations          : 73751          (2136348 /sec)
conflict literals     : 11             (0.00 % deleted)
Memory used           : 17.66 MB
CPU time              : 0.034522 s

SATISFIABLE
