Reading from standard input... Use '--help' for help.
============================[ Problem Statistics ]=============================
|                                                                             |
|  Number of variables:         87638                                         |
|  Number of clauses:          161767                                         |
|  Parse time:                   0.03 s                                       |
|                                                                             |
============================[ Search Statistics ]==============================
| Conflicts |          ORIGINAL         |          LEARNT          | Progress |
|           |    Vars  Clauses Literals |    Limit  Clauses Lit/Cl |          |
===============================================================================
|       100 |   64451   112695   281239 |    41321      100     16 | 26.458 % |
|       250 |   64451   112695   281239 |    45453      250     37 | 26.458 % |
|       475 |   64451   112695   281239 |    49999      475     63 | 26.458 % |
|       812 |   64450   112651   281149 |    54998      810     70 | 26.459 % |
|      1318 |   64450   112651   281149 |    60498     1316     77 | 26.459 % |
|      2077 |   64432   112577   280978 |    66548     2074     82 | 26.479 % |
|      3216 |   64432   112577   280978 |    73203     3213    116 | 26.479 % |
|      4924 |   64432   112577   280978 |    80523     4921    106 | 26.479 % |
|      7486 |   64386   112503   280807 |    88576     7480    104 | 26.532 % |
|     11330 |   64248   111833   279239 |    97433    11316    104 | 26.689 % |
|     17096 |   64194   111609   278727 |   107177    17076    107 | 26.751 % |
===============================================================================
restarts              : 63
conflicts             : 18076          (6630 /sec)
decisions             : 84682          (0.00 % random) (31058 /sec)
propagations          : 25815022       (9468010 /sec)
conflict literals     : 1932576        (40.47 % deleted)
Memory used           : 42.11 MB
CPU time              : 2.72655 s

INDETERMINATE
