Reading from standard input... Use '--help' for help.
============================[ Problem Statistics ]=============================
|                                                                             |
|  Number of variables:         69608                                         |
|  Number of clauses:          118081                                         |
|  Parse time:                   0.02 s                                       |
|                                                                             |
============================[ Search Statistics ]==============================
| Conflicts |          ORIGINAL         |          LEARNT          | Progress |
|           |    Vars  Clauses Literals |    Limit  Clauses Lit/Cl |          |
===============================================================================
===============================================================================
restarts              : 1
conflicts             : 53             (1885 /sec)
decisions             : 43460          (0.00 % random) (1546014 /sec)
propagations          : 94478          (3360891 /sec)
conflict literals     : 457            (7.11 % deleted)
Memory used           : 16.94 MB
CPU time              : 0.028111 s

SATISFIABLE
