Reading from standard input... Use '--help' for help.
============================[ Problem Statistics ]=============================
|                                                                             |
|  Number of variables:         69608                                         |
|  Number of clauses:          118081                                         |
|  Parse time:                   0.02 s                                       |
|                                                                             |
============================[ Search Statistics ]==============================
| Conflicts |          ORIGINAL         |          LEARNT          | Progress |
|           |    Vars  Clauses Literals |    Limit  Clauses Lit/Cl |          |
===============================================================================
===============================================================================
restarts              : 1
conflicts             : 9              (275 /sec)
decisions             : 65350          (0.00 % random) (1993776 /sec)
propagations          : 119494         (3645666 /sec)
conflict literals     : 20             (0.00 % deleted)
Memory used           : 16.21 MB
CPU time              : 0.032777 s

SATISFIABLE
