Reading from standard input... Use '--help' for help.
============================[ Problem Statistics ]=============================
|                                                                             |
|  Number of variables:         69608                                         |
|  Number of clauses:          118081                                         |
|  Parse time:                   0.03 s                                       |
|                                                                             |
============================[ Search Statistics ]==============================
| Conflicts |          ORIGINAL         |          LEARNT          | Progress |
|           |    Vars  Clauses Literals |    Limit  Clauses Lit/Cl |          |
===============================================================================
===============================================================================
restarts              : 1
conflicts             : 3              (73 /sec)
decisions             : 34681          (0.00 % random) (840039 /sec)
propagations          : 70416          (1705607 /sec)
conflict literals     : 6              (0.00 % deleted)
Memory used           : 16.00 MB
CPU time              : 0.041285 s

SATISFIABLE
