Reading from standard input... Use '--help' for help.
============================[ Problem Statistics ]=============================
|                                                                             |
|  Number of variables:         87638                                         |
|  Number of clauses:          161767                                         |
|  Parse time:                   0.04 s                                       |
|                                                                             |
============================[ Search Statistics ]==============================
| Conflicts |          ORIGINAL         |          LEARNT          | Progress |
|           |    Vars  Clauses Literals |    Limit  Clauses Lit/Cl |          |
===============================================================================
|       100 |   63853   110449   276027 |    40497      100     17 | 27.140 % |
|       250 |   63853   110449   276027 |    44547      250     27 | 27.140 % |
|       475 |   63853   110449   276027 |    49002      475     49 | 27.140 % |
|       812 |   63853   110449   276027 |    53902      812     46 | 27.140 % |
|      1318 |   63853   110449   276027 |    59293     1318     53 | 27.140 % |
|      2077 |   53738    80852   203396 |    65222     1997     48 | 38.682 % |
|      3216 |   53728    80568   202727 |    71744     3135     66 | 38.693 % |
|      4924 |   53522    79899   201026 |    78919     4792     82 | 38.928 % |
|      7486 |   52674    76568   193060 |    86810     7245     74 | 39.896 % |
|     11330 |   52581    76237   192244 |    95492    11070     65 | 40.002 % |
|     17096 |   52379    75478   190370 |   105041    16781     63 | 40.233 % |
|     25745 |   52177    74639   188389 |   115545    23412     64 | 40.463 % |
===============================================================================
restarts              : 125
conflicts             : 34119          (6997 /sec)
decisions             : 96565          (0.00 % random) (19804 /sec)
propagations          : 50456152       (10347938 /sec)
conflict literals     : 2085903        (50.69 % deleted)
Memory used           : 45.51 MB
CPU time              : 4.87596 s

INDETERMINATE
