Reading from standard input... Use '--help' for help.
============================[ Problem Statistics ]=============================
|                                                                             |
|  Number of variables:         87638                                         |
|  Number of clauses:          161767                                         |
|  Parse time:                   0.03 s                                       |
|                                                                             |
============================[ Search Statistics ]==============================
| Conflicts |          ORIGINAL         |          LEARNT          | Progress |
|           |    Vars  Clauses Literals |    Limit  Clauses Lit/Cl |          |
===============================================================================
|       100 |   65984   118315   294991 |    43382      100     31 | 24.708 % |
|       250 |   65984   118315   294991 |    47720      250     36 | 24.709 % |
|       475 |   65984   118315   294991 |    52492      475     37 | 24.709 % |
|       812 |   65984   118315   294991 |    57741      812     39 | 24.708 % |
|      1318 |   65984   118315   294991 |    63515     1318     53 | 24.708 % |
|      2077 |   65984   118315   294991 |    69867     2077     50 | 24.709 % |
|      3216 |   65983   118310   294979 |    76854     3215     77 | 24.710 % |
|      4924 |   65982   118266   294889 |    84539     4919     80 | 24.711 % |
|      7486 |   65982   118266   294889 |    92993     7481     88 | 24.711 % |
|     11330 |   65926   118166   294660 |   102292    11322     91 | 24.775 % |
|     17096 |   65850   117820   293859 |   112522    17080    104 | 24.861 % |
|     25745 |   65850   117728   293648 |   123774    25727    109 | 24.861 % |
===============================================================================
restarts              : 109
conflicts             : 29835          (6122 /sec)
decisions             : 128749         (0.00 % random) (26417 /sec)
propagations          : 47360877       (9717476 /sec)
conflict literals     : 3409533        (44.89 % deleted)
Memory used           : 48.28 MB
CPU time              : 4.87378 s

INDETERMINATE
