Reading from standard input... Use '--help' for help.
============================[ Problem Statistics ]=============================
|                                                                             |
|  Number of variables:         87638                                         |
|  Number of clauses:          161767                                         |
|  Parse time:                   0.04 s                                       |
|                                                                             |
============================[ Search Statistics ]==============================
| Conflicts |          ORIGINAL         |          LEARNT          | Progress |
|           |    Vars  Clauses Literals |    Limit  Clauses Lit/Cl |          |
===============================================================================
|       100 |   62333   104995   262348 |    38498      100     18 | 28.874 % |
|       250 |   62308   104893   262108 |    42347      249     29 | 28.903 % |
|       475 |   62308   104893   262108 |    46582      474     66 | 28.903 % |
|       812 |   62308   104893   262108 |    51241      811     91 | 28.903 % |
|      1318 |   62308   104893   262108 |    56365     1317     80 | 28.903 % |
|      2077 |   62308   104893   262108 |    62001     2076     75 | 28.903 % |
|      3216 |   62308   104893   262108 |    68201     3215     87 | 28.903 % |
|      4924 |   62308   104893   262108 |    75022     4923     98 | 28.903 % |
|      7486 |   47689   104747   261778 |    82524     7357     87 | 45.584 % |
===============================================================================
restarts              : 35
conflicts             : 8490           (6289 /sec)
decisions             : 35842          (0.00 % random) (26548 /sec)
propagations          : 13996467       (10367208 /sec)
conflict literals     : 680571         (47.07 % deleted)
Memory used           : 22.36 MB
CPU time              : 1.35007 s

INDETERMINATE
