Reading from standard input... Use '--help' for help.
============================[ Problem Statistics ]=============================
|                                                                             |
|  Number of variables:         69608                                         |
|  Number of clauses:          118081                                         |
|  Parse time:                   0.03 s                                       |
|                                                                             |
============================[ Search Statistics ]==============================
| Conflicts |          ORIGINAL         |          LEARNT          | Progress |
|           |    Vars  Clauses Literals |    Limit  Clauses Lit/Cl |          |
===============================================================================
===============================================================================
restarts              : 1
conflicts             : 7              (185 /sec)
decisions             : 40033          (0.00 % random) (1058346 /sec)
propagations          : 78581          (2077434 /sec)
conflict literals     : 11             (0.00 % deleted)
Memory used           : 16.50 MB
CPU time              : 0.037826 s

SATISFIABLE
