Reading from standard input... Use '--help' for help.
============================[ Problem Statistics ]=============================
|                                                                             |
|  Number of variables:         69608                                         |
|  Number of clauses:          118081                                         |
|  Parse time:                   0.03 s                                       |
|                                                                             |
============================[ Search Statistics ]==============================
| Conflicts |          ORIGINAL         |          LEARNT          | Progress |
|           |    Vars  Clauses Literals |    Limit  Clauses Lit/Cl |          |
===============================================================================
===============================================================================
restarts              : 1
conflicts             : 51             (1226 /sec)
decisions             : 37693          (0.00 % random) (906278 /sec)
propagations          : 144688         (3478830 /sec)
conflict literals     : 483            (2.42 % deleted)
Memory used           : 15.71 MB
CPU time              : 0.041591 s

UNSATISFIABLE
