Reading from standard input... Use '--help' for help.
============================[ Problem Statistics ]=============================
|                                                                             |
|  Number of variables:         87638                                         |
|  Number of clauses:          161767                                         |
|  Parse time:                   0.03 s                                       |
|                                                                             |
============================[ Search Statistics ]==============================
| Conflicts |          ORIGINAL         |          LEARNT          | Progress |
|           |    Vars  Clauses Literals |    Limit  Clauses Lit/Cl |          |
===============================================================================
|       100 |   66053   118523   295513 |    43458      100     10 | 24.630 % |
|       250 |   66053   118523   295513 |    47804      250     27 | 24.630 % |
|       475 |   66053   118523   295513 |    52584      475     43 | 24.630 % |
|       812 |   59815   118520   295507 |    57843      810     41 | 31.748 % |
|      1318 |   59732    98644   246274 |    63627     1307     45 | 31.842 % |
|      2077 |   59617    98150   245056 |    69990     2035     54 | 31.974 % |
|      3216 |   56409    87135   217636 |    76989     2127     78 | 35.634 % |
|      4924 |   56342    86869   217013 |    84688     3828     69 | 35.711 % |
|      7486 |   56282    86623   216405 |    93157     6359     67 | 35.779 % |
|     11330 |   56180    86269   215578 |   102472    10179     74 | 35.895 % |
|     17096 |   56090    85818   214524 |   112719    15896     72 | 35.998 % |
===============================================================================
restarts              : 70
conflicts             : 20384          (8743 /sec)
decisions             : 73113          (0.00 % random) (31358 /sec)
propagations          : 24438033       (10481454 /sec)
conflict literals     : 1342284        (47.33 % deleted)
Memory used           : 29.36 MB
CPU time              : 2.33155 s

UNSATISFIABLE
