Reading from standard input... Use '--help' for help.
============================[ Problem Statistics ]=============================
|                                                                             |
|  Number of variables:         87638                                         |
|  Number of clauses:          161767                                         |
|  Parse time:                   0.04 s                                       |
|                                                                             |
============================[ Search Statistics ]==============================
| Conflicts |          ORIGINAL         |          LEARNT          | Progress |
|           |    Vars  Clauses Literals |    Limit  Clauses Lit/Cl |          |
===============================================================================
|       100 |   62777   106537   266323 |    39063      100      8 | 28.368 % |
|       250 |   62777   106537   266323 |    42969      250     38 | 28.368 % |
|       475 |   62777   106537   266323 |    47266      475     54 | 28.368 % |
|       812 |   62777   106537   266323 |    51993      812     54 | 28.368 % |
|      1318 |   62776   106537   266323 |    57192     1317    107 | 28.369 % |
|      2077 |   62776   106493   266233 |    62912     2075     85 | 28.369 % |
|      3216 |   62776   106493   266233 |    69203     3214    101 | 28.369 % |
|      4924 |   62776   106493   266233 |    76123     4922     99 | 28.369 % |
|      7486 |   62776   106493   266233 |    83736     7484     96 | 28.369 % |
===============================================================================
restarts              : 31
conflicts             : 7978           (6033 /sec)
decisions             : 31680          (0.00 % random) (23955 /sec)
propagations          : 12066761       (9124515 /sec)
conflict literals     : 763287         (49.16 % deleted)
Memory used           : 28.71 MB
CPU time              : 1.32245 s

INDETERMINATE
