Reading from standard input... Use '--help' for help.
============================[ Problem Statistics ]=============================
|                                                                             |
|  Number of variables:         69608                                         |
|  Number of clauses:          118081                                         |
|  Parse time:                   0.02 s                                       |
|                                                                             |
============================[ Search Statistics ]==============================
| Conflicts |          ORIGINAL         |          LEARNT          | Progress |
|           |    Vars  Clauses Literals |    Limit  Clauses Lit/Cl |          |
===============================================================================
===============================================================================
restarts              : 1
conflicts             : 2              (78 /sec)
decisions             : 212            (0.00 % random) (8257 /sec)
propagations          : 18965          (738656 /sec)
conflict literals     : 1              (0.00 % deleted)
Memory used           : 14.69 MB
CPU time              : 0.025675 s

UNSATISFIABLE
