Reading from standard input... Use '--help' for help.
============================[ Problem Statistics ]=============================
|                                                                             |
|  Number of variables:         69608                                         |
|  Number of clauses:          118081                                         |
|  Parse time:                   0.03 s                                       |
|                                                                             |
============================[ Search Statistics ]==============================
| Conflicts |          ORIGINAL         |          LEARNT          | Progress |
|           |    Vars  Clauses Literals |    Limit  Clauses Lit/Cl |          |
===============================================================================
===============================================================================
restarts              : 1
conflicts             : 15             (404 /sec)
decisions             : 39187          (0.00 % random) (1055713 /sec)
propagations          : 79605          (2144589 /sec)
conflict literals     : 31             (0.00 % deleted)
Memory used           : 17.80 MB
CPU time              : 0.037119 s

SATISFIABLE
