Reading from standard input... Use '--help' for help.
============================[ Problem Statistics ]=============================
|                                                                             |
|  Number of variables:         69608                                         |
|  Number of clauses:          118081                                         |
|  Parse time:                   0.03 s                                       |
|                                                                             |
============================[ Search Statistics ]==============================
| Conflicts |          ORIGINAL         |          LEARNT          | Progress |
|           |    Vars  Clauses Literals |    Limit  Clauses Lit/Cl |          |
===============================================================================
|       100 |   56487    81089   200605 |    29732       90      5 | 18.850 % |
===============================================================================
restarts              : 2
conflicts             : 138            (3257 /sec)
decisions             : 36529          (0.00 % random) (862163 /sec)
propagations          : 177121         (4180439 /sec)
conflict literals     : 625            (15.99 % deleted)
Memory used           : 16.16 MB
CPU time              : 0.042369 s

UNSATISFIABLE
