Reading from standard input... Use '--help' for help.
============================[ Problem Statistics ]=============================
|                                                                             |
|  Number of variables:         87638                                         |
|  Number of clauses:          161767                                         |
|  Parse time:                   0.04 s                                       |
|                                                                             |
============================[ Search Statistics ]==============================
| Conflicts |          ORIGINAL         |          LEARNT          | Progress |
|           |    Vars  Clauses Literals |    Limit  Clauses Lit/Cl |          |
===============================================================================
|       100 |   63230   108211   270502 |    39677      100     18 | 27.851 % |
|       250 |   63230   108211   270502 |    43645      250     45 | 27.851 % |
|       475 |   63230   108211   270502 |    48009      475     84 | 27.851 % |
|       812 |   63179   107959   269936 |    52810      808     89 | 27.909 % |
|      1318 |   63179   107959   269936 |    58091     1314     82 | 27.909 % |
|      2077 |   63138   107791   269546 |    63900     2071     77 | 27.956 % |
|      3216 |   63138   107791   269546 |    70290     3210     74 | 27.956 % |
|      4924 |   63138   107791   269546 |    77319     4918     83 | 27.956 % |
|      7486 |   50940    72365   182223 |    85051     7415     79 | 41.875 % |
===============================================================================
restarts              : 38
conflicts             : 9121           (6308 /sec)
decisions             : 35886          (0.00 % random) (24817 /sec)
propagations          : 15071512       (10422690 /sec)
conflict literals     : 663714         (51.61 % deleted)
Memory used           : 26.12 MB
CPU time              : 1.44603 s

INDETERMINATE
