Reading from standard input... Use '--help' for help.
============================[ Problem Statistics ]=============================
|                                                                             |
|  Number of variables:         87638                                         |
|  Number of clauses:          161767                                         |
|  Parse time:                   0.04 s                                       |
|                                                                             |
============================[ Search Statistics ]==============================
| Conflicts |          ORIGINAL         |          LEARNT          | Progress |
|           |    Vars  Clauses Literals |    Limit  Clauses Lit/Cl |          |
===============================================================================
|       100 |   62685   106339   265663 |    38990      100     30 | 28.473 % |
|       250 |   62685   106339   265663 |    42890      250     26 | 28.473 % |
|       475 |   62685   106339   265663 |    47179      475     22 | 28.473 % |
|       812 |   62685   106339   265663 |    51896      812     42 | 28.473 % |
|      1318 |   62685   106339   265663 |    57086     1318     52 | 28.473 % |
|      2077 |   62685   106339   265663 |    62795     2077     66 | 28.473 % |
|      3216 |   62685   106339   265663 |    69074     3216     78 | 28.473 % |
|      4924 |   53926    80214   201771 |    75982     4877     77 | 38.467 % |
|      7486 |   53864    79992   201224 |    83580     7434     68 | 38.538 % |
|     11330 |   53645    78970   198777 |    91938     9269     66 | 38.788 % |
|     17096 |   53489    78277   197162 |   101132    12673     60 | 38.966 % |
===============================================================================
restarts              : 87
conflicts             : 23787          (7989 /sec)
decisions             : 74294          (0.00 % random) (24951 /sec)
propagations          : 34695161       (11652290 /sec)
conflict literals     : 1411407        (50.65 % deleted)
Memory used           : 41.70 MB
CPU time              : 2.97754 s

UNSATISFIABLE
