Reading from standard input... Use '--help' for help.
============================[ Problem Statistics ]=============================
|                                                                             |
|  Number of variables:         69608                                         |
|  Number of clauses:          118081                                         |
|  Parse time:                   0.03 s                                       |
|                                                                             |
============================[ Search Statistics ]==============================
| Conflicts |          ORIGINAL         |          LEARNT          | Progress |
|           |    Vars  Clauses Literals |    Limit  Clauses Lit/Cl |          |
===============================================================================
===============================================================================
restarts              : 1
conflicts             : 9              (233 /sec)
decisions             : 41817          (0.00 % random) (1081549 /sec)
propagations          : 84557          (2186970 /sec)
conflict literals     : 16             (0.00 % deleted)
Memory used           : 14.89 MB
CPU time              : 0.038664 s

SATISFIABLE
