Reading from standard input... Use '--help' for help.
============================[ Problem Statistics ]=============================
|                                                                             |
|  Number of variables:         69608                                         |
|  Number of clauses:          118081                                         |
|  Parse time:                   0.02 s                                       |
|                                                                             |
============================[ Search Statistics ]==============================
| Conflicts |          ORIGINAL         |          LEARNT          | Progress |
|           |    Vars  Clauses Literals |    Limit  Clauses Lit/Cl |          |
===============================================================================
===============================================================================
restarts              : 1
conflicts             : 92             (3023 /sec)
decisions             : 10412          (0.00 % random) (342140 /sec)
propagations          : 126329         (4151190 /sec)
conflict literals     : 425            (13.97 % deleted)
Memory used           : 14.65 MB
CPU time              : 0.030432 s

UNSATISFIABLE
