Reading from standard input... Use '--help' for help.
============================[ Problem Statistics ]=============================
|                                                                             |
|  Number of variables:         69608                                         |
|  Number of clauses:          118081                                         |
|  Parse time:                   0.03 s                                       |
|                                                                             |
============================[ Search Statistics ]==============================
| Conflicts |          ORIGINAL         |          LEARNT          | Progress |
|           |    Vars  Clauses Literals |    Limit  Clauses Lit/Cl |          |
===============================================================================
===============================================================================
restarts              : 1
conflicts             : 6              (177 /sec)
decisions             : 1160           (0.00 % random) (34243 /sec)
propagations          : 22180          (654741 /sec)
conflict literals     : 7              (0.00 % deleted)
Memory used           : 17.32 MB
CPU time              : 0.033876 s

UNSATISFIABLE
