Reading from standard input... Use '--help' for help.
============================[ Problem Statistics ]=============================
|                                                                             |
|  Number of variables:         69608                                         |
|  Number of clauses:          118081                                         |
|  Parse time:                   0.03 s                                       |
|                                                                             |
============================[ Search Statistics ]==============================
| Conflicts |          ORIGINAL         |          LEARNT          | Progress |
|           |    Vars  Clauses Literals |    Limit  Clauses Lit/Cl |          |
===============================================================================
===============================================================================
restarts              : 1
conflicts             : 39             (1151 /sec)
decisions             : 14062          (0.00 % random) (414869 /sec)
propagations          : 46290          (1365688 /sec)
conflict literals     : 126            (0.00 % deleted)
Memory used           : 18.09 MB
CPU time              : 0.033895 s

UNSATISFIABLE
