Reading from standard input... Use '--help' for help.
============================[ Problem Statistics ]=============================
|                                                                             |
|  Number of variables:         69608                                         |
|  Number of clauses:          118081                                         |
|  Parse time:                   0.03 s                                       |
|                                                                             |
============================[ Search Statistics ]==============================
| Conflicts |          ORIGINAL         |          LEARNT          | Progress |
|           |    Vars  Clauses Literals |    Limit  Clauses Lit/Cl |          |
===============================================================================
===============================================================================
restarts              : 1
conflicts             : 5              (128 /sec)
decisions             : 40984          (0.00 % random) (1048962 /sec)
propagations          : 80179          (2052136 /sec)
conflict literals     : 7              (0.00 % deleted)
Memory used           : 16.95 MB
CPU time              : 0.039071 s

SATISFIABLE
