Reading from standard input... Use '--help' for help.
============================[ Problem Statistics ]=============================
|                                                                             |
|  Number of variables:         69608                                         |
|  Number of clauses:          118081                                         |
|  Parse time:                   0.02 s                                       |
|                                                                             |
============================[ Search Statistics ]==============================
| Conflicts |          ORIGINAL         |          LEARNT          | Progress |
|           |    Vars  Clauses Literals |    Limit  Clauses Lit/Cl |          |
===============================================================================
===============================================================================
restarts              : 1
conflicts             : 30             (881 /sec)
decisions             : 5999           (0.00 % random) (176141 /sec)
propagations          : 24828          (728992 /sec)
conflict literals     : 97             (0.00 % deleted)
Memory used           : 15.60 MB
CPU time              : 0.034058 s

UNSATISFIABLE
