Reading from standard input... Use '--help' for help.
============================[ Problem Statistics ]=============================
|                                                                             |
|  Number of variables:         69608                                         |
|  Number of clauses:          118081                                         |
|  Parse time:                   0.03 s                                       |
|                                                                             |
============================[ Search Statistics ]==============================
| Conflicts |          ORIGINAL         |          LEARNT          | Progress |
|           |    Vars  Clauses Literals |    Limit  Clauses Lit/Cl |          |
===============================================================================
===============================================================================
restarts              : 1
conflicts             : 32             (781 /sec)
decisions             : 42538          (0.00 % random) (1037538 /sec)
propagations          : 92395          (2253592 /sec)
conflict literals     : 273            (8.39 % deleted)
Memory used           : 15.86 MB
CPU time              : 0.040999 s

SATISFIABLE
