Reading from standard input... Use '--help' for help.
============================[ Problem Statistics ]=============================
|                                                                             |
|  Number of variables:         69608                                         |
|  Number of clauses:          118081                                         |
|  Parse time:                   0.03 s                                       |
|                                                                             |
============================[ Search Statistics ]==============================
| Conflicts |          ORIGINAL         |          LEARNT          | Progress |
|           |    Vars  Clauses Literals |    Limit  Clauses Lit/Cl |          |
===============================================================================
===============================================================================
restarts              : 1
conflicts             : 10             (237 /sec)
decisions             : 43372          (0.00 % random) (1027870 /sec)
propagations          : 85506          (2026401 /sec)
conflict literals     : 23             (0.00 % deleted)
Memory used           : 14.87 MB
CPU time              : 0.042196 s

SATISFIABLE
