Reading from standard input... Use '--help' for help.
============================[ Problem Statistics ]=============================
|                                                                             |
|  Number of variables:         69608                                         |
|  Number of clauses:          118081                                         |
|  Parse time:                   0.03 s                                       |
|                                                                             |
============================[ Search Statistics ]==============================
| Conflicts |          ORIGINAL         |          LEARNT          | Progress |
|           |    Vars  Clauses Literals |    Limit  Clauses Lit/Cl |          |
===============================================================================
===============================================================================
restarts              : 1
conflicts             : 12             (295 /sec)
decisions             : 43052          (0.00 % random) (1058205 /sec)
propagations          : 84905          (2086938 /sec)
conflict literals     : 27             (0.00 % deleted)
Memory used           : 17.69 MB
CPU time              : 0.040684 s

SATISFIABLE
