Reading from standard input... Use '--help' for help.
============================[ Problem Statistics ]=============================
|                                                                             |
|  Number of variables:         87638                                         |
|  Number of clauses:          161767                                         |
|  Parse time:                   0.03 s                                       |
|                                                                             |
============================[ Search Statistics ]==============================
| Conflicts |          ORIGINAL         |          LEARNT          | Progress |
|           |    Vars  Clauses Literals |    Limit  Clauses Lit/Cl |          |
===============================================================================
|       100 |   63371   108655   271550 |    39840      100      9 | 27.690 % |
|       250 |   63367   108655   271550 |    43824      249     71 | 27.695 % |
|       475 |   63325   108547   271295 |    48206      444     89 | 27.743 % |
|       812 |   63325   108463   271102 |    53027      781     78 | 27.743 % |
|      1318 |   63325   108463   271102 |    58329     1287     72 | 27.743 % |
|      2077 |   51223    72665   182239 |    64162     1702     74 | 41.552 % |
|      3216 |   51090    71707   179929 |    70579     2773     65 | 41.703 % |
|      4924 |   50849    70694   177454 |    77637     4461     57 | 41.978 % |
|      7486 |   50740    70562   177147 |    85400     7014     58 | 42.103 % |
|     11330 |   50418    68732   172902 |    93941     8934     51 | 42.470 % |
===============================================================================
restarts              : 58
conflicts             : 13019          (8682 /sec)
decisions             : 45020          (0.00 % random) (30023 /sec)
propagations          : 15486652       (10327588 /sec)
conflict literals     : 657656         (40.36 % deleted)
Memory used           : 32.23 MB
CPU time              : 1.49954 s

INDETERMINATE
