Reading from standard input... Use '--help' for help.
============================[ Problem Statistics ]=============================
|                                                                             |
|  Number of variables:         69608                                         |
|  Number of clauses:          118081                                         |
|  Parse time:                   0.03 s                                       |
|                                                                             |
============================[ Search Statistics ]==============================
| Conflicts |          ORIGINAL         |          LEARNT          | Progress |
|           |    Vars  Clauses Literals |    Limit  Clauses Lit/Cl |          |
===============================================================================
===============================================================================
restarts              : 1
conflicts             : 14             (368 /sec)
decisions             : 38051          (0.00 % random) (1000921 /sec)
propagations          : 80215          (2110033 /sec)
conflict literals     : 30             (0.00 % deleted)
Memory used           : 15.27 MB
CPU time              : 0.038016 s

SATISFIABLE
