Reading from standard input... Use '--help' for help.
============================[ Problem Statistics ]=============================
|                                                                             |
|  Number of variables:         87638                                         |
|  Number of clauses:          161767                                         |
|  Parse time:                   0.04 s                                       |
|                                                                             |
============================[ Search Statistics ]==============================
| Conflicts |          ORIGINAL         |          LEARNT          | Progress |
|           |    Vars  Clauses Literals |    Limit  Clauses Lit/Cl |          |
===============================================================================
|       100 |   62814   106919   266506 |    39203      100     26 | 28.326 % |
|       250 |   62814   106919   266506 |    43123      250     44 | 28.326 % |
|       475 |   62788   106811   266259 |    47436      466     36 | 28.355 % |
|       812 |   62787   106767   266169 |    52180      802     62 | 28.356 % |
|      1318 |   62787   106767   266169 |    57398     1308     53 | 28.356 % |
|      2077 |   62787   106767   266169 |    63137     2067     52 | 28.356 % |
|      3216 |   62787   106767   266169 |    69451     3206     66 | 28.356 % |
|      4924 |   56577    87678   219324 |    76396     4819     69 | 35.442 % |
|      7486 |   56576    87675   219318 |    84036     7380     70 | 35.444 % |
|     11330 |   56498    87293   218423 |    92440    10148     67 | 35.533 % |
===============================================================================
restarts              : 63
conflicts             : 16988          (8638 /sec)
decisions             : 55114          (0.00 % random) (28024 /sec)
propagations          : 20958841       (10656955 /sec)
conflict literals     : 1130655        (46.57 % deleted)
Memory used           : 27.91 MB
CPU time              : 1.96668 s

UNSATISFIABLE
