Reading from standard input... Use '--help' for help.
============================[ Problem Statistics ]=============================
|                                                                             |
|  Number of variables:         87638                                         |
|  Number of clauses:          161767                                         |
|  Parse time:                   0.04 s                                       |
|                                                                             |
============================[ Search Statistics ]==============================
| Conflicts |          ORIGINAL         |          LEARNT          | Progress |
|           |    Vars  Clauses Literals |    Limit  Clauses Lit/Cl |          |
===============================================================================
|       100 |   63192   108095   270345 |    39634       98     37 | 27.894 % |
|       250 |   63192   107981   270086 |    43598      248     35 | 27.894 % |
|       475 |   63192   107981   270086 |    47958      473     53 | 27.894 % |
|       812 |   49254    68693   173218 |    52753      642     44 | 43.798 % |
|      1318 |   49254    68693   173218 |    58029     1148     40 | 43.798 % |
|      2077 |   49122    68131   171829 |    63832     1904     46 | 43.949 % |
|      3216 |   48736    67043   169223 |    70215     3023     45 | 44.389 % |
|      4924 |   48272    64794   163740 |    77237     4021     42 | 44.919 % |
|      7486 |   47084    60367   153004 |    84960     5363     41 | 46.274 % |
===============================================================================
restarts              : 39
conflicts             : 9239           (7397 /sec)
decisions             : 30657          (0.00 % random) (24545 /sec)
propagations          : 13872452       (11106607 /sec)
conflict literals     : 372110         (42.84 % deleted)
Memory used           : 30.63 MB
CPU time              : 1.24903 s

UNSATISFIABLE
