Reading from standard input... Use '--help' for help.
============================[ Problem Statistics ]=============================
|                                                                             |
|  Number of variables:         69608                                         |
|  Number of clauses:          118081                                         |
|  Parse time:                   0.02 s                                       |
|                                                                             |
============================[ Search Statistics ]==============================
| Conflicts |          ORIGINAL         |          LEARNT          | Progress |
|           |    Vars  Clauses Literals |    Limit  Clauses Lit/Cl |          |
===============================================================================
===============================================================================
restarts              : 1
conflicts             : 4              (152 /sec)
decisions             : 551            (0.00 % random) (20956 /sec)
propagations          : 19531          (742821 /sec)
conflict literals     : 4              (0.00 % deleted)
Memory used           : 14.59 MB
CPU time              : 0.026293 s

UNSATISFIABLE
