Reading from standard input... Use '--help' for help.
============================[ Problem Statistics ]=============================
|                                                                             |
|  Number of variables:         87638                                         |
|  Number of clauses:          161767                                         |
|  Parse time:                   0.03 s                                       |
|                                                                             |
============================[ Search Statistics ]==============================
| Conflicts |          ORIGINAL         |          LEARNT          | Progress |
|           |    Vars  Clauses Literals |    Limit  Clauses Lit/Cl |          |
===============================================================================
|       100 |   63599   109642   274219 |    40202      100     24 | 27.430 % |
|       250 |   63599   109642   274219 |    44222      250     70 | 27.430 % |
|       475 |   63599   109642   274219 |    48644      475     93 | 27.430 % |
|       812 |   63599   109642   274219 |    53508      812     89 | 27.430 % |
|      1318 |   63599   109642   274219 |    58859     1318    100 | 27.430 % |
|      2077 |   63599   109642   274219 |    64745     2077    101 | 27.430 % |
===============================================================================
restarts              : 15
conflicts             : 3105           (6353 /sec)
decisions             : 13629          (0.00 % random) (27887 /sec)
propagations          : 4895633        (10017337 /sec)
conflict literals     : 333911         (50.93 % deleted)
Memory used           : 23.38 MB
CPU time              : 0.488716 s

UNSATISFIABLE
