Reading from standard input... Use '--help' for help.
============================[ Problem Statistics ]=============================
|                                                                             |
|  Number of variables:         69608                                         |
|  Number of clauses:          118081                                         |
|  Parse time:                   0.02 s                                       |
|                                                                             |
============================[ Search Statistics ]==============================
| Conflicts |          ORIGINAL         |          LEARNT          | Progress |
|           |    Vars  Clauses Literals |    Limit  Clauses Lit/Cl |          |
===============================================================================
===============================================================================
restarts              : 1
conflicts             : 44             (1378 /sec)
decisions             : 41347          (0.00 % random) (1294643 /sec)
propagations          : 87130          (2728184 /sec)
conflict literals     : 142            (0.00 % deleted)
Memory used           : 15.65 MB
CPU time              : 0.031937 s

SATISFIABLE
