Reading from standard input... Use '--help' for help.
============================[ Problem Statistics ]=============================
|                                                                             |
|  Number of variables:         69608                                         |
|  Number of clauses:          118081                                         |
|  Parse time:                   0.03 s                                       |
|                                                                             |
============================[ Search Statistics ]==============================
| Conflicts |          ORIGINAL         |          LEARNT          | Progress |
|           |    Vars  Clauses Literals |    Limit  Clauses Lit/Cl |          |
===============================================================================
===============================================================================
restarts              : 1
conflicts             : 22             (508 /sec)
decisions             : 35931          (0.00 % random) (829394 /sec)
propagations          : 82504          (1904437 /sec)
conflict literals     : 186            (7.92 % deleted)
Memory used           : 16.65 MB
CPU time              : 0.043322 s

SATISFIABLE
