Reading from standard input... Use '--help' for help.
============================[ Problem Statistics ]=============================
|                                                                             |
|  Number of variables:         69608                                         |
|  Number of clauses:          118081                                         |
|  Parse time:                   0.03 s                                       |
|                                                                             |
============================[ Search Statistics ]==============================
| Conflicts |          ORIGINAL         |          LEARNT          | Progress |
|           |    Vars  Clauses Literals |    Limit  Clauses Lit/Cl |          |
===============================================================================
|       100 |   51873    80994   200386 |    29697       87      6 | 25.478 % |
===============================================================================
restarts              : 2
conflicts             : 104            (2248 /sec)
decisions             : 4524           (0.00 % random) (97804 /sec)
propagations          : 152868         (3304825 /sec)
conflict literals     : 500            (25.82 % deleted)
Memory used           : 15.95 MB
CPU time              : 0.046256 s

UNSATISFIABLE
