Reading from standard input... Use '--help' for help.
============================[ Problem Statistics ]=============================
|                                                                             |
|  Number of variables:         87638                                         |
|  Number of clauses:          161767                                         |
|  Parse time:                   0.04 s                                       |
|                                                                             |
============================[ Search Statistics ]==============================
| Conflicts |          ORIGINAL         |          LEARNT          | Progress |
|           |    Vars  Clauses Literals |    Limit  Clauses Lit/Cl |          |
===============================================================================
|       100 |   63862   110520   276203 |    40524       99     66 | 27.130 % |
|       250 |   53615   110520   276203 |    44576      248     46 | 38.822 % |
|       475 |   53615    80370   201780 |    49034      467     50 | 38.822 % |
|       812 |   53613    80364   201768 |    53937      802     43 | 38.824 % |
|      1318 |   53525    80268   201548 |    59331     1306     88 | 38.925 % |
|      2077 |   53216    78997   198447 |    65264     2053     76 | 39.277 % |
|      3216 |   53185    78678   197713 |    71790     3187     88 | 39.313 % |
|      4924 |   52977    77836   195720 |    78969     4814     81 | 39.550 % |
|      7486 |   52782    77176   194064 |    86866     7367     80 | 39.773 % |
|     11330 |   52056    75412   189726 |    95553    11036     74 | 40.601 % |
|     17096 |   51748    73234   184362 |   105108    16406     70 | 40.953 % |
|     25745 |   51518    72274   182087 |   115619    23625     66 | 41.215 % |
===============================================================================
restarts              : 104
conflicts             : 28894          (7454 /sec)
decisions             : 88544          (0.00 % random) (22843 /sec)
propagations          : 40285564       (10393056 /sec)
conflict literals     : 1856106        (47.00 % deleted)
Memory used           : 41.04 MB
CPU time              : 3.8762 s

UNSATISFIABLE
