Reading from standard input... Use '--help' for help.
============================[ Problem Statistics ]=============================
|                                                                             |
|  Number of variables:         69608                                         |
|  Number of clauses:          118081                                         |
|  Parse time:                   0.03 s                                       |
|                                                                             |
============================[ Search Statistics ]==============================
| Conflicts |          ORIGINAL         |          LEARNT          | Progress |
|           |    Vars  Clauses Literals |    Limit  Clauses Lit/Cl |          |
===============================================================================
===============================================================================
restarts              : 1
conflicts             : 37             (995 /sec)
decisions             : 38130          (0.00 % random) (1025331 /sec)
propagations          : 92111          (2476901 /sec)
conflict literals     : 321            (0.31 % deleted)
Memory used           : 17.73 MB
CPU time              : 0.037188 s

SATISFIABLE
