Reading from standard input... Use '--help' for help.
============================[ Problem Statistics ]=============================
|                                                                             |
|  Number of variables:         87638                                         |
|  Number of clauses:          161767                                         |
|  Parse time:                   0.03 s                                       |
|                                                                             |
============================[ Search Statistics ]==============================
| Conflicts |          ORIGINAL         |          LEARNT          | Progress |
|           |    Vars  Clauses Literals |    Limit  Clauses Lit/Cl |          |
===============================================================================
|       100 |   63172   108097   270024 |    39635      100      9 | 27.917 % |
|       250 |   63172   108097   270024 |    43599      250     43 | 27.917 % |
|       475 |   63172   108097   270024 |    47959      475     54 | 27.917 % |
|       812 |   63172   108097   270024 |    52754      812     51 | 27.917 % |
|      1318 |   63148   107997   269795 |    58030     1317     54 | 27.944 % |
|      2077 |   63147   107953   269705 |    63833     2075     66 | 27.946 % |
|      3216 |   63147   107953   269705 |    70216     3214     67 | 27.946 % |
|      4924 |   63110   107885   269544 |    77238     4920     68 | 27.988 % |
|      7486 |   63047   107543   268753 |    84962     7479     76 | 28.060 % |
|     11330 |   62971   107469   268582 |    93458    11321     88 | 28.146 % |
===============================================================================
restarts              : 52
conflicts             : 11946          (7145 /sec)
decisions             : 58616          (0.00 % random) (35058 /sec)
propagations          : 17080134       (10215636 /sec)
conflict literals     : 1050956        (42.11 % deleted)
Memory used           : 27.74 MB
CPU time              : 1.67196 s

INDETERMINATE
