Reading from standard input... Use '--help' for help.
============================[ Problem Statistics ]=============================
|                                                                             |
|  Number of variables:         69608                                         |
|  Number of clauses:          118081                                         |
|  Parse time:                   0.02 s                                       |
|                                                                             |
============================[ Search Statistics ]==============================
| Conflicts |          ORIGINAL         |          LEARNT          | Progress |
|           |    Vars  Clauses Literals |    Limit  Clauses Lit/Cl |          |
===============================================================================
===============================================================================
restarts              : 1
conflicts             : 8              (208 /sec)
decisions             : 37923          (0.00 % random) (983837 /sec)
propagations          : 76124          (1974887 /sec)
conflict literals     : 17             (0.00 % deleted)
Memory used           : 15.27 MB
CPU time              : 0.038546 s

SATISFIABLE
