Reading from standard input... Use '--help' for help.
============================[ Problem Statistics ]=============================
|                                                                             |
|  Number of variables:         69608                                         |
|  Number of clauses:          118081                                         |
|  Parse time:                   0.02 s                                       |
|                                                                             |
============================[ Search Statistics ]==============================
| Conflicts |          ORIGINAL         |          LEARNT          | Progress |
|           |    Vars  Clauses Literals |    Limit  Clauses Lit/Cl |          |
===============================================================================
===============================================================================
restarts              : 1
conflicts             : 8              (227 /sec)
decisions             : 34113          (0.00 % random) (967607 /sec)
propagations          : 69630          (1975039 /sec)
conflict literals     : 28             (0.00 % deleted)
Memory used           : 17.02 MB
CPU time              : 0.035255 s

SATISFIABLE
