Reading from standard input... Use '--help' for help.
============================[ Problem Statistics ]=============================
|                                                                             |
|  Number of variables:         69608                                         |
|  Number of clauses:          118081                                         |
|  Parse time:                   0.02 s                                       |
|                                                                             |
============================[ Search Statistics ]==============================
| Conflicts |          ORIGINAL         |          LEARNT          | Progress |
|           |    Vars  Clauses Literals |    Limit  Clauses Lit/Cl |          |
===============================================================================
===============================================================================
restarts              : 1
conflicts             : 21             (610 /sec)
decisions             : 2441           (0.00 % random) (70906 /sec)
propagations          : 19694          (572068 /sec)
conflict literals     : 65             (0.00 % deleted)
Memory used           : 15.41 MB
CPU time              : 0.034426 s

UNSATISFIABLE
