Reading from standard input... Use '--help' for help.
============================[ Problem Statistics ]=============================
|                                                                             |
|  Number of variables:         87638                                         |
|  Number of clauses:          161767                                         |
|  Parse time:                   0.03 s                                       |
|                                                                             |
============================[ Search Statistics ]==============================
| Conflicts |          ORIGINAL         |          LEARNT          | Progress |
|           |    Vars  Clauses Literals |    Limit  Clauses Lit/Cl |          |
===============================================================================
|       100 |   62850   107124   267048 |    39278      100      6 | 28.285 % |
|       250 |   62850   107124   267048 |    43206      250     31 | 28.285 % |
|       475 |   62850   107124   267048 |    47527      475     97 | 28.285 % |
|       812 |   62849   107080   266958 |    52280      811    104 | 28.286 % |
|      1318 |   62849   107080   266958 |    57508     1317     93 | 28.286 % |
|      2077 |   62849   107080   266958 |    63258     2076    100 | 28.286 % |
|      3216 |   62849   107080   266958 |    69584     3215    107 | 28.286 % |
|      4924 |   62749   106707   265994 |    76543     4887     92 | 28.400 % |
|      7486 |   62749   106707   265994 |    84197     7449    111 | 28.400 % |
|     11330 |   62749   106707   265994 |    92617    11293    104 | 28.400 % |
|     17096 |   62749   106707   265994 |   101879    17059    100 | 28.400 % |
===============================================================================
restarts              : 72
conflicts             : 20609          (9805 /sec)
decisions             : 67038          (0.00 % random) (31895 /sec)
propagations          : 24826777       (11811858 /sec)
conflict literals     : 1926231        (51.16 % deleted)
Memory used           : 35.59 MB
CPU time              : 2.10185 s

UNSATISFIABLE
