Reading from standard input... Use '--help' for help.
============================[ Problem Statistics ]=============================
|                                                                             |
|  Number of variables:         69608                                         |
|  Number of clauses:          118081                                         |
|  Parse time:                   0.02 s                                       |
|                                                                             |
============================[ Search Statistics ]==============================
| Conflicts |          ORIGINAL         |          LEARNT          | Progress |
|           |    Vars  Clauses Literals |    Limit  Clauses Lit/Cl |          |
===============================================================================
===============================================================================
restarts              : 1
conflicts             : 4              (133 /sec)
decisions             : 40334          (0.00 % random) (1337201 /sec)
propagations          : 83256          (2760203 /sec)
conflict literals     : 5              (0.00 % deleted)
Memory used           : 13.58 MB
CPU time              : 0.030163 s

SATISFIABLE
