Reading from standard input... Use '--help' for help.
============================[ Problem Statistics ]=============================
|                                                                             |
|  Number of variables:         87638                                         |
|  Number of clauses:          161767                                         |
|  Parse time:                   0.03 s                                       |
|                                                                             |
============================[ Search Statistics ]==============================
| Conflicts |          ORIGINAL         |          LEARNT          | Progress |
|           |    Vars  Clauses Literals |    Limit  Clauses Lit/Cl |          |
===============================================================================
|       100 |   63367   108574   271509 |    39810      100     16 | 27.695 % |
|       250 |   51335    74194   186679 |    43791      243     32 | 41.424 % |
|       475 |   51124    74150   186589 |    48170      465     30 | 41.665 % |
|       812 |   51024    72928   183699 |    52987      783     37 | 41.779 % |
|      1318 |   50796    72040   181472 |    58286     1248     54 | 42.039 % |
|      2077 |   49430    67650   170054 |    64115     1876     51 | 43.598 % |
|      3216 |   49278    67007   168550 |    70526     3001     47 | 43.771 % |
|      4924 |   48983    65787   165649 |    77579     4689     43 | 44.108 % |
|      7486 |   48685    64962   163725 |    85337     7182     44 | 44.448 % |
|     11330 |   48345    63171   159483 |    93870    10122     41 | 44.836 % |
===============================================================================
restarts              : 52
conflicts             : 11986          (12312 /sec)
decisions             : 38080          (0.00 % random) (39116 /sec)
propagations          : 14752068       (15153499 /sec)
conflict literals     : 462942         (40.57 % deleted)
Memory used           : 17.52 MB
CPU time              : 0.973509 s

UNSATISFIABLE
