Reading from standard input... Use '--help' for help.
============================[ Problem Statistics ]=============================
|                                                                             |
|  Number of variables:         87638                                         |
|  Number of clauses:          161767                                         |
|  Parse time:                   0.03 s                                       |
|                                                                             |
============================[ Search Statistics ]==============================
| Conflicts |          ORIGINAL         |          LEARNT          | Progress |
|           |    Vars  Clauses Literals |    Limit  Clauses Lit/Cl |          |
===============================================================================
|       100 |   63382   108679   271607 |    39848      100     12 | 27.677 % |
|       250 |   63382   108679   271607 |    43833      250     38 | 27.678 % |
|       475 |   63382   108679   271607 |    48217      475     58 | 27.678 % |
|       812 |   63381   108635   271517 |    53038      811     66 | 27.679 % |
|      1318 |   63357   108535   271288 |    58342     1316     60 | 27.706 % |
|      2077 |   63357   108535   271288 |    64177     2075     58 | 27.706 % |
|      3216 |   63357   108535   271288 |    70594     3214     68 | 27.706 % |
|      4924 |   63357   108535   271288 |    77654     4922     79 | 27.706 % |
|      7486 |   63357   108535   271288 |    85419     7484     85 | 27.706 % |
|     11330 |   63339   108461   271117 |    93961    11327     82 | 27.727 % |
|     17096 |   63310   108343   270843 |   103357    17089     91 | 27.760 % |
===============================================================================
restarts              : 78
conflicts             : 22363          (7596 /sec)
decisions             : 68216          (0.00 % random) (23171 /sec)
propagations          : 34105421       (11584596 /sec)
conflict literals     : 1984306        (56.18 % deleted)
Memory used           : 27.50 MB
CPU time              : 2.94403 s

UNSATISFIABLE
