Reading from standard input... Use '--help' for help.
============================[ Problem Statistics ]=============================
|                                                                             |
|  Number of variables:         69608                                         |
|  Number of clauses:          118081                                         |
|  Parse time:                   0.02 s                                       |
|                                                                             |
============================[ Search Statistics ]==============================
| Conflicts |          ORIGINAL         |          LEARNT          | Progress |
|           |    Vars  Clauses Literals |    Limit  Clauses Lit/Cl |          |
===============================================================================
===============================================================================
restarts              : 1
conflicts             : 33             (837 /sec)
decisions             : 37138          (0.00 % random) (941776 /sec)
propagations          : 90027          (2282979 /sec)
conflict literals     : 252            (10.00 % deleted)
Memory used           : 17.05 MB
CPU time              : 0.039434 s

SATISFIABLE
