Reading from standard input... Use '--help' for help.
============================[ Problem Statistics ]=============================
|                                                                             |
|  Number of variables:         69608                                         |
|  Number of clauses:          118081                                         |
|  Parse time:                   0.02 s                                       |
|                                                                             |
============================[ Search Statistics ]==============================
| Conflicts |          ORIGINAL         |          LEARNT          | Progress |
|           |    Vars  Clauses Literals |    Limit  Clauses Lit/Cl |          |
===============================================================================
===============================================================================
restarts              : 1
conflicts             : 31             (1017 /sec)
decisions             : 35098          (0.00 % random) (1150943 /sec)
propagations          : 84839          (2782063 /sec)
conflict literals     : 267            (8.87 % deleted)
Memory used           : 14.23 MB
CPU time              : 0.030495 s

SATISFIABLE
