Reading from standard input... Use '--help' for help.
============================[ Problem Statistics ]=============================
|                                                                             |
|  Number of variables:         69608                                         |
|  Number of clauses:          118081                                         |
|  Parse time:                   0.02 s                                       |
|                                                                             |
============================[ Search Statistics ]==============================
| Conflicts |          ORIGINAL         |          LEARNT          | Progress |
|           |    Vars  Clauses Literals |    Limit  Clauses Lit/Cl |          |
===============================================================================
===============================================================================
restarts              : 1
conflicts             : 35             (1103 /sec)
decisions             : 64363          (0.00 % random) (2028139 /sec)
propagations          : 112098         (3532314 /sec)
conflict literals     : 102            (1.92 % deleted)
Memory used           : 14.41 MB
CPU time              : 0.031735 s

SATISFIABLE
