Reading from standard input... Use '--help' for help.
============================[ Problem Statistics ]=============================
|                                                                             |
|  Number of variables:         69608                                         |
|  Number of clauses:          118081                                         |
|  Parse time:                   0.02 s                                       |
|                                                                             |
============================[ Search Statistics ]==============================
| Conflicts |          ORIGINAL         |          LEARNT          | Progress |
|           |    Vars  Clauses Literals |    Limit  Clauses Lit/Cl |          |
===============================================================================
===============================================================================
restarts              : 1
conflicts             : 27             (686 /sec)
decisions             : 49011          (0.00 % random) (1245768 /sec)
propagations          : 135342         (3440140 /sec)
conflict literals     : 234            (11.70 % deleted)
Memory used           : 17.81 MB
CPU time              : 0.039342 s

SATISFIABLE
