Reading from standard input... Use '--help' for help.
============================[ Problem Statistics ]=============================
|                                                                             |
|  Number of variables:         69608                                         |
|  Number of clauses:          118081                                         |
|  Parse time:                   0.04 s                                       |
|                                                                             |
============================[ Search Statistics ]==============================
| Conflicts |          ORIGINAL         |          LEARNT          | Progress |
|           |    Vars  Clauses Literals |    Limit  Clauses Lit/Cl |          |
===============================================================================
===============================================================================
restarts              : 1
conflicts             : 43             (947 /sec)
decisions             : 34440          (0.00 % random) (758874 /sec)
propagations          : 70689          (1557610 /sec)
conflict literals     : 154            (0.00 % deleted)
Memory used           : 14.86 MB
CPU time              : 0.045383 s

SATISFIABLE
