Reading from standard input... Use '--help' for help.
============================[ Problem Statistics ]=============================
|                                                                             |
|  Number of variables:         69608                                         |
|  Number of clauses:          118081                                         |
|  Parse time:                   0.02 s                                       |
|                                                                             |
============================[ Search Statistics ]==============================
| Conflicts |          ORIGINAL         |          LEARNT          | Progress |
|           |    Vars  Clauses Literals |    Limit  Clauses Lit/Cl |          |
===============================================================================
|       100 |   57548    83940   207817 |    30778       96     13 | 17.326 % |
|       250 |   57117    83074   205605 |    33855      239     15 | 17.945 % |
===============================================================================
restarts              : 4
conflicts             : 446            (6974 /sec)
decisions             : 6086           (0.00 % random) (95170 /sec)
propagations          : 688115         (10760372 /sec)
conflict literals     : 5668           (26.68 % deleted)
Memory used           : 18.96 MB
CPU time              : 0.063949 s

UNSATISFIABLE
