Reading from standard input... Use '--help' for help.
============================[ Problem Statistics ]=============================
|                                                                             |
|  Number of variables:         69608                                         |
|  Number of clauses:          118081                                         |
|  Parse time:                   0.02 s                                       |
|                                                                             |
============================[ Search Statistics ]==============================
| Conflicts |          ORIGINAL         |          LEARNT          | Progress |
|           |    Vars  Clauses Literals |    Limit  Clauses Lit/Cl |          |
===============================================================================
===============================================================================
restarts              : 1
conflicts             : 15             (601 /sec)
decisions             : 5605           (0.00 % random) (224496 /sec)
propagations          : 29041          (1163175 /sec)
conflict literals     : 31             (0.00 % deleted)
Memory used           : 14.47 MB
CPU time              : 0.024967 s

UNSATISFIABLE
