Reading from standard input... Use '--help' for help.
============================[ Problem Statistics ]=============================
|                                                                             |
|  Number of variables:         69608                                         |
|  Number of clauses:          118081                                         |
|  Parse time:                   0.02 s                                       |
|                                                                             |
============================[ Search Statistics ]==============================
| Conflicts |          ORIGINAL         |          LEARNT          | Progress |
|           |    Vars  Clauses Literals |    Limit  Clauses Lit/Cl |          |
===============================================================================
===============================================================================
restarts              : 1
conflicts             : 6              (180 /sec)
decisions             : 41091          (0.00 % random) (1233038 /sec)
propagations          : 85093          (2553428 /sec)
conflict literals     : 12             (0.00 % deleted)
Memory used           : 19.29 MB
CPU time              : 0.033325 s

SATISFIABLE
