Reading from standard input... Use '--help' for help.
============================[ Problem Statistics ]=============================
|                                                                             |
|  Number of variables:         69608                                         |
|  Number of clauses:          118081                                         |
|  Parse time:                   0.02 s                                       |
|                                                                             |
============================[ Search Statistics ]==============================
| Conflicts |          ORIGINAL         |          LEARNT          | Progress |
|           |    Vars  Clauses Literals |    Limit  Clauses Lit/Cl |          |
===============================================================================
===============================================================================
restarts              : 1
conflicts             : 25             (1003 /sec)
decisions             : 5696           (0.00 % random) (228581 /sec)
propagations          : 25092          (1006942 /sec)
conflict literals     : 73             (0.00 % deleted)
Memory used           : 14.64 MB
CPU time              : 0.024919 s

UNSATISFIABLE
