Reading from standard input... Use '--help' for help.
============================[ Problem Statistics ]=============================
|                                                                             |
|  Number of variables:         87638                                         |
|  Number of clauses:          161767                                         |
|  Parse time:                   0.04 s                                       |
|                                                                             |
============================[ Search Statistics ]==============================
| Conflicts |          ORIGINAL         |          LEARNT          | Progress |
|           |    Vars  Clauses Literals |    Limit  Clauses Lit/Cl |          |
===============================================================================
|       100 |   62705   106240   265707 |    38954      100     43 | 28.450 % |
|       250 |   62705   106240   265707 |    42850      250     92 | 28.450 % |
|       475 |   62642   106009   265095 |    47135      429     78 | 28.522 % |
|       812 |   62623   105891   264834 |    51848      598     69 | 28.544 % |
|      1318 |   62623   105891   264834 |    57033     1104     75 | 28.544 % |
|      2077 |   43751    50523   128876 |    62736     1844     91 | 50.078 % |
|      3216 |   43718    50396   128565 |    69010     2962     68 | 50.115 % |
===============================================================================
restarts              : 17
conflicts             : 3373           (7048 /sec)
decisions             : 11106          (0.00 % random) (23207 /sec)
propagations          : 5822911        (12167440 /sec)
conflict literals     : 221947         (40.20 % deleted)
Memory used           : 24.81 MB
CPU time              : 0.478565 s

UNSATISFIABLE
