Reading from standard input... Use '--help' for help.
============================[ Problem Statistics ]=============================
|                                                                             |
|  Number of variables:         69608                                         |
|  Number of clauses:          118081                                         |
|  Parse time:                   0.02 s                                       |
|                                                                             |
============================[ Search Statistics ]==============================
| Conflicts |          ORIGINAL         |          LEARNT          | Progress |
|           |    Vars  Clauses Literals |    Limit  Clauses Lit/Cl |          |
===============================================================================
===============================================================================
restarts              : 1
conflicts             : 38             (1252 /sec)
decisions             : 2547           (0.00 % random) (83891 /sec)
propagations          : 74496          (2453674 /sec)
conflict literals     : 197            (17.57 % deleted)
Memory used           : 14.26 MB
CPU time              : 0.030361 s

UNSATISFIABLE
