Reading from standard input... Use '--help' for help.
============================[ Problem Statistics ]=============================
|                                                                             |
|  Number of variables:         69608                                         |
|  Number of clauses:          118081                                         |
|  Parse time:                   0.02 s                                       |
|                                                                             |
============================[ Search Statistics ]==============================
| Conflicts |          ORIGINAL         |          LEARNT          | Progress |
|           |    Vars  Clauses Literals |    Limit  Clauses Lit/Cl |          |
===============================================================================
===============================================================================
restarts              : 1
conflicts             : 29             (1098 /sec)
decisions             : 11535          (0.00 % random) (436833 /sec)
propagations          : 43525          (1648300 /sec)
conflict literals     : 93             (0.00 % deleted)
Memory used           : 14.23 MB
CPU time              : 0.026406 s

UNSATISFIABLE
