Reading from standard input... Use '--help' for help.
============================[ Problem Statistics ]=============================
|                                                                             |
|  Number of variables:         87638                                         |
|  Number of clauses:          161767                                         |
|  Parse time:                   0.05 s                                       |
|                                                                             |
============================[ Search Statistics ]==============================
| Conflicts |          ORIGINAL         |          LEARNT          | Progress |
|           |    Vars  Clauses Literals |    Limit  Clauses Lit/Cl |          |
===============================================================================
|       100 |   64341   112311   280551 |    41180      100     21 | 26.583 % |
|       250 |   64336   112295   280507 |    45298      230     26 | 26.589 % |
|       475 |   64336   112251   280417 |    49828      454     31 | 26.589 % |
|       812 |   64336   112251   280417 |    54811      791     36 | 26.589 % |
|      1318 |   64336   112251   280417 |    60292     1297     40 | 26.589 % |
|      2077 |   54132    82043   206045 |    66321     2040     42 | 38.232 % |
|      3216 |   54132    82043   206045 |    72954     3179     69 | 38.232 % |
|      4924 |   54047    81785   205454 |    80249     4878     67 | 38.329 % |
|      7486 |   53169    78477   197429 |    88274     7218     64 | 39.331 % |
|     11330 |   52976    77749   195648 |    97101    10413     66 | 39.551 % |
|     17096 |   52785    77194   194335 |   106812    16149     74 | 39.769 % |
|     25745 |   52582    76088   191760 |   117493    21345     69 | 40.001 % |
===============================================================================
restarts              : 123
conflicts             : 32779          (6694 /sec)
decisions             : 92838          (0.00 % random) (18960 /sec)
propagations          : 51657287       (10549811 /sec)
conflict literals     : 2147605        (48.89 % deleted)
Memory used           : 44.42 MB
CPU time              : 4.89651 s

INDETERMINATE
