Reading from standard input... Use '--help' for help.
============================[ Problem Statistics ]=============================
|                                                                             |
|  Number of variables:         87638                                         |
|  Number of clauses:          161767                                         |
|  Parse time:                   0.04 s                                       |
|                                                                             |
============================[ Search Statistics ]==============================
| Conflicts |          ORIGINAL         |          LEARNT          | Progress |
|           |    Vars  Clauses Literals |    Limit  Clauses Lit/Cl |          |
===============================================================================
|       100 |   63370   108655   271601 |    39840      100     34 | 27.691 % |
|       250 |   63322   108455   271143 |    43824      248     31 | 27.746 % |
|       475 |   63322   108455   271143 |    48206      473     62 | 27.746 % |
|       812 |   63322   108455   271143 |    53027      810     66 | 27.746 % |
|      1318 |   63322   108455   271143 |    58329     1316     64 | 27.746 % |
|      2077 |   52161    75532   189797 |    64162     1976     61 | 40.481 % |
|      3216 |   52097    75263   189152 |    70579     3109     56 | 40.554 % |
|      4924 |   51605    73651   184690 |    77637     4686     54 | 41.116 % |
|      7486 |   51273    72839   182770 |    85400     7228     57 | 41.495 % |
|     11330 |   50964    70858   178062 |    93941    10519     53 | 41.847 % |
===============================================================================
restarts              : 61
conflicts             : 14444          (7765 /sec)
decisions             : 50232          (0.00 % random) (27005 /sec)
propagations          : 18282123       (9828660 /sec)
conflict literals     : 734642         (44.97 % deleted)
Memory used           : 27.82 MB
CPU time              : 1.86008 s

UNSATISFIABLE
