Reading from standard input... Use '--help' for help.
============================[ Problem Statistics ]=============================
|                                                                             |
|  Number of variables:         87638                                         |
|  Number of clauses:          161767                                         |
|  Parse time:                   0.04 s                                       |
|                                                                             |
============================[ Search Statistics ]==============================
| Conflicts |          ORIGINAL         |          LEARNT          | Progress |
|           |    Vars  Clauses Literals |    Limit  Clauses Lit/Cl |          |
===============================================================================
|       100 |   63189   108078   270258 |    39628      100      7 | 27.898 % |
|       250 |   63189   108078   270258 |    43591      250     38 | 27.898 % |
|       475 |   63189   108078   270258 |    47950      475     68 | 27.898 % |
|       812 |   63189   108078   270258 |    52745      812     75 | 27.898 % |
|      1318 |   63189   108078   270258 |    58020     1318     75 | 27.898 % |
|      2077 |   63188   108034   270168 |    63822     2071    101 | 27.899 % |
|      3216 |   63188   108034   270168 |    70204     3210     91 | 27.899 % |
|      4924 |   63188   108034   270168 |    77224     4918     86 | 27.899 % |
|      7486 |   63162   107891   269856 |    84947     7177     94 | 27.929 % |
|     11330 |   47451    61396   155507 |    93442    10248     79 | 45.856 % |
===============================================================================
restarts              : 49
conflicts             : 11467          (6092 /sec)
decisions             : 38001          (0.00 % random) (20188 /sec)
propagations          : 18727514       (9949208 /sec)
conflict literals     : 890397         (57.87 % deleted)
Memory used           : 27.19 MB
CPU time              : 1.88231 s

UNSATISFIABLE
