Reading from standard input... Use '--help' for help.
============================[ Problem Statistics ]=============================
|                                                                             |
|  Number of variables:         69608                                         |
|  Number of clauses:          118081                                         |
|  Parse time:                   0.03 s                                       |
|                                                                             |
============================[ Search Statistics ]==============================
| Conflicts |          ORIGINAL         |          LEARNT          | Progress |
|           |    Vars  Clauses Literals |    Limit  Clauses Lit/Cl |          |
===============================================================================
===============================================================================
restarts              : 1
conflicts             : 8              (216 /sec)
decisions             : 37498          (0.00 % random) (1013076 /sec)
propagations          : 76162          (2057654 /sec)
conflict literals     : 17             (0.00 % deleted)
Memory used           : 16.94 MB
CPU time              : 0.037014 s

SATISFIABLE
