Reading from standard input... Use '--help' for help.
============================[ Problem Statistics ]=============================
|                                                                             |
|  Number of variables:         69608                                         |
|  Number of clauses:          118081                                         |
|  Parse time:                   0.03 s                                       |
|                                                                             |
============================[ Search Statistics ]==============================
| Conflicts |          ORIGINAL         |          LEARNT          | Progress |
|           |    Vars  Clauses Literals |    Limit  Clauses Lit/Cl |          |
===============================================================================
===============================================================================
restarts              : 1
conflicts             : 41             (957 /sec)
decisions             : 39277          (0.00 % random) (916381 /sec)
propagations          : 92011          (2146730 /sec)
conflict literals     : 278            (10.90 % deleted)
Memory used           : 15.96 MB
CPU time              : 0.042861 s

SATISFIABLE
