Reading from standard input... Use '--help' for help.
============================[ Problem Statistics ]=============================
|                                                                             |
|  Number of variables:         69608                                         |
|  Number of clauses:          118081                                         |
|  Parse time:                   0.02 s                                       |
|                                                                             |
============================[ Search Statistics ]==============================
| Conflicts |          ORIGINAL         |          LEARNT          | Progress |
|           |    Vars  Clauses Literals |    Limit  Clauses Lit/Cl |          |
===============================================================================
===============================================================================
restarts              : 1
conflicts             : 7              (179 /sec)
decisions             : 39339          (0.00 % random) (1003418 /sec)
propagations          : 78221          (1995179 /sec)
conflict literals     : 11             (0.00 % deleted)
Memory used           : 15.49 MB
CPU time              : 0.039205 s

SATISFIABLE
