Reading from standard input... Use '--help' for help.
============================[ Problem Statistics ]=============================
|                                                                             |
|  Number of variables:         69608                                         |
|  Number of clauses:          118081                                         |
|  Parse time:                   0.03 s                                       |
|                                                                             |
============================[ Search Statistics ]==============================
| Conflicts |          ORIGINAL         |          LEARNT          | Progress |
|           |    Vars  Clauses Literals |    Limit  Clauses Lit/Cl |          |
===============================================================================
===============================================================================
restarts              : 1
conflicts             : 12             (344 /sec)
decisions             : 1404           (0.00 % random) (40219 /sec)
propagations          : 34027          (974734 /sec)
conflict literals     : 17             (10.53 % deleted)
Memory used           : 16.71 MB
CPU time              : 0.034909 s

UNSATISFIABLE
