Reading from standard input... Use '--help' for help.
============================[ Problem Statistics ]=============================
|                                                                             |
|  Number of variables:         87638                                         |
|  Number of clauses:          161767                                         |
|  Parse time:                   0.03 s                                       |
|                                                                             |
============================[ Search Statistics ]==============================
| Conflicts |          ORIGINAL         |          LEARNT          | Progress |
|           |    Vars  Clauses Literals |    Limit  Clauses Lit/Cl |          |
===============================================================================
|       100 |   66097   118691   295819 |    43520      100     10 | 24.580 % |
|       250 |   60837   101619   253436 |    47872      243     45 | 30.581 % |
|       475 |   60837   101619   253436 |    52659      468     40 | 30.581 % |
|       812 |   60835   101609   253412 |    57925      803     44 | 30.584 % |
|      1318 |   60633   101085   252220 |    63717     1292     46 | 30.814 % |
|      2077 |   59228    95964   239971 |    70089     1716     48 | 32.417 % |
|      3216 |   58212    92496   230719 |    77098     2623     71 | 33.577 % |
|      4924 |   58158    92252   230131 |    84808     4326     60 | 33.638 % |
|      7486 |   57996    91564   228508 |    93289     6856     64 | 33.823 % |
|     11330 |   57980    91497   228349 |   102617    10694     64 | 33.841 % |
===============================================================================
restarts              : 62
conflicts             : 15060          (8691 /sec)
decisions             : 56616          (0.00 % random) (32673 /sec)
propagations          : 17792896       (10268262 /sec)
conflict literals     : 988912         (42.50 % deleted)
Memory used           : 31.98 MB
CPU time              : 1.7328 s

INDETERMINATE
