Reading from standard input... Use '--help' for help.
============================[ Problem Statistics ]=============================
|                                                                             |
|  Number of variables:         69608                                         |
|  Number of clauses:          118081                                         |
|  Parse time:                   0.03 s                                       |
|                                                                             |
============================[ Search Statistics ]==============================
| Conflicts |          ORIGINAL         |          LEARNT          | Progress |
|           |    Vars  Clauses Literals |    Limit  Clauses Lit/Cl |          |
===============================================================================
===============================================================================
restarts              : 1
conflicts             : 39             (972 /sec)
decisions             : 40529          (0.00 % random) (1009918 /sec)
propagations          : 97863          (2438589 /sec)
conflict literals     : 397            (8.10 % deleted)
Memory used           : 18.35 MB
CPU time              : 0.040131 s

SATISFIABLE
