Reading from standard input... Use '--help' for help.
============================[ Problem Statistics ]=============================
|                                                                             |
|  Number of variables:         69608                                         |
|  Number of clauses:          118081                                         |
|  Parse time:                   0.02 s                                       |
|                                                                             |
============================[ Search Statistics ]==============================
| Conflicts |          ORIGINAL         |          LEARNT          | Progress |
|           |    Vars  Clauses Literals |    Limit  Clauses Lit/Cl |          |
===============================================================================
===============================================================================
restarts              : 1
conflicts             : 9              (291 /sec)
decisions             : 6329           (0.00 % random) (204313 /sec)
propagations          : 28833          (930787 /sec)
conflict literals     : 15             (0.00 % deleted)
Memory used           : 14.95 MB
CPU time              : 0.030977 s

UNSATISFIABLE
