Reading from standard input... Use '--help' for help.
============================[ Problem Statistics ]=============================
|                                                                             |
|  Number of variables:         69608                                         |
|  Number of clauses:          118081                                         |
|  Parse time:                   0.03 s                                       |
|                                                                             |
============================[ Search Statistics ]==============================
| Conflicts |          ORIGINAL         |          LEARNT          | Progress |
|           |    Vars  Clauses Literals |    Limit  Clauses Lit/Cl |          |
===============================================================================
===============================================================================
restarts              : 1
conflicts             : 36             (987 /sec)
decisions             : 11041          (0.00 % random) (302767 /sec)
propagations          : 42723          (1171552 /sec)
conflict literals     : 105            (2.78 % deleted)
Memory used           : 15.63 MB
CPU time              : 0.036467 s

UNSATISFIABLE
