Reading from standard input... Use '--help' for help.
============================[ Problem Statistics ]=============================
|                                                                             |
|  Number of variables:         69608                                         |
|  Number of clauses:          118081                                         |
|  Parse time:                   0.03 s                                       |
|                                                                             |
============================[ Search Statistics ]==============================
| Conflicts |          ORIGINAL         |          LEARNT          | Progress |
|           |    Vars  Clauses Literals |    Limit  Clauses Lit/Cl |          |
===============================================================================
===============================================================================
restarts              : 1
conflicts             : 15             (387 /sec)
decisions             : 42421          (0.00 % random) (1094368 /sec)
propagations          : 83152          (2145138 /sec)
conflict literals     : 26             (0.00 % deleted)
Memory used           : 15.19 MB
CPU time              : 0.038763 s

SATISFIABLE
