Reading from standard input... Use '--help' for help.
============================[ Problem Statistics ]=============================
|                                                                             |
|  Number of variables:         87638                                         |
|  Number of clauses:          161767                                         |
|  Parse time:                   0.03 s                                       |
|                                                                             |
============================[ Search Statistics ]==============================
| Conflicts |          ORIGINAL         |          LEARNT          | Progress |
|           |    Vars  Clauses Literals |    Limit  Clauses Lit/Cl |          |
===============================================================================
|       100 |   65864   117871   293652 |    43219      100     13 | 24.845 % |
|       250 |   60528   100441   250788 |    47541      235     76 | 30.934 % |
|       475 |   60527   100441   250788 |    52295      459    101 | 30.935 % |
|       812 |   60503   100297   250469 |    57524      794     86 | 30.963 % |
|      1318 |   60503   100297   250469 |    63277     1300     68 | 30.963 % |
|      2077 |   60503   100297   250469 |    69605     2059     72 | 30.963 % |
|      3216 |   60477   100189   250222 |    76565     3196     86 | 30.992 % |
|      4924 |   60261    99457   248526 |    84222     4894     82 | 31.239 % |
|      7486 |   60102    98787   246934 |    92644     7446     87 | 31.420 % |
|     11330 |   59926    97945   244972 |   101909    11235     92 | 31.621 % |
|     17096 |   59631    97134   243090 |   112099    16924    104 | 31.958 % |
|     25745 |   56653    87167   218147 |   123309    15429     85 | 35.356 % |
===============================================================================
restarts              : 123
conflicts             : 32794          (9502 /sec)
decisions             : 127492         (0.00 % random) (36941 /sec)
propagations          : 42294520       (12255033 /sec)
conflict literals     : 3067927        (37.74 % deleted)
Memory used           : 48.28 MB
CPU time              : 3.4512 s

UNSATISFIABLE
