Reading from standard input... Use '--help' for help.
============================[ Problem Statistics ]=============================
|                                                                             |
|  Number of variables:         69608                                         |
|  Number of clauses:          118081                                         |
|  Parse time:                   0.03 s                                       |
|                                                                             |
============================[ Search Statistics ]==============================
| Conflicts |          ORIGINAL         |          LEARNT          | Progress |
|           |    Vars  Clauses Literals |    Limit  Clauses Lit/Cl |          |
===============================================================================
===============================================================================
restarts              : 1
conflicts             : 14             (364 /sec)
decisions             : 67026          (0.00 % random) (1741478 /sec)
propagations          : 125031         (3248571 /sec)
conflict literals     : 24             (0.00 % deleted)
Memory used           : 18.33 MB
CPU time              : 0.038488 s

SATISFIABLE
