Reading from standard input... Use '--help' for help.
============================[ Problem Statistics ]=============================
|                                                                             |
|  Number of variables:         69608                                         |
|  Number of clauses:          118081                                         |
|  Parse time:                   0.02 s                                       |
|                                                                             |
============================[ Search Statistics ]==============================
| Conflicts |          ORIGINAL         |          LEARNT          | Progress |
|           |    Vars  Clauses Literals |    Limit  Clauses Lit/Cl |          |
===============================================================================
===============================================================================
restarts              : 1
conflicts             : 99             (3553 /sec)
decisions             : 4043           (0.00 % random) (145098 /sec)
propagations          : 124309         (4461276 /sec)
conflict literals     : 708            (18.90 % deleted)
Memory used           : 16.68 MB
CPU time              : 0.027864 s

UNSATISFIABLE
