Reading from standard input... Use '--help' for help.
============================[ Problem Statistics ]=============================
|                                                                             |
|  Number of variables:         69608                                         |
|  Number of clauses:          118081                                         |
|  Parse time:                   0.02 s                                       |
|                                                                             |
============================[ Search Statistics ]==============================
| Conflicts |          ORIGINAL         |          LEARNT          | Progress |
|           |    Vars  Clauses Literals |    Limit  Clauses Lit/Cl |          |
===============================================================================
===============================================================================
restarts              : 1
conflicts             : 29             (1055 /sec)
decisions             : 7623           (0.00 % random) (277412 /sec)
propagations          : 30215          (1099567 /sec)
conflict literals     : 81             (0.00 % deleted)
Memory used           : 16.79 MB
CPU time              : 0.027479 s

UNSATISFIABLE
