Reading from standard input... Use '--help' for help.
============================[ Problem Statistics ]=============================
|                                                                             |
|  Number of variables:         69608                                         |
|  Number of clauses:          118081                                         |
|  Parse time:                   0.02 s                                       |
|                                                                             |
============================[ Search Statistics ]==============================
| Conflicts |          ORIGINAL         |          LEARNT          | Progress |
|           |    Vars  Clauses Literals |    Limit  Clauses Lit/Cl |          |
===============================================================================
===============================================================================
restarts              : 1
conflicts             : 12             (353 /sec)
decisions             : 48684          (0.00 % random) (1431125 /sec)
propagations          : 106152         (3120466 /sec)
conflict literals     : 22             (0.00 % deleted)
Memory used           : 16.26 MB
CPU time              : 0.034018 s

SATISFIABLE
