Reading from standard input... Use '--help' for help.
============================[ Problem Statistics ]=============================
|                                                                             |
|  Number of variables:         69608                                         |
|  Number of clauses:          118081                                         |
|  Parse time:                   0.02 s                                       |
|                                                                             |
============================[ Search Statistics ]==============================
| Conflicts |          ORIGINAL         |          LEARNT          | Progress |
|           |    Vars  Clauses Literals |    Limit  Clauses Lit/Cl |          |
===============================================================================
|       100 |   60570    93518   231083 |    34289       91     10 | 12.984 % |
|       250 |   60031    91170   225664 |    37718      229     16 | 13.758 % |
===============================================================================
restarts              : 4
conflicts             : 419            (9305 /sec)
decisions             : 9708           (0.00 % random) (215594 /sec)
propagations          : 571950         (12701814 /sec)
conflict literals     : 6295           (20.12 % deleted)
Memory used           : 15.78 MB
CPU time              : 0.045029 s

UNSATISFIABLE
