Reading from standard input... Use '--help' for help.
============================[ Problem Statistics ]=============================
|                                                                             |
|  Number of variables:         69608                                         |
|  Number of clauses:          118081                                         |
|  Parse time:                   0.02 s                                       |
|                                                                             |
============================[ Search Statistics ]==============================
| Conflicts |          ORIGINAL         |          LEARNT          | Progress |
|           |    Vars  Clauses Literals |    Limit  Clauses Lit/Cl |          |
===============================================================================
===============================================================================
restarts              : 1
conflicts             : 38             (1133 /sec)
decisions             : 69666          (0.00 % random) (2076545 /sec)
propagations          : 130522         (3890489 /sec)
conflict literals     : 122            (0.00 % deleted)
Memory used           : 14.83 MB
CPU time              : 0.033549 s

SATISFIABLE
