Reading from standard input... Use '--help' for help.
============================[ Problem Statistics ]=============================
|                                                                             |
|  Number of variables:         87638                                         |
|  Number of clauses:          161767                                         |
|  Parse time:                   0.03 s                                       |
|                                                                             |
============================[ Search Statistics ]==============================
| Conflicts |          ORIGINAL         |          LEARNT          | Progress |
|           |    Vars  Clauses Literals |    Limit  Clauses Lit/Cl |          |
===============================================================================
|       100 |   63695   110002   274745 |    40334      100     12 | 27.320 % |
|       250 |   63695   110002   274745 |    44367      250     36 | 27.320 % |
|       475 |   63695   110002   274745 |    48804      475     54 | 27.320 % |
|       812 |   63695   110002   274745 |    53684      812     60 | 27.320 % |
|      1318 |   63695   110002   274745 |    59053     1318     59 | 27.320 % |
|      2077 |   63695   110002   274745 |    64958     2077     60 | 27.320 % |
|      3216 |   63694   109958   274655 |    71454     3209     64 | 27.321 % |
|      4924 |   63693   109955   274649 |    78599     4915     69 | 27.323 % |
|      7486 |   63677   109889   274496 |    86459     7476     79 | 27.341 % |
|     11330 |   54523    82339   207073 |    95105    10841     76 | 37.786 % |
|     17096 |   54424    81827   205846 |   104616    16560     79 | 37.899 % |
|     25745 |   54282    81200   204379 |   115077    19997     73 | 38.061 % |
===============================================================================
restarts              : 125
conflicts             : 35295          (7239 /sec)
decisions             : 116783         (0.00 % random) (23952 /sec)
propagations          : 51981636       (10661454 /sec)
conflict literals     : 2786301        (48.73 % deleted)
Memory used           : 46.27 MB
CPU time              : 4.87566 s

INDETERMINATE
