Reading from standard input... Use '--help' for help.
============================[ Problem Statistics ]=============================
|                                                                             |
|  Number of variables:         69608                                         |
|  Number of clauses:          118081                                         |
|  Parse time:                   0.02 s                                       |
|                                                                             |
============================[ Search Statistics ]==============================
| Conflicts |          ORIGINAL         |          LEARNT          | Progress |
|           |    Vars  Clauses Literals |    Limit  Clauses Lit/Cl |          |
===============================================================================
===============================================================================
restarts              : 1
conflicts             : 9              (293 /sec)
decisions             : 39720          (0.00 % random) (1292632 /sec)
propagations          : 79086          (2573744 /sec)
conflict literals     : 20             (0.00 % deleted)
Memory used           : 14.21 MB
CPU time              : 0.030728 s

SATISFIABLE
