Reading from standard input... Use '--help' for help.
============================[ Problem Statistics ]=============================
|                                                                             |
|  Number of variables:         87638                                         |
|  Number of clauses:          161767                                         |
|  Parse time:                   0.03 s                                       |
|                                                                             |
============================[ Search Statistics ]==============================
| Conflicts |          ORIGINAL         |          LEARNT          | Progress |
|           |    Vars  Clauses Literals |    Limit  Clauses Lit/Cl |          |
===============================================================================
|       100 |   63762   110195   275469 |    40404       99     44 | 27.244 % |
|       250 |   63762   110195   275469 |    44445      249     60 | 27.244 % |
|       475 |   63762   110151   275379 |    48889      473     42 | 27.244 % |
|       812 |   63762   110151   275379 |    53778      810     99 | 27.244 % |
|      1318 |   63762   110151   275379 |    59156     1316     94 | 27.244 % |
|      2077 |   63762   110151   275379 |    65072     2075     85 | 27.244 % |
|      3216 |   63736   110043   275132 |    71579     3054     96 | 27.274 % |
|      4924 |   63736   110043   275132 |    78737     4762     95 | 27.274 % |
|      7486 |   51241    73566   185143 |    86611     7153     93 | 41.531 % |
|     11330 |   51005    72539   182623 |    95272    10959     82 | 41.800 % |
|     17096 |   50433    71171   179377 |   104799    16679     76 | 42.453 % |
===============================================================================
restarts              : 73
conflicts             : 20799          (8311 /sec)
decisions             : 60063          (0.00 % random) (23999 /sec)
propagations          : 33263406       (13290875 /sec)
conflict literals     : 1491307        (51.44 % deleted)
Memory used           : 29.21 MB
CPU time              : 2.50272 s

UNSATISFIABLE
