Reading from standard input... Use '--help' for help.
============================[ Problem Statistics ]=============================
|                                                                             |
|  Number of variables:         87638                                         |
|  Number of clauses:          161767                                         |
|  Parse time:                   0.03 s                                       |
|                                                                             |
============================[ Search Statistics ]==============================
| Conflicts |          ORIGINAL         |          LEARNT          | Progress |
|           |    Vars  Clauses Literals |    Limit  Clauses Lit/Cl |          |
===============================================================================
|       100 |   63135   107978   269708 |    39591      100     50 | 27.959 % |
|       250 |   54832    83259   209086 |    43551      247     47 | 37.434 % |
|       475 |   54832    83259   209086 |    47906      472     62 | 37.434 % |
|       812 |   54832    83259   209086 |    52696      809     60 | 37.434 % |
|      1318 |   54832    83259   209086 |    57966     1315     59 | 37.434 % |
|      2077 |   54813    83133   208801 |    63763     2069     54 | 37.455 % |
|      3216 |   54740    82887   208183 |    70139     3199     55 | 37.539 % |
|      4924 |   54681    82657   207629 |    77153     4902     53 | 37.606 % |
|      7486 |   54640    82507   207279 |    84868     7458     57 | 37.653 % |
|     11330 |   54589    82290   206768 |    93355    11293     66 | 37.711 % |
===============================================================================
restarts              : 62
conflicts             : 15776          (6673 /sec)
decisions             : 58350          (0.00 % random) (24679 /sec)
propagations          : 23010596       (9732437 /sec)
conflict literals     : 1028744        (45.60 % deleted)
Memory used           : 28.59 MB
CPU time              : 2.36432 s

INDETERMINATE
