Reading from standard input... Use '--help' for help.
============================[ Problem Statistics ]=============================
|                                                                             |
|  Number of variables:         87638                                         |
|  Number of clauses:          161767                                         |
|  Parse time:                   0.05 s                                       |
|                                                                             |
============================[ Search Statistics ]==============================
| Conflicts |          ORIGINAL         |          LEARNT          | Progress |
|           |    Vars  Clauses Literals |    Limit  Clauses Lit/Cl |          |
===============================================================================
|       100 |   64543   113001   282008 |    41433      100     26 | 26.353 % |
|       250 |   64543   113001   282008 |    45577      250     54 | 26.353 % |
|       475 |   64543   113001   282008 |    50134      475     69 | 26.353 % |
|       812 |   56793    93483   233880 |    55148      794     54 | 35.196 % |
|      1318 |   56793    88162   220279 |    60663     1099     64 | 35.196 % |
|      2077 |   56789    88131   220216 |    66729     1856     69 | 35.200 % |
|      3216 |   56777    88083   220100 |    73402     2993     65 | 35.214 % |
|      4924 |   56777    88083   220100 |    80742     4701     64 | 35.214 % |
|      7486 |   56777    88083   220100 |    88816     7263     67 | 35.214 % |
|     11330 |   56695    87709   219195 |    97698     9514     63 | 35.308 % |
|     17096 |   56641    87392   218507 |   107468    14576     66 | 35.369 % |
===============================================================================
restarts              : 93
conflicts             : 24910          (6879 /sec)
decisions             : 83476          (0.00 % random) (23051 /sec)
propagations          : 28820755       (7958674 /sec)
conflict literals     : 1705890        (48.59 % deleted)
Memory used           : 44.40 MB
CPU time              : 3.6213 s

UNSATISFIABLE
