Reading from standard input... Use '--help' for help.
============================[ Problem Statistics ]=============================
|                                                                             |
|  Number of variables:         87638                                         |
|  Number of clauses:          161767                                         |
|  Parse time:                   0.04 s                                       |
|                                                                             |
============================[ Search Statistics ]==============================
| Conflicts |          ORIGINAL         |          LEARNT          | Progress |
|           |    Vars  Clauses Literals |    Limit  Clauses Lit/Cl |          |
===============================================================================
|       100 |   63605   109698   274354 |    40222      100     11 | 27.423 % |
|       250 |   63605   109698   274354 |    44244      250     42 | 27.423 % |
|       475 |   63575   109536   273990 |    48669      472     89 | 27.457 % |
|       812 |   63575   109536   273990 |    53536      809     67 | 27.458 % |
|      1318 |   63515   109292   273346 |    58889     1302     77 | 27.526 % |
|      2077 |   63497   109218   273175 |    64778     1803     95 | 27.546 % |
|      3216 |   63497   109218   273175 |    71256     2942     86 | 27.546 % |
===============================================================================
restarts              : 22
conflicts             : 4275           (6661 /sec)
decisions             : 12986          (0.00 % random) (20234 /sec)
propagations          : 6458697        (10063442 /sec)
conflict literals     : 357992         (57.52 % deleted)
Memory used           : 24.33 MB
CPU time              : 0.641798 s

UNSATISFIABLE
