Reading from standard input... Use '--help' for help.
============================[ Problem Statistics ]=============================
|                                                                             |
|  Number of variables:         69608                                         |
|  Number of clauses:          118081                                         |
|  Parse time:                   0.03 s                                       |
|                                                                             |
============================[ Search Statistics ]==============================
| Conflicts |          ORIGINAL         |          LEARNT          | Progress |
|           |    Vars  Clauses Literals |    Limit  Clauses Lit/Cl |          |
===============================================================================
===============================================================================
restarts              : 1
conflicts             : 13             (287 /sec)
decisions             : 36470          (0.00 % random) (803977 /sec)
propagations          : 74464          (1641550 /sec)
conflict literals     : 39             (0.00 % deleted)
Memory used           : 16.13 MB
CPU time              : 0.045362 s

SATISFIABLE
