Reading from standard input... Use '--help' for help.
============================[ Problem Statistics ]=============================
|                                                                             |
|  Number of variables:         69608                                         |
|  Number of clauses:          118081                                         |
|  Parse time:                   0.02 s                                       |
|                                                                             |
============================[ Search Statistics ]==============================
| Conflicts |          ORIGINAL         |          LEARNT          | Progress |
|           |    Vars  Clauses Literals |    Limit  Clauses Lit/Cl |          |
===============================================================================
===============================================================================
restarts              : 1
conflicts             : 36             (1085 /sec)
decisions             : 9612           (0.00 % random) (289806 /sec)
propagations          : 37193          (1121386 /sec)
conflict literals     : 113            (0.00 % deleted)
Memory used           : 17.35 MB
CPU time              : 0.033167 s

UNSATISFIABLE
