Reading from standard input... Use '--help' for help.
============================[ Problem Statistics ]=============================
|                                                                             |
|  Number of variables:         69608                                         |
|  Number of clauses:          118081                                         |
|  Parse time:                   0.02 s                                       |
|                                                                             |
============================[ Search Statistics ]==============================
| Conflicts |          ORIGINAL         |          LEARNT          | Progress |
|           |    Vars  Clauses Literals |    Limit  Clauses Lit/Cl |          |
===============================================================================
===============================================================================
restarts              : 1
conflicts             : 87             (2525 /sec)
decisions             : 11634          (0.00 % random) (337609 /sec)
propagations          : 99559          (2889118 /sec)
conflict literals     : 254            (4.51 % deleted)
Memory used           : 13.70 MB
CPU time              : 0.03446 s

UNSATISFIABLE
