Reading from standard input... Use '--help' for help.
============================[ Problem Statistics ]=============================
|                                                                             |
|  Number of variables:         69608                                         |
|  Number of clauses:          118081                                         |
|  Parse time:                   0.02 s                                       |
|                                                                             |
============================[ Search Statistics ]==============================
| Conflicts |          ORIGINAL         |          LEARNT          | Progress |
|           |    Vars  Clauses Literals |    Limit  Clauses Lit/Cl |          |
===============================================================================
===============================================================================
restarts              : 1
conflicts             : 33             (1353 /sec)
decisions             : 38410          (0.00 % random) (1575278 /sec)
propagations          : 82295          (3375097 /sec)
conflict literals     : 119            (0.00 % deleted)
Memory used           : 12.96 MB
CPU time              : 0.024383 s

SATISFIABLE
