Reading from standard input... Use '--help' for help.
============================[ Problem Statistics ]=============================
|                                                                             |
|  Number of variables:         69608                                         |
|  Number of clauses:          118081                                         |
|  Parse time:                   0.03 s                                       |
|                                                                             |
============================[ Search Statistics ]==============================
| Conflicts |          ORIGINAL         |          LEARNT          | Progress |
|           |    Vars  Clauses Literals |    Limit  Clauses Lit/Cl |          |
===============================================================================
===============================================================================
restarts              : 1
conflicts             : 54             (1480 /sec)
decisions             : 8543           (0.00 % random) (234093 /sec)
propagations          : 48644          (1332931 /sec)
conflict literals     : 125            (3.10 % deleted)
Memory used           : 15.71 MB
CPU time              : 0.036494 s

UNSATISFIABLE
