Reading from standard input... Use '--help' for help.
============================[ Problem Statistics ]=============================
|                                                                             |
|  Number of variables:         87638                                         |
|  Number of clauses:          161767                                         |
|  Parse time:                   0.04 s                                       |
|                                                                             |
============================[ Search Statistics ]==============================
| Conflicts |          ORIGINAL         |          LEARNT          | Progress |
|           |    Vars  Clauses Literals |    Limit  Clauses Lit/Cl |          |
===============================================================================
|       100 |   62615   106001   265051 |    38867      100     34 | 28.553 % |
|       250 |   62615   106001   265051 |    42753      250     87 | 28.553 % |
|       475 |   62615   106001   265051 |    47029      475     80 | 28.553 % |
|       812 |   62597   105927   264880 |    51732      811     75 | 28.573 % |
|      1318 |   62597   105927   264880 |    56905     1317     79 | 28.573 % |
|      2077 |   62597   105927   264880 |    62595     2076     82 | 28.573 % |
|      3216 |   62597   105927   264880 |    68855     3215     70 | 28.573 % |
===============================================================================
restarts              : 21
conflicts             : 3848           (6319 /sec)
decisions             : 11276          (0.00 % random) (18517 /sec)
propagations          : 6203007        (10186431 /sec)
conflict literals     : 259508         (59.26 % deleted)
Memory used           : 21.61 MB
CPU time              : 0.608948 s

UNSATISFIABLE
