Reading from standard input... Use '--help' for help.
============================[ Problem Statistics ]=============================
|                                                                             |
|  Number of variables:         69608                                         |
|  Number of clauses:          118081                                         |
|  Parse time:                   0.02 s                                       |
|                                                                             |
============================[ Search Statistics ]==============================
| Conflicts |          ORIGINAL         |          LEARNT          | Progress |
|           |    Vars  Clauses Literals |    Limit  Clauses Lit/Cl |          |
===============================================================================
===============================================================================
restarts              : 1
conflicts             : 6              (194 /sec)
decisions             : 1222           (0.00 % random) (39480 /sec)
propagations          : 20741          (670102 /sec)
conflict literals     : 7              (0.00 % deleted)
Memory used           : 16.25 MB
CPU time              : 0.030952 s

UNSATISFIABLE
