Reading from standard input... Use '--help' for help.
============================[ Problem Statistics ]=============================
|                                                                             |
|  Number of variables:         69608                                         |
|  Number of clauses:          118081                                         |
|  Parse time:                   0.02 s                                       |
|                                                                             |
============================[ Search Statistics ]==============================
| Conflicts |          ORIGINAL         |          LEARNT          | Progress |
|           |    Vars  Clauses Literals |    Limit  Clauses Lit/Cl |          |
===============================================================================
===============================================================================
restarts              : 1
conflicts             : 11             (410 /sec)
decisions             : 10457          (0.00 % random) (390114 /sec)
propagations          : 41897          (1563029 /sec)
conflict literals     : 17             (0.00 % deleted)
Memory used           : 15.59 MB
CPU time              : 0.026805 s

UNSATISFIABLE
