Reading from standard input... Use '--help' for help.
============================[ Problem Statistics ]=============================
|                                                                             |
|  Number of variables:         69608                                         |
|  Number of clauses:          118081                                         |
|  Parse time:                   0.03 s                                       |
|                                                                             |
============================[ Search Statistics ]==============================
| Conflicts |          ORIGINAL         |          LEARNT          | Progress |
|           |    Vars  Clauses Literals |    Limit  Clauses Lit/Cl |          |
===============================================================================
|       100 |   56706    81087   200598 |    29731       97      9 | 18.535 % |
===============================================================================
restarts              : 2
conflicts             : 191            (4327 /sec)
decisions             : 39041          (0.00 % random) (884441 /sec)
propagations          : 271175         (6143242 /sec)
conflict literals     : 1695           (21.49 % deleted)
Memory used           : 20.23 MB
CPU time              : 0.044142 s

UNSATISFIABLE
