Reading from standard input... Use '--help' for help.
============================[ Problem Statistics ]=============================
|                                                                             |
|  Number of variables:         69608                                         |
|  Number of clauses:          118081                                         |
|  Parse time:                   0.03 s                                       |
|                                                                             |
============================[ Search Statistics ]==============================
| Conflicts |          ORIGINAL         |          LEARNT          | Progress |
|           |    Vars  Clauses Literals |    Limit  Clauses Lit/Cl |          |
===============================================================================
|       100 |   55080    81118   200674 |    29743       88      6 | 20.871 % |
===============================================================================
restarts              : 1
conflicts             : 103            (2365 /sec)
decisions             : 4555           (0.00 % random) (104607 /sec)
propagations          : 151116         (3470421 /sec)
conflict literals     : 549            (23.11 % deleted)
Memory used           : 16.27 MB
CPU time              : 0.043544 s

UNSATISFIABLE
