Reading from standard input... Use '--help' for help.
============================[ Problem Statistics ]=============================
|                                                                             |
|  Number of variables:         69608                                         |
|  Number of clauses:          118081                                         |
|  Parse time:                   0.03 s                                       |
|                                                                             |
============================[ Search Statistics ]==============================
| Conflicts |          ORIGINAL         |          LEARNT          | Progress |
|           |    Vars  Clauses Literals |    Limit  Clauses Lit/Cl |          |
===============================================================================
===============================================================================
restarts              : 1
conflicts             : 8              (222 /sec)
decisions             : 6473           (0.00 % random) (179926 /sec)
propagations          : 33163          (921809 /sec)
conflict literals     : 11             (0.00 % deleted)
Memory used           : 16.15 MB
CPU time              : 0.035976 s

UNSATISFIABLE
