Reading from standard input... Use '--help' for help.
============================[ Problem Statistics ]=============================
|                                                                             |
|  Number of variables:         69608                                         |
|  Number of clauses:          118081                                         |
|  Parse time:                   0.03 s                                       |
|                                                                             |
============================[ Search Statistics ]==============================
| Conflicts |          ORIGINAL         |          LEARNT          | Progress |
|           |    Vars  Clauses Literals |    Limit  Clauses Lit/Cl |          |
===============================================================================
===============================================================================
restarts              : 1
conflicts             : 28             (692 /sec)
decisions             : 37963          (0.00 % random) (938007 /sec)
propagations          : 92073          (2274980 /sec)
conflict literals     : 239            (8.78 % deleted)
Memory used           : 15.90 MB
CPU time              : 0.040472 s

SATISFIABLE
