Reading from standard input... Use '--help' for help.
============================[ Problem Statistics ]=============================
|                                                                             |
|  Number of variables:         69608                                         |
|  Number of clauses:          118081                                         |
|  Parse time:                   0.02 s                                       |
|                                                                             |
============================[ Search Statistics ]==============================
| Conflicts |          ORIGINAL         |          LEARNT          | Progress |
|           |    Vars  Clauses Literals |    Limit  Clauses Lit/Cl |          |
===============================================================================
===============================================================================
restarts              : 1
conflicts             : 8              (261 /sec)
decisions             : 6864           (0.00 % random) (223736 /sec)
propagations          : 35748          (1165227 /sec)
conflict literals     : 11             (0.00 % deleted)
Memory used           : 15.85 MB
CPU time              : 0.030679 s

UNSATISFIABLE
