Reading from standard input... Use '--help' for help.
============================[ Problem Statistics ]=============================
|                                                                             |
|  Number of variables:         69608                                         |
|  Number of clauses:          118081                                         |
|  Parse time:                   0.03 s                                       |
|                                                                             |
============================[ Search Statistics ]==============================
| Conflicts |          ORIGINAL         |          LEARNT          | Progress |
|           |    Vars  Clauses Literals |    Limit  Clauses Lit/Cl |          |
===============================================================================
===============================================================================
restarts              : 1
conflicts             : 33             (834 /sec)
decisions             : 38226          (0.00 % random) (965669 /sec)
propagations          : 82134          (2074877 /sec)
conflict literals     : 119            (0.00 % deleted)
Memory used           : 17.66 MB
CPU time              : 0.039585 s

SATISFIABLE
