Reading from standard input... Use '--help' for help.
============================[ Problem Statistics ]=============================
|                                                                             |
|  Number of variables:         69608                                         |
|  Number of clauses:          118081                                         |
|  Parse time:                   0.02 s                                       |
|                                                                             |
============================[ Search Statistics ]==============================
| Conflicts |          ORIGINAL         |          LEARNT          | Progress |
|           |    Vars  Clauses Literals |    Limit  Clauses Lit/Cl |          |
===============================================================================
===============================================================================
restarts              : 1
conflicts             : 17             (496 /sec)
decisions             : 41429          (0.00 % random) (1209888 /sec)
propagations          : 82868          (2420069 /sec)
conflict literals     : 42             (0.00 % deleted)
Memory used           : 19.15 MB
CPU time              : 0.034242 s

SATISFIABLE
