Reading from standard input... Use '--help' for help.
============================[ Problem Statistics ]=============================
|                                                                             |
|  Number of variables:         87638                                         |
|  Number of clauses:          161767                                         |
|  Parse time:                   0.04 s                                       |
|                                                                             |
============================[ Search Statistics ]==============================
| Conflicts |          ORIGINAL         |          LEARNT          | Progress |
|           |    Vars  Clauses Literals |    Limit  Clauses Lit/Cl |          |
===============================================================================
|       100 |   62753   106536   266113 |    39063      100     10 | 28.395 % |
|       250 |   62753   106536   266113 |    42969      250     22 | 28.395 % |
|       475 |   62752   106492   266023 |    47266      474     32 | 28.396 % |
|       812 |   62752   106492   266023 |    51993      811     67 | 28.396 % |
|      1318 |   62752   106492   266023 |    57192     1317     76 | 28.396 % |
|      2077 |   62752   106492   266023 |    62911     2076     72 | 28.396 % |
|      3216 |   62736   106426   265870 |    69202     3213     80 | 28.415 % |
|      4924 |   62727   106393   265786 |    76123     4918     85 | 28.425 % |
|      7486 |   62727   106393   265786 |    83735     7480     98 | 28.425 % |
===============================================================================
restarts              : 41
conflicts             : 9530           (7173 /sec)
decisions             : 38903          (0.00 % random) (29281 /sec)
propagations          : 12317487       (9270958 /sec)
conflict literals     : 875492         (44.80 % deleted)
Memory used           : 26.69 MB
CPU time              : 1.32861 s

INDETERMINATE
