Reading from standard input... Use '--help' for help.
============================[ Problem Statistics ]=============================
|                                                                             |
|  Number of variables:         69608                                         |
|  Number of clauses:          118081                                         |
|  Parse time:                   0.02 s                                       |
|                                                                             |
============================[ Search Statistics ]==============================
| Conflicts |          ORIGINAL         |          LEARNT          | Progress |
|           |    Vars  Clauses Literals |    Limit  Clauses Lit/Cl |          |
===============================================================================
===============================================================================
restarts              : 1
conflicts             : 5              (130 /sec)
decisions             : 36063          (0.00 % random) (935632 /sec)
propagations          : 73059          (1895470 /sec)
conflict literals     : 11             (0.00 % deleted)
Memory used           : 17.18 MB
CPU time              : 0.038544 s

SATISFIABLE
