Reading from standard input... Use '--help' for help.
============================[ Problem Statistics ]=============================
|                                                                             |
|  Number of variables:         69608                                         |
|  Number of clauses:          118081                                         |
|  Parse time:                   0.02 s                                       |
|                                                                             |
============================[ Search Statistics ]==============================
| Conflicts |          ORIGINAL         |          LEARNT          | Progress |
|           |    Vars  Clauses Literals |    Limit  Clauses Lit/Cl |          |
===============================================================================
===============================================================================
restarts              : 1
conflicts             : 18             (626 /sec)
decisions             : 2071           (0.00 % random) (72012 /sec)
propagations          : 19105          (664314 /sec)
conflict literals     : 59             (0.00 % deleted)
Memory used           : 18.11 MB
CPU time              : 0.028759 s

UNSATISFIABLE
