Reading from standard input... Use '--help' for help.
============================[ Problem Statistics ]=============================
|                                                                             |
|  Number of variables:         87638                                         |
|  Number of clauses:          161767                                         |
|  Parse time:                   0.03 s                                       |
|                                                                             |
============================[ Search Statistics ]==============================
| Conflicts |          ORIGINAL         |          LEARNT          | Progress |
|           |    Vars  Clauses Literals |    Limit  Clauses Lit/Cl |          |
===============================================================================
|       100 |   62659   106194   265419 |    38937      100     11 | 28.502 % |
|       250 |   62659   106194   265419 |    42831      250     12 | 28.502 % |
|       475 |   62651   106162   265331 |    47114      444     56 | 28.512 % |
|       812 |   62608   105986   264922 |    51826      779     68 | 28.561 % |
|      1318 |   62607   105942   264832 |    57008     1283     67 | 28.562 % |
|      2077 |   62607   105942   264832 |    62709     2042     62 | 28.562 % |
|      3216 |   62585   105850   264621 |    68980     2903     70 | 28.587 % |
|      4924 |   62585   105850   264621 |    75878     4611     74 | 28.587 % |
===============================================================================
restarts              : 31
conflicts             : 6599           (5632 /sec)
decisions             : 27401          (0.00 % random) (23384 /sec)
propagations          : 11800979       (10071063 /sec)
conflict literals     : 508082         (47.91 % deleted)
Memory used           : 24.12 MB
CPU time              : 1.17177 s

INDETERMINATE
