Reading from standard input... Use '--help' for help.
============================[ Problem Statistics ]=============================
|                                                                             |
|  Number of variables:         69608                                         |
|  Number of clauses:          118081                                         |
|  Parse time:                   0.03 s                                       |
|                                                                             |
============================[ Search Statistics ]==============================
| Conflicts |          ORIGINAL         |          LEARNT          | Progress |
|           |    Vars  Clauses Literals |    Limit  Clauses Lit/Cl |          |
===============================================================================
===============================================================================
restarts              : 1
conflicts             : 16             (369 /sec)
decisions             : 40204          (0.00 % random) (927235 /sec)
propagations          : 80996          (1868032 /sec)
conflict literals     : 39             (0.00 % deleted)
Memory used           : 15.24 MB
CPU time              : 0.043359 s

SATISFIABLE
