Reading from standard input... Use '--help' for help.
============================[ Problem Statistics ]=============================
|                                                                             |
|  Number of variables:         87638                                         |
|  Number of clauses:          161767                                         |
|  Parse time:                   0.03 s                                       |
|                                                                             |
============================[ Search Statistics ]==============================
| Conflicts |          ORIGINAL         |          LEARNT          | Progress |
|           |    Vars  Clauses Literals |    Limit  Clauses Lit/Cl |          |
===============================================================================
|       100 |   63738   110171   275070 |    40396      100     12 | 27.271 % |
|       250 |   63738   110171   275070 |    44435      250     35 | 27.271 % |
|       475 |   63738   110171   275070 |    48879      475     40 | 27.271 % |
|       812 |   63738   110171   275070 |    53767      812     44 | 27.271 % |
|      1318 |   63738   110171   275070 |    59143     1318     71 | 27.271 % |
|      2077 |   63738   110171   275070 |    65058     2077     68 | 27.271 % |
|      3216 |   63737   110127   274980 |    71564     3214     82 | 27.272 % |
|      4924 |   63737   110127   274980 |    78720     4922     98 | 27.272 % |
|      7486 |   63737   110127   274980 |    86592     7484    120 | 27.272 % |
|     11330 |   63737   110127   274980 |    95251    11328    118 | 27.272 % |
|     17096 |   56390    87531   219566 |   104776    17058    117 | 35.656 % |
===============================================================================
restarts              : 63
conflicts             : 17661          (6565 /sec)
decisions             : 79352          (0.00 % random) (29496 /sec)
propagations          : 26668662       (9913142 /sec)
conflict literals     : 2087713        (39.53 % deleted)
Memory used           : 35.42 MB
CPU time              : 2.69023 s

INDETERMINATE
