Reading from standard input... Use '--help' for help.
============================[ Problem Statistics ]=============================
|                                                                             |
|  Number of variables:         69608                                         |
|  Number of clauses:          118081                                         |
|  Parse time:                   0.02 s                                       |
|                                                                             |
============================[ Search Statistics ]==============================
| Conflicts |          ORIGINAL         |          LEARNT          | Progress |
|           |    Vars  Clauses Literals |    Limit  Clauses Lit/Cl |          |
===============================================================================
===============================================================================
restarts              : 1
conflicts             : 21             (769 /sec)
decisions             : 36703          (0.00 % random) (1343842 /sec)
propagations          : 74115          (2713642 /sec)
conflict literals     : 69             (0.00 % deleted)
Memory used           : 14.21 MB
CPU time              : 0.027312 s

SATISFIABLE
