Reading from standard input... Use '--help' for help.
============================[ Problem Statistics ]=============================
|                                                                             |
|  Number of variables:         87638                                         |
|  Number of clauses:          161767                                         |
|  Parse time:                   0.04 s                                       |
|                                                                             |
============================[ Search Statistics ]==============================
| Conflicts |          ORIGINAL         |          LEARNT          | Progress |
|           |    Vars  Clauses Literals |    Limit  Clauses Lit/Cl |          |
===============================================================================
|       100 |   63992   110917   277110 |    40669      100     32 | 26.981 % |
|       250 |   63992   110917   277110 |    44736      250     49 | 26.981 % |
|       475 |   63992   110917   277110 |    49210      475    191 | 26.981 % |
|       812 |   63992   110917   277110 |    54131      812    131 | 26.981 % |
|      1318 |   63992   110917   277110 |    59544     1318    169 | 26.981 % |
|      2077 |   54982    83485   209666 |    65498     2002    131 | 37.262 % |
|      3216 |   54982    83431   209541 |    72048     3141    117 | 37.262 % |
|      4924 |   54796    82968   208413 |    79253     4713     97 | 37.475 % |
|      7486 |   54672    82240   206698 |    87178     7121     97 | 37.616 % |
|     11330 |   53847    79138   199129 |    95896     9757     86 | 38.557 % |
|     17096 |   53221    76968   193743 |   105486    11067     79 | 39.272 % |
|     25745 |   52936    75520   190409 |   116035    16681     72 | 39.597 % |
===============================================================================
restarts              : 108
conflicts             : 29361          (7619 /sec)
decisions             : 98346          (0.00 % random) (25519 /sec)
propagations          : 39534713       (10258647 /sec)
conflict literals     : 2043676        (46.13 % deleted)
Memory used           : 48.06 MB
CPU time              : 3.85379 s

UNSATISFIABLE
