Reading from standard input... Use '--help' for help.
============================[ Problem Statistics ]=============================
|                                                                             |
|  Number of variables:         87638                                         |
|  Number of clauses:          161767                                         |
|  Parse time:                   0.04 s                                       |
|                                                                             |
============================[ Search Statistics ]==============================
| Conflicts |          ORIGINAL         |          LEARNT          | Progress |
|           |    Vars  Clauses Literals |    Limit  Clauses Lit/Cl |          |
===============================================================================
|       100 |   63105   107779   269468 |    39518      100     34 | 27.994 % |
|       250 |   63105   107779   269468 |    43470      250     53 | 27.994 % |
|       475 |   63105   107779   269468 |    47817      475     65 | 27.994 % |
|       812 |   63101   107763   269424 |    52599      801     54 | 27.998 % |
|      1318 |   49668    69731   175926 |    57859     1257     48 | 43.326 % |
|      2077 |   49615    69449   175255 |    63645     2009     51 | 43.386 % |
|      3216 |   49350    68341   172607 |    70010     3125     53 | 43.689 % |
|      4924 |   49138    68112   172065 |    77011     4823     53 | 43.931 % |
|      7486 |   48528    65066   164689 |    84712     7362     53 | 44.627 % |
===============================================================================
restarts              : 46
conflicts             : 10733          (7212 /sec)
decisions             : 33158          (0.00 % random) (22280 /sec)
propagations          : 15678350       (10534848 /sec)
conflict literals     : 516134         (44.61 % deleted)
Memory used           : 26.51 MB
CPU time              : 1.48824 s

INDETERMINATE
