Reading from standard input... Use '--help' for help.
============================[ Problem Statistics ]=============================
|                                                                             |
|  Number of variables:         69608                                         |
|  Number of clauses:          118081                                         |
|  Parse time:                   0.02 s                                       |
|                                                                             |
============================[ Search Statistics ]==============================
| Conflicts |          ORIGINAL         |          LEARNT          | Progress |
|           |    Vars  Clauses Literals |    Limit  Clauses Lit/Cl |          |
===============================================================================
===============================================================================
restarts              : 1
conflicts             : 29             (1000 /sec)
decisions             : 45094          (0.00 % random) (1555287 /sec)
propagations          : 92017          (3173657 /sec)
conflict literals     : 68             (0.00 % deleted)
Memory used           : 16.94 MB
CPU time              : 0.028994 s

SATISFIABLE
