Reading from standard input... Use '--help' for help.
============================[ Problem Statistics ]=============================
|                                                                             |
|  Number of variables:         69608                                         |
|  Number of clauses:          118081                                         |
|  Parse time:                   0.03 s                                       |
|                                                                             |
============================[ Search Statistics ]==============================
| Conflicts |          ORIGINAL         |          LEARNT          | Progress |
|           |    Vars  Clauses Literals |    Limit  Clauses Lit/Cl |          |
===============================================================================
===============================================================================
restarts              : 1
conflicts             : 22             (474 /sec)
decisions             : 67645          (0.00 % random) (1457238 /sec)
propagations          : 124754         (2687505 /sec)
conflict literals     : 61             (0.00 % deleted)
Memory used           : 18.61 MB
CPU time              : 0.04642 s

SATISFIABLE
