Reading from standard input... Use '--help' for help.
============================[ Problem Statistics ]=============================
|                                                                             |
|  Number of variables:         69608                                         |
|  Number of clauses:          118081                                         |
|  Parse time:                   0.03 s                                       |
|                                                                             |
============================[ Search Statistics ]==============================
| Conflicts |          ORIGINAL         |          LEARNT          | Progress |
|           |    Vars  Clauses Literals |    Limit  Clauses Lit/Cl |          |
===============================================================================
===============================================================================
restarts              : 1
conflicts             : 19             (563 /sec)
decisions             : 7785           (0.00 % random) (230694 /sec)
propagations          : 33388          (989391 /sec)
conflict literals     : 60             (0.00 % deleted)
Memory used           : 15.40 MB
CPU time              : 0.033746 s

UNSATISFIABLE
