Reading from standard input... Use '--help' for help.
============================[ Problem Statistics ]=============================
|                                                                             |
|  Number of variables:         87638                                         |
|  Number of clauses:          161767                                         |
|  Parse time:                   0.03 s                                       |
|                                                                             |
============================[ Search Statistics ]==============================
| Conflicts |          ORIGINAL         |          LEARNT          | Progress |
|           |    Vars  Clauses Literals |    Limit  Clauses Lit/Cl |          |
===============================================================================
|       100 |   63979   110872   276994 |    40653      100     15 | 26.996 % |
|       250 |   63979   110872   276994 |    44718      250     24 | 26.996 % |
|       475 |   63979   110872   276994 |    49190      475     34 | 26.996 % |
|       812 |   63978   110828   276904 |    54109      810     41 | 26.997 % |
|      1318 |   63978   110828   276904 |    59520     1316     40 | 26.997 % |
|      2077 |   63974   110812   276860 |    65472     2031     53 | 27.002 % |
|      3216 |   63941   110678   276542 |    72019     3122     70 | 27.040 % |
|      4924 |   63891   110470   276066 |    79221     4828     80 | 27.097 % |
|      7486 |   63858   110344   275750 |    87143     7389     87 | 27.134 % |
|     11330 |   63840   110270   275579 |    95857    11231     88 | 27.155 % |
|     17096 |   53824    79156   199143 |   105443    15913     88 | 38.584 % |
|     25745 |   53585    78047   196452 |   115987    23950     82 | 38.856 % |
===============================================================================
restarts              : 108
conflicts             : 29582          (6796 /sec)
decisions             : 94139          (0.00 % random) (21626 /sec)
propagations          : 40516275       (9307738 /sec)
conflict literals     : 2299101        (51.49 % deleted)
Memory used           : 38.17 MB
CPU time              : 4.35297 s

UNSATISFIABLE
