Reading from standard input... Use '--help' for help.
============================[ Problem Statistics ]=============================
|                                                                             |
|  Number of variables:         87638                                         |
|  Number of clauses:          161767                                         |
|  Parse time:                   0.03 s                                       |
|                                                                             |
============================[ Search Statistics ]==============================
| Conflicts |          ORIGINAL         |          LEARNT          | Progress |
|           |    Vars  Clauses Literals |    Limit  Clauses Lit/Cl |          |
===============================================================================
|       100 |   62891   107256   267382 |    39327      100     11 | 28.238 % |
|       250 |   62838   107182   267211 |    43259      247     16 | 28.298 % |
|       475 |   62838   107040   266882 |    47585      472     30 | 28.298 % |
|       812 |   62838   107040   266882 |    52344      809     40 | 28.298 % |
|      1318 |   62838   107040   266882 |    57578     1315     58 | 28.298 % |
|      2077 |   62838   107040   266882 |    63336     2074     74 | 28.298 % |
|      3216 |   62838   107040   266882 |    69670     3213     83 | 28.298 % |
|      4924 |   62838   107040   266882 |    76637     4921     85 | 28.298 % |
|      7486 |   56689    87793   219594 |    84301     7437     79 | 35.315 % |
|     11330 |   56648    87458   218808 |    92731    11251     76 | 35.361 % |
|     17096 |   56546    87075   217952 |   102004    15239     74 | 35.478 % |
===============================================================================
restarts              : 63
conflicts             : 17722          (8318 /sec)
decisions             : 60265          (0.00 % random) (28286 /sec)
propagations          : 21075620       (9892070 /sec)
conflict literals     : 1329109        (48.75 % deleted)
Memory used           : 31.98 MB
CPU time              : 2.13056 s

INDETERMINATE
