Reading from standard input... Use '--help' for help.
============================[ Problem Statistics ]=============================
|                                                                             |
|  Number of variables:         69608                                         |
|  Number of clauses:          118081                                         |
|  Parse time:                   0.03 s                                       |
|                                                                             |
============================[ Search Statistics ]==============================
| Conflicts |          ORIGINAL         |          LEARNT          | Progress |
|           |    Vars  Clauses Literals |    Limit  Clauses Lit/Cl |          |
===============================================================================
===============================================================================
restarts              : 1
conflicts             : 37             (984 /sec)
decisions             : 36721          (0.00 % random) (976752 /sec)
propagations          : 88875          (2364011 /sec)
conflict literals     : 237            (15.05 % deleted)
Memory used           : 16.96 MB
CPU time              : 0.037595 s

SATISFIABLE
