Reading from standard input... Use '--help' for help.
============================[ Problem Statistics ]=============================
|                                                                             |
|  Number of variables:         87638                                         |
|  Number of clauses:          161767                                         |
|  Parse time:                   0.05 s                                       |
|                                                                             |
============================[ Search Statistics ]==============================
| Conflicts |          ORIGINAL         |          LEARNT          | Progress |
|           |    Vars  Clauses Literals |    Limit  Clauses Lit/Cl |          |
===============================================================================
|       100 |   64199   111908   278932 |    41032      100     10 | 26.745 % |
|       250 |   64199   111908   278932 |    45136      250     73 | 26.745 % |
|       475 |   64199   111908   278932 |    49649      475     49 | 26.745 % |
|       812 |   64199   111908   278932 |    54614      812     60 | 26.745 % |
|      1318 |   64198   111864   278842 |    60076     1316     65 | 26.746 % |
|      2077 |   64198   111864   278842 |    66083     2075     64 | 26.746 % |
|      3216 |   64198   111864   278842 |    72692     3214     61 | 26.746 % |
|      4924 |   64198   111864   278842 |    79961     4922     58 | 26.746 % |
|      7486 |   58453    93126   232585 |    87957     7057     61 | 33.302 % |
|     11330 |   58416    92801   231818 |    96753    10882     60 | 33.344 % |
|     17096 |   58258    92150   230268 |   106428    15766     61 | 33.524 % |
===============================================================================
restarts              : 66
conflicts             : 19589          (6724 /sec)
decisions             : 59516          (0.00 % random) (20429 /sec)
propagations          : 25901841       (8890796 /sec)
conflict literals     : 1153873        (47.48 % deleted)
Memory used           : 28.50 MB
CPU time              : 2.91333 s

UNSATISFIABLE
