Reading from standard input... Use '--help' for help.
============================[ Problem Statistics ]=============================
|                                                                             |
|  Number of variables:         87638                                         |
|  Number of clauses:          161767                                         |
|  Parse time:                   0.04 s                                       |
|                                                                             |
============================[ Search Statistics ]==============================
| Conflicts |          ORIGINAL         |          LEARNT          | Progress |
|           |    Vars  Clauses Literals |    Limit  Clauses Lit/Cl |          |
===============================================================================
|       100 |   62866   106832   267031 |    39171      100     12 | 28.266 % |
|       250 |   62866   106832   267031 |    43088      250     37 | 28.266 % |
|       475 |   62866   106832   267031 |    47397      475     50 | 28.266 % |
|       812 |   62866   106832   267031 |    52137      812     62 | 28.266 % |
|      1318 |   62846   106754   266844 |    57351     1317     76 | 28.289 % |
|      2077 |   62846   106754   266844 |    63086     2076     73 | 28.289 % |
|      3216 |   62846   106754   266844 |    69395     3215     67 | 28.289 % |
|      4924 |   62846   106754   266844 |    76334     4923     72 | 28.289 % |
|      7486 |   62829   106686   266682 |    83968     7483     75 | 28.308 % |
===============================================================================
restarts              : 39
conflicts             : 9256           (7148 /sec)
decisions             : 31616          (0.00 % random) (24416 /sec)
propagations          : 12218891       (9436158 /sec)
conflict literals     : 734807         (48.45 % deleted)
Memory used           : 25.79 MB
CPU time              : 1.2949 s

INDETERMINATE
