Reading from standard input... Use '--help' for help.
============================[ Problem Statistics ]=============================
|                                                                             |
|  Number of variables:         87638                                         |
|  Number of clauses:          161767                                         |
|  Parse time:                   0.04 s                                       |
|                                                                             |
============================[ Search Statistics ]==============================
| Conflicts |          ORIGINAL         |          LEARNT          | Progress |
|           |    Vars  Clauses Literals |    Limit  Clauses Lit/Cl |          |
===============================================================================
|       100 |   62343   105061   262507 |    38522      100     35 | 28.863 % |
|       250 |   62343   105061   262507 |    42374      250     69 | 28.863 % |
|       475 |   62343   105061   262507 |    46612      475     76 | 28.863 % |
|       812 |   62343   105061   262507 |    51273      812    106 | 28.863 % |
|      1318 |   62321   104969   262296 |    56400     1316     90 | 28.888 % |
|      2077 |   62293   104861   262024 |    62040     2073     82 | 28.920 % |
|      3216 |   62276   104793   261861 |    68244     3211     74 | 28.940 % |
|      4924 |   62249   104694   261601 |    75069     4908     85 | 28.970 % |
|      7486 |   62213   104550   261258 |    82576     7467     98 | 29.011 % |
|     11330 |   62117   104162   260342 |    90833    11302     99 | 29.121 % |
===============================================================================
restarts              : 63
conflicts             : 16283          (6343 /sec)
decisions             : 55137          (0.00 % random) (21479 /sec)
propagations          : 23319598       (9084307 /sec)
conflict literals     : 1426506        (54.74 % deleted)
Memory used           : 41.62 MB
CPU time              : 2.56702 s

UNSATISFIABLE
