Reading from standard input... Use '--help' for help.
============================[ Problem Statistics ]=============================
|                                                                             |
|  Number of variables:         69608                                         |
|  Number of clauses:          118081                                         |
|  Parse time:                   0.02 s                                       |
|                                                                             |
============================[ Search Statistics ]==============================
| Conflicts |          ORIGINAL         |          LEARNT          | Progress |
|           |    Vars  Clauses Literals |    Limit  Clauses Lit/Cl |          |
===============================================================================
===============================================================================
restarts              : 1
conflicts             : 3              (77 /sec)
decisions             : 37269          (0.00 % random) (951201 /sec)
propagations          : 79020          (2016794 /sec)
conflict literals     : 4              (0.00 % deleted)
Memory used           : 15.19 MB
CPU time              : 0.039181 s

SATISFIABLE
