Reading from standard input... Use '--help' for help.
============================[ Problem Statistics ]=============================
|                                                                             |
|  Number of variables:         69608                                         |
|  Number of clauses:          118081                                         |
|  Parse time:                   0.03 s                                       |
|                                                                             |
============================[ Search Statistics ]==============================
| Conflicts |          ORIGINAL         |          LEARNT          | Progress |
|           |    Vars  Clauses Literals |    Limit  Clauses Lit/Cl |          |
===============================================================================
===============================================================================
restarts              : 1
conflicts             : 46             (1102 /sec)
decisions             : 34659          (0.00 % random) (830275 /sec)
propagations          : 147214         (3526591 /sec)
conflict literals     : 329            (8.61 % deleted)
Memory used           : 18.64 MB
CPU time              : 0.041744 s

UNSATISFIABLE
