Reading from standard input... Use '--help' for help.
============================[ Problem Statistics ]=============================
|                                                                             |
|  Number of variables:         69608                                         |
|  Number of clauses:          118081                                         |
|  Parse time:                   0.03 s                                       |
|                                                                             |
============================[ Search Statistics ]==============================
| Conflicts |          ORIGINAL         |          LEARNT          | Progress |
|           |    Vars  Clauses Literals |    Limit  Clauses Lit/Cl |          |
===============================================================================
===============================================================================
restarts              : 1
conflicts             : 23             (544 /sec)
decisions             : 45253          (0.00 % random) (1069710 /sec)
propagations          : 88796          (2098998 /sec)
conflict literals     : 232            (0.00 % deleted)
Memory used           : 16.47 MB
CPU time              : 0.042304 s

SATISFIABLE
