Reading from standard input... Use '--help' for help.
============================[ Problem Statistics ]=============================
|                                                                             |
|  Number of variables:         69608                                         |
|  Number of clauses:          118081                                         |
|  Parse time:                   0.03 s                                       |
|                                                                             |
============================[ Search Statistics ]==============================
| Conflicts |          ORIGINAL         |          LEARNT          | Progress |
|           |    Vars  Clauses Literals |    Limit  Clauses Lit/Cl |          |
===============================================================================
===============================================================================
restarts              : 1
conflicts             : 64             (1517 /sec)
decisions             : 44171          (0.00 % random) (1046781 /sec)
propagations          : 106839         (2531910 /sec)
conflict literals     : 390            (10.34 % deleted)
Memory used           : 15.67 MB
CPU time              : 0.042197 s

SATISFIABLE
