Reading from standard input... Use '--help' for help.
============================[ Problem Statistics ]=============================
|                                                                             |
|  Number of variables:         69608                                         |
|  Number of clauses:          118081                                         |
|  Parse time:                   0.02 s                                       |
|                                                                             |
============================[ Search Statistics ]==============================
| Conflicts |          ORIGINAL         |          LEARNT          | Progress |
|           |    Vars  Clauses Literals |    Limit  Clauses Lit/Cl |          |
===============================================================================
===============================================================================
restarts              : 1
conflicts             : 2              (66 /sec)
decisions             : 768            (0.00 % random) (25244 /sec)
propagations          : 18959          (623180 /sec)
conflict literals     : 1              (0.00 % deleted)
Memory used           : 15.32 MB
CPU time              : 0.030423 s

UNSATISFIABLE
