Reading from standard input... Use '--help' for help.
============================[ Problem Statistics ]=============================
|                                                                             |
|  Number of variables:         69608                                         |
|  Number of clauses:          118081                                         |
|  Parse time:                   0.02 s                                       |
|                                                                             |
============================[ Search Statistics ]==============================
| Conflicts |          ORIGINAL         |          LEARNT          | Progress |
|           |    Vars  Clauses Literals |    Limit  Clauses Lit/Cl |          |
===============================================================================
===============================================================================
restarts              : 1
conflicts             : 16             (634 /sec)
decisions             : 34130          (0.00 % random) (1351362 /sec)
propagations          : 69650          (2757761 /sec)
conflict literals     : 58             (0.00 % deleted)
Memory used           : 15.05 MB
CPU time              : 0.025256 s

SATISFIABLE
