Reading from standard input... Use '--help' for help.
============================[ Problem Statistics ]=============================
|                                                                             |
|  Number of variables:         87638                                         |
|  Number of clauses:          161767                                         |
|  Parse time:                   0.02 s                                       |
|                                                                             |
============================[ Search Statistics ]==============================
| Conflicts |          ORIGINAL         |          LEARNT          | Progress |
|           |    Vars  Clauses Literals |    Limit  Clauses Lit/Cl |          |
===============================================================================
|       100 |   65344   115906   289078 |    42498      100     19 | 25.439 % |
|       250 |   65344   115906   289078 |    46748      250     31 | 25.439 % |
|       475 |   65343   115862   288988 |    51423      474     84 | 25.440 % |
|       812 |   65343   115862   288988 |    56565      811     73 | 25.440 % |
|      1318 |   65343   115862   288988 |    62222     1317     77 | 25.440 % |
|      2077 |   65343   115862   288988 |    68444     2076     80 | 25.440 % |
|      3216 |   65343   115862   288988 |    75289     3215     88 | 25.440 % |
|      4924 |   65343   115862   288988 |    82818     4923     90 | 25.440 % |
|      7486 |   65138   115030   287073 |    91100     7481     94 | 25.674 % |
|     11330 |   65138   115030   287073 |   100210    11325     94 | 25.674 % |
|     17096 |   65138   115030   287073 |   110231    17091     97 | 25.674 % |
|     25745 |   57537    90195   226073 |   121254    24733     98 | 34.347 % |
|     38719 |   56877    87721   220032 |   133379    28325     90 | 35.100 % |
===============================================================================
restarts              : 127
conflicts             : 42911          (8727 /sec)
decisions             : 143728         (0.00 % random) (29232 /sec)
propagations          : 65476560       (13316800 /sec)
conflict literals     : 3703300        (53.66 % deleted)
Memory used           : 44.42 MB
CPU time              : 4.91684 s

INDETERMINATE
