Reading from standard input... Use '--help' for help.
============================[ Problem Statistics ]=============================
|                                                                             |
|  Number of variables:         69608                                         |
|  Number of clauses:          118081                                         |
|  Parse time:                   0.02 s                                       |
|                                                                             |
============================[ Search Statistics ]==============================
| Conflicts |          ORIGINAL         |          LEARNT          | Progress |
|           |    Vars  Clauses Literals |    Limit  Clauses Lit/Cl |          |
===============================================================================
===============================================================================
restarts              : 1
conflicts             : 14             (548 /sec)
decisions             : 38301          (0.00 % random) (1498123 /sec)
propagations          : 76403          (2988461 /sec)
conflict literals     : 40             (0.00 % deleted)
Memory used           : 14.85 MB
CPU time              : 0.025566 s

SATISFIABLE
