Reading from standard input... Use '--help' for help.
============================[ Problem Statistics ]=============================
|                                                                             |
|  Number of variables:         69608                                         |
|  Number of clauses:          118081                                         |
|  Parse time:                   0.01 s                                       |
|                                                                             |
============================[ Search Statistics ]==============================
| Conflicts |          ORIGINAL         |          LEARNT          | Progress |
|           |    Vars  Clauses Literals |    Limit  Clauses Lit/Cl |          |
===============================================================================
===============================================================================
restarts              : 1
conflicts             : 65             (3137 /sec)
decisions             : 37494          (0.00 % random) (1809556 /sec)
propagations          : 91544          (4418147 /sec)
conflict literals     : 480            (6.25 % deleted)
Memory used           : 12.97 MB
CPU time              : 0.02072 s

SATISFIABLE
