Reading from standard input... Use '--help' for help.
============================[ Problem Statistics ]=============================
|                                                                             |
|  Number of variables:         87638                                         |
|  Number of clauses:          161767                                         |
|  Parse time:                   0.02 s                                       |
|                                                                             |
============================[ Search Statistics ]==============================
| Conflicts |          ORIGINAL         |          LEARNT          | Progress |
|           |    Vars  Clauses Literals |    Limit  Clauses Lit/Cl |          |
===============================================================================
|       100 |   65317   115801   288863 |    42460      100     45 | 25.470 % |
|       250 |   65317   115801   288863 |    46706      250     48 | 25.470 % |
|       475 |   65317   115801   288863 |    51377      475     48 | 25.470 % |
|       812 |   59241    96666   241616 |    56514      808     50 | 32.403 % |
|      1318 |   59226    96589   241426 |    62166     1225     51 | 32.420 % |
|      2077 |   59197    96529   241292 |    68382     1974     57 | 32.453 % |
|      3216 |   59068    95902   239845 |    75221     3109     69 | 32.600 % |
|      4924 |   59060    95769   239518 |    82743     4744     67 | 32.609 % |
|      7486 |   58580    94241   235974 |    91017     7274     78 | 33.157 % |
|     11330 |   58083    92015   230740 |   100119    10974     85 | 33.724 % |
|     17096 |   57781    91260   228987 |   110131    14356     87 | 34.069 % |
|     25745 |   56569    86538   217417 |   121144    18510     79 | 35.452 % |
|     38719 |   56250    85423   214740 |   133258    25857     77 | 35.816 % |
===============================================================================
restarts              : 127
conflicts             : 43997          (9434 /sec)
decisions             : 145827         (0.00 % random) (31269 /sec)
propagations          : 62007282       (13295904 /sec)
conflict literals     : 3340890        (48.24 % deleted)
Memory used           : 40.94 MB
CPU time              : 4.66364 s

UNSATISFIABLE
