Reading from standard input... Use '--help' for help.
============================[ Problem Statistics ]=============================
|                                                                             |
|  Number of variables:         69608                                         |
|  Number of clauses:          118081                                         |
|  Parse time:                   0.01 s                                       |
|                                                                             |
============================[ Search Statistics ]==============================
| Conflicts |          ORIGINAL         |          LEARNT          | Progress |
|           |    Vars  Clauses Literals |    Limit  Clauses Lit/Cl |          |
===============================================================================
===============================================================================
restarts              : 1
conflicts             : 44             (2077 /sec)
decisions             : 44047          (0.00 % random) (2078767 /sec)
propagations          : 97945          (4622446 /sec)
conflict literals     : 153            (0.00 % deleted)
Memory used           : 12.87 MB
CPU time              : 0.021189 s

SATISFIABLE
