Reading from standard input... Use '--help' for help.
============================[ Problem Statistics ]=============================
|                                                                             |
|  Number of variables:         69608                                         |
|  Number of clauses:          118081                                         |
|  Parse time:                   0.02 s                                       |
|                                                                             |
============================[ Search Statistics ]==============================
| Conflicts |          ORIGINAL         |          LEARNT          | Progress |
|           |    Vars  Clauses Literals |    Limit  Clauses Lit/Cl |          |
===============================================================================
===============================================================================
restarts              : 1
conflicts             : 13             (508 /sec)
decisions             : 36753          (0.00 % random) (1436618 /sec)
propagations          : 74085          (2895868 /sec)
conflict literals     : 39             (0.00 % deleted)
Memory used           : 15.16 MB
CPU time              : 0.025583 s

SATISFIABLE
