Reading from standard input... Use '--help' for help.
============================[ Problem Statistics ]=============================
|                                                                             |
|  Number of variables:         87638                                         |
|  Number of clauses:          161767                                         |
|  Parse time:                   0.03 s                                       |
|                                                                             |
============================[ Search Statistics ]==============================
| Conflicts |          ORIGINAL         |          LEARNT          | Progress |
|           |    Vars  Clauses Literals |    Limit  Clauses Lit/Cl |          |
===============================================================================
|       100 |   64373   112430   280838 |    41224      100      7 | 26.547 % |
|       250 |   64373   112430   280838 |    45346      250     30 | 26.547 % |
|       475 |   64369   112414   280794 |    49881      432     26 | 26.551 % |
|       812 |   64368   112370   280704 |    54869      767     53 | 26.553 % |
|      1318 |   64368   112370   280704 |    60356     1273     55 | 26.553 % |
|      2077 |   64368   112370   280704 |    66392     2032     56 | 26.552 % |
|      3216 |   64349   112294   280528 |    73031     3170     73 | 26.574 % |
|      4924 |   64349   112294   280528 |    80334     4878     97 | 26.574 % |
|      7486 |   64305   112114   280114 |    88368     7436    106 | 26.624 % |
|     11330 |   64305   112114   280114 |    97204    11280    104 | 26.624 % |
|     17096 |   64305   112114   280114 |   106925    17046    123 | 26.624 % |
|     25745 |   53427    79276   199700 |   117617    23685    110 | 39.037 % |
===============================================================================
restarts              : 126
conflicts             : 35956          (7704 /sec)
decisions             : 106465         (0.00 % random) (22810 /sec)
propagations          : 55051849       (11794966 /sec)
conflict literals     : 3486228        (52.28 % deleted)
Memory used           : 47.04 MB
CPU time              : 4.6674 s

INDETERMINATE
