Reading from standard input... Use '--help' for help.
============================[ Problem Statistics ]=============================
|                                                                             |
|  Number of variables:         69608                                         |
|  Number of clauses:          118081                                         |
|  Parse time:                   0.02 s                                       |
|                                                                             |
============================[ Search Statistics ]==============================
| Conflicts |          ORIGINAL         |          LEARNT          | Progress |
|           |    Vars  Clauses Literals |    Limit  Clauses Lit/Cl |          |
===============================================================================
===============================================================================
restarts              : 1
conflicts             : 36             (1120 /sec)
decisions             : 5759           (0.00 % random) (179135 /sec)
propagations          : 27663          (860462 /sec)
conflict literals     : 122            (0.00 % deleted)
Memory used           : 18.04 MB
CPU time              : 0.032149 s

UNSATISFIABLE
