Reading from standard input... Use '--help' for help.
============================[ Problem Statistics ]=============================
|                                                                             |
|  Number of variables:         87638                                         |
|  Number of clauses:          161767                                         |
|  Parse time:                   0.03 s                                       |
|                                                                             |
============================[ Search Statistics ]==============================
| Conflicts |          ORIGINAL         |          LEARNT          | Progress |
|           |    Vars  Clauses Literals |    Limit  Clauses Lit/Cl |          |
===============================================================================
|       100 |   62431   105576   263285 |    38711      100      9 | 28.763 % |
|       250 |   62431   105576   263285 |    42582      250     33 | 28.763 % |
|       475 |   62431   105576   263285 |    46840      475     45 | 28.763 % |
|       812 |   62430   105532   263195 |    51524      811     50 | 28.764 % |
|      1318 |   62430   105532   263195 |    56677     1317     56 | 28.764 % |
|      2077 |   62430   105532   263195 |    62344     2076     64 | 28.764 % |
|      3216 |   62430   105532   263195 |    68579     3215     72 | 28.764 % |
|      4924 |   62430   105532   263195 |    75437     4923     79 | 28.764 % |
|      7486 |   62219   104690   261209 |    82980     7453     83 | 29.005 % |
|     11330 |   62103   104123   259975 |    91278     9933     79 | 29.137 % |
|     17096 |   53527    77244   194245 |   100406    13819     88 | 38.923 % |
===============================================================================
restarts              : 63
conflicts             : 17297          (9334 /sec)
decisions             : 61094          (0.00 % random) (32969 /sec)
propagations          : 22178995       (11968713 /sec)
conflict literals     : 1507259        (51.02 % deleted)
Memory used           : 26.62 MB
CPU time              : 1.85308 s

UNSATISFIABLE
