Reading from standard input... Use '--help' for help.
============================[ Problem Statistics ]=============================
|                                                                             |
|  Number of variables:         69608                                         |
|  Number of clauses:          118081                                         |
|  Parse time:                   0.02 s                                       |
|                                                                             |
============================[ Search Statistics ]==============================
| Conflicts |          ORIGINAL         |          LEARNT          | Progress |
|           |    Vars  Clauses Literals |    Limit  Clauses Lit/Cl |          |
===============================================================================
===============================================================================
restarts              : 1
conflicts             : 56             (2071 /sec)
decisions             : 44537          (0.00 % random) (1646957 /sec)
propagations          : 99229          (3669440 /sec)
conflict literals     : 192            (0.00 % deleted)
Memory used           : 16.43 MB
CPU time              : 0.027042 s

SATISFIABLE
