Reading from standard input... Use '--help' for help.
============================[ Problem Statistics ]=============================
|                                                                             |
|  Number of variables:         69608                                         |
|  Number of clauses:          118081                                         |
|  Parse time:                   0.02 s                                       |
|                                                                             |
============================[ Search Statistics ]==============================
| Conflicts |          ORIGINAL         |          LEARNT          | Progress |
|           |    Vars  Clauses Literals |    Limit  Clauses Lit/Cl |          |
===============================================================================
===============================================================================
restarts              : 1
conflicts             : 20             (758 /sec)
decisions             : 6128           (0.00 % random) (232253 /sec)
propagations          : 30159          (1143036 /sec)
conflict literals     : 62             (0.00 % deleted)
Memory used           : 16.24 MB
CPU time              : 0.026385 s

UNSATISFIABLE
