Reading from standard input... Use '--help' for help.
============================[ Problem Statistics ]=============================
|                                                                             |
|  Number of variables:         87638                                         |
|  Number of clauses:          161767                                         |
|  Parse time:                   0.04 s                                       |
|                                                                             |
============================[ Search Statistics ]==============================
| Conflicts |          ORIGINAL         |          LEARNT          | Progress |
|           |    Vars  Clauses Literals |    Limit  Clauses Lit/Cl |          |
===============================================================================
|       100 |   66474   120237   299183 |    44086      100     14 | 24.149 % |
|       250 |   66474   120237   299183 |    48495      250     28 | 24.149 % |
|       475 |   63296   120153   298990 |    53345      470     35 | 27.776 % |
|       812 |   63296   109041   271374 |    58679      804     40 | 27.776 % |
|      1318 |   62830   107571   267948 |    64547     1298     57 | 28.307 % |
|      2077 |   62830   107179   267022 |    71002     2043     54 | 28.307 % |
|      3216 |   62771   106978   266536 |    78102     3177     69 | 28.375 % |
|      4924 |   62668   106521   265498 |    85912     4868     66 | 28.492 % |
|      7486 |   62666   106511   265474 |    94504     7428     76 | 28.494 % |
|     11330 |   61849   103716   258832 |   103954    10558     78 | 29.427 % |
|     17096 |   60843   100135   250006 |   114350    13321     83 | 30.575 % |
===============================================================================
restarts              : 70
conflicts             : 20289          (7013 /sec)
decisions             : 109980         (0.00 % random) (38017 /sec)
propagations          : 27513540       (9510772 /sec)
conflict literals     : 1533811        (37.03 % deleted)
Memory used           : 42.48 MB
CPU time              : 2.89288 s

INDETERMINATE
