Reading from standard input... Use '--help' for help.
============================[ Problem Statistics ]=============================
|                                                                             |
|  Number of variables:         87638                                         |
|  Number of clauses:          161767                                         |
|  Parse time:                   0.02 s                                       |
|                                                                             |
============================[ Search Statistics ]==============================
| Conflicts |          ORIGINAL         |          LEARNT          | Progress |
|           |    Vars  Clauses Literals |    Limit  Clauses Lit/Cl |          |
===============================================================================
|       100 |   64389   112459   280948 |    41234      100     19 | 26.528 % |
|       250 |   64389   112459   280948 |    45358      250     16 | 26.529 % |
|       475 |   64389   112459   280948 |    49894      475     33 | 26.528 % |
|       812 |   64388   112415   280858 |    54883      810     32 | 26.530 % |
|      1318 |   64380   112383   280770 |    60372     1130     35 | 26.539 % |
|      2077 |   53947    81511   204972 |    66409     1865     49 | 38.443 % |
|      3216 |   53896    81355   204600 |    73050     2994     53 | 38.502 % |
|      4924 |   53755    80766   203141 |    80355     4691     59 | 38.662 % |
|      7486 |   53239    79126   199026 |    88390     7175     84 | 39.251 % |
|     11330 |   52830    77557   195283 |    97229    10977     82 | 39.718 % |
|     17096 |   52600    76555   192831 |   106952    13810     76 | 39.980 % |
|     25745 |   52353    75615   190580 |   117648    19655     73 | 40.262 % |
===============================================================================
restarts              : 126
conflicts             : 36535          (8641 /sec)
decisions             : 102340         (0.00 % random) (24206 /sec)
propagations          : 54969187       (13001519 /sec)
conflict literals     : 2554267        (50.49 % deleted)
Memory used           : 40.66 MB
CPU time              : 4.2279 s

UNSATISFIABLE
