Reading from standard input... Use '--help' for help.
============================[ Problem Statistics ]=============================
|                                                                             |
|  Number of variables:         69608                                         |
|  Number of clauses:          118081                                         |
|  Parse time:                   0.02 s                                       |
|                                                                             |
============================[ Search Statistics ]==============================
| Conflicts |          ORIGINAL         |          LEARNT          | Progress |
|           |    Vars  Clauses Literals |    Limit  Clauses Lit/Cl |          |
===============================================================================
===============================================================================
restarts              : 1
conflicts             : 43             (1576 /sec)
decisions             : 66824          (0.00 % random) (2448932 /sec)
propagations          : 126765         (4645619 /sec)
conflict literals     : 144            (0.00 % deleted)
Memory used           : 18.28 MB
CPU time              : 0.027287 s

SATISFIABLE
