Reading from standard input... Use '--help' for help.
============================[ Problem Statistics ]=============================
|                                                                             |
|  Number of variables:         87638                                         |
|  Number of clauses:          161767                                         |
|  Parse time:                   0.02 s                                       |
|                                                                             |
============================[ Search Statistics ]==============================
| Conflicts |          ORIGINAL         |          LEARNT          | Progress |
|           |    Vars  Clauses Literals |    Limit  Clauses Lit/Cl |          |
===============================================================================
|       100 |   65127   115239   287225 |    42254      100     16 | 25.686 % |
|       250 |   65127   115239   287225 |    46479      250     27 | 25.686 % |
|       475 |   65127   115239   287225 |    51127      475    138 | 25.686 % |
|       812 |   65127   115239   287225 |    56240      812    119 | 25.686 % |
|      1318 |   65127   115239   287225 |    61864     1318     99 | 25.686 % |
|      2077 |   65125   115234   287213 |    68050     2075     86 | 25.689 % |
|      3216 |   65124   115185   287111 |    74856     3212     83 | 25.690 % |
|      4924 |   65124   115185   287111 |    82341     4920     77 | 25.690 % |
|      7486 |   65105   115109   286935 |    90575     7481     75 | 25.711 % |
|     11330 |   65087   115035   286764 |    99633    11322     76 | 25.732 % |
|     17096 |   65070   114967   286604 |   109596    17085     85 | 25.751 % |
===============================================================================
restarts              : 77
conflicts             : 21359          (11332 /sec)
decisions             : 95045          (0.00 % random) (50425 /sec)
propagations          : 27756727       (14725867 /sec)
conflict literals     : 1778355        (48.24 % deleted)
Memory used           : 36.99 MB
CPU time              : 1.8849 s

UNSATISFIABLE
