Reading from standard input... Use '--help' for help.
============================[ Problem Statistics ]=============================
|                                                                             |
|  Number of variables:         69608                                         |
|  Number of clauses:          118081                                         |
|  Parse time:                   0.02 s                                       |
|                                                                             |
============================[ Search Statistics ]==============================
| Conflicts |          ORIGINAL         |          LEARNT          | Progress |
|           |    Vars  Clauses Literals |    Limit  Clauses Lit/Cl |          |
===============================================================================
===============================================================================
restarts              : 1
conflicts             : 12             (415 /sec)
decisions             : 6397           (0.00 % random) (221441 /sec)
propagations          : 32031          (1108800 /sec)
conflict literals     : 20             (0.00 % deleted)
Memory used           : 15.77 MB
CPU time              : 0.028888 s

UNSATISFIABLE
