Reading from standard input... Use '--help' for help.
============================[ Problem Statistics ]=============================
|                                                                             |
|  Number of variables:         87638                                         |
|  Number of clauses:          161767                                         |
|  Parse time:                   0.03 s                                       |
|                                                                             |
============================[ Search Statistics ]==============================
| Conflicts |          ORIGINAL         |          LEARNT          | Progress |
|           |    Vars  Clauses Literals |    Limit  Clauses Lit/Cl |          |
===============================================================================
|       100 |   65084   115234   287172 |    42252       99     19 | 25.735 % |
|       250 |   65084   115090   286831 |    46477      249     32 | 25.735 % |
|       475 |   65084   115090   286831 |    51125      474     47 | 25.735 % |
|       812 |   65084   115090   286831 |    56238      811     47 | 25.735 % |
|      1318 |   65084   115090   286831 |    61861     1317     72 | 25.735 % |
|      2077 |   65084   115090   286831 |    68048     2076     67 | 25.735 % |
|      3216 |   65083   115046   286741 |    74852     3212     66 | 25.737 % |
|      4924 |   60773   114740   286040 |    82338     4916     63 | 30.655 % |
|      7486 |   60757   100345   250309 |    90571     7459     75 | 30.673 % |
|     11330 |   60608    99814   249067 |    99629    11296     79 | 30.843 % |
|     17096 |   59586    96480   240297 |   109592    16589     78 | 32.009 % |
|     25745 |   59284    95249   237480 |   120551    17875     85 | 32.354 % |
===============================================================================
restarts              : 94
conflicts             : 25952          (9891 /sec)
decisions             : 95601          (0.00 % random) (36436 /sec)
propagations          : 34831984       (13275502 /sec)
conflict literals     : 2165068        (47.35 % deleted)
Memory used           : 38.42 MB
CPU time              : 2.62378 s

UNSATISFIABLE
