Reading from standard input... Use '--help' for help.
============================[ Problem Statistics ]=============================
|                                                                             |
|  Number of variables:         69608                                         |
|  Number of clauses:          118081                                         |
|  Parse time:                   0.02 s                                       |
|                                                                             |
============================[ Search Statistics ]==============================
| Conflicts |          ORIGINAL         |          LEARNT          | Progress |
|           |    Vars  Clauses Literals |    Limit  Clauses Lit/Cl |          |
===============================================================================
===============================================================================
restarts              : 1
conflicts             : 30             (1019 /sec)
decisions             : 12435          (0.00 % random) (422169 /sec)
propagations          : 46393          (1575047 /sec)
conflict literals     : 94             (0.00 % deleted)
Memory used           : 15.04 MB
CPU time              : 0.029455 s

UNSATISFIABLE
