Reading from standard input... Use '--help' for help.
============================[ Problem Statistics ]=============================
|                                                                             |
|  Number of variables:         69608                                         |
|  Number of clauses:          118081                                         |
|  Parse time:                   0.02 s                                       |
|                                                                             |
============================[ Search Statistics ]==============================
| Conflicts |          ORIGINAL         |          LEARNT          | Progress |
|           |    Vars  Clauses Literals |    Limit  Clauses Lit/Cl |          |
===============================================================================
===============================================================================
restarts              : 1
conflicts             : 40             (1323 /sec)
decisions             : 13281          (0.00 % random) (439259 /sec)
propagations          : 45462          (1503622 /sec)
conflict literals     : 128            (0.00 % deleted)
Memory used           : 14.94 MB
CPU time              : 0.030235 s

UNSATISFIABLE
