Reading from standard input... Use '--help' for help.
============================[ Problem Statistics ]=============================
|                                                                             |
|  Number of variables:         69608                                         |
|  Number of clauses:          118081                                         |
|  Parse time:                   0.03 s                                       |
|                                                                             |
============================[ Search Statistics ]==============================
| Conflicts |          ORIGINAL         |          LEARNT          | Progress |
|           |    Vars  Clauses Literals |    Limit  Clauses Lit/Cl |          |
===============================================================================
===============================================================================
restarts              : 1
conflicts             : 69             (1989 /sec)
decisions             : 39956          (0.00 % random) (1151536 /sec)
propagations          : 107403         (3095366 /sec)
conflict literals     : 842            (5.92 % deleted)
Memory used           : 15.65 MB
CPU time              : 0.034698 s

SATISFIABLE
