Reading from standard input... Use '--help' for help.
============================[ Problem Statistics ]=============================
|                                                                             |
|  Number of variables:         69608                                         |
|  Number of clauses:          118081                                         |
|  Parse time:                   0.01 s                                       |
|                                                                             |
============================[ Search Statistics ]==============================
| Conflicts |          ORIGINAL         |          LEARNT          | Progress |
|           |    Vars  Clauses Literals |    Limit  Clauses Lit/Cl |          |
===============================================================================
===============================================================================
restarts              : 1
conflicts             : 56             (2812 /sec)
decisions             : 33888          (0.00 % random) (1701717 /sec)
propagations          : 69750          (3502561 /sec)
conflict literals     : 208            (0.00 % deleted)
Memory used           : 13.13 MB
CPU time              : 0.019914 s

SATISFIABLE
