Reading from standard input... Use '--help' for help.
============================[ Problem Statistics ]=============================
|                                                                             |
|  Number of variables:         69608                                         |
|  Number of clauses:          118081                                         |
|  Parse time:                   0.03 s                                       |
|                                                                             |
============================[ Search Statistics ]==============================
| Conflicts |          ORIGINAL         |          LEARNT          | Progress |
|           |    Vars  Clauses Literals |    Limit  Clauses Lit/Cl |          |
===============================================================================
===============================================================================
restarts              : 1
conflicts             : 19             (553 /sec)
decisions             : 10437          (0.00 % random) (303958 /sec)
propagations          : 42509          (1237994 /sec)
conflict literals     : 45             (0.00 % deleted)
Memory used           : 16.64 MB
CPU time              : 0.034337 s

UNSATISFIABLE
