Reading from standard input... Use '--help' for help.
============================[ Problem Statistics ]=============================
|                                                                             |
|  Number of variables:         69608                                         |
|  Number of clauses:          118081                                         |
|  Parse time:                   0.02 s                                       |
|                                                                             |
============================[ Search Statistics ]==============================
| Conflicts |          ORIGINAL         |          LEARNT          | Progress |
|           |    Vars  Clauses Literals |    Limit  Clauses Lit/Cl |          |
===============================================================================
===============================================================================
restarts              : 1
conflicts             : 8              (224 /sec)
decisions             : 34099          (0.00 % random) (954833 /sec)
propagations          : 69630          (1949765 /sec)
conflict literals     : 28             (0.00 % deleted)
Memory used           : 16.69 MB
CPU time              : 0.035712 s

SATISFIABLE
