Reading from standard input... Use '--help' for help.
============================[ Problem Statistics ]=============================
|                                                                             |
|  Number of variables:         69608                                         |
|  Number of clauses:          118081                                         |
|  Parse time:                   0.01 s                                       |
|                                                                             |
============================[ Search Statistics ]==============================
| Conflicts |          ORIGINAL         |          LEARNT          | Progress |
|           |    Vars  Clauses Literals |    Limit  Clauses Lit/Cl |          |
===============================================================================
===============================================================================
restarts              : 1
conflicts             : 82             (3559 /sec)
decisions             : 34041          (0.00 % random) (1477346 /sec)
propagations          : 86483          (3753277 /sec)
conflict literals     : 511            (5.55 % deleted)
Memory used           : 15.21 MB
CPU time              : 0.023042 s

SATISFIABLE
