Reading from standard input... Use '--help' for help.
============================[ Problem Statistics ]=============================
|                                                                             |
|  Number of variables:         87638                                         |
|  Number of clauses:          161767                                         |
|  Parse time:                   0.04 s                                       |
|                                                                             |
============================[ Search Statistics ]==============================
| Conflicts |          ORIGINAL         |          LEARNT          | Progress |
|           |    Vars  Clauses Literals |    Limit  Clauses Lit/Cl |          |
===============================================================================
|       100 |   62758   106533   266124 |    39062      100     14 | 28.390 % |
|       250 |   62734   106433   265895 |    42968      248     25 | 28.417 % |
|       475 |   62734   106433   265895 |    47265      473     89 | 28.417 % |
|       812 |   62734   106433   265895 |    51991      810     95 | 28.417 % |
|      1318 |   62734   106433   265895 |    57190     1316    137 | 28.417 % |
|      2077 |   62733   106389   265805 |    62909     2070    121 | 28.418 % |
|      3216 |   62733   106389   265805 |    69200     3209    115 | 28.418 % |
|      4924 |   62733   106389   265805 |    76120     4917    100 | 28.418 % |
|      7486 |   62715   106315   265634 |    83733     7477     95 | 28.439 % |
|     11330 |   52974   106172   265322 |    92106    10843     93 | 39.554 % |
|     17096 |   52792    75777   190354 |   101317    16342     80 | 39.761 % |
===============================================================================
restarts              : 65
conflicts             : 19421          (7452 /sec)
decisions             : 58765          (0.00 % random) (22548 /sec)
propagations          : 24096258       (9245478 /sec)
conflict literals     : 1488108        (50.56 % deleted)
Memory used           : 39.25 MB
CPU time              : 2.60628 s

UNSATISFIABLE
