Reading from standard input... Use '--help' for help.
============================[ Problem Statistics ]=============================
|                                                                             |
|  Number of variables:         87638                                         |
|  Number of clauses:          161767                                         |
|  Parse time:                   0.03 s                                       |
|                                                                             |
============================[ Search Statistics ]==============================
| Conflicts |          ORIGINAL         |          LEARNT          | Progress |
|           |    Vars  Clauses Literals |    Limit  Clauses Lit/Cl |          |
===============================================================================
|       100 |   65118   115170   287427 |    42229      100     16 | 25.697 % |
|       250 |   65035   115137   287343 |    46451      246     14 | 25.791 % |
|       475 |   65035   114861   286610 |    51097      414     28 | 25.791 % |
|       812 |   65034   114817   286520 |    56206      750     52 | 25.792 % |
|      1318 |   65034   114817   286520 |    61827     1256     55 | 25.792 % |
|      2077 |   65034   114817   286520 |    68010     2015     92 | 25.792 % |
|      3216 |   65010   114717   286291 |    74811     3153    106 | 25.820 % |
|      4924 |   55588    85402   214464 |    82292     4773     91 | 36.571 % |
|      7486 |   55451    84934   213368 |    90521     7320     83 | 36.727 % |
|     11330 |   55281    84176   211579 |    99573    11136     83 | 36.921 % |
|     17096 |   55049    83504   209999 |   109531    16867     76 | 37.186 % |
|     25745 |   54925    82712   208122 |   120484    23730     74 | 37.327 % |
===============================================================================
restarts              : 123
conflicts             : 32543          (6768 /sec)
decisions             : 114605         (0.00 % random) (23835 /sec)
propagations          : 54720441       (11380300 /sec)
conflict literals     : 2290510        (44.79 % deleted)
Memory used           : 38.78 MB
CPU time              : 4.80835 s

INDETERMINATE
