Reading from standard input... Use '--help' for help.
============================[ Problem Statistics ]=============================
|                                                                             |
|  Number of variables:         69608                                         |
|  Number of clauses:          118081                                         |
|  Parse time:                   0.02 s                                       |
|                                                                             |
============================[ Search Statistics ]==============================
| Conflicts |          ORIGINAL         |          LEARNT          | Progress |
|           |    Vars  Clauses Literals |    Limit  Clauses Lit/Cl |          |
===============================================================================
===============================================================================
restarts              : 1
conflicts             : 43             (1652 /sec)
decisions             : 66525          (0.00 % random) (2556196 /sec)
propagations          : 130318         (5007416 /sec)
conflict literals     : 136            (0.00 % deleted)
Memory used           : 15.73 MB
CPU time              : 0.026025 s

SATISFIABLE
