Reading from standard input... Use '--help' for help.
============================[ Problem Statistics ]=============================
|                                                                             |
|  Number of variables:         69608                                         |
|  Number of clauses:          118081                                         |
|  Parse time:                   0.03 s                                       |
|                                                                             |
============================[ Search Statistics ]==============================
| Conflicts |          ORIGINAL         |          LEARNT          | Progress |
|           |    Vars  Clauses Literals |    Limit  Clauses Lit/Cl |          |
===============================================================================
===============================================================================
restarts              : 1
conflicts             : 5              (134 /sec)
decisions             : 4197           (0.00 % random) (112312 /sec)
propagations          : 29766          (796543 /sec)
conflict literals     : 5              (0.00 % deleted)
Memory used           : 17.59 MB
CPU time              : 0.037369 s

UNSATISFIABLE
