Reading from standard input... Use '--help' for help.
============================[ Problem Statistics ]=============================
|                                                                             |
|  Number of variables:         69608                                         |
|  Number of clauses:          118081                                         |
|  Parse time:                   0.02 s                                       |
|                                                                             |
============================[ Search Statistics ]==============================
| Conflicts |          ORIGINAL         |          LEARNT          | Progress |
|           |    Vars  Clauses Literals |    Limit  Clauses Lit/Cl |          |
===============================================================================
===============================================================================
restarts              : 1
conflicts             : 53             (2239 /sec)
decisions             : 35852          (0.00 % random) (1514724 /sec)
propagations          : 73354          (3099159 /sec)
conflict literals     : 189            (0.00 % deleted)
Memory used           : 12.93 MB
CPU time              : 0.023669 s

SATISFIABLE
