Reading from standard input... Use '--help' for help.
============================[ Problem Statistics ]=============================
|                                                                             |
|  Number of variables:         87638                                         |
|  Number of clauses:          161767                                         |
|  Parse time:                   0.03 s                                       |
|                                                                             |
============================[ Search Statistics ]==============================
| Conflicts |          ORIGINAL         |          LEARNT          | Progress |
|           |    Vars  Clauses Literals |    Limit  Clauses Lit/Cl |          |
===============================================================================
|       100 |   63694   109936   274939 |    40309      100     40 | 27.321 % |
|       250 |   63694   109936   274939 |    44340      250     58 | 27.321 % |
|       475 |   63693   109892   274849 |    48774      472     57 | 27.323 % |
|       812 |   63693   109892   274849 |    53652      809     58 | 27.323 % |
|      1318 |   63693   109892   274849 |    59017     1315     53 | 27.323 % |
|      2077 |   63674   109816   274673 |    64919     2072     89 | 27.344 % |
|      3216 |   63674   109816   274673 |    71411     3211     97 | 27.344 % |
|      4924 |   48728    66280   168027 |    78552     4779     91 | 44.399 % |
|      7486 |   48034    63562   161265 |    86407     6926     73 | 45.190 % |
===============================================================================
restarts              : 46
conflicts             : 11036          (8753 /sec)
decisions             : 31898          (0.00 % random) (25299 /sec)
propagations          : 17514388       (13891235 /sec)
conflict literals     : 666398         (47.73 % deleted)
Memory used           : 29.89 MB
CPU time              : 1.26082 s

UNSATISFIABLE
