Reading from standard input... Use '--help' for help.
============================[ Problem Statistics ]=============================
|                                                                             |
|  Number of variables:         69608                                         |
|  Number of clauses:          118081                                         |
|  Parse time:                   0.02 s                                       |
|                                                                             |
============================[ Search Statistics ]==============================
| Conflicts |          ORIGINAL         |          LEARNT          | Progress |
|           |    Vars  Clauses Literals |    Limit  Clauses Lit/Cl |          |
===============================================================================
===============================================================================
restarts              : 1
conflicts             : 25             (819 /sec)
decisions             : 5717           (0.00 % random) (187344 /sec)
propagations          : 25170          (824813 /sec)
conflict literals     : 73             (0.00 % deleted)
Memory used           : 14.99 MB
CPU time              : 0.030516 s

UNSATISFIABLE
