Reading from standard input... Use '--help' for help.
============================[ Problem Statistics ]=============================
|                                                                             |
|  Number of variables:         87638                                         |
|  Number of clauses:          161767                                         |
|  Parse time:                   0.03 s                                       |
|                                                                             |
============================[ Search Statistics ]==============================
| Conflicts |          ORIGINAL         |          LEARNT          | Progress |
|           |    Vars  Clauses Literals |    Limit  Clauses Lit/Cl |          |
===============================================================================
|       100 |   65246   115598   288271 |    42385       99     18 | 25.551 % |
|       250 |   65246   115554   288181 |    46624      249     24 | 25.551 % |
|       475 |   65246   115554   288181 |    51286      474     32 | 25.551 % |
|       812 |   59860    98417   245744 |    56415      804     42 | 31.696 % |
|      1318 |   59837    98329   245526 |    62057     1309     58 | 31.723 % |
|      2077 |   59742    98013   244760 |    68262     2065     57 | 31.831 % |
|      3216 |   59718    97913   244531 |    75089     3201     59 | 31.858 % |
|      4924 |   59717    97908   244519 |    82598     4908     68 | 31.859 % |
|      7486 |   58026    92113   229943 |    90858     6596     62 | 33.789 % |
|     11330 |   57954    91793   229175 |    99943    10420     64 | 33.871 % |
|     17096 |   57916    91615   228746 |   109938    16174     68 | 33.915 % |
===============================================================================
restarts              : 93
conflicts             : 25183          (9010 /sec)
decisions             : 87098          (0.00 % random) (31163 /sec)
propagations          : 31401520       (11235120 /sec)
conflict literals     : 1699626        (48.79 % deleted)
Memory used           : 41.84 MB
CPU time              : 2.79494 s

UNSATISFIABLE
