Reading from standard input... Use '--help' for help.
============================[ Problem Statistics ]=============================
|                                                                             |
|  Number of variables:         69608                                         |
|  Number of clauses:          118081                                         |
|  Parse time:                   0.03 s                                       |
|                                                                             |
============================[ Search Statistics ]==============================
| Conflicts |          ORIGINAL         |          LEARNT          | Progress |
|           |    Vars  Clauses Literals |    Limit  Clauses Lit/Cl |          |
===============================================================================
===============================================================================
restarts              : 1
conflicts             : 58             (1561 /sec)
decisions             : 38870          (0.00 % random) (1045820 /sec)
propagations          : 97891          (2633815 /sec)
conflict literals     : 529            (6.04 % deleted)
Memory used           : 18.44 MB
CPU time              : 0.037167 s

SATISFIABLE
