Reading from standard input... Use '--help' for help.
============================[ Problem Statistics ]=============================
|                                                                             |
|  Number of variables:         69608                                         |
|  Number of clauses:          118081                                         |
|  Parse time:                   0.02 s                                       |
|                                                                             |
============================[ Search Statistics ]==============================
| Conflicts |          ORIGINAL         |          LEARNT          | Progress |
|           |    Vars  Clauses Literals |    Limit  Clauses Lit/Cl |          |
===============================================================================
===============================================================================
restarts              : 1
conflicts             : 45             (1816 /sec)
decisions             : 37328          (0.00 % random) (1506680 /sec)
propagations          : 78504          (3168678 /sec)
conflict literals     : 148            (0.00 % deleted)
Memory used           : 14.91 MB
CPU time              : 0.024775 s

SATISFIABLE
