Reading from standard input... Use '--help' for help.
============================[ Problem Statistics ]=============================
|                                                                             |
|  Number of variables:         69608                                         |
|  Number of clauses:          118081                                         |
|  Parse time:                   0.03 s                                       |
|                                                                             |
============================[ Search Statistics ]==============================
| Conflicts |          ORIGINAL         |          LEARNT          | Progress |
|           |    Vars  Clauses Literals |    Limit  Clauses Lit/Cl |          |
===============================================================================
===============================================================================
restarts              : 1
conflicts             : 32             (880 /sec)
decisions             : 41257          (0.00 % random) (1134057 /sec)
propagations          : 92321          (2537686 /sec)
conflict literals     : 271            (7.51 % deleted)
Memory used           : 17.81 MB
CPU time              : 0.03638 s

SATISFIABLE
