Reading from standard input... Use '--help' for help.
============================[ Problem Statistics ]=============================
|                                                                             |
|  Number of variables:         69608                                         |
|  Number of clauses:          118081                                         |
|  Parse time:                   0.02 s                                       |
|                                                                             |
============================[ Search Statistics ]==============================
| Conflicts |          ORIGINAL         |          LEARNT          | Progress |
|           |    Vars  Clauses Literals |    Limit  Clauses Lit/Cl |          |
===============================================================================
===============================================================================
restarts              : 1
conflicts             : 43             (1886 /sec)
decisions             : 41913          (0.00 % random) (1837967 /sec)
propagations          : 95065          (4168786 /sec)
conflict literals     : 152            (0.00 % deleted)
Memory used           : 12.96 MB
CPU time              : 0.022804 s

SATISFIABLE
