Reading from standard input... Use '--help' for help.
============================[ Problem Statistics ]=============================
|                                                                             |
|  Number of variables:         69608                                         |
|  Number of clauses:          118081                                         |
|  Parse time:                   0.02 s                                       |
|                                                                             |
============================[ Search Statistics ]==============================
| Conflicts |          ORIGINAL         |          LEARNT          | Progress |
|           |    Vars  Clauses Literals |    Limit  Clauses Lit/Cl |          |
===============================================================================
===============================================================================
restarts              : 1
conflicts             : 52             (1780 /sec)
decisions             : 7741           (0.00 % random) (264994 /sec)
propagations          : 79403          (2718164 /sec)
conflict literals     : 172            (8.99 % deleted)
Memory used           : 14.82 MB
CPU time              : 0.029212 s

UNSATISFIABLE
