Reading from standard input... Use '--help' for help.
============================[ Problem Statistics ]=============================
|                                                                             |
|  Number of variables:         69608                                         |
|  Number of clauses:          118081                                         |
|  Parse time:                   0.02 s                                       |
|                                                                             |
============================[ Search Statistics ]==============================
| Conflicts |          ORIGINAL         |          LEARNT          | Progress |
|           |    Vars  Clauses Literals |    Limit  Clauses Lit/Cl |          |
===============================================================================
===============================================================================
restarts              : 1
conflicts             : 23             (858 /sec)
decisions             : 4957           (0.00 % random) (184907 /sec)
propagations          : 26432          (985974 /sec)
conflict literals     : 58             (0.00 % deleted)
Memory used           : 17.96 MB
CPU time              : 0.026808 s

UNSATISFIABLE
