Reading from standard input... Use '--help' for help.
============================[ Problem Statistics ]=============================
|                                                                             |
|  Number of variables:         87638                                         |
|  Number of clauses:          161767                                         |
|  Parse time:                   0.02 s                                       |
|                                                                             |
============================[ Search Statistics ]==============================
| Conflicts |          ORIGINAL         |          LEARNT          | Progress |
|           |    Vars  Clauses Literals |    Limit  Clauses Lit/Cl |          |
===============================================================================
|       100 |   66478   120325   299580 |    44119      100     38 | 24.145 % |
|       250 |   66450   120209   299315 |    48531      249     29 | 24.177 % |
|       475 |   66416   120209   299315 |    53384      472     44 | 24.216 % |
|       812 |   62641   107037   266853 |    58722      799     50 | 28.523 % |
|      1318 |   62641   107037   266853 |    64594     1305    143 | 28.523 % |
|      2077 |   62641   107037   266853 |    71054     2064    113 | 28.523 % |
|      3216 |   62512   106533   265661 |    78159     3191    106 | 28.670 % |
|      4924 |   62367   105990   264381 |    85975     4892     89 | 28.836 % |
|      7486 |   62296   105718   263757 |    94573     7453    110 | 28.917 % |
|     11330 |   62212   105382   262972 |   104030    11283    110 | 29.013 % |
|     17096 |   62159   105220   262592 |   114433    17041    124 | 29.073 % |
|     25745 |   61881   104062   259839 |   125877    25254    126 | 29.390 % |
|     38719 |   61741   103501   258480 |   138464    38202    135 | 29.550 % |
===============================================================================
restarts              : 130
conflicts             : 45208          (9214 /sec)
decisions             : 192147         (0.00 % random) (39162 /sec)
propagations          : 69929795       (14252463 /sec)
conflict literals     : 5956696        (36.01 % deleted)
Memory used           : 58.79 MB
CPU time              : 4.90651 s

INDETERMINATE
