Reading from standard input... Use '--help' for help.
============================[ Problem Statistics ]=============================
|                                                                             |
|  Number of variables:         69608                                         |
|  Number of clauses:          118081                                         |
|  Parse time:                   0.02 s                                       |
|                                                                             |
============================[ Search Statistics ]==============================
| Conflicts |          ORIGINAL         |          LEARNT          | Progress |
|           |    Vars  Clauses Literals |    Limit  Clauses Lit/Cl |          |
===============================================================================
===============================================================================
restarts              : 1
conflicts             : 43             (1404 /sec)
decisions             : 41701          (0.00 % random) (1361621 /sec)
propagations          : 94906          (3098870 /sec)
conflict literals     : 152            (0.00 % deleted)
Memory used           : 12.90 MB
CPU time              : 0.030626 s

SATISFIABLE
