Reading from standard input... Use '--help' for help.
============================[ Problem Statistics ]=============================
|                                                                             |
|  Number of variables:         87638                                         |
|  Number of clauses:          161767                                         |
|  Parse time:                   0.03 s                                       |
|                                                                             |
============================[ Search Statistics ]==============================
| Conflicts |          ORIGINAL         |          LEARNT          | Progress |
|           |    Vars  Clauses Literals |    Limit  Clauses Lit/Cl |          |
===============================================================================
|       100 |   66099   118693   295828 |    43520      100     12 | 24.577 % |
|       250 |   66099   118693   295828 |    47872      250     27 | 24.577 % |
|       475 |   66099   118693   295828 |    52660      475     37 | 24.577 % |
|       812 |   66099   118693   295828 |    57926      812     50 | 24.577 % |
|      1318 |   66099   118693   295828 |    63718     1318     58 | 24.577 % |
|      2077 |   66075   118593   295599 |    70090     2075     60 | 24.605 % |
|      3216 |   66075   118593   295599 |    77099     3214     52 | 24.605 % |
|      4924 |   58137    92165   229965 |    84809     4357     62 | 33.662 % |
|      7486 |   58137    92165   229965 |    93290     6919     60 | 33.662 % |
|     11330 |   58136    92162   229959 |   102619    10761     63 | 33.663 % |
|     17096 |   57990    91434   228258 |   112881    15637     65 | 33.830 % |
===============================================================================
restarts              : 70
conflicts             : 20080          (11507 /sec)
decisions             : 66918          (0.00 % random) (38348 /sec)
propagations          : 25659054       (14704228 /sec)
conflict literals     : 1256036        (48.41 % deleted)
Memory used           : 26.36 MB
CPU time              : 1.74501 s

UNSATISFIABLE
