Reading from standard input... Use '--help' for help.
============================[ Problem Statistics ]=============================
|                                                                             |
|  Number of variables:         69608                                         |
|  Number of clauses:          118081                                         |
|  Parse time:                   0.02 s                                       |
|                                                                             |
============================[ Search Statistics ]==============================
| Conflicts |          ORIGINAL         |          LEARNT          | Progress |
|           |    Vars  Clauses Literals |    Limit  Clauses Lit/Cl |          |
===============================================================================
===============================================================================
restarts              : 1
conflicts             : 30             (1106 /sec)
decisions             : 7662           (0.00 % random) (282564 /sec)
propagations          : 35930          (1325048 /sec)
conflict literals     : 94             (0.00 % deleted)
Memory used           : 15.94 MB
CPU time              : 0.027116 s

UNSATISFIABLE
