Reading from standard input... Use '--help' for help.
============================[ Problem Statistics ]=============================
|                                                                             |
|  Number of variables:         87638                                         |
|  Number of clauses:          161767                                         |
|  Parse time:                   0.03 s                                       |
|                                                                             |
============================[ Search Statistics ]==============================
| Conflicts |          ORIGINAL         |          LEARNT          | Progress |
|           |    Vars  Clauses Literals |    Limit  Clauses Lit/Cl |          |
===============================================================================
|       100 |   65767   117632   293154 |    43131       99     56 | 24.956 % |
|       250 |   65767   117588   293064 |    47444      249     32 | 24.956 % |
|       475 |   60748   101483   253341 |    52189      464     34 | 30.683 % |
|       812 |   60748   101483   253341 |    57408      801     45 | 30.683 % |
|      1318 |   60748   101483   253341 |    63149     1307     47 | 30.683 % |
|      2077 |   60748   101483   253341 |    69464     2066     51 | 30.683 % |
|      3216 |   60748   101483   253341 |    76410     3205     58 | 30.683 % |
|      4924 |   60508   100904   251930 |    84051     4906     57 | 30.957 % |
===============================================================================
restarts              : 28
conflicts             : 5144           (9013 /sec)
decisions             : 36872          (0.00 % random) (64602 /sec)
propagations          : 7764173        (13603290 /sec)
conflict literals     : 303606         (21.44 % deleted)
Memory used           : 23.66 MB
CPU time              : 0.570757 s

INDETERMINATE
