Reading from standard input... Use '--help' for help.
============================[ Problem Statistics ]=============================
|                                                                             |
|  Number of variables:         69608                                         |
|  Number of clauses:          118081                                         |
|  Parse time:                   0.02 s                                       |
|                                                                             |
============================[ Search Statistics ]==============================
| Conflicts |          ORIGINAL         |          LEARNT          | Progress |
|           |    Vars  Clauses Literals |    Limit  Clauses Lit/Cl |          |
===============================================================================
===============================================================================
restarts              : 1
conflicts             : 45             (1780 /sec)
decisions             : 14573          (0.00 % random) (576350 /sec)
propagations          : 54788          (2166818 /sec)
conflict literals     : 126            (1.56 % deleted)
Memory used           : 14.89 MB
CPU time              : 0.025285 s

UNSATISFIABLE
