Reading from standard input... Use '--help' for help.
============================[ Problem Statistics ]=============================
|                                                                             |
|  Number of variables:         87638                                         |
|  Number of clauses:          161767                                         |
|  Parse time:                   0.03 s                                       |
|                                                                             |
============================[ Search Statistics ]==============================
| Conflicts |          ORIGINAL         |          LEARNT          | Progress |
|           |    Vars  Clauses Literals |    Limit  Clauses Lit/Cl |          |
===============================================================================
|       100 |   62303   104874   262098 |    38453      100     36 | 28.909 % |
|       250 |   62303   104874   262098 |    42299      250     89 | 28.909 % |
|       475 |   62302   104830   262008 |    46529      473    102 | 28.910 % |
|       812 |   62302   104830   262008 |    51182      810     85 | 28.910 % |
|      1318 |   62302   104830   262008 |    56300     1316     73 | 28.910 % |
|      2077 |   48475    66038   166792 |    61930     2054     76 | 44.687 % |
|      3216 |   47974    63925   161740 |    68123     3174     66 | 45.259 % |
|      4924 |   47559    62475   158110 |    74935     4808     54 | 45.732 % |
===============================================================================
restarts              : 30
conflicts             : 5690           (9092 /sec)
decisions             : 23461          (0.00 % random) (37489 /sec)
propagations          : 8298928        (13261077 /sec)
conflict literals     : 288764         (37.34 % deleted)
Memory used           : 23.42 MB
CPU time              : 0.625811 s

INDETERMINATE
