Reading from standard input... Use '--help' for help.
============================[ Problem Statistics ]=============================
|                                                                             |
|  Number of variables:         69608                                         |
|  Number of clauses:          118081                                         |
|  Parse time:                   0.02 s                                       |
|                                                                             |
============================[ Search Statistics ]==============================
| Conflicts |          ORIGINAL         |          LEARNT          | Progress |
|           |    Vars  Clauses Literals |    Limit  Clauses Lit/Cl |          |
===============================================================================
===============================================================================
restarts              : 1
conflicts             : 47             (1446 /sec)
decisions             : 37861          (0.00 % random) (1164488 /sec)
propagations          : 118458         (3643404 /sec)
conflict literals     : 221            (13.67 % deleted)
Memory used           : 14.87 MB
CPU time              : 0.032513 s

SATISFIABLE
