Reading from standard input... Use '--help' for help.
============================[ Problem Statistics ]=============================
|                                                                             |
|  Number of variables:         69608                                         |
|  Number of clauses:          118081                                         |
|  Parse time:                   0.02 s                                       |
|                                                                             |
============================[ Search Statistics ]==============================
| Conflicts |          ORIGINAL         |          LEARNT          | Progress |
|           |    Vars  Clauses Literals |    Limit  Clauses Lit/Cl |          |
===============================================================================
===============================================================================
restarts              : 1
conflicts             : 46             (1657 /sec)
decisions             : 8677           (0.00 % random) (312606 /sec)
propagations          : 37527          (1351983 /sec)
conflict literals     : 149            (1.32 % deleted)
Memory used           : 14.60 MB
CPU time              : 0.027757 s

UNSATISFIABLE
