Reading from standard input... Use '--help' for help.
============================[ Problem Statistics ]=============================
|                                                                             |
|  Number of variables:         69608                                         |
|  Number of clauses:          118081                                         |
|  Parse time:                   0.02 s                                       |
|                                                                             |
============================[ Search Statistics ]==============================
| Conflicts |          ORIGINAL         |          LEARNT          | Progress |
|           |    Vars  Clauses Literals |    Limit  Clauses Lit/Cl |          |
===============================================================================
===============================================================================
restarts              : 1
conflicts             : 5              (153 /sec)
decisions             : 36405          (0.00 % random) (1112384 /sec)
propagations          : 73505          (2246005 /sec)
conflict literals     : 11             (0.00 % deleted)
Memory used           : 18.63 MB
CPU time              : 0.032727 s

SATISFIABLE
