Reading from standard input... Use '--help' for help.
============================[ Problem Statistics ]=============================
|                                                                             |
|  Number of variables:         87638                                         |
|  Number of clauses:          161767                                         |
|  Parse time:                   0.02 s                                       |
|                                                                             |
============================[ Search Statistics ]==============================
| Conflicts |          ORIGINAL         |          LEARNT          | Progress |
|           |    Vars  Clauses Literals |    Limit  Clauses Lit/Cl |          |
===============================================================================
|       100 |   63965   110782   276863 |    40620      100     12 | 27.012 % |
|       250 |   53767    80932   203377 |    44682      247     16 | 38.649 % |
|       475 |   53767    80932   203377 |    49150      472     47 | 38.649 % |
|       812 |   53752    80849   203194 |    54065      808     75 | 38.666 % |
|      1318 |   53664    80475   202302 |    59471     1312     81 | 38.766 % |
|      2077 |   53531    80025   201185 |    65419     2066     65 | 38.918 % |
|      3216 |   53233    79270   199137 |    71960     3201     69 | 39.258 % |
|      4924 |   52759    77272   194332 |    79157     4779     64 | 39.799 % |
|      7486 |   52619    76807   193163 |    87072     7334     64 | 39.959 % |
|     11330 |   52107    74963   188626 |    95779    10244     65 | 40.543 % |
|     17096 |   51974    74494   187509 |   105357    15976     63 | 40.695 % |
===============================================================================
restarts              : 84
conflicts             : 23201          (8868 /sec)
decisions             : 73372          (0.00 % random) (28046 /sec)
propagations          : 31112705       (11892690 /sec)
conflict literals     : 1438430        (48.76 % deleted)
Memory used           : 33.92 MB
CPU time              : 2.61612 s

UNSATISFIABLE
