Reading from standard input... Use '--help' for help.
============================[ Problem Statistics ]=============================
|                                                                             |
|  Number of variables:         69608                                         |
|  Number of clauses:          118081                                         |
|  Parse time:                   0.01 s                                       |
|                                                                             |
============================[ Search Statistics ]==============================
| Conflicts |          ORIGINAL         |          LEARNT          | Progress |
|           |    Vars  Clauses Literals |    Limit  Clauses Lit/Cl |          |
===============================================================================
===============================================================================
restarts              : 1
conflicts             : 30             (1398 /sec)
decisions             : 5997           (0.00 % random) (279437 /sec)
propagations          : 24741          (1152835 /sec)
conflict literals     : 97             (0.00 % deleted)
Memory used           : 14.20 MB
CPU time              : 0.021461 s

UNSATISFIABLE
