Reading from standard input... Use '--help' for help.
============================[ Problem Statistics ]=============================
|                                                                             |
|  Number of variables:         87638                                         |
|  Number of clauses:          161767                                         |
|  Parse time:                   0.03 s                                       |
|                                                                             |
============================[ Search Statistics ]==============================
| Conflicts |          ORIGINAL         |          LEARNT          | Progress |
|           |    Vars  Clauses Literals |    Limit  Clauses Lit/Cl |          |
===============================================================================
|       100 |   63986   110910   277077 |    40667      100     34 | 26.988 % |
|       250 |   63986   110910   277077 |    44733      250     65 | 26.988 % |
|       475 |   63986   110910   277077 |    49207      475     73 | 26.988 % |
|       812 |   63986   110910   277077 |    54127      812     87 | 26.988 % |
|      1318 |   63986   110910   277077 |    59540     1318     86 | 26.988 % |
|      2077 |   63986   110910   277077 |    65494     2077     96 | 26.988 % |
|      3216 |   63985   110866   276987 |    72044     3213     90 | 26.990 % |
|      4924 |   63985   110866   276987 |    79248     4921     90 | 26.989 % |
|      7486 |   63903   110530   276209 |    87173     7479     94 | 27.083 % |
|     11330 |   63884   110454   276029 |    95890    11321     92 | 27.105 % |
|     17096 |   53840    79550   199985 |   105479    15581     86 | 38.565 % |
|     25745 |   53086    76450   192235 |   116027    17671     86 | 39.426 % |
===============================================================================
restarts              : 100
conflicts             : 28072          (8066 /sec)
decisions             : 90767          (0.00 % random) (26081 /sec)
propagations          : 41111682       (11813226 /sec)
conflict literals     : 2232395        (52.45 % deleted)
Memory used           : 37.42 MB
CPU time              : 3.48014 s

UNSATISFIABLE
