Reading from standard input... Use '--help' for help.
============================[ Problem Statistics ]=============================
|                                                                             |
|  Number of variables:         69608                                         |
|  Number of clauses:          118081                                         |
|  Parse time:                   0.01 s                                       |
|                                                                             |
============================[ Search Statistics ]==============================
| Conflicts |          ORIGINAL         |          LEARNT          | Progress |
|           |    Vars  Clauses Literals |    Limit  Clauses Lit/Cl |          |
===============================================================================
===============================================================================
restarts              : 1
conflicts             : 88             (4271 /sec)
decisions             : 35104          (0.00 % random) (1703830 /sec)
propagations          : 69830          (3389312 /sec)
conflict literals     : 328            (0.00 % deleted)
Memory used           : 13.15 MB
CPU time              : 0.020603 s

SATISFIABLE
