Reading from standard input... Use '--help' for help.
============================[ Problem Statistics ]=============================
|                                                                             |
|  Number of variables:         69608                                         |
|  Number of clauses:          118081                                         |
|  Parse time:                   0.02 s                                       |
|                                                                             |
============================[ Search Statistics ]==============================
| Conflicts |          ORIGINAL         |          LEARNT          | Progress |
|           |    Vars  Clauses Literals |    Limit  Clauses Lit/Cl |          |
===============================================================================
|       100 |   55368    79428   196933 |    29123       91      8 | 20.457 % |
===============================================================================
restarts              : 2
conflicts             : 124            (3177 /sec)
decisions             : 9477           (0.00 % random) (242795 /sec)
propagations          : 191205         (4898547 /sec)
conflict literals     : 864            (21.88 % deleted)
Memory used           : 15.59 MB
CPU time              : 0.039033 s

UNSATISFIABLE
