Reading from standard input... Use '--help' for help.
============================[ Problem Statistics ]=============================
|                                                                             |
|  Number of variables:         87638                                         |
|  Number of clauses:          161767                                         |
|  Parse time:                   0.02 s                                       |
|                                                                             |
============================[ Search Statistics ]==============================
| Conflicts |          ORIGINAL         |          LEARNT          | Progress |
|           |    Vars  Clauses Literals |    Limit  Clauses Lit/Cl |          |
===============================================================================
|       100 |   65311   115791   288812 |    42456      100     12 | 25.476 % |
|       250 |   65311   115791   288812 |    46702      250     39 | 25.476 % |
|       475 |   59189   115747   288722 |    51372      473     63 | 32.462 % |
|       812 |   58933    95344   238386 |    56509      784     51 | 32.754 % |
|      1318 |   58895    95163   237962 |    62160     1255     67 | 32.797 % |
|      2077 |   58723    94943   237459 |    68376     2008     58 | 32.994 % |
|      3216 |   58723    94509   236396 |    75214     3146     76 | 32.994 % |
|      4924 |   58056    92088   230590 |    82736     4440     91 | 33.755 % |
|      7486 |   58042    92026   230442 |    91009     7001     88 | 33.771 % |
|     11330 |   57305    89404   223983 |   100110    10481     86 | 34.612 % |
|     17096 |   56751    87452   219244 |   110121    16078     85 | 35.244 % |
|     25745 |   56724    87314   218954 |   121133    24689     79 | 35.275 % |
|     38719 |   56617    86877   217932 |   133247    37358     83 | 35.397 % |
===============================================================================
restarts              : 127
conflicts             : 42509          (8894 /sec)
decisions             : 142553         (0.00 % random) (29825 /sec)
propagations          : 60539201       (12666128 /sec)
conflict literals     : 3503164        (49.84 % deleted)
Memory used           : 49.40 MB
CPU time              : 4.77961 s

INDETERMINATE
