Reading from standard input... Use '--help' for help.
============================[ Problem Statistics ]=============================
|                                                                             |
|  Number of variables:         87638                                         |
|  Number of clauses:          161767                                         |
|  Parse time:                   0.03 s                                       |
|                                                                             |
============================[ Search Statistics ]==============================
| Conflicts |          ORIGINAL         |          LEARNT          | Progress |
|           |    Vars  Clauses Literals |    Limit  Clauses Lit/Cl |          |
===============================================================================
|       100 |   65227   115526   288219 |    42359      100     91 | 25.572 % |
|       250 |   65227   115526   288219 |    46595      250     54 | 25.572 % |
|       475 |   58127   115523   288213 |    51255      473     55 | 33.674 % |
|       812 |   58055    93243   233224 |    56380      746     56 | 33.756 % |
|      1318 |   57965    92891   232379 |    62018     1249     69 | 33.859 % |
|      2077 |   57965    92891   232379 |    68220     2008     68 | 33.859 % |
|      3216 |   57786    92222   230801 |    75042     3141    112 | 34.063 % |
|      4924 |   57641    91688   229560 |    82546     4752    101 | 34.228 % |
|      7486 |   57567    91407   228901 |    90801     7309    101 | 34.313 % |
|     11330 |   57215    89969   225433 |    99881    11106    105 | 34.714 % |
|     17096 |   57203    89937   225369 |   109869    16860    104 | 34.728 % |
===============================================================================
restarts              : 63
conflicts             : 19200          (6771 /sec)
decisions             : 91269          (0.00 % random) (32185 /sec)
propagations          : 29056203       (10246369 /sec)
conflict literals     : 2159972        (33.72 % deleted)
Memory used           : 39.62 MB
CPU time              : 2.83576 s

INDETERMINATE
