Reading from standard input... Use '--help' for help.
============================[ Problem Statistics ]=============================
|                                                                             |
|  Number of variables:         69608                                         |
|  Number of clauses:          118081                                         |
|  Parse time:                   0.03 s                                       |
|                                                                             |
============================[ Search Statistics ]==============================
| Conflicts |          ORIGINAL         |          LEARNT          | Progress |
|           |    Vars  Clauses Literals |    Limit  Clauses Lit/Cl |          |
===============================================================================
===============================================================================
restarts              : 1
conflicts             : 20             (535 /sec)
decisions             : 37522          (0.00 % random) (1002994 /sec)
propagations          : 86400          (2309543 /sec)
conflict literals     : 177            (0.00 % deleted)
Memory used           : 17.07 MB
CPU time              : 0.03741 s

SATISFIABLE
