Reading from standard input... Use '--help' for help.
============================[ Problem Statistics ]=============================
|                                                                             |
|  Number of variables:         69608                                         |
|  Number of clauses:          118081                                         |
|  Parse time:                   0.02 s                                       |
|                                                                             |
============================[ Search Statistics ]==============================
| Conflicts |          ORIGINAL         |          LEARNT          | Progress |
|           |    Vars  Clauses Literals |    Limit  Clauses Lit/Cl |          |
===============================================================================
===============================================================================
restarts              : 1
conflicts             : 37             (1133 /sec)
decisions             : 2550           (0.00 % random) (78096 /sec)
propagations          : 61711          (1889961 /sec)
conflict literals     : 164            (13.68 % deleted)
Memory used           : 17.90 MB
CPU time              : 0.032652 s

UNSATISFIABLE
