Reading from standard input... Use '--help' for help.
============================[ Problem Statistics ]=============================
|                                                                             |
|  Number of variables:         69608                                         |
|  Number of clauses:          118081                                         |
|  Parse time:                   0.02 s                                       |
|                                                                             |
============================[ Search Statistics ]==============================
| Conflicts |          ORIGINAL         |          LEARNT          | Progress |
|           |    Vars  Clauses Literals |    Limit  Clauses Lit/Cl |          |
===============================================================================
===============================================================================
restarts              : 1
conflicts             : 15             (509 /sec)
decisions             : 38528          (0.00 % random) (1308518 /sec)
propagations          : 79646          (2704999 /sec)
conflict literals     : 31             (0.00 % deleted)
Memory used           : 13.69 MB
CPU time              : 0.029444 s

SATISFIABLE
