Reading from standard input... Use '--help' for help.
============================[ Problem Statistics ]=============================
|                                                                             |
|  Number of variables:         69608                                         |
|  Number of clauses:          118081                                         |
|  Parse time:                   0.02 s                                       |
|                                                                             |
============================[ Search Statistics ]==============================
| Conflicts |          ORIGINAL         |          LEARNT          | Progress |
|           |    Vars  Clauses Literals |    Limit  Clauses Lit/Cl |          |
===============================================================================
|       100 |   60680    93963   232232 |    34453       95     10 | 12.826 % |
|       250 |   60668    92537   228993 |    37898      241     14 | 12.843 % |
|       475 |   60663    92514   228941 |    41688      463     18 | 12.851 % |
===============================================================================
restarts              : 6
conflicts             : 713            (9444 /sec)
decisions             : 10053          (0.00 % random) (133158 /sec)
propagations          : 1101529        (14590368 /sec)
conflict literals     : 12954          (25.86 % deleted)
Memory used           : 19.27 MB
CPU time              : 0.075497 s

UNSATISFIABLE
