Reading from standard input... Use '--help' for help.
============================[ Problem Statistics ]=============================
|                                                                             |
|  Number of variables:         69608                                         |
|  Number of clauses:          118081                                         |
|  Parse time:                   0.02 s                                       |
|                                                                             |
============================[ Search Statistics ]==============================
| Conflicts |          ORIGINAL         |          LEARNT          | Progress |
|           |    Vars  Clauses Literals |    Limit  Clauses Lit/Cl |          |
===============================================================================
===============================================================================
restarts              : 1
conflicts             : 33             (1225 /sec)
decisions             : 38163          (0.00 % random) (1416487 /sec)
propagations          : 82345          (3056380 /sec)
conflict literals     : 119            (0.00 % deleted)
Memory used           : 13.20 MB
CPU time              : 0.026942 s

SATISFIABLE
