Reading from standard input... Use '--help' for help.
============================[ Problem Statistics ]=============================
|                                                                             |
|  Number of variables:         69608                                         |
|  Number of clauses:          118081                                         |
|  Parse time:                   0.02 s                                       |
|                                                                             |
============================[ Search Statistics ]==============================
| Conflicts |          ORIGINAL         |          LEARNT          | Progress |
|           |    Vars  Clauses Literals |    Limit  Clauses Lit/Cl |          |
===============================================================================
===============================================================================
restarts              : 1
conflicts             : 19             (610 /sec)
decisions             : 67496          (0.00 % random) (2166249 /sec)
propagations          : 123844         (3974710 /sec)
conflict literals     : 52             (0.00 % deleted)
Memory used           : 16.56 MB
CPU time              : 0.031158 s

SATISFIABLE
