Reading from standard input... Use '--help' for help.
============================[ Problem Statistics ]=============================
|                                                                             |
|  Number of variables:         69608                                         |
|  Number of clauses:          118081                                         |
|  Parse time:                   0.03 s                                       |
|                                                                             |
============================[ Search Statistics ]==============================
| Conflicts |          ORIGINAL         |          LEARNT          | Progress |
|           |    Vars  Clauses Literals |    Limit  Clauses Lit/Cl |          |
===============================================================================
===============================================================================
restarts              : 1
conflicts             : 2              (58 /sec)
decisions             : 1155           (0.00 % random) (33630 /sec)
propagations          : 18822          (548043 /sec)
conflict literals     : 1              (0.00 % deleted)
Memory used           : 15.51 MB
CPU time              : 0.034344 s

UNSATISFIABLE
