Reading from standard input... Use '--help' for help.
============================[ Problem Statistics ]=============================
|                                                                             |
|  Number of variables:         87638                                         |
|  Number of clauses:          161767                                         |
|  Parse time:                   0.03 s                                       |
|                                                                             |
============================[ Search Statistics ]==============================
| Conflicts |          ORIGINAL         |          LEARNT          | Progress |
|           |    Vars  Clauses Literals |    Limit  Clauses Lit/Cl |          |
===============================================================================
|       100 |   65072   115051   286850 |    42185      100     18 | 25.749 % |
|       250 |   65072   115051   286850 |    46403      250     25 | 25.749 % |
|       475 |   65072   115051   286850 |    51044      475     28 | 25.749 % |
|       812 |   60030    98853   246879 |    56148      807     30 | 31.502 % |
|      1318 |   60030    98853   246879 |    61763     1313     29 | 31.502 % |
|      2077 |   59965    98610   246303 |    67939     2070     30 | 31.576 % |
|      3216 |   59937    98494   246038 |    74733     3207     55 | 31.608 % |
|      4924 |   59912    98381   245768 |    82207     4913     64 | 31.637 % |
|      7486 |   59912    98381   245768 |    90428     7475     67 | 31.637 % |
|     11330 |   59702    97526   243797 |    99470    11274     78 | 31.877 % |
|     17096 |   59702    97526   243797 |   109417    17040     83 | 31.877 % |
|     25745 |   59505    96686   241870 |   120359    24365     92 | 32.101 % |
|     38719 |   59309    95823   239853 |   132395    37212     92 | 32.325 % |
===============================================================================
restarts              : 127
conflicts             : 41659          (8493 /sec)
decisions             : 155186         (0.00 % random) (31636 /sec)
propagations          : 61881612       (12615206 /sec)
conflict literals     : 4098051        (42.11 % deleted)
Memory used           : 46.65 MB
CPU time              : 4.90532 s

INDETERMINATE
