Reading from standard input... Use '--help' for help.
============================[ Problem Statistics ]=============================
|                                                                             |
|  Number of variables:         69608                                         |
|  Number of clauses:          118081                                         |
|  Parse time:                   0.02 s                                       |
|                                                                             |
============================[ Search Statistics ]==============================
| Conflicts |          ORIGINAL         |          LEARNT          | Progress |
|           |    Vars  Clauses Literals |    Limit  Clauses Lit/Cl |          |
===============================================================================
===============================================================================
restarts              : 1
conflicts             : 38             (1166 /sec)
decisions             : 2543           (0.00 % random) (78061 /sec)
propagations          : 74275          (2279983 /sec)
conflict literals     : 197            (18.26 % deleted)
Memory used           : 14.94 MB
CPU time              : 0.032577 s

UNSATISFIABLE
