Reading from standard input... Use '--help' for help.
============================[ Problem Statistics ]=============================
|                                                                             |
|  Number of variables:         69608                                         |
|  Number of clauses:          118081                                         |
|  Parse time:                   0.02 s                                       |
|                                                                             |
============================[ Search Statistics ]==============================
| Conflicts |          ORIGINAL         |          LEARNT          | Progress |
|           |    Vars  Clauses Literals |    Limit  Clauses Lit/Cl |          |
===============================================================================
===============================================================================
restarts              : 1
conflicts             : 8              (295 /sec)
decisions             : 7235           (0.00 % random) (266522 /sec)
propagations          : 34675          (1277352 /sec)
conflict literals     : 11             (0.00 % deleted)
Memory used           : 15.49 MB
CPU time              : 0.027146 s

UNSATISFIABLE
