Reading from standard input... Use '--help' for help.
============================[ Problem Statistics ]=============================
|                                                                             |
|  Number of variables:         87638                                         |
|  Number of clauses:          161767                                         |
|  Parse time:                   0.02 s                                       |
|                                                                             |
============================[ Search Statistics ]==============================
| Conflicts |          ORIGINAL         |          LEARNT          | Progress |
|           |    Vars  Clauses Literals |    Limit  Clauses Lit/Cl |          |
===============================================================================
|       100 |   64176   111826   278754 |    41002      100     19 | 26.771 % |
|       250 |   63922   110820   276375 |    45103      244     17 | 27.061 % |
|       475 |   63922   110820   276375 |    49613      469     50 | 27.061 % |
|       812 |   63809   110356   275312 |    54574      792     76 | 27.190 % |
|      1318 |   63808   110312   275222 |    60032     1297     99 | 27.191 % |
|      2077 |   63808   110312   275222 |    66035     2056    104 | 27.191 % |
|      3216 |   63734   110019   274542 |    72639     3188     93 | 27.276 % |
|      4924 |   63732   110014   274524 |    79902     4895     91 | 27.278 % |
|      7486 |   63599   109581   273529 |    87893     7419     84 | 27.430 % |
|     11330 |   57511    89845   224772 |    96682    11197     84 | 34.377 % |
|     17096 |   57385    89139   223130 |   106350    15886     74 | 34.520 % |
===============================================================================
restarts              : 70
conflicts             : 20411          (11082 /sec)
decisions             : 62186          (0.00 % random) (33762 /sec)
propagations          : 24108470       (13088963 /sec)
conflict literals     : 1441057        (48.29 % deleted)
Memory used           : 41.30 MB
CPU time              : 1.84189 s

UNSATISFIABLE
