Reading from standard input... Use '--help' for help.
============================[ Problem Statistics ]=============================
|                                                                             |
|  Number of variables:         69608                                         |
|  Number of clauses:          118081                                         |
|  Parse time:                   0.02 s                                       |
|                                                                             |
============================[ Search Statistics ]==============================
| Conflicts |          ORIGINAL         |          LEARNT          | Progress |
|           |    Vars  Clauses Literals |    Limit  Clauses Lit/Cl |          |
===============================================================================
===============================================================================
restarts              : 1
conflicts             : 14             (637 /sec)
decisions             : 4375           (0.00 % random) (198918 /sec)
propagations          : 23689          (1077066 /sec)
conflict literals     : 37             (0.00 % deleted)
Memory used           : 15.15 MB
CPU time              : 0.021994 s

UNSATISFIABLE
