Reading from standard input... Use '--help' for help.
============================[ Problem Statistics ]=============================
|                                                                             |
|  Number of variables:         69608                                         |
|  Number of clauses:          118081                                         |
|  Parse time:                   0.02 s                                       |
|                                                                             |
============================[ Search Statistics ]==============================
| Conflicts |          ORIGINAL         |          LEARNT          | Progress |
|           |    Vars  Clauses Literals |    Limit  Clauses Lit/Cl |          |
===============================================================================
===============================================================================
restarts              : 1
conflicts             : 9              (287 /sec)
decisions             : 40004          (0.00 % random) (1275882 /sec)
propagations          : 79759          (2543822 /sec)
conflict literals     : 20             (0.00 % deleted)
Memory used           : 17.03 MB
CPU time              : 0.031354 s

SATISFIABLE
