Reading from standard input... Use '--help' for help.
============================[ Problem Statistics ]=============================
|                                                                             |
|  Number of variables:         69608                                         |
|  Number of clauses:          118081                                         |
|  Parse time:                   0.03 s                                       |
|                                                                             |
============================[ Search Statistics ]==============================
| Conflicts |          ORIGINAL         |          LEARNT          | Progress |
|           |    Vars  Clauses Literals |    Limit  Clauses Lit/Cl |          |
===============================================================================
|       100 |   56309    81543   201975 |    29899       95      8 | 19.106 % |
===============================================================================
restarts              : 2
conflicts             : 190            (3317 /sec)
decisions             : 4480           (0.00 % random) (78211 /sec)
propagations          : 288901         (5043575 /sec)
conflict literals     : 1506           (28.39 % deleted)
Memory used           : 17.75 MB
CPU time              : 0.057281 s

UNSATISFIABLE
