Reading from standard input... Use '--help' for help.
============================[ Problem Statistics ]=============================
|                                                                             |
|  Number of variables:         69608                                         |
|  Number of clauses:          118081                                         |
|  Parse time:                   0.01 s                                       |
|                                                                             |
============================[ Search Statistics ]==============================
| Conflicts |          ORIGINAL         |          LEARNT          | Progress |
|           |    Vars  Clauses Literals |    Limit  Clauses Lit/Cl |          |
===============================================================================
===============================================================================
restarts              : 1
conflicts             : 72             (3340 /sec)
decisions             : 34148          (0.00 % random) (1583932 /sec)
propagations          : 69790          (3237163 /sec)
conflict literals     : 268            (0.00 % deleted)
Memory used           : 13.39 MB
CPU time              : 0.021559 s

SATISFIABLE
