Reading from standard input... Use '--help' for help.
============================[ Problem Statistics ]=============================
|                                                                             |
|  Number of variables:         69608                                         |
|  Number of clauses:          118081                                         |
|  Parse time:                   0.02 s                                       |
|                                                                             |
============================[ Search Statistics ]==============================
| Conflicts |          ORIGINAL         |          LEARNT          | Progress |
|           |    Vars  Clauses Literals |    Limit  Clauses Lit/Cl |          |
===============================================================================
===============================================================================
restarts              : 1
conflicts             : 53             (2013 /sec)
decisions             : 36138          (0.00 % random) (1372659 /sec)
propagations          : 73158          (2778820 /sec)
conflict literals     : 188            (0.00 % deleted)
Memory used           : 13.49 MB
CPU time              : 0.026327 s

SATISFIABLE
