Reading from standard input... Use '--help' for help.
============================[ Problem Statistics ]=============================
|                                                                             |
|  Number of variables:         69608                                         |
|  Number of clauses:          118081                                         |
|  Parse time:                   0.02 s                                       |
|                                                                             |
============================[ Search Statistics ]==============================
| Conflicts |          ORIGINAL         |          LEARNT          | Progress |
|           |    Vars  Clauses Literals |    Limit  Clauses Lit/Cl |          |
===============================================================================
===============================================================================
restarts              : 1
conflicts             : 53             (2147 /sec)
decisions             : 35865          (0.00 % random) (1453201 /sec)
propagations          : 73355          (2972245 /sec)
conflict literals     : 189            (0.00 % deleted)
Memory used           : 13.25 MB
CPU time              : 0.02468 s

SATISFIABLE
