Reading from standard input... Use '--help' for help.
============================[ Problem Statistics ]=============================
|                                                                             |
|  Number of variables:         69608                                         |
|  Number of clauses:          118081                                         |
|  Parse time:                   0.02 s                                       |
|                                                                             |
============================[ Search Statistics ]==============================
| Conflicts |          ORIGINAL         |          LEARNT          | Progress |
|           |    Vars  Clauses Literals |    Limit  Clauses Lit/Cl |          |
===============================================================================
===============================================================================
restarts              : 1
conflicts             : 27             (997 /sec)
decisions             : 37286          (0.00 % random) (1376731 /sec)
propagations          : 76295          (2817081 /sec)
conflict literals     : 84             (0.00 % deleted)
Memory used           : 15.31 MB
CPU time              : 0.027083 s

SATISFIABLE
