Reading from standard input... Use '--help' for help.
============================[ Problem Statistics ]=============================
|                                                                             |
|  Number of variables:         87638                                         |
|  Number of clauses:          161767                                         |
|  Parse time:                   0.02 s                                       |
|                                                                             |
============================[ Search Statistics ]==============================
| Conflicts |          ORIGINAL         |          LEARNT          | Progress |
|           |    Vars  Clauses Literals |    Limit  Clauses Lit/Cl |          |
===============================================================================
|       100 |   63694   109991   274717 |    40330      100     14 | 27.321 % |
|       250 |   63694   109991   274717 |    44363      250     36 | 27.322 % |
|       475 |   63694   109991   274717 |    48799      475     39 | 27.321 % |
|       812 |   63693   109947   274627 |    53679      810     43 | 27.323 % |
|      1318 |   63693   109947   274627 |    59047     1316     76 | 27.323 % |
|      2077 |   63693   109947   274627 |    64951     2075     77 | 27.323 % |
|      3216 |   63693   109947   274627 |    71447     3214     88 | 27.323 % |
|      4924 |   63693   109947   274627 |    78591     4922     84 | 27.323 % |
|      7486 |   54646    82831   208267 |    86451     7425     91 | 37.646 % |
|     11330 |   54556    82442   207340 |    95096    11261     90 | 37.748 % |
|     17096 |   54469    82050   206416 |   104605    13892     91 | 37.848 % |
|     25745 |   54210    81022   203948 |   115066    22475     84 | 38.143 % |
===============================================================================
restarts              : 126
conflicts             : 37778          (8075 /sec)
decisions             : 113644         (0.00 % random) (24291 /sec)
propagations          : 56919117       (12166312 /sec)
conflict literals     : 2898010        (46.20 % deleted)
Memory used           : 47.22 MB
CPU time              : 4.67842 s

INDETERMINATE
