Reading from standard input... Use '--help' for help.
============================[ Problem Statistics ]=============================
|                                                                             |
|  Number of variables:         69608                                         |
|  Number of clauses:          118081                                         |
|  Parse time:                   0.02 s                                       |
|                                                                             |
============================[ Search Statistics ]==============================
| Conflicts |          ORIGINAL         |          LEARNT          | Progress |
|           |    Vars  Clauses Literals |    Limit  Clauses Lit/Cl |          |
===============================================================================
===============================================================================
restarts              : 1
conflicts             : 24             (711 /sec)
decisions             : 33971          (0.00 % random) (1006161 /sec)
propagations          : 69670          (2063501 /sec)
conflict literals     : 88             (0.00 % deleted)
Memory used           : 15.57 MB
CPU time              : 0.033763 s

SATISFIABLE
