Reading from standard input... Use '--help' for help.
============================[ Problem Statistics ]=============================
|                                                                             |
|  Number of variables:         69608                                         |
|  Number of clauses:          118081                                         |
|  Parse time:                   0.03 s                                       |
|                                                                             |
============================[ Search Statistics ]==============================
| Conflicts |          ORIGINAL         |          LEARNT          | Progress |
|           |    Vars  Clauses Literals |    Limit  Clauses Lit/Cl |          |
===============================================================================
===============================================================================
restarts              : 1
conflicts             : 16             (460 /sec)
decisions             : 33966          (0.00 % random) (977354 /sec)
propagations          : 69650          (2004144 /sec)
conflict literals     : 58             (0.00 % deleted)
Memory used           : 17.29 MB
CPU time              : 0.034753 s

SATISFIABLE
