Reading from standard input... Use '--help' for help.
============================[ Problem Statistics ]=============================
|                                                                             |
|  Number of variables:         87638                                         |
|  Number of clauses:          161767                                         |
|  Parse time:                   0.03 s                                       |
|                                                                             |
============================[ Search Statistics ]==============================
| Conflicts |          ORIGINAL         |          LEARNT          | Progress |
|           |    Vars  Clauses Literals |    Limit  Clauses Lit/Cl |          |
===============================================================================
|       100 |   63249   108255   270635 |    39693       99     23 | 27.829 % |
|       250 |   63249   108211   270545 |    43662      249    121 | 27.829 % |
|       475 |   63213   108178   270461 |    48029      469    148 | 27.870 % |
|       812 |   63194   108003   270017 |    52832      793    133 | 27.892 % |
|      1318 |   63194   108003   270017 |    58115     1299    125 | 27.892 % |
|      2077 |   51463    74088   186573 |    63926     2038    112 | 41.278 % |
|      3216 |   51298    73670   185517 |    70319     3154     88 | 41.466 % |
|      4924 |   50452    70616   177856 |    77351     4714     76 | 42.431 % |
|      7486 |   50052    68975   173944 |    85086     6571     73 | 42.888 % |
===============================================================================
restarts              : 46
conflicts             : 11127          (7424 /sec)
decisions             : 47685          (0.00 % random) (31814 /sec)
propagations          : 15580574       (10394991 /sec)
conflict literals     : 673899         (37.09 % deleted)
Memory used           : 31.79 MB
CPU time              : 1.49885 s

INDETERMINATE
