Reading from standard input... Use '--help' for help.
============================[ Problem Statistics ]=============================
|                                                                             |
|  Number of variables:         69608                                         |
|  Number of clauses:          118081                                         |
|  Parse time:                   0.02 s                                       |
|                                                                             |
============================[ Search Statistics ]==============================
| Conflicts |          ORIGINAL         |          LEARNT          | Progress |
|           |    Vars  Clauses Literals |    Limit  Clauses Lit/Cl |          |
===============================================================================
===============================================================================
restarts              : 1
conflicts             : 30             (929 /sec)
decisions             : 5546           (0.00 % random) (171655 /sec)
propagations          : 23516          (727847 /sec)
conflict literals     : 97             (0.00 % deleted)
Memory used           : 15.38 MB
CPU time              : 0.032309 s

UNSATISFIABLE
