Reading from standard input... Use '--help' for help.
============================[ Problem Statistics ]=============================
|                                                                             |
|  Number of variables:         69608                                         |
|  Number of clauses:          118081                                         |
|  Parse time:                   0.03 s                                       |
|                                                                             |
============================[ Search Statistics ]==============================
| Conflicts |          ORIGINAL         |          LEARNT          | Progress |
|           |    Vars  Clauses Literals |    Limit  Clauses Lit/Cl |          |
===============================================================================
===============================================================================
restarts              : 1
conflicts             : 39             (976 /sec)
decisions             : 40309          (0.00 % random) (1008406 /sec)
propagations          : 90998          (2276487 /sec)
conflict literals     : 355            (8.27 % deleted)
Memory used           : 17.72 MB
CPU time              : 0.039973 s

SATISFIABLE
