Reading from standard input... Use '--help' for help.
============================[ Problem Statistics ]=============================
|                                                                             |
|  Number of variables:         87638                                         |
|  Number of clauses:          161767                                         |
|  Parse time:                   0.03 s                                       |
|                                                                             |
============================[ Search Statistics ]==============================
| Conflicts |          ORIGINAL         |          LEARNT          | Progress |
|           |    Vars  Clauses Literals |    Limit  Clauses Lit/Cl |          |
===============================================================================
|       100 |   63322   108523   271219 |    39791      100     38 | 27.746 % |
|       250 |   63322   108523   271219 |    43770      250     51 | 27.746 % |
|       475 |   63322   108523   271219 |    48148      475     47 | 27.746 % |
|       812 |   63322   108523   271219 |    52962      812     45 | 27.746 % |
|      1318 |   63321   108479   271129 |    58259     1314     58 | 27.747 % |
|      2077 |   63313   108463   271085 |    64085     2022     64 | 27.756 % |
|      3216 |   63313   108447   271041 |    70493     3111     78 | 27.756 % |
|      4924 |   63313   108447   271041 |    77542     4819     83 | 27.756 % |
|      7486 |   63289   108347   270812 |    85297     7379     92 | 27.784 % |
|     11330 |   63260   108229   270537 |    93826    11221     99 | 27.817 % |
|     17096 |   63260   108229   270537 |   103209    16987     92 | 27.817 % |
===============================================================================
restarts              : 77
conflicts             : 21500          (8014 /sec)
decisions             : 70250          (0.00 % random) (26184 /sec)
propagations          : 31614021       (11783592 /sec)
conflict literals     : 1923578        (57.11 % deleted)
Memory used           : 34.51 MB
CPU time              : 2.68288 s

UNSATISFIABLE
