Reading from standard input... Use '--help' for help.
============================[ Problem Statistics ]=============================
|                                                                             |
|  Number of variables:         69608                                         |
|  Number of clauses:          118081                                         |
|  Parse time:                   0.02 s                                       |
|                                                                             |
============================[ Search Statistics ]==============================
| Conflicts |          ORIGINAL         |          LEARNT          | Progress |
|           |    Vars  Clauses Literals |    Limit  Clauses Lit/Cl |          |
===============================================================================
===============================================================================
restarts              : 1
conflicts             : 15             (584 /sec)
decisions             : 5745           (0.00 % random) (223802 /sec)
propagations          : 28934          (1127152 /sec)
conflict literals     : 31             (0.00 % deleted)
Memory used           : 14.26 MB
CPU time              : 0.02567 s

UNSATISFIABLE
