Reading from standard input... Use '--help' for help.
============================[ Problem Statistics ]=============================
|                                                                             |
|  Number of variables:         69608                                         |
|  Number of clauses:          118081                                         |
|  Parse time:                   0.02 s                                       |
|                                                                             |
============================[ Search Statistics ]==============================
| Conflicts |          ORIGINAL         |          LEARNT          | Progress |
|           |    Vars  Clauses Literals |    Limit  Clauses Lit/Cl |          |
===============================================================================
|       100 |   60759    93705   231460 |    34358       94     12 | 12.713 % |
|       250 |   60387    91610   226627 |    37794      237     16 | 13.247 % |
===============================================================================
restarts              : 3
conflicts             : 373            (6840 /sec)
decisions             : 12159          (0.00 % random) (222974 /sec)
propagations          : 461281         (8459060 /sec)
conflict literals     : 5743           (28.31 % deleted)
Memory used           : 17.74 MB
CPU time              : 0.054531 s

UNSATISFIABLE
