Reading from standard input... Use '--help' for help.
============================[ Problem Statistics ]=============================
|                                                                             |
|  Number of variables:         69608                                         |
|  Number of clauses:          118081                                         |
|  Parse time:                   0.02 s                                       |
|                                                                             |
============================[ Search Statistics ]==============================
| Conflicts |          ORIGINAL         |          LEARNT          | Progress |
|           |    Vars  Clauses Literals |    Limit  Clauses Lit/Cl |          |
===============================================================================
===============================================================================
restarts              : 1
conflicts             : 33             (818 /sec)
decisions             : 75109          (0.00 % random) (1861760 /sec)
propagations          : 151073         (3744714 /sec)
conflict literals     : 91             (0.00 % deleted)
Memory used           : 16.81 MB
CPU time              : 0.040343 s

SATISFIABLE
