Reading from standard input... Use '--help' for help.
============================[ Problem Statistics ]=============================
|                                                                             |
|  Number of variables:         69608                                         |
|  Number of clauses:          118081                                         |
|  Parse time:                   0.02 s                                       |
|                                                                             |
============================[ Search Statistics ]==============================
| Conflicts |          ORIGINAL         |          LEARNT          | Progress |
|           |    Vars  Clauses Literals |    Limit  Clauses Lit/Cl |          |
===============================================================================
===============================================================================
restarts              : 1
conflicts             : 12             (377 /sec)
decisions             : 1406           (0.00 % random) (44174 /sec)
propagations          : 33226          (1043891 /sec)
conflict literals     : 17             (10.53 % deleted)
Memory used           : 14.19 MB
CPU time              : 0.031829 s

UNSATISFIABLE
