Reading from standard input... Use '--help' for help.
============================[ Problem Statistics ]=============================
|                                                                             |
|  Number of variables:         87638                                         |
|  Number of clauses:          161767                                         |
|  Parse time:                   0.04 s                                       |
|                                                                             |
============================[ Search Statistics ]==============================
| Conflicts |          ORIGINAL         |          LEARNT          | Progress |
|           |    Vars  Clauses Literals |    Limit  Clauses Lit/Cl |          |
===============================================================================
|       100 |   62863   107166   267178 |    39294      100     10 | 28.270 % |
|       250 |   62863   107166   267178 |    43223      250     53 | 28.270 % |
|       475 |   62863   107166   267178 |    47545      475     45 | 28.270 % |
|       812 |   62863   107166   267178 |    52300      812     71 | 28.270 % |
|      1318 |   62863   107166   267178 |    57530     1318     72 | 28.270 % |
|      2077 |   62863   107166   267178 |    63283     2077     70 | 28.270 % |
|      3216 |   62863   107166   267178 |    69612     3216     82 | 28.270 % |
|      4924 |   62863   107166   267178 |    76573     4924     75 | 28.270 % |
|      7486 |   62826   107054   266929 |    84230     5989     78 | 28.312 % |
|     11330 |   62826   106977   266752 |    92653     9830     79 | 28.312 % |
===============================================================================
restarts              : 63
conflicts             : 16501          (7788 /sec)
decisions             : 55629          (0.00 % random) (26254 /sec)
propagations          : 21933012       (10351376 /sec)
conflict literals     : 1359335        (49.82 % deleted)
Memory used           : 30.45 MB
CPU time              : 2.11885 s

INDETERMINATE
