Reading from standard input... Use '--help' for help.
============================[ Problem Statistics ]=============================
|                                                                             |
|  Number of variables:         69608                                         |
|  Number of clauses:          118081                                         |
|  Parse time:                   0.02 s                                       |
|                                                                             |
============================[ Search Statistics ]==============================
| Conflicts |          ORIGINAL         |          LEARNT          | Progress |
|           |    Vars  Clauses Literals |    Limit  Clauses Lit/Cl |          |
===============================================================================
===============================================================================
restarts              : 1
conflicts             : 11             (351 /sec)
decisions             : 2019           (0.00 % random) (64400 /sec)
propagations          : 36130          (1152435 /sec)
conflict literals     : 16             (0.00 % deleted)
Memory used           : 15.71 MB
CPU time              : 0.031351 s

UNSATISFIABLE
