Reading from standard input... Use '--help' for help.
============================[ Problem Statistics ]=============================
|                                                                             |
|  Number of variables:         69608                                         |
|  Number of clauses:          118081                                         |
|  Parse time:                   0.02 s                                       |
|                                                                             |
============================[ Search Statistics ]==============================
| Conflicts |          ORIGINAL         |          LEARNT          | Progress |
|           |    Vars  Clauses Literals |    Limit  Clauses Lit/Cl |          |
===============================================================================
===============================================================================
restarts              : 1
conflicts             : 19             (784 /sec)
decisions             : 8231           (0.00 % random) (339731 /sec)
propagations          : 33600          (1386825 /sec)
conflict literals     : 60             (0.00 % deleted)
Memory used           : 14.49 MB
CPU time              : 0.024228 s

UNSATISFIABLE
