Reading from standard input... Use '--help' for help.
============================[ Problem Statistics ]=============================
|                                                                             |
|  Number of variables:         69608                                         |
|  Number of clauses:          118081                                         |
|  Parse time:                   0.02 s                                       |
|                                                                             |
============================[ Search Statistics ]==============================
| Conflicts |          ORIGINAL         |          LEARNT          | Progress |
|           |    Vars  Clauses Literals |    Limit  Clauses Lit/Cl |          |
===============================================================================
===============================================================================
restarts              : 1
conflicts             : 34             (1201 /sec)
decisions             : 9500           (0.00 % random) (335582 /sec)
propagations          : 34422          (1215938 /sec)
conflict literals     : 94             (0.00 % deleted)
Memory used           : 14.83 MB
CPU time              : 0.028309 s

UNSATISFIABLE
