Reading from standard input... Use '--help' for help.
============================[ Problem Statistics ]=============================
|                                                                             |
|  Number of variables:         87638                                         |
|  Number of clauses:          161767                                         |
|  Parse time:                   0.04 s                                       |
|                                                                             |
============================[ Search Statistics ]==============================
| Conflicts |          ORIGINAL         |          LEARNT          | Progress |
|           |    Vars  Clauses Literals |    Limit  Clauses Lit/Cl |          |
===============================================================================
|       100 |   63166   108010   269874 |    39603      100     13 | 27.924 % |
|       250 |   63084   107782   269343 |    43564      247     16 | 28.018 % |
|       475 |   63084   107678   269093 |    47920      471     43 | 28.018 % |
|       812 |   63084   107678   269093 |    52712      808     47 | 28.018 % |
|      1318 |   63084   107678   269093 |    57983     1314     59 | 28.018 % |
|      2077 |   63083   107634   269003 |    63782     2072     63 | 28.019 % |
|      3216 |   63059   107538   268770 |    70160     3209     70 | 28.046 % |
|      4924 |   63037   107446   268559 |    77176     4915     69 | 28.071 % |
|      7486 |   63037   107446   268559 |    84893     7477     72 | 28.071 % |
|     11330 |   51986    74589   187951 |    93383    10679     84 | 40.681 % |
|     17096 |   51751    73633   185629 |   102721    16409     78 | 40.949 % |
===============================================================================
restarts              : 63
conflicts             : 18564          (6230 /sec)
decisions             : 62683          (0.00 % random) (21037 /sec)
propagations          : 26999716       (9061369 /sec)
conflict literals     : 1431107        (51.06 % deleted)
Memory used           : 42.34 MB
CPU time              : 2.97965 s

INDETERMINATE
