Reading from standard input... Use '--help' for help.
============================[ Problem Statistics ]=============================
|                                                                             |
|  Number of variables:         69608                                         |
|  Number of clauses:          118081                                         |
|  Parse time:                   0.02 s                                       |
|                                                                             |
============================[ Search Statistics ]==============================
| Conflicts |          ORIGINAL         |          LEARNT          | Progress |
|           |    Vars  Clauses Literals |    Limit  Clauses Lit/Cl |          |
===============================================================================
===============================================================================
restarts              : 1
conflicts             : 21             (748 /sec)
decisions             : 9183           (0.00 % random) (327240 /sec)
propagations          : 33917          (1208645 /sec)
conflict literals     : 46             (2.13 % deleted)
Memory used           : 14.68 MB
CPU time              : 0.028062 s

UNSATISFIABLE
