Reading from standard input... Use '--help' for help.
============================[ Problem Statistics ]=============================
|                                                                             |
|  Number of variables:         69608                                         |
|  Number of clauses:          118081                                         |
|  Parse time:                   0.03 s                                       |
|                                                                             |
============================[ Search Statistics ]==============================
| Conflicts |          ORIGINAL         |          LEARNT          | Progress |
|           |    Vars  Clauses Literals |    Limit  Clauses Lit/Cl |          |
===============================================================================
===============================================================================
restarts              : 1
conflicts             : 31             (714 /sec)
decisions             : 42809          (0.00 % random) (985361 /sec)
propagations          : 102347         (2355783 /sec)
conflict literals     : 249            (8.12 % deleted)
Memory used           : 17.33 MB
CPU time              : 0.043445 s

SATISFIABLE
