Reading from standard input... Use '--help' for help.
============================[ Problem Statistics ]=============================
|                                                                             |
|  Number of variables:         87638                                         |
|  Number of clauses:          161767                                         |
|  Parse time:                   0.03 s                                       |
|                                                                             |
============================[ Search Statistics ]==============================
| Conflicts |          ORIGINAL         |          LEARNT          | Progress |
|           |    Vars  Clauses Literals |    Limit  Clauses Lit/Cl |          |
===============================================================================
|       100 |   64469   112755   281444 |    41343      100     20 | 26.437 % |
|       250 |   64469   112755   281444 |    45477      250     26 | 26.437 % |
|       475 |   64469   112755   281444 |    50025      475     30 | 26.437 % |
|       812 |   64424   112590   281008 |    55028      794     39 | 26.489 % |
|      1318 |   64424   112590   281008 |    60531     1300     44 | 26.489 % |
|      2077 |   64424   112590   281008 |    66584     2059     46 | 26.489 % |
|      3216 |   64424   112590   281008 |    73242     3198     53 | 26.489 % |
|      4924 |   64423   112546   280918 |    80566     4904     70 | 26.490 % |
|      7486 |   64423   112546   280918 |    88623     7466     78 | 26.490 % |
|     11330 |   64290   112017   279633 |    97485    11278     92 | 26.641 % |
|     17096 |   55969    85775   215116 |   107234    16583     92 | 36.136 % |
===============================================================================
restarts              : 63
conflicts             : 18253          (6051 /sec)
decisions             : 80198          (0.00 % random) (26584 /sec)
propagations          : 29931826       (9921872 /sec)
conflict literals     : 1642525        (42.63 % deleted)
Memory used           : 42.96 MB
CPU time              : 3.01675 s

INDETERMINATE
