Reading from standard input... Use '--help' for help.
============================[ Problem Statistics ]=============================
|                                                                             |
|  Number of variables:         69608                                         |
|  Number of clauses:          118081                                         |
|  Parse time:                   0.02 s                                       |
|                                                                             |
============================[ Search Statistics ]==============================
| Conflicts |          ORIGINAL         |          LEARNT          | Progress |
|           |    Vars  Clauses Literals |    Limit  Clauses Lit/Cl |          |
===============================================================================
===============================================================================
restarts              : 1
conflicts             : 6              (207 /sec)
decisions             : 663            (0.00 % random) (22832 /sec)
propagations          : 21093          (726393 /sec)
conflict literals     : 7              (0.00 % deleted)
Memory used           : 14.67 MB
CPU time              : 0.029038 s

UNSATISFIABLE
