Reading from standard input... Use '--help' for help.
============================[ Problem Statistics ]=============================
|                                                                             |
|  Number of variables:         69608                                         |
|  Number of clauses:          118081                                         |
|  Parse time:                   0.03 s                                       |
|                                                                             |
============================[ Search Statistics ]==============================
| Conflicts |          ORIGINAL         |          LEARNT          | Progress |
|           |    Vars  Clauses Literals |    Limit  Clauses Lit/Cl |          |
===============================================================================
===============================================================================
restarts              : 1
conflicts             : 1              (26 /sec)
decisions             : 35531          (0.00 % random) (938831 /sec)
propagations          : 73957          (1954156 /sec)
conflict literals     : 1              (0.00 % deleted)
Memory used           : 16.99 MB
CPU time              : 0.037846 s

SATISFIABLE
