Reading from standard input... Use '--help' for help.
============================[ Problem Statistics ]=============================
|                                                                             |
|  Number of variables:         69608                                         |
|  Number of clauses:          118081                                         |
|  Parse time:                   0.02 s                                       |
|                                                                             |
============================[ Search Statistics ]==============================
| Conflicts |          ORIGINAL         |          LEARNT          | Progress |
|           |    Vars  Clauses Literals |    Limit  Clauses Lit/Cl |          |
===============================================================================
|       100 |   56893    82541   204535 |    30265       91      6 | 18.267 % |
===============================================================================
restarts              : 3
conflicts             : 235            (6072 /sec)
decisions             : 36361          (0.00 % random) (939512 /sec)
propagations          : 359545         (9290088 /sec)
conflict literals     : 1297           (31.66 % deleted)
Memory used           : 14.23 MB
CPU time              : 0.038702 s

UNSATISFIABLE
