Reading from standard input... Use '--help' for help.
============================[ Problem Statistics ]=============================
|                                                                             |
|  Number of variables:         87638                                         |
|  Number of clauses:          161767                                         |
|  Parse time:                   0.04 s                                       |
|                                                                             |
============================[ Search Statistics ]==============================
| Conflicts |          ORIGINAL         |          LEARNT          | Progress |
|           |    Vars  Clauses Literals |    Limit  Clauses Lit/Cl |          |
===============================================================================
|       100 |   63378   108664   271640 |    39843      100     34 | 27.682 % |
|       250 |   63377   108620   271550 |    43827      249     31 | 27.683 % |
|       475 |   63377   108620   271550 |    48210      474     36 | 27.683 % |
|       812 |   63377   108620   271550 |    53031      811     61 | 27.683 % |
|      1318 |   63377   108620   271550 |    58334     1317     55 | 27.683 % |
|      2077 |   63377   108620   271550 |    64168     2076     57 | 27.683 % |
|      3216 |   63377   108620   271550 |    70585     3215     58 | 27.683 % |
|      4924 |   63311   108346   270921 |    77643     3880     72 | 27.759 % |
|      7486 |   63286   108243   270686 |    85408     6440     80 | 27.787 % |
|     11330 |   63197   107891   269836 |    93948    10118     83 | 27.889 % |
===============================================================================
restarts              : 62
conflicts             : 15684          (6278 /sec)
decisions             : 52035          (0.00 % random) (20827 /sec)
propagations          : 21702251       (8686328 /sec)
conflict literals     : 1248376        (52.84 % deleted)
Memory used           : 32.80 MB
CPU time              : 2.49844 s

UNSATISFIABLE
