Reading from standard input... Use '--help' for help.
============================[ Problem Statistics ]=============================
|                                                                             |
|  Number of variables:         87638                                         |
|  Number of clauses:          161767                                         |
|  Parse time:                   0.05 s                                       |
|                                                                             |
============================[ Search Statistics ]==============================
| Conflicts |          ORIGINAL         |          LEARNT          | Progress |
|           |    Vars  Clauses Literals |    Limit  Clauses Lit/Cl |          |
===============================================================================
|       100 |   65870   117945   293971 |    43246      100      7 | 24.839 % |
|       250 |   65870   117945   293971 |    47571      250     41 | 24.839 % |
|       475 |   65870   117945   293971 |    52328      475     33 | 24.839 % |
|       812 |   65869   117901   293881 |    57561      811     60 | 24.840 % |
|      1318 |   65869   117901   293881 |    63317     1317     70 | 24.840 % |
|      2077 |   60918   101605   253783 |    69648     2056     74 | 30.489 % |
|      3216 |   60717   101513   253572 |    76613     3186    113 | 30.718 % |
|      4924 |   60584   100299   250726 |    84275     4863    135 | 30.870 % |
|      7486 |   60509   100023   250055 |    92702     7421    126 | 30.956 % |
|     11330 |   60375    99482   248781 |   101972    11244    113 | 31.109 % |
|     17096 |   59911    97965   245276 |   112170    16875    101 | 31.638 % |
|     25745 |   59805    97312   243734 |   123387    25344    107 | 31.759 % |
===============================================================================
restarts              : 100
conflicts             : 27958          (5762 /sec)
decisions             : 143644         (0.00 % random) (29604 /sec)
propagations          : 41253958       (8502018 /sec)
conflict literals     : 3030620        (33.90 % deleted)
Memory used           : 48.11 MB
CPU time              : 4.85225 s

INDETERMINATE
