Reading from standard input... Use '--help' for help.
============================[ Problem Statistics ]=============================
|                                                                             |
|  Number of variables:         87638                                         |
|  Number of clauses:          161767                                         |
|  Parse time:                   0.04 s                                       |
|                                                                             |
============================[ Search Statistics ]==============================
| Conflicts |          ORIGINAL         |          LEARNT          | Progress |
|           |    Vars  Clauses Literals |    Limit  Clauses Lit/Cl |          |
===============================================================================
|       100 |   63281   108360   270823 |    39732      100      8 | 27.793 % |
|       250 |   63281   108360   270823 |    43705      250     14 | 27.793 % |
|       475 |   63281   108360   270823 |    48075      475     40 | 27.793 % |
|       812 |   63281   108360   270823 |    52883      812     77 | 27.793 % |
|      1318 |   63281   108360   270823 |    58171     1318     78 | 27.793 % |
|      2077 |   63280   108316   270733 |    63988     2075     78 | 27.794 % |
|      3216 |   63238   108145   270340 |    70387     3211     77 | 27.842 % |
|      4924 |   63238   108145   270340 |    77426     4919     81 | 27.842 % |
|      7486 |   63172   107979   269958 |    85169     7477     94 | 27.917 % |
===============================================================================
restarts              : 44
conflicts             : 9975           (6588 /sec)
decisions             : 44101          (0.00 % random) (29126 /sec)
propagations          : 15685567       (10359479 /sec)
conflict literals     : 869278         (43.85 % deleted)
Memory used           : 27.80 MB
CPU time              : 1.51413 s

INDETERMINATE
