Reading from standard input... Use '--help' for help.
============================[ Problem Statistics ]=============================
|                                                                             |
|  Number of variables:         87638                                         |
|  Number of clauses:          161767                                         |
|  Parse time:                   0.03 s                                       |
|                                                                             |
============================[ Search Statistics ]==============================
| Conflicts |          ORIGINAL         |          LEARNT          | Progress |
|           |    Vars  Clauses Literals |    Limit  Clauses Lit/Cl |          |
===============================================================================
|       100 |   63789   110204   275601 |    40408      100     10 | 27.213 % |
|       250 |   63789   110204   275601 |    44448      250     30 | 27.213 % |
|       475 |   63770   110130   275430 |    48893      473     44 | 27.235 % |
|       812 |   63770   110086   275340 |    53783      810     59 | 27.235 % |
|      1318 |   63748   109994   275129 |    59161     1315     61 | 27.260 % |
|      2077 |   63716   109862   274804 |    65077     2000     86 | 27.296 % |
|      3216 |   63582   109318   273540 |    71585     3112     77 | 27.449 % |
|      4924 |   63582   109318   273540 |    78744     4820     75 | 27.449 % |
|      7486 |   63582   109318   273540 |    86618     7382     65 | 27.449 % |
===============================================================================
restarts              : 45
conflicts             : 10190          (6517 /sec)
decisions             : 34783          (0.00 % random) (22246 /sec)
propagations          : 16171154       (10342575 /sec)
conflict literals     : 588308         (61.86 % deleted)
Memory used           : 27.83 MB
CPU time              : 1.56355 s

UNSATISFIABLE
