Reading from standard input... Use '--help' for help.
============================[ Problem Statistics ]=============================
|                                                                             |
|  Number of variables:         69608                                         |
|  Number of clauses:          118081                                         |
|  Parse time:                   0.02 s                                       |
|                                                                             |
============================[ Search Statistics ]==============================
| Conflicts |          ORIGINAL         |          LEARNT          | Progress |
|           |    Vars  Clauses Literals |    Limit  Clauses Lit/Cl |          |
===============================================================================
|       100 |   56593    84241   208632 |    30888       91     12 | 18.698 % |
===============================================================================
restarts              : 2
conflicts             : 118            (3147 /sec)
decisions             : 4143           (0.00 % random) (110498 /sec)
propagations          : 190582         (5083000 /sec)
conflict literals     : 1122           (16.83 % deleted)
Memory used           : 14.67 MB
CPU time              : 0.037494 s

UNSATISFIABLE
