Reading from standard input... Use '--help' for help.
============================[ Problem Statistics ]=============================
|                                                                             |
|  Number of variables:         87638                                         |
|  Number of clauses:          161767                                         |
|  Parse time:                   0.04 s                                       |
|                                                                             |
============================[ Search Statistics ]==============================
| Conflicts |          ORIGINAL         |          LEARNT          | Progress |
|           |    Vars  Clauses Literals |    Limit  Clauses Lit/Cl |          |
===============================================================================
|       100 |   64367   112448   280641 |    41230      100     11 | 26.554 % |
|       250 |   64349   112374   280470 |    45354      249     14 | 26.574 % |
|       475 |   64349   112374   280470 |    49889      474     39 | 26.574 % |
|       812 |   64349   112374   280470 |    54878      811     52 | 26.574 % |
|      1318 |   64349   112374   280470 |    60366     1317     52 | 26.574 % |
|      2077 |   64295   112176   279946 |    66402     2028     53 | 26.636 % |
|      3216 |   64265   112052   279663 |    73043     3166     54 | 26.670 % |
|      4924 |   64265   112052   279663 |    80347     4874     80 | 26.670 % |
|      7486 |   64236   111936   279398 |    88382     7433     78 | 26.703 % |
|     11330 |   64010   111438   278260 |    97220    11262     80 | 26.961 % |
|     17096 |   63984   110835   276842 |   106942    14151     84 | 26.991 % |
|     25745 |   55418    84548   212254 |   117636    22451     83 | 36.765 % |
===============================================================================
restarts              : 94
conflicts             : 26964          (5557 /sec)
decisions             : 103134         (0.00 % random) (21254 /sec)
propagations          : 38935246       (8023965 /sec)
conflict literals     : 2209554        (50.49 % deleted)
Memory used           : 37.01 MB
CPU time              : 4.85237 s

INDETERMINATE
