Reading from standard input... Use '--help' for help.
============================[ Problem Statistics ]=============================
|                                                                             |
|  Number of variables:         69608                                         |
|  Number of clauses:          118081                                         |
|  Parse time:                   0.03 s                                       |
|                                                                             |
============================[ Search Statistics ]==============================
| Conflicts |          ORIGINAL         |          LEARNT          | Progress |
|           |    Vars  Clauses Literals |    Limit  Clauses Lit/Cl |          |
===============================================================================
===============================================================================
restarts              : 1
conflicts             : 28             (712 /sec)
decisions             : 2525           (0.00 % random) (64205 /sec)
propagations          : 53564          (1362016 /sec)
conflict literals     : 133            (16.35 % deleted)
Memory used           : 15.62 MB
CPU time              : 0.039327 s

UNSATISFIABLE
