Reading from standard input... Use '--help' for help.
============================[ Problem Statistics ]=============================
|                                                                             |
|  Number of variables:         69608                                         |
|  Number of clauses:          118081                                         |
|  Parse time:                   0.02 s                                       |
|                                                                             |
============================[ Search Statistics ]==============================
| Conflicts |          ORIGINAL         |          LEARNT          | Progress |
|           |    Vars  Clauses Literals |    Limit  Clauses Lit/Cl |          |
===============================================================================
===============================================================================
restarts              : 1
conflicts             : 11             (322 /sec)
decisions             : 2819           (0.00 % random) (82478 /sec)
propagations          : 40363          (1180930 /sec)
conflict literals     : 16             (0.00 % deleted)
Memory used           : 17.65 MB
CPU time              : 0.034179 s

UNSATISFIABLE
