Reading from standard input... Use '--help' for help.
============================[ Problem Statistics ]=============================
|                                                                             |
|  Number of variables:         87638                                         |
|  Number of clauses:          161767                                         |
|  Parse time:                   0.03 s                                       |
|                                                                             |
============================[ Search Statistics ]==============================
| Conflicts |          ORIGINAL         |          LEARNT          | Progress |
|           |    Vars  Clauses Literals |    Limit  Clauses Lit/Cl |          |
===============================================================================
|       100 |   63802   110342   275531 |    40458      100      9 | 27.198 % |
|       250 |   56504   110342   275531 |    44504      247     33 | 35.526 % |
|       475 |   56504    88273   221337 |    48955      444     43 | 35.526 % |
|       812 |   56504    88273   221337 |    53850      781     50 | 35.526 % |
|      1318 |   56480    88173   221108 |    59235     1286     50 | 35.553 % |
|      2077 |   56480    88173   221108 |    65159     2045     50 | 35.553 % |
|      3216 |   56332    87533   219611 |    71675     3174     50 | 35.722 % |
|      4924 |   56332    87533   219611 |    78842     4882     52 | 35.722 % |
|      7486 |   56299    87375   219252 |    86726     7438     69 | 35.760 % |
|     11330 |   55989    86203   216425 |    95399    11235     74 | 36.113 % |
|     17096 |   55395    84378   212070 |   104939    16438     72 | 36.791 % |
|     25745 |   55331    83654   210339 |   115433    23776     71 | 36.864 % |
===============================================================================
restarts              : 126
conflicts             : 35883          (7629 /sec)
decisions             : 108685         (0.00 % random) (23107 /sec)
propagations          : 51584790       (10967096 /sec)
conflict literals     : 2378139        (49.30 % deleted)
Memory used           : 39.19 MB
CPU time              : 4.7036 s

UNSATISFIABLE
