Reading from standard input... Use '--help' for help.
============================[ Problem Statistics ]=============================
|                                                                             |
|  Number of variables:         87638                                         |
|  Number of clauses:          161767                                         |
|  Parse time:                   0.04 s                                       |
|                                                                             |
============================[ Search Statistics ]==============================
| Conflicts |          ORIGINAL         |          LEARNT          | Progress |
|           |    Vars  Clauses Literals |    Limit  Clauses Lit/Cl |          |
===============================================================================
|       100 |   63257   108290   270651 |    39706      100     11 | 27.820 % |
|       250 |   63257   108290   270651 |    43676      250     11 | 27.820 % |
|       475 |   63257   108290   270651 |    48044      475     36 | 27.820 % |
|       812 |   63256   108246   270561 |    52849      810     69 | 27.821 % |
|      1318 |   63256   108246   270561 |    58134     1316     71 | 27.821 % |
|      2077 |   63256   108246   270561 |    63947     2075     67 | 27.821 % |
|      3216 |   63256   108246   270561 |    70342     3214     94 | 27.821 % |
|      4924 |   53125    78504   197461 |    77376     4898     84 | 39.381 % |
|      7486 |   52849    77276   194518 |    85114     7431     77 | 39.696 % |
===============================================================================
restarts              : 46
conflicts             : 10845          (7169 /sec)
decisions             : 44986          (0.00 % random) (29739 /sec)
propagations          : 15860959       (10485080 /sec)
conflict literals     : 796258         (37.10 % deleted)
Memory used           : 31.75 MB
CPU time              : 1.51272 s

INDETERMINATE
