Reading from standard input... Use '--help' for help.
============================[ Problem Statistics ]=============================
|                                                                             |
|  Number of variables:         87638                                         |
|  Number of clauses:          161767                                         |
|  Parse time:                   0.04 s                                       |
|                                                                             |
============================[ Search Statistics ]==============================
| Conflicts |          ORIGINAL         |          LEARNT          | Progress |
|           |    Vars  Clauses Literals |    Limit  Clauses Lit/Cl |          |
===============================================================================
|       100 |   62759   106556   266165 |    39070      100     22 | 28.388 % |
|       250 |   62759   106556   266165 |    42977      250     34 | 28.388 % |
|       475 |   62722   106523   266077 |    47275      467     32 | 28.431 % |
|       812 |   62722   106380   265727 |    52002      798     57 | 28.431 % |
|      1318 |   62722   106380   265727 |    57203     1304     59 | 28.431 % |
|      2077 |   62722   106380   265727 |    62923     2063     63 | 28.431 % |
|      3216 |   62704   106314   265551 |    69215     3194     67 | 28.451 % |
|      4924 |   62704   106314   265551 |    76137     4902     67 | 28.451 % |
|      7486 |   62704   106314   265551 |    83751     7464     77 | 28.451 % |
|     11330 |   62676   106202   265284 |    92126    11306     79 | 28.483 % |
|     17096 |   51763    75552   189783 |   101338    15276     71 | 40.935 % |
===============================================================================
restarts              : 63
conflicts             : 17825          (7234 /sec)
decisions             : 57827          (0.00 % random) (23468 /sec)
propagations          : 23289413       (9451627 /sec)
conflict literals     : 1283462        (53.77 % deleted)
Memory used           : 32.35 MB
CPU time              : 2.46406 s

UNSATISFIABLE
