Reading from standard input... Use '--help' for help.
============================[ Problem Statistics ]=============================
|                                                                             |
|  Number of variables:         69608                                         |
|  Number of clauses:          118081                                         |
|  Parse time:                   0.02 s                                       |
|                                                                             |
============================[ Search Statistics ]==============================
| Conflicts |          ORIGINAL         |          LEARNT          | Progress |
|           |    Vars  Clauses Literals |    Limit  Clauses Lit/Cl |          |
===============================================================================
===============================================================================
restarts              : 1
conflicts             : 6              (203 /sec)
decisions             : 40462          (0.00 % random) (1371872 /sec)
propagations          : 85846          (2910626 /sec)
conflict literals     : 9              (0.00 % deleted)
Memory used           : 16.67 MB
CPU time              : 0.029494 s

SATISFIABLE
