Reading from standard input... Use '--help' for help.
============================[ Problem Statistics ]=============================
|                                                                             |
|  Number of variables:         87638                                         |
|  Number of clauses:          161767                                         |
|  Parse time:                   0.03 s                                       |
|                                                                             |
============================[ Search Statistics ]==============================
| Conflicts |          ORIGINAL         |          LEARNT          | Progress |
|           |    Vars  Clauses Literals |    Limit  Clauses Lit/Cl |          |
===============================================================================
|       100 |   64464   112722   281384 |    41331      100     20 | 26.443 % |
|       250 |   57301    90822   227489 |    45464      247     24 | 34.616 % |
|       475 |   57301    90822   227489 |    50010      472     45 | 34.616 % |
|       812 |   57301    90822   227489 |    55012      809     61 | 34.616 % |
|      1318 |   57301    90822   227489 |    60513     1315     56 | 34.616 % |
|      2077 |   57281    90735   227288 |    66564     2073     57 | 34.639 % |
|      3216 |   57199    90408   226529 |    73221     3193     74 | 34.733 % |
|      4924 |   57060    89840   225224 |    80543     4887     77 | 34.891 % |
|      7486 |   56737    88602   222272 |    88597     7366     79 | 35.260 % |
|     11330 |   56534    87866   220484 |    97457    11177     82 | 35.491 % |
|     17096 |   56339    87050   218584 |   107203    16865     87 | 35.714 % |
===============================================================================
restarts              : 78
conflicts             : 22115          (7203 /sec)
decisions             : 81732          (0.00 % random) (26621 /sec)
propagations          : 32632106       (10628807 /sec)
conflict literals     : 1826345        (41.38 % deleted)
Memory used           : 37.84 MB
CPU time              : 3.07016 s

INDETERMINATE
