Reading from standard input... Use '--help' for help.
============================[ Problem Statistics ]=============================
|                                                                             |
|  Number of variables:         69608                                         |
|  Number of clauses:          118081                                         |
|  Parse time:                   0.02 s                                       |
|                                                                             |
============================[ Search Statistics ]==============================
| Conflicts |          ORIGINAL         |          LEARNT          | Progress |
|           |    Vars  Clauses Literals |    Limit  Clauses Lit/Cl |          |
===============================================================================
===============================================================================
restarts              : 1
conflicts             : 30             (1131 /sec)
decisions             : 5995           (0.00 % random) (226013 /sec)
propagations          : 24569          (926258 /sec)
conflict literals     : 97             (0.00 % deleted)
Memory used           : 14.62 MB
CPU time              : 0.026525 s

UNSATISFIABLE
