Reading from standard input... Use '--help' for help.
============================[ Problem Statistics ]=============================
|                                                                             |
|  Number of variables:         69608                                         |
|  Number of clauses:          118081                                         |
|  Parse time:                   0.03 s                                       |
|                                                                             |
============================[ Search Statistics ]==============================
| Conflicts |          ORIGINAL         |          LEARNT          | Progress |
|           |    Vars  Clauses Literals |    Limit  Clauses Lit/Cl |          |
===============================================================================
===============================================================================
restarts              : 1
conflicts             : 5              (119 /sec)
decisions             : 38465          (0.00 % random) (918501 /sec)
propagations          : 76325          (1822556 /sec)
conflict literals     : 9              (0.00 % deleted)
Memory used           : 15.59 MB
CPU time              : 0.041878 s

SATISFIABLE
