Reading from standard input... Use '--help' for help.
============================[ Problem Statistics ]=============================
|                                                                             |
|  Number of variables:         87638                                         |
|  Number of clauses:          161767                                         |
|  Parse time:                   0.03 s                                       |
|                                                                             |
============================[ Search Statistics ]==============================
| Conflicts |          ORIGINAL         |          LEARNT          | Progress |
|           |    Vars  Clauses Literals |    Limit  Clauses Lit/Cl |          |
===============================================================================
|       100 |   62326   104931   262279 |    38474      100     31 | 28.882 % |
|       250 |   62326   104931   262279 |    42322      250     90 | 28.882 % |
|       475 |   62305   104887   262189 |    46554      472     91 | 28.906 % |
|       812 |   62305   104809   262006 |    51209      763     93 | 28.906 % |
|      1318 |   62305   104809   262006 |    56330     1269    124 | 28.906 % |
|      2077 |   43850   104731   261823 |    61963     1848    105 | 49.965 % |
===============================================================================
restarts              : 15
conflicts             : 2908           (6312 /sec)
decisions             : 11658          (0.00 % random) (25304 /sec)
propagations          : 4543265        (9861421 /sec)
conflict literals     : 240373         (42.92 % deleted)
Memory used           : 22.14 MB
CPU time              : 0.460711 s

UNSATISFIABLE
