Reading from standard input... Use '--help' for help.
============================[ Problem Statistics ]=============================
|                                                                             |
|  Number of variables:         69608                                         |
|  Number of clauses:          118081                                         |
|  Parse time:                   0.03 s                                       |
|                                                                             |
============================[ Search Statistics ]==============================
| Conflicts |          ORIGINAL         |          LEARNT          | Progress |
|           |    Vars  Clauses Literals |    Limit  Clauses Lit/Cl |          |
===============================================================================
===============================================================================
restarts              : 1
conflicts             : 51             (1379 /sec)
decisions             : 7317           (0.00 % random) (197800 /sec)
propagations          : 55674          (1505028 /sec)
conflict literals     : 135            (6.90 % deleted)
Memory used           : 15.06 MB
CPU time              : 0.036992 s

UNSATISFIABLE
