Reading from standard input... Use '--help' for help.
============================[ Problem Statistics ]=============================
|                                                                             |
|  Number of variables:         87638                                         |
|  Number of clauses:          161767                                         |
|  Parse time:                   0.03 s                                       |
|                                                                             |
============================[ Search Statistics ]==============================
| Conflicts |          ORIGINAL         |          LEARNT          | Progress |
|           |    Vars  Clauses Literals |    Limit  Clauses Lit/Cl |          |
===============================================================================
|       100 |   66043   118515   295468 |    43455      100     12 | 24.641 % |
|       250 |   66043   118515   295468 |    47801      250     25 | 24.641 % |
|       475 |   66043   118515   295468 |    52581      475     36 | 24.641 % |
|       812 |   66043   118515   295468 |    57839      812     42 | 24.641 % |
|      1318 |   66043   118515   295468 |    63623     1318     46 | 24.641 % |
|      2077 |   59745    98519   246013 |    69985     2062     44 | 31.828 % |
|      3216 |   59662    98515   246003 |    76984     3199     65 | 31.922 % |
|      4924 |   59286    96863   242075 |    84682     4687     60 | 32.351 % |
|      7486 |   59043    95943   239863 |    93150     7231     63 | 32.629 % |
|     11330 |   58451    93709   234477 |   102465    10735     66 | 33.304 % |
===============================================================================
restarts              : 60
conflicts             : 13339          (7068 /sec)
decisions             : 65066          (0.00 % random) (34475 /sec)
propagations          : 19860622       (10522987 /sec)
conflict literals     : 863080         (36.01 % deleted)
Memory used           : 28.47 MB
CPU time              : 1.88736 s

INDETERMINATE
