Reading from standard input... Use '--help' for help.
============================[ Problem Statistics ]=============================
|                                                                             |
|  Number of variables:         69608                                         |
|  Number of clauses:          118081                                         |
|  Parse time:                   0.02 s                                       |
|                                                                             |
============================[ Search Statistics ]==============================
| Conflicts |          ORIGINAL         |          LEARNT          | Progress |
|           |    Vars  Clauses Literals |    Limit  Clauses Lit/Cl |          |
===============================================================================
|       100 |   56827    86259   213613 |    31628       93      8 | 18.361 % |
===============================================================================
restarts              : 2
conflicts             : 104            (3708 /sec)
decisions             : 6886           (0.00 % random) (245543 /sec)
propagations          : 133256         (4751676 /sec)
conflict literals     : 722            (16.92 % deleted)
Memory used           : 14.47 MB
CPU time              : 0.028044 s

UNSATISFIABLE
