Reading from standard input... Use '--help' for help.
============================[ Problem Statistics ]=============================
|                                                                             |
|  Number of variables:         69608                                         |
|  Number of clauses:          118081                                         |
|  Parse time:                   0.02 s                                       |
|                                                                             |
============================[ Search Statistics ]==============================
| Conflicts |          ORIGINAL         |          LEARNT          | Progress |
|           |    Vars  Clauses Literals |    Limit  Clauses Lit/Cl |          |
===============================================================================
|       100 |   58192    86255   213587 |    31626       91      7 | 16.400 % |
===============================================================================
restarts              : 2
conflicts             : 198            (6064 /sec)
decisions             : 7786           (0.00 % random) (238461 /sec)
propagations          : 228026         (6983737 /sec)
conflict literals     : 1679           (24.71 % deleted)
Memory used           : 15.19 MB
CPU time              : 0.032651 s

UNSATISFIABLE
