Reading from standard input... Use '--help' for help.
============================[ Problem Statistics ]=============================
|                                                                             |
|  Number of variables:         69608                                         |
|  Number of clauses:          118081                                         |
|  Parse time:                   0.03 s                                       |
|                                                                             |
============================[ Search Statistics ]==============================
| Conflicts |          ORIGINAL         |          LEARNT          | Progress |
|           |    Vars  Clauses Literals |    Limit  Clauses Lit/Cl |          |
===============================================================================
===============================================================================
restarts              : 1
conflicts             : 19             (506 /sec)
decisions             : 70074          (0.00 % random) (1866400 /sec)
propagations          : 127392         (3393048 /sec)
conflict literals     : 52             (0.00 % deleted)
Memory used           : 17.57 MB
CPU time              : 0.037545 s

SATISFIABLE
