Reading from standard input... Use '--help' for help.
============================[ Problem Statistics ]=============================
|                                                                             |
|  Number of variables:         69608                                         |
|  Number of clauses:          118081                                         |
|  Parse time:                   0.03 s                                       |
|                                                                             |
============================[ Search Statistics ]==============================
| Conflicts |          ORIGINAL         |          LEARNT          | Progress |
|           |    Vars  Clauses Literals |    Limit  Clauses Lit/Cl |          |
===============================================================================
===============================================================================
restarts              : 1
conflicts             : 12             (333 /sec)
decisions             : 1464           (0.00 % random) (40585 /sec)
propagations          : 35305          (978737 /sec)
conflict literals     : 17             (10.53 % deleted)
Memory used           : 15.45 MB
CPU time              : 0.036072 s

UNSATISFIABLE
