Reading from standard input... Use '--help' for help.
============================[ Problem Statistics ]=============================
|                                                                             |
|  Number of variables:         69608                                         |
|  Number of clauses:          118081                                         |
|  Parse time:                   0.03 s                                       |
|                                                                             |
============================[ Search Statistics ]==============================
| Conflicts |          ORIGINAL         |          LEARNT          | Progress |
|           |    Vars  Clauses Literals |    Limit  Clauses Lit/Cl |          |
===============================================================================
===============================================================================
restarts              : 1
conflicts             : 36             (1027 /sec)
decisions             : 2537           (0.00 % random) (72351 /sec)
propagations          : 70514          (2010951 /sec)
conflict literals     : 175            (18.60 % deleted)
Memory used           : 15.97 MB
CPU time              : 0.035065 s

UNSATISFIABLE
