Reading from standard input... Use '--help' for help.
============================[ Problem Statistics ]=============================
|                                                                             |
|  Number of variables:         69608                                         |
|  Number of clauses:          118081                                         |
|  Parse time:                   0.03 s                                       |
|                                                                             |
============================[ Search Statistics ]==============================
| Conflicts |          ORIGINAL         |          LEARNT          | Progress |
|           |    Vars  Clauses Literals |    Limit  Clauses Lit/Cl |          |
===============================================================================
===============================================================================
restarts              : 1
conflicts             : 8              (224 /sec)
decisions             : 4347           (0.00 % random) (121782 /sec)
propagations          : 26110          (731475 /sec)
conflict literals     : 14             (0.00 % deleted)
Memory used           : 18.57 MB
CPU time              : 0.035695 s

UNSATISFIABLE
