Reading from standard input... Use '--help' for help.
============================[ Problem Statistics ]=============================
|                                                                             |
|  Number of variables:         87638                                         |
|  Number of clauses:          161767                                         |
|  Parse time:                   0.04 s                                       |
|                                                                             |
============================[ Search Statistics ]==============================
| Conflicts |          ORIGINAL         |          LEARNT          | Progress |
|           |    Vars  Clauses Literals |    Limit  Clauses Lit/Cl |          |
===============================================================================
|       100 |   62338   104947   262343 |    38480      100     28 | 28.869 % |
|       250 |   43891    50896   129663 |    42328      239    117 | 49.918 % |
|       475 |   43891    50896   129663 |    46561      464     73 | 49.918 % |
|       812 |   43890    50852   129573 |    51217      799     51 | 49.919 % |
|      1318 |   43890    50852   129573 |    56339     1305     42 | 49.919 % |
|      2077 |   43889    50836   129540 |    61973     2054     35 | 49.920 % |
|      3216 |   43889    50836   129540 |    68170     3193     33 | 49.920 % |
===============================================================================
restarts              : 19
conflicts             : 3693           (10188 /sec)
decisions             : 13929          (0.00 % random) (38426 /sec)
propagations          : 4388937        (12107913 /sec)
conflict literals     : 115671         (28.68 % deleted)
Memory used           : 22.95 MB
CPU time              : 0.362485 s

UNSATISFIABLE
