Reading from standard input... Use '--help' for help.
============================[ Problem Statistics ]=============================
|                                                                             |
|  Number of variables:         69608                                         |
|  Number of clauses:          118081                                         |
|  Parse time:                   0.02 s                                       |
|                                                                             |
============================[ Search Statistics ]==============================
| Conflicts |          ORIGINAL         |          LEARNT          | Progress |
|           |    Vars  Clauses Literals |    Limit  Clauses Lit/Cl |          |
===============================================================================
===============================================================================
restarts              : 1
conflicts             : 11             (379 /sec)
decisions             : 2068           (0.00 % random) (71249 /sec)
propagations          : 38778          (1336021 /sec)
conflict literals     : 16             (0.00 % deleted)
Memory used           : 14.85 MB
CPU time              : 0.029025 s

UNSATISFIABLE
