Reading from standard input... Use '--help' for help.
============================[ Problem Statistics ]=============================
|                                                                             |
|  Number of variables:         87638                                         |
|  Number of clauses:          161767                                         |
|  Parse time:                   0.04 s                                       |
|                                                                             |
============================[ Search Statistics ]==============================
| Conflicts |          ORIGINAL         |          LEARNT          | Progress |
|           |    Vars  Clauses Literals |    Limit  Clauses Lit/Cl |          |
===============================================================================
|       100 |   62367   105062   262592 |    38522      100     10 | 28.836 % |
|       250 |   62367   105062   262592 |    42375      250     58 | 28.836 % |
|       475 |   62367   105062   262592 |    46612      475     57 | 28.836 % |
|       812 |   47919    64890   163246 |    51273      770     74 | 45.322 % |
|      1318 |   47789    64289   161864 |    56401     1256     64 | 45.470 % |
|      2077 |   47586    63426   159728 |    62041     2012     61 | 45.702 % |
|      3216 |   47356    62551   157651 |    68245     3136     63 | 45.964 % |
|      4924 |   47127    61521   155222 |    75069     4506     59 | 46.225 % |
===============================================================================
restarts              : 31
conflicts             : 7370           (9683 /sec)
decisions             : 26830          (0.00 % random) (35249 /sec)
propagations          : 9488661        (12465955 /sec)
conflict literals     : 384911         (33.83 % deleted)
Memory used           : 23.81 MB
CPU time              : 0.761166 s

UNSATISFIABLE
