Reading from standard input... Use '--help' for help.
============================[ Problem Statistics ]=============================
|                                                                             |
|  Number of variables:         69608                                         |
|  Number of clauses:          118081                                         |
|  Parse time:                   0.02 s                                       |
|                                                                             |
============================[ Search Statistics ]==============================
| Conflicts |          ORIGINAL         |          LEARNT          | Progress |
|           |    Vars  Clauses Literals |    Limit  Clauses Lit/Cl |          |
===============================================================================
===============================================================================
restarts              : 1
conflicts             : 24             (943 /sec)
decisions             : 9817           (0.00 % random) (385858 /sec)
propagations          : 41977          (1649910 /sec)
conflict literals     : 68             (0.00 % deleted)
Memory used           : 16.65 MB
CPU time              : 0.025442 s

UNSATISFIABLE
