Reading from standard input... Use '--help' for help.
============================[ Problem Statistics ]=============================
|                                                                             |
|  Number of variables:         69608                                         |
|  Number of clauses:          118081                                         |
|  Parse time:                   0.02 s                                       |
|                                                                             |
============================[ Search Statistics ]==============================
| Conflicts |          ORIGINAL         |          LEARNT          | Progress |
|           |    Vars  Clauses Literals |    Limit  Clauses Lit/Cl |          |
===============================================================================
===============================================================================
restarts              : 1
conflicts             : 7              (244 /sec)
decisions             : 3493           (0.00 % random) (121682 /sec)
propagations          : 24330          (847558 /sec)
conflict literals     : 10             (0.00 % deleted)
Memory used           : 15.15 MB
CPU time              : 0.028706 s

UNSATISFIABLE
