Reading from standard input... Use '--help' for help.
============================[ Problem Statistics ]=============================
|                                                                             |
|  Number of variables:         69608                                         |
|  Number of clauses:          118081                                         |
|  Parse time:                   0.03 s                                       |
|                                                                             |
============================[ Search Statistics ]==============================
| Conflicts |          ORIGINAL         |          LEARNT          | Progress |
|           |    Vars  Clauses Literals |    Limit  Clauses Lit/Cl |          |
===============================================================================
===============================================================================
restarts              : 1
conflicts             : 32             (759 /sec)
decisions             : 41405          (0.00 % random) (981766 /sec)
propagations          : 93364          (2213781 /sec)
conflict literals     : 280            (0.00 % deleted)
Memory used           : 15.08 MB
CPU time              : 0.042174 s

SATISFIABLE
