Reading from standard input... Use '--help' for help.
============================[ Problem Statistics ]=============================
|                                                                             |
|  Number of variables:         87638                                         |
|  Number of clauses:          161767                                         |
|  Parse time:                   0.04 s                                       |
|                                                                             |
============================[ Search Statistics ]==============================
| Conflicts |          ORIGINAL         |          LEARNT          | Progress |
|           |    Vars  Clauses Literals |    Limit  Clauses Lit/Cl |          |
===============================================================================
|       100 |   62705   106241   265709 |    38955      100     48 | 28.450 % |
|       250 |   62705   106241   265709 |    42850      250    118 | 28.450 % |
|       475 |   62705   106241   265709 |    47135      475    110 | 28.450 % |
|       812 |   62705   106241   265709 |    51849      812    103 | 28.450 % |
|      1318 |   62705   106241   265709 |    57034     1318    121 | 28.450 % |
|      2077 |   62705   106241   265709 |    62737     2077    117 | 28.450 % |
===============================================================================
restarts              : 15
conflicts             : 3214           (5668 /sec)
decisions             : 13457          (0.00 % random) (23730 /sec)
propagations          : 4870668        (8588835 /sec)
conflict literals     : 392833         (46.11 % deleted)
Memory used           : 25.28 MB
CPU time              : 0.567093 s

UNSATISFIABLE
