Reading from standard input... Use '--help' for help.
============================[ Problem Statistics ]=============================
|                                                                             |
|  Number of variables:         87638                                         |
|  Number of clauses:          161767                                         |
|  Parse time:                   0.04 s                                       |
|                                                                             |
============================[ Search Statistics ]==============================
| Conflicts |          ORIGINAL         |          LEARNT          | Progress |
|           |    Vars  Clauses Literals |    Limit  Clauses Lit/Cl |          |
===============================================================================
|       100 |   63957   110773   276828 |    40616      100     12 | 27.021 % |
|       250 |   63957   110773   276828 |    44678      250     38 | 27.021 % |
|       475 |   63935   110681   276617 |    49146      473     33 | 27.047 % |
|       812 |   63935   110681   276617 |    54060      810     40 | 27.046 % |
|      1318 |   63921   110609   276449 |    59467     1315     42 | 27.062 % |
|      2077 |   63921   110609   276449 |    65413     2074     63 | 27.062 % |
|      3216 |   63921   110609   276449 |    71955     3213     65 | 27.062 % |
|      4924 |   63896   110465   276130 |    79150     4918     70 | 27.091 % |
|      7486 |   63892   110449   276086 |    87065     7408     74 | 27.096 % |
|     11330 |   51603   110163   275462 |    95772    10192     76 | 41.118 % |
|     17096 |   51340    72214   181916 |   105349    15073     73 | 41.418 % |
===============================================================================
restarts              : 78
conflicts             : 22262          (7192 /sec)
decisions             : 69616          (0.00 % random) (22491 /sec)
propagations          : 30226079       (9765349 /sec)
conflict literals     : 1458087        (51.93 % deleted)
Memory used           : 33.71 MB
CPU time              : 3.09524 s

UNSATISFIABLE
