Reading from standard input... Use '--help' for help.
============================[ Problem Statistics ]=============================
|                                                                             |
|  Number of variables:         69608                                         |
|  Number of clauses:          118081                                         |
|  Parse time:                   0.02 s                                       |
|                                                                             |
============================[ Search Statistics ]==============================
| Conflicts |          ORIGINAL         |          LEARNT          | Progress |
|           |    Vars  Clauses Literals |    Limit  Clauses Lit/Cl |          |
===============================================================================
===============================================================================
restarts              : 1
conflicts             : 14             (407 /sec)
decisions             : 37806          (0.00 % random) (1099363 /sec)
propagations          : 79641          (2315886 /sec)
conflict literals     : 30             (0.00 % deleted)
Memory used           : 14.61 MB
CPU time              : 0.034389 s

SATISFIABLE
