Reading from standard input... Use '--help' for help.
============================[ Problem Statistics ]=============================
|                                                                             |
|  Number of variables:         69608                                         |
|  Number of clauses:          118081                                         |
|  Parse time:                   0.02 s                                       |
|                                                                             |
============================[ Search Statistics ]==============================
| Conflicts |          ORIGINAL         |          LEARNT          | Progress |
|           |    Vars  Clauses Literals |    Limit  Clauses Lit/Cl |          |
===============================================================================
|       100 |   57383    84421   209004 |    30954       92      7 | 17.563 % |
===============================================================================
restarts              : 2
conflicts             : 171            (3720 /sec)
decisions             : 5152           (0.00 % random) (112088 /sec)
propagations          : 266332         (5794361 /sec)
conflict literals     : 1380           (20.37 % deleted)
Memory used           : 15.74 MB
CPU time              : 0.045964 s

UNSATISFIABLE
