Reading from standard input... Use '--help' for help.
============================[ Problem Statistics ]=============================
|                                                                             |
|  Number of variables:         87638                                         |
|  Number of clauses:          161767                                         |
|  Parse time:                   0.04 s                                       |
|                                                                             |
============================[ Search Statistics ]==============================
| Conflicts |          ORIGINAL         |          LEARNT          | Progress |
|           |    Vars  Clauses Literals |    Limit  Clauses Lit/Cl |          |
===============================================================================
|       100 |   63375   108672   271579 |    39846       99     17 | 27.685 % |
|       250 |   54615    82652   207508 |    43831      233     20 | 37.681 % |
|       475 |   54615    82652   207508 |    48214      458     57 | 37.681 % |
|       812 |   54590    82636   207464 |    53035      779     53 | 37.710 % |
|      1318 |   54590    82553   207263 |    58339     1268     62 | 37.710 % |
|      2077 |   53434    78762   197274 |    64173     1912     66 | 39.029 % |
|      3216 |   53315    78577   196836 |    70590     3043     63 | 39.165 % |
|      4924 |   53092    77208   193540 |    77649     4719     57 | 39.419 % |
|      7486 |   52986    76766   192520 |    85414     7261     55 | 39.540 % |
|     11330 |   52869    76268   191336 |    93955    11081     53 | 39.673 % |
|     17096 |   52618    75190   188825 |   103351    13911     51 | 39.960 % |
===============================================================================
restarts              : 63
conflicts             : 17840          (8319 /sec)
decisions             : 51946          (0.00 % random) (24222 /sec)
propagations          : 20578151       (9595369 /sec)
conflict literals     : 912231         (46.66 % deleted)
Memory used           : 32.34 MB
CPU time              : 2.14459 s

UNSATISFIABLE
