Reading from standard input... Use '--help' for help.
============================[ Problem Statistics ]=============================
|                                                                             |
|  Number of variables:         69608                                         |
|  Number of clauses:          118081                                         |
|  Parse time:                   0.03 s                                       |
|                                                                             |
============================[ Search Statistics ]==============================
| Conflicts |          ORIGINAL         |          LEARNT          | Progress |
|           |    Vars  Clauses Literals |    Limit  Clauses Lit/Cl |          |
===============================================================================
===============================================================================
restarts              : 1
conflicts             : 14             (373 /sec)
decisions             : 38085          (0.00 % random) (1014707 /sec)
propagations          : 76564          (2039912 /sec)
conflict literals     : 40             (0.00 % deleted)
Memory used           : 18.32 MB
CPU time              : 0.037533 s

SATISFIABLE
