Reading from standard input... Use '--help' for help.
============================[ Problem Statistics ]=============================
|                                                                             |
|  Number of variables:         69608                                         |
|  Number of clauses:          118081                                         |
|  Parse time:                   0.02 s                                       |
|                                                                             |
============================[ Search Statistics ]==============================
| Conflicts |          ORIGINAL         |          LEARNT          | Progress |
|           |    Vars  Clauses Literals |    Limit  Clauses Lit/Cl |          |
===============================================================================
===============================================================================
restarts              : 1
conflicts             : 55             (1504 /sec)
decisions             : 45457          (0.00 % random) (1242911 /sec)
propagations          : 100648         (2751976 /sec)
conflict literals     : 190            (0.00 % deleted)
Memory used           : 14.07 MB
CPU time              : 0.036573 s

SATISFIABLE
