Reading from standard input... Use '--help' for help.
============================[ Problem Statistics ]=============================
|                                                                             |
|  Number of variables:         69608                                         |
|  Number of clauses:          118081                                         |
|  Parse time:                   0.02 s                                       |
|                                                                             |
============================[ Search Statistics ]==============================
| Conflicts |          ORIGINAL         |          LEARNT          | Progress |
|           |    Vars  Clauses Literals |    Limit  Clauses Lit/Cl |          |
===============================================================================
===============================================================================
restarts              : 1
conflicts             : 14             (405 /sec)
decisions             : 68015          (0.00 % random) (1967685 /sec)
propagations          : 118414         (3425736 /sec)
conflict literals     : 31             (0.00 % deleted)
Memory used           : 17.35 MB
CPU time              : 0.034566 s

SATISFIABLE
