Reading from standard input... Use '--help' for help.
============================[ Problem Statistics ]=============================
|                                                                             |
|  Number of variables:         87638                                         |
|  Number of clauses:          161767                                         |
|  Parse time:                   0.04 s                                       |
|                                                                             |
============================[ Search Statistics ]==============================
| Conflicts |          ORIGINAL         |          LEARNT          | Progress |
|           |    Vars  Clauses Literals |    Limit  Clauses Lit/Cl |          |
===============================================================================
|       100 |   63334   108537   271279 |    39796      100     11 | 27.732 % |
|       250 |   63334   108537   271279 |    43776      250     19 | 27.732 % |
|       475 |   63334   108537   271279 |    48154      475     32 | 27.732 % |
|       812 |   63334   108537   271279 |    52969      812     45 | 27.732 % |
|      1318 |   63334   108537   271279 |    58266     1318     64 | 27.732 % |
|      2077 |   63312   108445   271068 |    64093     2076     81 | 27.757 % |
|      3216 |   63312   108445   271068 |    70502     3215     74 | 27.757 % |
|      4924 |   52671    77506   194762 |    77552     4894     87 | 39.899 % |
|      7486 |   52373    76391   192018 |    85308     7343     76 | 40.239 % |
===============================================================================
restarts              : 46
conflicts             : 10717          (7511 /sec)
decisions             : 43972          (0.00 % random) (30817 /sec)
propagations          : 15159995       (10624502 /sec)
conflict literals     : 777846         (41.09 % deleted)
Memory used           : 30.67 MB
CPU time              : 1.42689 s

INDETERMINATE
