Reading from standard input... Use '--help' for help.
============================[ Problem Statistics ]=============================
|                                                                             |
|  Number of variables:         69608                                         |
|  Number of clauses:          118081                                         |
|  Parse time:                   0.03 s                                       |
|                                                                             |
============================[ Search Statistics ]==============================
| Conflicts |          ORIGINAL         |          LEARNT          | Progress |
|           |    Vars  Clauses Literals |    Limit  Clauses Lit/Cl |          |
===============================================================================
===============================================================================
restarts              : 1
conflicts             : 9              (225 /sec)
decisions             : 4614           (0.00 % random) (115561 /sec)
propagations          : 25134          (629499 /sec)
conflict literals     : 15             (0.00 % deleted)
Memory used           : 16.15 MB
CPU time              : 0.039927 s

UNSATISFIABLE
