Reading from standard input... Use '--help' for help.
============================[ Problem Statistics ]=============================
|                                                                             |
|  Number of variables:         87638                                         |
|  Number of clauses:          161767                                         |
|  Parse time:                   0.03 s                                       |
|                                                                             |
============================[ Search Statistics ]==============================
| Conflicts |          ORIGINAL         |          LEARNT          | Progress |
|           |    Vars  Clauses Literals |    Limit  Clauses Lit/Cl |          |
===============================================================================
|       100 |   62760   106559   266240 |    39071      100      8 | 28.387 % |
|       250 |   62760   106559   266240 |    42978      250     26 | 28.387 % |
|       475 |   52307   106515   266150 |    47276      473     33 | 40.315 % |
|       812 |   52303    76486   192180 |    52004      764     32 | 40.319 % |
|      1318 |   51382    73393   184151 |    57204     1206     90 | 41.370 % |
|      2077 |   51307    73121   183435 |    62925     1928     83 | 41.456 % |
|      3216 |   51263    72965   183075 |    69217     3062     67 | 41.506 % |
|      4924 |   51162    72537   182021 |    76139     4693     64 | 41.621 % |
|      7486 |   50683    71080   178526 |    83753     6826     59 | 42.168 % |
|     11330 |   50645    70250   176484 |    92128    10658     57 | 42.211 % |
===============================================================================
restarts              : 61
conflicts             : 14242          (10434 /sec)
decisions             : 48293          (0.00 % random) (35382 /sec)
propagations          : 15200068       (11136258 /sec)
conflict literals     : 756576         (46.27 % deleted)
Memory used           : 22.98 MB
CPU time              : 1.36492 s

UNSATISFIABLE
