Reading from standard input... Use '--help' for help.
============================[ Problem Statistics ]=============================
|                                                                             |
|  Number of variables:         87638                                         |
|  Number of clauses:          161767                                         |
|  Parse time:                   0.03 s                                       |
|                                                                             |
============================[ Search Statistics ]==============================
| Conflicts |          ORIGINAL         |          LEARNT          | Progress |
|           |    Vars  Clauses Literals |    Limit  Clauses Lit/Cl |          |
===============================================================================
|       100 |   63805   110363   275640 |    40466      100     73 | 27.195 % |
|       250 |   63805   110363   275640 |    44513      250     49 | 27.195 % |
|       475 |   63804   110319   275550 |    48964      473     61 | 27.196 % |
|       812 |   63804   110319   275550 |    53860      810     70 | 27.196 % |
|      1318 |   63804   110319   275550 |    59246     1316     60 | 27.196 % |
|      2077 |   63804   110319   275550 |    65171     2075     58 | 27.196 % |
|      3216 |   63804   110319   275550 |    71688     3214     71 | 27.196 % |
|      4924 |   63804   110319   275550 |    78857     4922     74 | 27.196 % |
|      7486 |   63804   110319   275550 |    86743     7484     81 | 27.196 % |
|     11330 |   63804   110319   275550 |    95417    11328     89 | 27.196 % |
|     17096 |   63804   110319   275550 |   104959    17094     98 | 27.196 % |
|     25745 |   63804   110319   275550 |   115455    25743     95 | 27.196 % |
===============================================================================
restarts              : 125
conflicts             : 34828          (7323 /sec)
decisions             : 109599         (0.00 % random) (23045 /sec)
propagations          : 52072123       (10949114 /sec)
conflict literals     : 3110931        (56.55 % deleted)
Memory used           : 25.30 MB
CPU time              : 4.75583 s

UNSATISFIABLE
