Reading from standard input... Use '--help' for help.
============================[ Problem Statistics ]=============================
|                                                                             |
|  Number of variables:         69608                                         |
|  Number of clauses:          118081                                         |
|  Parse time:                   0.03 s                                       |
|                                                                             |
============================[ Search Statistics ]==============================
| Conflicts |          ORIGINAL         |          LEARNT          | Progress |
|           |    Vars  Clauses Literals |    Limit  Clauses Lit/Cl |          |
===============================================================================
===============================================================================
restarts              : 1
conflicts             : 6              (148 /sec)
decisions             : 38765          (0.00 % random) (954427 /sec)
propagations          : 78800          (1940122 /sec)
conflict literals     : 11             (0.00 % deleted)
Memory used           : 15.57 MB
CPU time              : 0.040616 s

SATISFIABLE
