Reading from standard input... Use '--help' for help.
============================[ Problem Statistics ]=============================
|                                                                             |
|  Number of variables:         69608                                         |
|  Number of clauses:          118081                                         |
|  Parse time:                   0.02 s                                       |
|                                                                             |
============================[ Search Statistics ]==============================
| Conflicts |          ORIGINAL         |          LEARNT          | Progress |
|           |    Vars  Clauses Literals |    Limit  Clauses Lit/Cl |          |
===============================================================================
===============================================================================
restarts              : 1
conflicts             : 65             (1673 /sec)
decisions             : 34398          (0.00 % random) (885109 /sec)
propagations          : 138608         (3566580 /sec)
conflict literals     : 494            (14.09 % deleted)
Memory used           : 15.65 MB
CPU time              : 0.038863 s

SATISFIABLE
