Reading from standard input... Use '--help' for help.
============================[ Problem Statistics ]=============================
|                                                                             |
|  Number of variables:         69608                                         |
|  Number of clauses:          118081                                         |
|  Parse time:                   0.02 s                                       |
|                                                                             |
============================[ Search Statistics ]==============================
| Conflicts |          ORIGINAL         |          LEARNT          | Progress |
|           |    Vars  Clauses Literals |    Limit  Clauses Lit/Cl |          |
===============================================================================
===============================================================================
restarts              : 1
conflicts             : 40             (1597 /sec)
decisions             : 13243          (0.00 % random) (528684 /sec)
propagations          : 44648          (1782426 /sec)
conflict literals     : 128            (0.00 % deleted)
Memory used           : 14.21 MB
CPU time              : 0.025049 s

UNSATISFIABLE
