Reading from standard input... Use '--help' for help.
============================[ Problem Statistics ]=============================
|                                                                             |
|  Number of variables:         69608                                         |
|  Number of clauses:          118081                                         |
|  Parse time:                   0.02 s                                       |
|                                                                             |
============================[ Search Statistics ]==============================
| Conflicts |          ORIGINAL         |          LEARNT          | Progress |
|           |    Vars  Clauses Literals |    Limit  Clauses Lit/Cl |          |
===============================================================================
===============================================================================
restarts              : 1
conflicts             : 23             (916 /sec)
decisions             : 4939           (0.00 % random) (196804 /sec)
propagations          : 26491          (1055587 /sec)
conflict literals     : 58             (0.00 % deleted)
Memory used           : 14.23 MB
CPU time              : 0.025096 s

UNSATISFIABLE
