Reading from standard input... Use '--help' for help.
============================[ Problem Statistics ]=============================
|                                                                             |
|  Number of variables:         69608                                         |
|  Number of clauses:          118081                                         |
|  Parse time:                   0.03 s                                       |
|                                                                             |
============================[ Search Statistics ]==============================
| Conflicts |          ORIGINAL         |          LEARNT          | Progress |
|           |    Vars  Clauses Literals |    Limit  Clauses Lit/Cl |          |
===============================================================================
===============================================================================
restarts              : 1
conflicts             : 1              (25 /sec)
decisions             : 35636          (0.00 % random) (887660 /sec)
propagations          : 72836          (1814278 /sec)
conflict literals     : 1              (0.00 % deleted)
Memory used           : 16.57 MB
CPU time              : 0.040146 s

SATISFIABLE
