Reading from standard input... Use '--help' for help.
============================[ Problem Statistics ]=============================
|                                                                             |
|  Number of variables:         69608                                         |
|  Number of clauses:          118081                                         |
|  Parse time:                   0.03 s                                       |
|                                                                             |
============================[ Search Statistics ]==============================
| Conflicts |          ORIGINAL         |          LEARNT          | Progress |
|           |    Vars  Clauses Literals |    Limit  Clauses Lit/Cl |          |
===============================================================================
===============================================================================
restarts              : 1
conflicts             : 15             (340 /sec)
decisions             : 63353          (0.00 % random) (1437032 /sec)
propagations          : 115930         (2629633 /sec)
conflict literals     : 33             (0.00 % deleted)
Memory used           : 15.80 MB
CPU time              : 0.044086 s

SATISFIABLE
