Reading from standard input... Use '--help' for help.
============================[ Problem Statistics ]=============================
|                                                                             |
|  Number of variables:         87638                                         |
|  Number of clauses:          161767                                         |
|  Parse time:                   0.03 s                                       |
|                                                                             |
============================[ Search Statistics ]==============================
| Conflicts |          ORIGINAL         |          LEARNT          | Progress |
|           |    Vars  Clauses Literals |    Limit  Clauses Lit/Cl |          |
===============================================================================
|       100 |   65870   117876   293679 |    43221      100     18 | 24.839 % |
|       250 |   65870   117876   293679 |    47543      250     34 | 24.839 % |
|       475 |   65870   117876   293679 |    52297      475     43 | 24.839 % |
|       812 |   60814   101604   253553 |    57527      799     57 | 30.608 % |
|      1318 |   60732   101262   252744 |    63280     1301     73 | 30.701 % |
|      2077 |   60732   101262   252744 |    69608     2060     72 | 30.701 % |
|      3216 |   60690   101105   252385 |    76568     3198     66 | 30.749 % |
|      4924 |   60661   100990   252104 |    84225     4899     70 | 30.782 % |
|      7486 |   60557   100600   251109 |    92648     7386     93 | 30.901 % |
|     11330 |   60281    99995   249673 |   101913    11208    105 | 31.216 % |
===============================================================================
restarts              : 62
conflicts             : 15748          (7038 /sec)
decisions             : 76648          (0.00 % random) (34256 /sec)
propagations          : 22923779       (10245150 /sec)
conflict literals     : 1604033        (27.66 % deleted)
Memory used           : 38.84 MB
CPU time              : 2.23752 s

INDETERMINATE
