Reading from standard input... Use '--help' for help.
============================[ Problem Statistics ]=============================
|                                                                             |
|  Number of variables:         69608                                         |
|  Number of clauses:          118081                                         |
|  Parse time:                   0.03 s                                       |
|                                                                             |
============================[ Search Statistics ]==============================
| Conflicts |          ORIGINAL         |          LEARNT          | Progress |
|           |    Vars  Clauses Literals |    Limit  Clauses Lit/Cl |          |
===============================================================================
===============================================================================
restarts              : 1
conflicts             : 15             (391 /sec)
decisions             : 61016          (0.00 % random) (1592234 /sec)
propagations          : 106639         (2782782 /sec)
conflict literals     : 25             (0.00 % deleted)
Memory used           : 17.17 MB
CPU time              : 0.038321 s

SATISFIABLE
