Reading from standard input... Use '--help' for help.
============================[ Problem Statistics ]=============================
|                                                                             |
|  Number of variables:         69608                                         |
|  Number of clauses:          118081                                         |
|  Parse time:                   0.02 s                                       |
|                                                                             |
============================[ Search Statistics ]==============================
| Conflicts |          ORIGINAL         |          LEARNT          | Progress |
|           |    Vars  Clauses Literals |    Limit  Clauses Lit/Cl |          |
===============================================================================
===============================================================================
restarts              : 1
conflicts             : 35             (1153 /sec)
decisions             : 38439          (0.00 % random) (1266440 /sec)
propagations          : 92374          (3043424 /sec)
conflict literals     : 289            (0.69 % deleted)
Memory used           : 15.66 MB
CPU time              : 0.030352 s

SATISFIABLE
