Reading from standard input... Use '--help' for help.
============================[ Problem Statistics ]=============================
|                                                                             |
|  Number of variables:         69608                                         |
|  Number of clauses:          118081                                         |
|  Parse time:                   0.02 s                                       |
|                                                                             |
============================[ Search Statistics ]==============================
| Conflicts |          ORIGINAL         |          LEARNT          | Progress |
|           |    Vars  Clauses Literals |    Limit  Clauses Lit/Cl |          |
===============================================================================
===============================================================================
restarts              : 1
conflicts             : 32             (913 /sec)
decisions             : 38605          (0.00 % random) (1101269 /sec)
propagations          : 81164          (2315333 /sec)
conflict literals     : 102            (0.00 % deleted)
Memory used           : 15.94 MB
CPU time              : 0.035055 s

SATISFIABLE
