Reading from standard input... Use '--help' for help.
============================[ Problem Statistics ]=============================
|                                                                             |
|  Number of variables:         69608                                         |
|  Number of clauses:          118081                                         |
|  Parse time:                   0.02 s                                       |
|                                                                             |
============================[ Search Statistics ]==============================
| Conflicts |          ORIGINAL         |          LEARNT          | Progress |
|           |    Vars  Clauses Literals |    Limit  Clauses Lit/Cl |          |
===============================================================================
===============================================================================
restarts              : 1
conflicts             : 11             (340 /sec)
decisions             : 37376          (0.00 % random) (1154115 /sec)
propagations          : 80135          (2474448 /sec)
conflict literals     : 32             (0.00 % deleted)
Memory used           : 17.62 MB
CPU time              : 0.032385 s

SATISFIABLE
