Reading from standard input... Use '--help' for help.
============================[ Problem Statistics ]=============================
|                                                                             |
|  Number of variables:         69608                                         |
|  Number of clauses:          118081                                         |
|  Parse time:                   0.02 s                                       |
|                                                                             |
============================[ Search Statistics ]==============================
| Conflicts |          ORIGINAL         |          LEARNT          | Progress |
|           |    Vars  Clauses Literals |    Limit  Clauses Lit/Cl |          |
===============================================================================
===============================================================================
restarts              : 1
conflicts             : 64             (1897 /sec)
decisions             : 49038          (0.00 % random) (1453581 /sec)
propagations          : 171829         (5093342 /sec)
conflict literals     : 682            (5.54 % deleted)
Memory used           : 17.41 MB
CPU time              : 0.033736 s

SATISFIABLE
