Reading from standard input... Use '--help' for help.
============================[ Problem Statistics ]=============================
|                                                                             |
|  Number of variables:         69608                                         |
|  Number of clauses:          118081                                         |
|  Parse time:                   0.03 s                                       |
|                                                                             |
============================[ Search Statistics ]==============================
| Conflicts |          ORIGINAL         |          LEARNT          | Progress |
|           |    Vars  Clauses Literals |    Limit  Clauses Lit/Cl |          |
===============================================================================
===============================================================================
restarts              : 1
conflicts             : 21             (576 /sec)
decisions             : 39487          (0.00 % random) (1082785 /sec)
propagations          : 79715          (2185889 /sec)
conflict literals     : 55             (0.00 % deleted)
Memory used           : 16.02 MB
CPU time              : 0.036468 s

SATISFIABLE
