Reading from standard input... Use '--help' for help.
============================[ Problem Statistics ]=============================
|                                                                             |
|  Number of variables:         87638                                         |
|  Number of clauses:          161767                                         |
|  Parse time:                   0.04 s                                       |
|                                                                             |
============================[ Search Statistics ]==============================
| Conflicts |          ORIGINAL         |          LEARNT          | Progress |
|           |    Vars  Clauses Literals |    Limit  Clauses Lit/Cl |          |
===============================================================================
|       100 |   63274   108318   270802 |    39716      100     11 | 27.801 % |
|       250 |   63274   108318   270802 |    43688      250     13 | 27.801 % |
|       475 |   63254   108234   270609 |    48057      421     47 | 27.824 % |
|       812 |   63254   108234   270609 |    52862      758     69 | 27.824 % |
|      1318 |   63253   108190   270519 |    58149     1259     82 | 27.825 % |
|      2077 |   63253   108190   270519 |    63963     2018     74 | 27.825 % |
|      3216 |   63253   108190   270519 |    70360     3157     74 | 27.825 % |
|      4924 |   50269    69969   176275 |    77396     4773     76 | 42.640 % |
|      7486 |   49961    68840   173588 |    85136     5957     70 | 42.992 % |
===============================================================================
restarts              : 46
conflicts             : 11066          (7325 /sec)
decisions             : 43431          (0.00 % random) (28749 /sec)
propagations          : 16976127       (11237281 /sec)
conflict literals     : 644580         (44.43 % deleted)
Memory used           : 29.53 MB
CPU time              : 1.5107 s

INDETERMINATE
