Reading from standard input... Use '--help' for help.
============================[ Problem Statistics ]=============================
|                                                                             |
|  Number of variables:         87638                                         |
|  Number of clauses:          161767                                         |
|  Parse time:                   0.04 s                                       |
|                                                                             |
============================[ Search Statistics ]==============================
| Conflicts |          ORIGINAL         |          LEARNT          | Progress |
|           |    Vars  Clauses Literals |    Limit  Clauses Lit/Cl |          |
===============================================================================
|       100 |   64371   112455   280679 |    41233      100     23 | 26.549 % |
|       250 |   57175    90608   227008 |    45356      247     76 | 34.760 % |
|       475 |   57175    90608   227008 |    49892      472     51 | 34.760 % |
|       812 |   57146    90436   226650 |    54881      799     47 | 34.793 % |
|      1318 |   57104    90262   226250 |    60369     1303     47 | 34.841 % |
|      2077 |   57087    90189   226080 |    66406     2061     61 | 34.860 % |
|      3216 |   56939    89706   224963 |    73047     3193     87 | 35.029 % |
|      4924 |   56800    89086   223479 |    80352     4886     82 | 35.188 % |
|      7486 |   56563    88182   221334 |    88387     7145     80 | 35.458 % |
|     11330 |   56492    87775   220416 |    97226    10297     77 | 35.539 % |
|     17096 |   56313    87336   219398 |   106949    16026     80 | 35.744 % |
===============================================================================
restarts              : 85
conflicts             : 23352          (7201 /sec)
decisions             : 93374          (0.00 % random) (28794 /sec)
propagations          : 34380037       (10601696 /sec)
conflict literals     : 1837729        (38.41 % deleted)
Memory used           : 47.50 MB
CPU time              : 3.24288 s

INDETERMINATE
