Reading from standard input... Use '--help' for help.
============================[ Problem Statistics ]=============================
|                                                                             |
|  Number of variables:         69608                                         |
|  Number of clauses:          118081                                         |
|  Parse time:                   0.04 s                                       |
|                                                                             |
============================[ Search Statistics ]==============================
| Conflicts |          ORIGINAL         |          LEARNT          | Progress |
|           |    Vars  Clauses Literals |    Limit  Clauses Lit/Cl |          |
===============================================================================
===============================================================================
restarts              : 1
conflicts             : 36             (702 /sec)
decisions             : 10003          (0.00 % random) (195024 /sec)
propagations          : 38527          (751145 /sec)
conflict literals     : 113            (0.00 % deleted)
Memory used           : 15.46 MB
CPU time              : 0.051291 s

UNSATISFIABLE
