Reading from standard input... Use '--help' for help.
============================[ Problem Statistics ]=============================
|                                                                             |
|  Number of variables:         87638                                         |
|  Number of clauses:          161767                                         |
|  Parse time:                   0.03 s                                       |
|                                                                             |
============================[ Search Statistics ]==============================
| Conflicts |          ORIGINAL         |          LEARNT          | Progress |
|           |    Vars  Clauses Literals |    Limit  Clauses Lit/Cl |          |
===============================================================================
|       100 |   63204   108183   270321 |    39667      100     12 | 27.881 % |
|       250 |   63204   108183   270321 |    43633      250     36 | 27.881 % |
|       475 |   63204   108183   270321 |    47997      475     59 | 27.881 % |
|       812 |   63204   108183   270321 |    52796      812     66 | 27.881 % |
|      1318 |   53013    78464   197100 |    58076     1305     83 | 39.509 % |
|      2077 |   52994    78344   196835 |    63884     2059     74 | 39.531 % |
|      3216 |   52974    78262   196641 |    70272     3195     84 | 39.554 % |
|      4924 |   52775    77811   195546 |    77299     4833     74 | 39.781 % |
|      7486 |   52601    76821   193115 |    85029     7350     76 | 39.979 % |
|     11330 |   52054    74632   187853 |    93532    10257     72 | 40.603 % |
|     17096 |   51608    72788   183525 |   102886    15688     67 | 41.112 % |
|     25745 |   51380    72047   181781 |   113174    20812     63 | 41.372 % |
===============================================================================
restarts              : 109
conflicts             : 29832          (9281 /sec)
decisions             : 89713          (0.00 % random) (27911 /sec)
propagations          : 42508229       (13224987 /sec)
conflict literals     : 1773966        (48.73 % deleted)
Memory used           : 39.78 MB
CPU time              : 3.21424 s

UNSATISFIABLE
