Reading from standard input... Use '--help' for help.
============================[ Problem Statistics ]=============================
|                                                                             |
|  Number of variables:         87638                                         |
|  Number of clauses:          161767                                         |
|  Parse time:                   0.03 s                                       |
|                                                                             |
============================[ Search Statistics ]==============================
| Conflicts |          ORIGINAL         |          LEARNT          | Progress |
|           |    Vars  Clauses Literals |    Limit  Clauses Lit/Cl |          |
===============================================================================
|       100 |   63265   108376   270727 |    39737      100     29 | 27.811 % |
|       250 |   63265   108376   270727 |    43711      250     52 | 27.811 % |
|       475 |   63265   108376   270727 |    48082      475     58 | 27.811 % |
|       812 |   63265   108376   270727 |    52891      812     64 | 27.811 % |
|      1318 |   63249   108310   270574 |    58180     1316    123 | 27.829 % |
|      2077 |   54075    80667   202590 |    63998     1961     98 | 38.297 % |
|      3216 |   54075    80667   202590 |    70398     3100     77 | 38.297 % |
|      4924 |   53981    80329   201767 |    77437     4801     66 | 38.405 % |
|      7486 |   53650    79179   199003 |    85181     7272     68 | 38.782 % |
|     11330 |   53467    78214   196739 |    93699    10792     67 | 38.991 % |
|     17096 |   53219    77078   194001 |   103069    14321     65 | 39.274 % |
|     25745 |   52964    76003   191483 |   113376    19075     58 | 39.565 % |
===============================================================================
restarts              : 96
conflicts             : 27477          (9895 /sec)
decisions             : 86347          (0.00 % random) (31094 /sec)
propagations          : 38007380       (13686563 /sec)
conflict literals     : 1679056        (48.67 % deleted)
Memory used           : 24.56 MB
CPU time              : 2.77698 s

UNSATISFIABLE
