Reading from standard input... Use '--help' for help.
============================[ Problem Statistics ]=============================
|                                                                             |
|  Number of variables:         87638                                         |
|  Number of clauses:          161767                                         |
|  Parse time:                   0.03 s                                       |
|                                                                             |
============================[ Search Statistics ]==============================
| Conflicts |          ORIGINAL         |          LEARNT          | Progress |
|           |    Vars  Clauses Literals |    Limit  Clauses Lit/Cl |          |
===============================================================================
|       100 |   61975   103714   259076 |    38028      100     48 | 29.283 % |
|       250 |   61975   103714   259076 |    41831      250    101 | 29.283 % |
|       475 |   61975   103714   259076 |    46014      475     81 | 29.283 % |
|       812 |   61967   103682   258988 |    50615      751     77 | 29.292 % |
|      1318 |   61967   103682   258988 |    55677     1257     66 | 29.292 % |
|      2077 |   61967   103682   258988 |    61245     2016     78 | 29.292 % |
|      3216 |   61967   103682   258988 |    67369     3155     84 | 29.292 % |
===============================================================================
restarts              : 17
conflicts             : 3309           (6618 /sec)
decisions             : 13130          (0.00 % random) (26260 /sec)
propagations          : 4578577        (9157044 /sec)
conflict literals     : 268884         (49.77 % deleted)
Memory used           : 18.82 MB
CPU time              : 0.500006 s

UNSATISFIABLE
