Reading from standard input... Use '--help' for help.
============================[ Problem Statistics ]=============================
|                                                                             |
|  Number of variables:         69608                                         |
|  Number of clauses:          118081                                         |
|  Parse time:                   0.02 s                                       |
|                                                                             |
============================[ Search Statistics ]==============================
| Conflicts |          ORIGINAL         |          LEARNT          | Progress |
|           |    Vars  Clauses Literals |    Limit  Clauses Lit/Cl |          |
===============================================================================
===============================================================================
restarts              : 1
conflicts             : 19             (729 /sec)
decisions             : 7767           (0.00 % random) (297940 /sec)
propagations          : 33386          (1280678 /sec)
conflict literals     : 60             (0.00 % deleted)
Memory used           : 14.21 MB
CPU time              : 0.026069 s

UNSATISFIABLE
