Reading from standard input... Use '--help' for help.
============================[ Problem Statistics ]=============================
|                                                                             |
|  Number of variables:         69608                                         |
|  Number of clauses:          118081                                         |
|  Parse time:                   0.02 s                                       |
|                                                                             |
============================[ Search Statistics ]==============================
| Conflicts |          ORIGINAL         |          LEARNT          | Progress |
|           |    Vars  Clauses Literals |    Limit  Clauses Lit/Cl |          |
===============================================================================
===============================================================================
restarts              : 1
conflicts             : 18             (687 /sec)
decisions             : 2071           (0.00 % random) (79088 /sec)
propagations          : 19020          (726342 /sec)
conflict literals     : 59             (0.00 % deleted)
Memory used           : 15.89 MB
CPU time              : 0.026186 s

UNSATISFIABLE
