Reading from standard input... Use '--help' for help.
============================[ Problem Statistics ]=============================
|                                                                             |
|  Number of variables:         69608                                         |
|  Number of clauses:          118081                                         |
|  Parse time:                   0.03 s                                       |
|                                                                             |
============================[ Search Statistics ]==============================
| Conflicts |          ORIGINAL         |          LEARNT          | Progress |
|           |    Vars  Clauses Literals |    Limit  Clauses Lit/Cl |          |
===============================================================================
|       100 |   50131    65195   161341 |    23904       98     54 | 27.981 % |
===============================================================================
restarts              : 2
conflicts             : 100            (2124 /sec)
decisions             : 40582          (0.00 % random) (862035 /sec)
propagations          : 163084         (3464197 /sec)
conflict literals     : 5281           (6.28 % deleted)
Memory used           : 14.97 MB
CPU time              : 0.047077 s

SATISFIABLE
