Reading from standard input... Use '--help' for help.
============================[ Problem Statistics ]=============================
|                                                                             |
|  Number of variables:         87638                                         |
|  Number of clauses:          161767                                         |
|  Parse time:                   0.04 s                                       |
|                                                                             |
============================[ Search Statistics ]==============================
| Conflicts |          ORIGINAL         |          LEARNT          | Progress |
|           |    Vars  Clauses Literals |    Limit  Clauses Lit/Cl |          |
===============================================================================
|       100 |   63234   108215   270521 |    39678      100     17 | 27.846 % |
|       250 |   63234   108215   270521 |    43646      250     31 | 27.846 % |
|       475 |   63234   108215   270521 |    48011      475     34 | 27.846 % |
|       812 |   63211   108111   270252 |    52812      753     42 | 27.873 % |
|      1318 |   63181   108063   270120 |    58093     1202     52 | 27.907 % |
|      2077 |   51233    73472   184997 |    63903     1668     55 | 41.540 % |
|      3216 |   51062    72685   183121 |    70293     2788     60 | 41.735 % |
|      4924 |   50579    70955   178873 |    77322     4445     58 | 42.286 % |
|      7486 |   50382    70196   176967 |    85055     6568     53 | 42.511 % |
===============================================================================
restarts              : 39
conflicts             : 9236           (6995 /sec)
decisions             : 35842          (0.00 % random) (27145 /sec)
propagations          : 14661135       (11103808 /sec)
conflict literals     : 474473         (43.07 % deleted)
Memory used           : 26.11 MB
CPU time              : 1.32037 s

INDETERMINATE
