Reading from standard input... Use '--help' for help.
============================[ Problem Statistics ]=============================
|                                                                             |
|  Number of variables:         69608                                         |
|  Number of clauses:          118081                                         |
|  Parse time:                   0.03 s                                       |
|                                                                             |
============================[ Search Statistics ]==============================
| Conflicts |          ORIGINAL         |          LEARNT          | Progress |
|           |    Vars  Clauses Literals |    Limit  Clauses Lit/Cl |          |
===============================================================================
===============================================================================
restarts              : 1
conflicts             : 6              (145 /sec)
decisions             : 37952          (0.00 % random) (920182 /sec)
propagations          : 76064          (1844244 /sec)
conflict literals     : 12             (0.00 % deleted)
Memory used           : 16.40 MB
CPU time              : 0.041244 s

SATISFIABLE
