Reading from standard input... Use '--help' for help.
============================[ Problem Statistics ]=============================
|                                                                             |
|  Number of variables:         69608                                         |
|  Number of clauses:          118081                                         |
|  Parse time:                   0.02 s                                       |
|                                                                             |
============================[ Search Statistics ]==============================
| Conflicts |          ORIGINAL         |          LEARNT          | Progress |
|           |    Vars  Clauses Literals |    Limit  Clauses Lit/Cl |          |
===============================================================================
|       100 |   56547    81179   200785 |    29765       92      8 | 18.764 % |
===============================================================================
restarts              : 2
conflicts             : 118            (3714 /sec)
decisions             : 4814           (0.00 % random) (151531 /sec)
propagations          : 159213         (5011584 /sec)
conflict literals     : 911            (24.02 % deleted)
Memory used           : 16.77 MB
CPU time              : 0.031769 s

UNSATISFIABLE
