Reading from standard input... Use '--help' for help.
============================[ Problem Statistics ]=============================
|                                                                             |
|  Number of variables:         87638                                         |
|  Number of clauses:          161767                                         |
|  Parse time:                   0.03 s                                       |
|                                                                             |
============================[ Search Statistics ]==============================
| Conflicts |          ORIGINAL         |          LEARNT          | Progress |
|           |    Vars  Clauses Literals |    Limit  Clauses Lit/Cl |          |
===============================================================================
|       100 |   63239   108262   270556 |    39696      100      8 | 27.841 % |
|       250 |   63239   108262   270556 |    43665      250     35 | 27.841 % |
|       475 |   63239   108262   270556 |    48032      475     34 | 27.841 % |
|       812 |   63239   108262   270556 |    52835      812     51 | 27.841 % |
|      1318 |   63239   108262   270556 |    58119     1318     51 | 27.841 % |
|      2077 |   63238   108218   270466 |    63930     2076     58 | 27.842 % |
|      3216 |   63238   108218   270466 |    70324     3215     64 | 27.842 % |
|      4924 |   63212   108110   270219 |    77356     4921     73 | 27.871 % |
|      7486 |   63212   108110   270219 |    85092     7483     86 | 27.871 % |
===============================================================================
restarts              : 42
conflicts             : 9696           (6311 /sec)
decisions             : 43787          (0.00 % random) (28503 /sec)
propagations          : 14810382       (9640625 /sec)
conflict literals     : 814987         (47.57 % deleted)
Memory used           : 25.42 MB
CPU time              : 1.53625 s

INDETERMINATE
