Reading from standard input... Use '--help' for help.
============================[ Problem Statistics ]=============================
|                                                                             |
|  Number of variables:         69608                                         |
|  Number of clauses:          118081                                         |
|  Parse time:                   0.03 s                                       |
|                                                                             |
============================[ Search Statistics ]==============================
| Conflicts |          ORIGINAL         |          LEARNT          | Progress |
|           |    Vars  Clauses Literals |    Limit  Clauses Lit/Cl |          |
===============================================================================
===============================================================================
restarts              : 1
conflicts             : 28             (760 /sec)
decisions             : 36450          (0.00 % random) (988904 /sec)
propagations          : 86382          (2343580 /sec)
conflict literals     : 247            (10.51 % deleted)
Memory used           : 16.60 MB
CPU time              : 0.036859 s

SATISFIABLE
