Reading from standard input... Use '--help' for help.
============================[ Problem Statistics ]=============================
|                                                                             |
|  Number of variables:         69608                                         |
|  Number of clauses:          118081                                         |
|  Parse time:                   0.02 s                                       |
|                                                                             |
============================[ Search Statistics ]==============================
| Conflicts |          ORIGINAL         |          LEARNT          | Progress |
|           |    Vars  Clauses Literals |    Limit  Clauses Lit/Cl |          |
===============================================================================
|       100 |   57119    83092   205765 |    30467       94     10 | 17.942 % |
===============================================================================
restarts              : 3
conflicts             : 208            (4986 /sec)
decisions             : 4255           (0.00 % random) (102002 /sec)
propagations          : 310400         (7440968 /sec)
conflict literals     : 1968           (23.42 % deleted)
Memory used           : 14.67 MB
CPU time              : 0.041715 s

UNSATISFIABLE
