Reading from standard input... Use '--help' for help.
============================[ Problem Statistics ]=============================
|                                                                             |
|  Number of variables:         87638                                         |
|  Number of clauses:          161767                                         |
|  Parse time:                   0.04 s                                       |
|                                                                             |
============================[ Search Statistics ]==============================
| Conflicts |          ORIGINAL         |          LEARNT          | Progress |
|           |    Vars  Clauses Literals |    Limit  Clauses Lit/Cl |          |
===============================================================================
|       100 |   62343   105021   262489 |    38507      100      7 | 28.863 % |
|       250 |   62339   105005   262445 |    42358      228     24 | 28.868 % |
|       475 |   62339   105005   262445 |    46594      453    116 | 28.868 % |
|       812 |   48632    66294   167052 |    51253      771     93 | 44.508 % |
|      1318 |   48355    65266   164529 |    56379     1270     77 | 44.824 % |
|      2077 |   48159    64445   162600 |    62017     1439     66 | 45.048 % |
|      3216 |   48095    64216   162032 |    68218     2165     55 | 45.121 % |
|      4924 |   47726    62681   158373 |    75040     3502     51 | 45.542 % |
|      7486 |   47394    61277   154895 |    82544     5901     49 | 45.921 % |
===============================================================================
restarts              : 43
conflicts             : 9835           (8064 /sec)
decisions             : 31381          (0.00 % random) (25729 /sec)
propagations          : 14000326       (11478810 /sec)
conflict literals     : 431152         (39.23 % deleted)
Memory used           : 28.75 MB
CPU time              : 1.21967 s

UNSATISFIABLE
