Reading from standard input... Use '--help' for help.
============================[ Problem Statistics ]=============================
|                                                                             |
|  Number of variables:         69608                                         |
|  Number of clauses:          118081                                         |
|  Parse time:                   0.02 s                                       |
|                                                                             |
============================[ Search Statistics ]==============================
| Conflicts |          ORIGINAL         |          LEARNT          | Progress |
|           |    Vars  Clauses Literals |    Limit  Clauses Lit/Cl |          |
===============================================================================
|       100 |   56981    82960   205428 |    30418       88      6 | 18.140 % |
===============================================================================
restarts              : 2
conflicts             : 133            (4103 /sec)
decisions             : 4354           (0.00 % random) (134308 /sec)
propagations          : 180760         (5575915 /sec)
conflict literals     : 807            (11.80 % deleted)
Memory used           : 14.81 MB
CPU time              : 0.032418 s

UNSATISFIABLE
