Reading from standard input... Use '--help' for help.
============================[ Problem Statistics ]=============================
|                                                                             |
|  Number of variables:         69608                                         |
|  Number of clauses:          118081                                         |
|  Parse time:                   0.02 s                                       |
|                                                                             |
============================[ Search Statistics ]==============================
| Conflicts |          ORIGINAL         |          LEARNT          | Progress |
|           |    Vars  Clauses Literals |    Limit  Clauses Lit/Cl |          |
===============================================================================
===============================================================================
restarts              : 1
conflicts             : 27             (828 /sec)
decisions             : 37243          (0.00 % random) (1142073 /sec)
propagations          : 76579          (2348329 /sec)
conflict literals     : 80             (0.00 % deleted)
Memory used           : 15.58 MB
CPU time              : 0.03261 s

SATISFIABLE
