Reading from standard input... Use '--help' for help.
============================[ Problem Statistics ]=============================
|                                                                             |
|  Number of variables:         87638                                         |
|  Number of clauses:          161767                                         |
|  Parse time:                   0.04 s                                       |
|                                                                             |
============================[ Search Statistics ]==============================
| Conflicts |          ORIGINAL         |          LEARNT          | Progress |
|           |    Vars  Clauses Literals |    Limit  Clauses Lit/Cl |          |
===============================================================================
|       100 |   62029   103925   259592 |    38105      100      7 | 29.221 % |
|       250 |   62029   103925   259592 |    41916      250     56 | 29.221 % |
|       475 |   62029   103925   259592 |    46108      475     55 | 29.221 % |
|       812 |   62029   103925   259592 |    50718      812     54 | 29.221 % |
|      1318 |   62029   103925   259592 |    55790     1318     63 | 29.221 % |
|      2077 |   62029   103925   259592 |    61369     2077     78 | 29.221 % |
|      3216 |   61990   103729   259144 |    67506     3206     80 | 29.266 % |
|      4924 |   61894   103347   258230 |    74257     4026     86 | 29.375 % |
|      7486 |   61810   103007   257422 |    81683     6578     83 | 29.471 % |
===============================================================================
restarts              : 39
conflicts             : 9249           (6415 /sec)
decisions             : 35447          (0.00 % random) (24586 /sec)
propagations          : 14229559       (9869610 /sec)
conflict literals     : 777028         (51.67 % deleted)
Memory used           : 33.36 MB
CPU time              : 1.44176 s

INDETERMINATE
