Reading from standard input... Use '--help' for help.
============================[ Problem Statistics ]=============================
|                                                                             |
|  Number of variables:         69608                                         |
|  Number of clauses:          118081                                         |
|  Parse time:                   0.02 s                                       |
|                                                                             |
============================[ Search Statistics ]==============================
| Conflicts |          ORIGINAL         |          LEARNT          | Progress |
|           |    Vars  Clauses Literals |    Limit  Clauses Lit/Cl |          |
===============================================================================
===============================================================================
restarts              : 1
conflicts             : 44             (1623 /sec)
decisions             : 44016          (0.00 % random) (1623368 /sec)
propagations          : 97181          (3584163 /sec)
conflict literals     : 153            (0.00 % deleted)
Memory used           : 13.53 MB
CPU time              : 0.027114 s

SATISFIABLE
