Reading from standard input... Use '--help' for help.
============================[ Problem Statistics ]=============================
|                                                                             |
|  Number of variables:         69608                                         |
|  Number of clauses:          118081                                         |
|  Parse time:                   0.02 s                                       |
|                                                                             |
============================[ Search Statistics ]==============================
| Conflicts |          ORIGINAL         |          LEARNT          | Progress |
|           |    Vars  Clauses Literals |    Limit  Clauses Lit/Cl |          |
===============================================================================
===============================================================================
restarts              : 1
conflicts             : 9              (246 /sec)
decisions             : 40090          (0.00 % random) (1096764 /sec)
propagations          : 79852          (2184554 /sec)
conflict literals     : 20             (0.00 % deleted)
Memory used           : 15.22 MB
CPU time              : 0.036553 s

SATISFIABLE
