Reading from standard input... Use '--help' for help.
============================[ Problem Statistics ]=============================
|                                                                             |
|  Number of variables:         69608                                         |
|  Number of clauses:          118081                                         |
|  Parse time:                   0.02 s                                       |
|                                                                             |
============================[ Search Statistics ]==============================
| Conflicts |          ORIGINAL         |          LEARNT          | Progress |
|           |    Vars  Clauses Literals |    Limit  Clauses Lit/Cl |          |
===============================================================================
===============================================================================
restarts              : 1
conflicts             : 37             (968 /sec)
decisions             : 45275          (0.00 % random) (1184001 /sec)
propagations          : 93154          (2436099 /sec)
conflict literals     : 479            (0.83 % deleted)
Memory used           : 15.75 MB
CPU time              : 0.038239 s

SATISFIABLE
