Reading from standard input... Use '--help' for help.
============================[ Problem Statistics ]=============================
|                                                                             |
|  Number of variables:         69608                                         |
|  Number of clauses:          118081                                         |
|  Parse time:                   0.02 s                                       |
|                                                                             |
============================[ Search Statistics ]==============================
| Conflicts |          ORIGINAL         |          LEARNT          | Progress |
|           |    Vars  Clauses Literals |    Limit  Clauses Lit/Cl |          |
===============================================================================
===============================================================================
restarts              : 1
conflicts             : 48             (2010 /sec)
decisions             : 36945          (0.00 % random) (1546851 /sec)
propagations          : 79282          (3319461 /sec)
conflict literals     : 132            (0.00 % deleted)
Memory used           : 14.44 MB
CPU time              : 0.023884 s

UNSATISFIABLE
