Reading from standard input... Use '--help' for help.
============================[ Problem Statistics ]=============================
|                                                                             |
|  Number of variables:         69608                                         |
|  Number of clauses:          118081                                         |
|  Parse time:                   0.02 s                                       |
|                                                                             |
============================[ Search Statistics ]==============================
| Conflicts |          ORIGINAL         |          LEARNT          | Progress |
|           |    Vars  Clauses Literals |    Limit  Clauses Lit/Cl |          |
===============================================================================
===============================================================================
restarts              : 1
conflicts             : 4              (132 /sec)
decisions             : 39879          (0.00 % random) (1317791 /sec)
propagations          : 83357          (2754511 /sec)
conflict literals     : 5              (0.00 % deleted)
Memory used           : 13.60 MB
CPU time              : 0.030262 s

SATISFIABLE
