Reading from standard input... Use '--help' for help.
============================[ Problem Statistics ]=============================
|                                                                             |
|  Number of variables:         69608                                         |
|  Number of clauses:          118081                                         |
|  Parse time:                   0.02 s                                       |
|                                                                             |
============================[ Search Statistics ]==============================
| Conflicts |          ORIGINAL         |          LEARNT          | Progress |
|           |    Vars  Clauses Literals |    Limit  Clauses Lit/Cl |          |
===============================================================================
===============================================================================
restarts              : 1
conflicts             : 1              (35 /sec)
decisions             : 35156          (0.00 % random) (1228629 /sec)
propagations          : 70902          (2477878 /sec)
conflict literals     : 2              (0.00 % deleted)
Memory used           : 14.31 MB
CPU time              : 0.028614 s

SATISFIABLE
