Reading from standard input... Use '--help' for help.
============================[ Problem Statistics ]=============================
|                                                                             |
|  Number of variables:         69608                                         |
|  Number of clauses:          118081                                         |
|  Parse time:                   0.02 s                                       |
|                                                                             |
============================[ Search Statistics ]==============================
| Conflicts |          ORIGINAL         |          LEARNT          | Progress |
|           |    Vars  Clauses Literals |    Limit  Clauses Lit/Cl |          |
===============================================================================
===============================================================================
restarts              : 1
conflicts             : 24             (897 /sec)
decisions             : 8663           (0.00 % random) (323754 /sec)
propagations          : 34837          (1301928 /sec)
conflict literals     : 52             (10.34 % deleted)
Memory used           : 14.23 MB
CPU time              : 0.026758 s

UNSATISFIABLE
