Reading from standard input... Use '--help' for help.
============================[ Problem Statistics ]=============================
|                                                                             |
|  Number of variables:         87638                                         |
|  Number of clauses:          161767                                         |
|  Parse time:                   0.03 s                                       |
|                                                                             |
============================[ Search Statistics ]==============================
| Conflicts |          ORIGINAL         |          LEARNT          | Progress |
|           |    Vars  Clauses Literals |    Limit  Clauses Lit/Cl |          |
===============================================================================
|       100 |   63355   108559   271452 |    39804      100     34 | 27.708 % |
|       250 |   63355   108559   271452 |    43785      250     29 | 27.708 % |
|       475 |   63355   108559   271452 |    48164      475     61 | 27.708 % |
|       812 |   63355   108559   271452 |    52980      812     63 | 27.708 % |
|      1318 |   63355   108559   271452 |    58278     1318     63 | 27.708 % |
|      2077 |   63354   108515   271362 |    64106     2074     69 | 27.709 % |
|      3216 |   63271   108384   271077 |    70516     2930     79 | 27.804 % |
|      4924 |   63271   108140   270433 |    77568     4544     88 | 27.804 % |
|      7486 |   63271   108140   270433 |    85325     7106     97 | 27.804 % |
|     11330 |   48738    65225   164239 |    93858    10493     96 | 44.387 % |
===============================================================================
restarts              : 60
conflicts             : 13308          (5950 /sec)
decisions             : 43681          (0.00 % random) (19528 /sec)
propagations          : 18810544       (8409495 /sec)
conflict literals     : 1148565        (46.89 % deleted)
Memory used           : 35.19 MB
CPU time              : 2.23682 s

UNSATISFIABLE
