Reading from standard input... Use '--help' for help.
============================[ Problem Statistics ]=============================
|                                                                             |
|  Number of variables:         69608                                         |
|  Number of clauses:          118081                                         |
|  Parse time:                   0.02 s                                       |
|                                                                             |
============================[ Search Statistics ]==============================
| Conflicts |          ORIGINAL         |          LEARNT          | Progress |
|           |    Vars  Clauses Literals |    Limit  Clauses Lit/Cl |          |
===============================================================================
===============================================================================
restarts              : 1
conflicts             : 4              (102 /sec)
decisions             : 39924          (0.00 % random) (1016628 /sec)
propagations          : 83348          (2122380 /sec)
conflict literals     : 5              (0.00 % deleted)
Memory used           : 15.00 MB
CPU time              : 0.039271 s

SATISFIABLE
