Reading from standard input... Use '--help' for help.
============================[ Problem Statistics ]=============================
|                                                                             |
|  Number of variables:         87638                                         |
|  Number of clauses:          161767                                         |
|  Parse time:                   0.03 s                                       |
|                                                                             |
============================[ Search Statistics ]==============================
| Conflicts |          ORIGINAL         |          LEARNT          | Progress |
|           |    Vars  Clauses Literals |    Limit  Clauses Lit/Cl |          |
===============================================================================
|       100 |   65769   117574   292810 |    43110      100     18 | 24.954 % |
|       250 |   65769   117574   292810 |    47421      250     23 | 24.954 % |
|       475 |   65736   117530   292720 |    52163      473     69 | 24.991 % |
|       812 |   65736   117400   292421 |    57380      810     63 | 24.991 % |
|      1318 |   65736   117400   292421 |    63118     1316     63 | 24.991 % |
|      2077 |   65736   117400   292421 |    69429     2075     59 | 24.991 % |
|      3216 |   65736   117400   292421 |    76372     3214     86 | 24.991 % |
|      4924 |   61279   117397   292415 |    84010     4920     95 | 30.077 % |
|      7486 |   61122   101637   253891 |    92411     7417     83 | 30.256 % |
|     11330 |   60894   100756   251822 |   101652    11223     84 | 30.516 % |
|     17096 |   60728   100174   250467 |   111817    16965     89 | 30.706 % |
|     25745 |   60509    99224   248206 |   122999    25570    104 | 30.956 % |
|     38719 |   60434    98952   247567 |   135299    38529    115 | 31.041 % |
===============================================================================
restarts              : 127
conflicts             : 38730          (7924 /sec)
decisions             : 158710         (0.00 % random) (32471 /sec)
propagations          : 61248422       (12530900 /sec)
conflict literals     : 4442582        (36.40 % deleted)
Memory used           : 58.70 MB
CPU time              : 4.88779 s

INDETERMINATE
