Reading from standard input... Use '--help' for help.
============================[ Problem Statistics ]=============================
|                                                                             |
|  Number of variables:         69608                                         |
|  Number of clauses:          118081                                         |
|  Parse time:                   0.03 s                                       |
|                                                                             |
============================[ Search Statistics ]==============================
| Conflicts |          ORIGINAL         |          LEARNT          | Progress |
|           |    Vars  Clauses Literals |    Limit  Clauses Lit/Cl |          |
===============================================================================
===============================================================================
restarts              : 1
conflicts             : 8              (231 /sec)
decisions             : 6733           (0.00 % random) (194236 /sec)
propagations          : 34013          (981220 /sec)
conflict literals     : 11             (0.00 % deleted)
Memory used           : 17.27 MB
CPU time              : 0.034664 s

UNSATISFIABLE
