Reading from standard input... Use '--help' for help.
============================[ Problem Statistics ]=============================
|                                                                             |
|  Number of variables:         87638                                         |
|  Number of clauses:          161767                                         |
|  Parse time:                   0.03 s                                       |
|                                                                             |
============================[ Search Statistics ]==============================
| Conflicts |          ORIGINAL         |          LEARNT          | Progress |
|           |    Vars  Clauses Literals |    Limit  Clauses Lit/Cl |          |
===============================================================================
|       100 |   63805   110322   275810 |    40451      100     28 | 27.195 % |
|       250 |   63805   110322   275810 |    44496      250     23 | 27.195 % |
|       475 |   63805   110322   275810 |    48946      475     54 | 27.195 % |
|       812 |   63805   110322   275810 |    53840      812     85 | 27.195 % |
|      1318 |   51988    76266   191972 |    59224     1292     68 | 40.679 % |
|      2077 |   51975    76174   191750 |    65147     1885     74 | 40.694 % |
|      3216 |   51840    75646   190521 |    71662     3018     67 | 40.848 % |
|      4924 |   51087    73112   184050 |    78828     4678     71 | 41.707 % |
|      7486 |   50882    72286   182017 |    86711     6316     68 | 41.941 % |
|     11330 |   50753    71832   180992 |    95382     9553     67 | 42.088 % |
|     17096 |   50334    70025   176645 |   104920    12408     66 | 42.566 % |
===============================================================================
restarts              : 77
conflicts             : 21558          (9064 /sec)
decisions             : 67524          (0.00 % random) (28392 /sec)
propagations          : 32013366       (13460530 /sec)
conflict literals     : 1331988        (49.57 % deleted)
Memory used           : 38.52 MB
CPU time              : 2.37831 s

UNSATISFIABLE
