Reading from standard input... Use '--help' for help.
============================[ Problem Statistics ]=============================
|                                                                             |
|  Number of variables:         87638                                         |
|  Number of clauses:          161767                                         |
|  Parse time:                   0.04 s                                       |
|                                                                             |
============================[ Search Statistics ]==============================
| Conflicts |          ORIGINAL         |          LEARNT          | Progress |
|           |    Vars  Clauses Literals |    Limit  Clauses Lit/Cl |          |
===============================================================================
|       100 |   63224   108139   270429 |    39650      100     27 | 27.858 % |
|       250 |   63224   108139   270429 |    43616      250     52 | 27.858 % |
|       475 |   63224   108139   270429 |    47977      475     46 | 27.858 % |
|       812 |   63224   108139   270429 |    52775      812     76 | 27.858 % |
|      1318 |   63224   108139   270429 |    58052     1318     82 | 27.858 % |
|      2077 |   63198   108031   270182 |    63858     2075     74 | 27.887 % |
|      3216 |   63197   107987   270092 |    70244     3211     89 | 27.889 % |
|      4924 |   63162   107950   270018 |    77268     4809     89 | 27.929 % |
|      7486 |   63162   107950   270018 |    84995     7371     93 | 27.929 % |
===============================================================================
restarts              : 41
conflicts             : 9471           (5329 /sec)
decisions             : 31662          (0.00 % random) (17815 /sec)
propagations          : 15818680       (8900700 /sec)
conflict literals     : 892882         (53.15 % deleted)
Memory used           : 26.85 MB
CPU time              : 1.77724 s

UNSATISFIABLE
