Reading from standard input... Use '--help' for help.
============================[ Problem Statistics ]=============================
|                                                                             |
|  Number of variables:         69608                                         |
|  Number of clauses:          118081                                         |
|  Parse time:                   0.03 s                                       |
|                                                                             |
============================[ Search Statistics ]==============================
| Conflicts |          ORIGINAL         |          LEARNT          | Progress |
|           |    Vars  Clauses Literals |    Limit  Clauses Lit/Cl |          |
===============================================================================
===============================================================================
restarts              : 1
conflicts             : 30             (892 /sec)
decisions             : 5957           (0.00 % random) (177202 /sec)
propagations          : 25087          (746259 /sec)
conflict literals     : 97             (0.00 % deleted)
Memory used           : 15.75 MB
CPU time              : 0.033617 s

UNSATISFIABLE
