Reading from standard input... Use '--help' for help.
============================[ Problem Statistics ]=============================
|                                                                             |
|  Number of variables:         69608                                         |
|  Number of clauses:          118081                                         |
|  Parse time:                   0.03 s                                       |
|                                                                             |
============================[ Search Statistics ]==============================
| Conflicts |          ORIGINAL         |          LEARNT          | Progress |
|           |    Vars  Clauses Literals |    Limit  Clauses Lit/Cl |          |
===============================================================================
===============================================================================
restarts              : 1
conflicts             : 6              (158 /sec)
decisions             : 41285          (0.00 % random) (1085020 /sec)
propagations          : 84980          (2233377 /sec)
conflict literals     : 12             (0.00 % deleted)
Memory used           : 17.66 MB
CPU time              : 0.03805 s

SATISFIABLE
