Reading from standard input... Use '--help' for help.
============================[ Problem Statistics ]=============================
|                                                                             |
|  Number of variables:         69608                                         |
|  Number of clauses:          118081                                         |
|  Parse time:                   0.03 s                                       |
|                                                                             |
============================[ Search Statistics ]==============================
| Conflicts |          ORIGINAL         |          LEARNT          | Progress |
|           |    Vars  Clauses Literals |    Limit  Clauses Lit/Cl |          |
===============================================================================
===============================================================================
restarts              : 1
conflicts             : 52             (1457 /sec)
decisions             : 6672           (0.00 % random) (186948 /sec)
propagations          : 49578          (1389168 /sec)
conflict literals     : 155            (11.93 % deleted)
Memory used           : 15.52 MB
CPU time              : 0.035689 s

UNSATISFIABLE
