Reading from standard input... Use '--help' for help.
============================[ Problem Statistics ]=============================
|                                                                             |
|  Number of variables:         87638                                         |
|  Number of clauses:          161767                                         |
|  Parse time:                   0.02 s                                       |
|                                                                             |
============================[ Search Statistics ]==============================
| Conflicts |          ORIGINAL         |          LEARNT          | Progress |
|           |    Vars  Clauses Literals |    Limit  Clauses Lit/Cl |          |
===============================================================================
|       100 |   65226   115872   288236 |    42486      100     19 | 25.573 % |
|       250 |   65226   115872   288236 |    46735      250     22 | 25.573 % |
|       475 |   65226   115872   288236 |    51408      475     42 | 25.573 % |
|       812 |   65226   115872   288236 |    56549      812     49 | 25.573 % |
|      1318 |   64350   113946   283698 |    62204     1271     51 | 26.573 % |
|      2077 |   64228   111894   278842 |    68424     2001     51 | 26.712 % |
|      3216 |   64073   111414   277707 |    75267     3126     57 | 26.889 % |
|      4924 |   64007   111042   276846 |    82793     4826     56 | 26.964 % |
|      7486 |   63791   110157   274773 |    91073     7364     62 | 27.211 % |
|     11330 |   63695   109737   273807 |   100180    10619     65 | 27.320 % |
|     17096 |   60822   100351   250350 |   110198    16296     66 | 30.599 % |
===============================================================================
restarts              : 66
conflicts             : 19598          (12946 /sec)
decisions             : 61462          (0.00 % random) (40602 /sec)
propagations          : 24154171       (15956260 /sec)
conflict literals     : 1234043        (46.63 % deleted)
Memory used           : 27.18 MB
CPU time              : 1.51377 s

UNSATISFIABLE
