Reading from standard input... Use '--help' for help.
============================[ Problem Statistics ]=============================
|                                                                             |
|  Number of variables:         69608                                         |
|  Number of clauses:          118081                                         |
|  Parse time:                   0.02 s                                       |
|                                                                             |
============================[ Search Statistics ]==============================
| Conflicts |          ORIGINAL         |          LEARNT          | Progress |
|           |    Vars  Clauses Literals |    Limit  Clauses Lit/Cl |          |
===============================================================================
===============================================================================
restarts              : 1
conflicts             : 56             (2418 /sec)
decisions             : 33906          (0.00 % random) (1464116 /sec)
propagations          : 69750          (3011918 /sec)
conflict literals     : 208            (0.00 % deleted)
Memory used           : 15.29 MB
CPU time              : 0.023158 s

SATISFIABLE
