Reading from standard input... Use '--help' for help.
============================[ Problem Statistics ]=============================
|                                                                             |
|  Number of variables:         87638                                         |
|  Number of clauses:          161767                                         |
|  Parse time:                   0.03 s                                       |
|                                                                             |
============================[ Search Statistics ]==============================
| Conflicts |          ORIGINAL         |          LEARNT          | Progress |
|           |    Vars  Clauses Literals |    Limit  Clauses Lit/Cl |          |
===============================================================================
|       100 |   62883   107230   267359 |    39317      100     10 | 28.247 % |
|       250 |   62883   107230   267359 |    43249      250     17 | 28.247 % |
|       475 |   62883   107230   267359 |    47574      475     28 | 28.247 % |
|       812 |   62858   107086   267040 |    52331      769     35 | 28.275 % |
|      1318 |   62858   107086   267040 |    57564     1275     44 | 28.275 % |
|      2077 |   62828   106966   266756 |    63321     2032     44 | 28.310 % |
|      3216 |   62828   106966   266756 |    69653     3171     52 | 28.310 % |
|      4924 |   62812   106900   266603 |    76619     4878     56 | 28.328 % |
|      7486 |   62764   106706   266148 |    84280     7436     61 | 28.383 % |
|     11330 |   62764   106706   266148 |    92709    11280     69 | 28.383 % |
|     17096 |   56543    87345   218421 |   101979    17011     67 | 35.481 % |
===============================================================================
restarts              : 77
conflicts             : 21515          (7886 /sec)
decisions             : 56589          (0.00 % random) (20743 /sec)
propagations          : 28576650       (10474755 /sec)
conflict literals     : 1414025        (48.38 % deleted)
Memory used           : 39.48 MB
CPU time              : 2.72815 s

INDETERMINATE
