Reading from standard input... Use '--help' for help.
============================[ Problem Statistics ]=============================
|                                                                             |
|  Number of variables:         69608                                         |
|  Number of clauses:          118081                                         |
|  Parse time:                   0.03 s                                       |
|                                                                             |
============================[ Search Statistics ]==============================
| Conflicts |          ORIGINAL         |          LEARNT          | Progress |
|           |    Vars  Clauses Literals |    Limit  Clauses Lit/Cl |          |
===============================================================================
===============================================================================
restarts              : 1
conflicts             : 4              (108 /sec)
decisions             : 38192          (0.00 % random) (1030712 /sec)
propagations          : 81685          (2204485 /sec)
conflict literals     : 5              (0.00 % deleted)
Memory used           : 15.53 MB
CPU time              : 0.037054 s

SATISFIABLE
