Reading from standard input... Use '--help' for help.
============================[ Problem Statistics ]=============================
|                                                                             |
|  Number of variables:         69608                                         |
|  Number of clauses:          118081                                         |
|  Parse time:                   0.03 s                                       |
|                                                                             |
============================[ Search Statistics ]==============================
| Conflicts |          ORIGINAL         |          LEARNT          | Progress |
|           |    Vars  Clauses Literals |    Limit  Clauses Lit/Cl |          |
===============================================================================
===============================================================================
restarts              : 1
conflicts             : 52             (1310 /sec)
decisions             : 2595           (0.00 % random) (65392 /sec)
propagations          : 95449          (2405226 /sec)
conflict literals     : 230            (16.97 % deleted)
Memory used           : 15.49 MB
CPU time              : 0.039684 s

UNSATISFIABLE
