Reading from standard input... Use '--help' for help.
============================[ Problem Statistics ]=============================
|                                                                             |
|  Number of variables:         69608                                         |
|  Number of clauses:          118081                                         |
|  Parse time:                   0.02 s                                       |
|                                                                             |
============================[ Search Statistics ]==============================
| Conflicts |          ORIGINAL         |          LEARNT          | Progress |
|           |    Vars  Clauses Literals |    Limit  Clauses Lit/Cl |          |
===============================================================================
===============================================================================
restarts              : 1
conflicts             : 62             (1421 /sec)
decisions             : 61282          (0.00 % random) (1404874 /sec)
propagations          : 148368         (3401298 /sec)
conflict literals     : 293            (3.30 % deleted)
Memory used           : 16.08 MB
CPU time              : 0.043621 s

SATISFIABLE
