Reading from standard input... Use '--help' for help.
============================[ Problem Statistics ]=============================
|                                                                             |
|  Number of variables:         69608                                         |
|  Number of clauses:          118081                                         |
|  Parse time:                   0.02 s                                       |
|                                                                             |
============================[ Search Statistics ]==============================
| Conflicts |          ORIGINAL         |          LEARNT          | Progress |
|           |    Vars  Clauses Literals |    Limit  Clauses Lit/Cl |          |
===============================================================================
===============================================================================
restarts              : 1
conflicts             : 32             (842 /sec)
decisions             : 78618          (0.00 % random) (2069385 /sec)
propagations          : 156919         (4130426 /sec)
conflict literals     : 87             (0.00 % deleted)
Memory used           : 16.48 MB
CPU time              : 0.037991 s

SATISFIABLE
