Reading from standard input... Use '--help' for help.
============================[ Problem Statistics ]=============================
|                                                                             |
|  Number of variables:         87638                                         |
|  Number of clauses:          161767                                         |
|  Parse time:                   0.03 s                                       |
|                                                                             |
============================[ Search Statistics ]==============================
| Conflicts |          ORIGINAL         |          LEARNT          | Progress |
|           |    Vars  Clauses Literals |    Limit  Clauses Lit/Cl |          |
===============================================================================
|       100 |   62718   106337   265854 |    38990      100     14 | 28.435 % |
|       250 |   62718   106337   265854 |    42889      250     32 | 28.435 % |
|       475 |   62718   106337   265854 |    47178      475     78 | 28.435 % |
|       812 |   62718   106337   265854 |    51896      812     71 | 28.435 % |
|      1318 |   62718   106337   265854 |    57085     1318     72 | 28.435 % |
|      2077 |   62717   106293   265764 |    62794     2073     75 | 28.436 % |
|      3216 |   62717   106293   265764 |    69073     3212     99 | 28.436 % |
|      4924 |   48166    63795   161548 |    75980     4857     98 | 45.040 % |
|      7486 |   47793    62334   157983 |    83579     7382     80 | 45.465 % |
===============================================================================
restarts              : 38
conflicts             : 9180           (6433 /sec)
decisions             : 29023          (0.00 % random) (20339 /sec)
propagations          : 13998292       (9809616 /sec)
conflict literals     : 653768         (39.07 % deleted)
Memory used           : 25.74 MB
CPU time              : 1.427 s

INDETERMINATE
