Reading from standard input... Use '--help' for help.
============================[ Problem Statistics ]=============================
|                                                                             |
|  Number of variables:         69608                                         |
|  Number of clauses:          118081                                         |
|  Parse time:                   0.03 s                                       |
|                                                                             |
============================[ Search Statistics ]==============================
| Conflicts |          ORIGINAL         |          LEARNT          | Progress |
|           |    Vars  Clauses Literals |    Limit  Clauses Lit/Cl |          |
===============================================================================
===============================================================================
restarts              : 1
conflicts             : 19             (461 /sec)
decisions             : 64451          (0.00 % random) (1564231 /sec)
propagations          : 113562         (2756159 /sec)
conflict literals     : 44             (0.00 % deleted)
Memory used           : 16.32 MB
CPU time              : 0.041203 s

SATISFIABLE
