Reading from standard input... Use '--help' for help.
============================[ Problem Statistics ]=============================
|                                                                             |
|  Number of variables:         87638                                         |
|  Number of clauses:          161767                                         |
|  Parse time:                   0.04 s                                       |
|                                                                             |
============================[ Search Statistics ]==============================
| Conflicts |          ORIGINAL         |          LEARNT          | Progress |
|           |    Vars  Clauses Literals |    Limit  Clauses Lit/Cl |          |
===============================================================================
|       100 |   62860   106785   266955 |    39154      100     50 | 28.273 % |
|       250 |   62860   106785   266955 |    43069      250     46 | 28.273 % |
|       475 |   62860   106785   266955 |    47376      475     57 | 28.273 % |
|       812 |   62859   106741   266865 |    52114      810     66 | 28.274 % |
|      1318 |   62859   106741   266865 |    57326     1316     64 | 28.274 % |
|      2077 |   62859   106741   266865 |    63058     2075     71 | 28.274 % |
|      3216 |   62859   106741   266865 |    69364     3214     87 | 28.274 % |
|      4924 |   62859   106741   266865 |    76301     4922     89 | 28.274 % |
|      7486 |   62841   106667   266694 |    83931     7482     82 | 28.295 % |
===============================================================================
restarts              : 37
conflicts             : 8686           (6461 /sec)
decisions             : 34914          (0.00 % random) (25969 /sec)
propagations          : 12419051       (9237252 /sec)
conflict literals     : 715624         (50.11 % deleted)
Memory used           : 24.60 MB
CPU time              : 1.34445 s

INDETERMINATE
