Reading from standard input... Use '--help' for help.
============================[ Problem Statistics ]=============================
|                                                                             |
|  Number of variables:         69608                                         |
|  Number of clauses:          118081                                         |
|  Parse time:                   0.03 s                                       |
|                                                                             |
============================[ Search Statistics ]==============================
| Conflicts |          ORIGINAL         |          LEARNT          | Progress |
|           |    Vars  Clauses Literals |    Limit  Clauses Lit/Cl |          |
===============================================================================
===============================================================================
restarts              : 1
conflicts             : 5              (111 /sec)
decisions             : 36263          (0.00 % random) (806041 /sec)
propagations          : 73588          (1635689 /sec)
conflict literals     : 11             (0.00 % deleted)
Memory used           : 14.33 MB
CPU time              : 0.044989 s

SATISFIABLE
