Reading from standard input... Use '--help' for help.
============================[ Problem Statistics ]=============================
|                                                                             |
|  Number of variables:         69608                                         |
|  Number of clauses:          118081                                         |
|  Parse time:                   0.02 s                                       |
|                                                                             |
============================[ Search Statistics ]==============================
| Conflicts |          ORIGINAL         |          LEARNT          | Progress |
|           |    Vars  Clauses Literals |    Limit  Clauses Lit/Cl |          |
===============================================================================
===============================================================================
restarts              : 1
conflicts             : 21             (743 /sec)
decisions             : 5141           (0.00 % random) (181899 /sec)
propagations          : 26777          (947422 /sec)
conflict literals     : 56             (0.00 % deleted)
Memory used           : 15.42 MB
CPU time              : 0.028263 s

UNSATISFIABLE
