Reading from standard input... Use '--help' for help.
============================[ Problem Statistics ]=============================
|                                                                             |
|  Number of variables:         69608                                         |
|  Number of clauses:          118081                                         |
|  Parse time:                   0.03 s                                       |
|                                                                             |
============================[ Search Statistics ]==============================
| Conflicts |          ORIGINAL         |          LEARNT          | Progress |
|           |    Vars  Clauses Literals |    Limit  Clauses Lit/Cl |          |
===============================================================================
===============================================================================
restarts              : 1
conflicts             : 12             (298 /sec)
decisions             : 1463           (0.00 % random) (36325 /sec)
propagations          : 35369          (878187 /sec)
conflict literals     : 17             (10.53 % deleted)
Memory used           : 17.16 MB
CPU time              : 0.040275 s

UNSATISFIABLE
