Reading from standard input... Use '--help' for help.
============================[ Problem Statistics ]=============================
|                                                                             |
|  Number of variables:         69608                                         |
|  Number of clauses:          118081                                         |
|  Parse time:                   0.03 s                                       |
|                                                                             |
============================[ Search Statistics ]==============================
| Conflicts |          ORIGINAL         |          LEARNT          | Progress |
|           |    Vars  Clauses Literals |    Limit  Clauses Lit/Cl |          |
===============================================================================
===============================================================================
restarts              : 1
conflicts             : 59             (1417 /sec)
decisions             : 37678          (0.00 % random) (905155 /sec)
propagations          : 109698         (2635324 /sec)
conflict literals     : 2498           (10.59 % deleted)
Memory used           : 17.21 MB
CPU time              : 0.041626 s

SATISFIABLE
