Reading from standard input... Use '--help' for help.
============================[ Problem Statistics ]=============================
|                                                                             |
|  Number of variables:         87638                                         |
|  Number of clauses:          161767                                         |
|  Parse time:                   0.03 s                                       |
|                                                                             |
============================[ Search Statistics ]==============================
| Conflicts |          ORIGINAL         |          LEARNT          | Progress |
|           |    Vars  Clauses Literals |    Limit  Clauses Lit/Cl |          |
===============================================================================
|       100 |   63928   110718   276714 |    40596      100     26 | 27.054 % |
|       250 |   63928   110718   276714 |    44656      250     49 | 27.054 % |
|       475 |   63908   110634   276521 |    49121      474     61 | 27.077 % |
|       812 |   63907   110590   276431 |    54034      810     85 | 27.078 % |
|      1318 |   63907   110590   276431 |    59437     1316     95 | 27.078 % |
|      2077 |   63907   110590   276431 |    65381     2075     88 | 27.078 % |
|      3216 |   63907   110590   276431 |    71919     3214    134 | 27.079 % |
|      4924 |   63907   110590   276431 |    79111     4922    114 | 27.079 % |
|      7486 |   63783   110154   275416 |    87022     7478    106 | 27.220 % |
|     11330 |   63629   109466   273777 |    95724    11313     96 | 27.396 % |
|     17096 |   63533   108998   272735 |   105297    13164    103 | 27.505 % |
|     25745 |   63376   108337   271234 |   115826    20560     94 | 27.684 % |
===============================================================================
restarts              : 98
conflicts             : 27703          (7425 /sec)
decisions             : 85222          (0.00 % random) (22841 /sec)
propagations          : 42468637       (11382254 /sec)
conflict literals     : 2539660        (56.77 % deleted)
Memory used           : 35.95 MB
CPU time              : 3.73113 s

UNSATISFIABLE
