Reading from standard input... Use '--help' for help.
============================[ Problem Statistics ]=============================
|                                                                             |
|  Number of variables:         69608                                         |
|  Number of clauses:          118081                                         |
|  Parse time:                   0.02 s                                       |
|                                                                             |
============================[ Search Statistics ]==============================
| Conflicts |          ORIGINAL         |          LEARNT          | Progress |
|           |    Vars  Clauses Literals |    Limit  Clauses Lit/Cl |          |
===============================================================================
===============================================================================
restarts              : 1
conflicts             : 6              (242 /sec)
decisions             : 3758           (0.00 % random) (151355 /sec)
propagations          : 23762          (957026 /sec)
conflict literals     : 9              (0.00 % deleted)
Memory used           : 14.65 MB
CPU time              : 0.024829 s

UNSATISFIABLE
