Reading from standard input... Use '--help' for help.
============================[ Problem Statistics ]=============================
|                                                                             |
|  Number of variables:         69608                                         |
|  Number of clauses:          118081                                         |
|  Parse time:                   0.02 s                                       |
|                                                                             |
============================[ Search Statistics ]==============================
| Conflicts |          ORIGINAL         |          LEARNT          | Progress |
|           |    Vars  Clauses Literals |    Limit  Clauses Lit/Cl |          |
===============================================================================
===============================================================================
restarts              : 1
conflicts             : 39             (1481 /sec)
decisions             : 11951          (0.00 % random) (453703 /sec)
propagations          : 44132          (1675411 /sec)
conflict literals     : 98             (0.00 % deleted)
Memory used           : 16.25 MB
CPU time              : 0.026341 s

UNSATISFIABLE
