Reading from standard input... Use '--help' for help.
============================[ Problem Statistics ]=============================
|                                                                             |
|  Number of variables:         69608                                         |
|  Number of clauses:          118081                                         |
|  Parse time:                   0.02 s                                       |
|                                                                             |
============================[ Search Statistics ]==============================
| Conflicts |          ORIGINAL         |          LEARNT          | Progress |
|           |    Vars  Clauses Literals |    Limit  Clauses Lit/Cl |          |
===============================================================================
===============================================================================
restarts              : 1
conflicts             : 19             (619 /sec)
decisions             : 7832           (0.00 % random) (255189 /sec)
propagations          : 32839          (1069988 /sec)
conflict literals     : 60             (0.00 % deleted)
Memory used           : 15.19 MB
CPU time              : 0.030691 s

UNSATISFIABLE
