Reading from standard input... Use '--help' for help.
============================[ Problem Statistics ]=============================
|                                                                             |
|  Number of variables:         87638                                         |
|  Number of clauses:          161767                                         |
|  Parse time:                   0.03 s                                       |
|                                                                             |
============================[ Search Statistics ]==============================
| Conflicts |          ORIGINAL         |          LEARNT          | Progress |
|           |    Vars  Clauses Literals |    Limit  Clauses Lit/Cl |          |
===============================================================================
|       100 |   62308   104943   262227 |    38479      100     11 | 28.903 % |
|       250 |   62289   104867   262051 |    42327      249     67 | 28.925 % |
|       475 |   62289   104867   262051 |    46559      474     77 | 28.925 % |
|       812 |   62289   104867   262051 |    51215      811     66 | 28.925 % |
|      1318 |   62277   104819   261919 |    56337     1203     80 | 28.938 % |
|      2077 |   48732    66800   168327 |    61970     1930     66 | 44.394 % |
|      3216 |   48515    65862   166028 |    68168     2951     64 | 44.642 % |
|      4924 |   48011    63891   161312 |    74984     4628     65 | 45.217 % |
|      7486 |   47634    62295   157482 |    82483     6794     56 | 45.647 % |
===============================================================================
restarts              : 40
conflicts             : 9446           (7426 /sec)
decisions             : 34158          (0.00 % random) (26852 /sec)
propagations          : 13794748       (10844126 /sec)
conflict literals     : 494702         (40.70 % deleted)
Memory used           : 29.12 MB
CPU time              : 1.27209 s

INDETERMINATE
