Reading from standard input... Use '--help' for help.
============================[ Problem Statistics ]=============================
|                                                                             |
|  Number of variables:         87638                                         |
|  Number of clauses:          161767                                         |
|  Parse time:                   0.03 s                                       |
|                                                                             |
============================[ Search Statistics ]==============================
| Conflicts |          ORIGINAL         |          LEARNT          | Progress |
|           |    Vars  Clauses Literals |    Limit  Clauses Lit/Cl |          |
===============================================================================
|       100 |   63227   108249   270489 |    39691      100     15 | 27.854 % |
|       250 |   63227   108249   270489 |    43660      250     12 | 27.854 % |
|       475 |   63206   108165   270296 |    48026      473     28 | 27.878 % |
|       812 |   63206   108121   270206 |    52829      810     36 | 27.878 % |
|      1318 |   63206   108121   270206 |    58112     1316     64 | 27.878 % |
|      2077 |   63206   108121   270206 |    63923     2075     74 | 27.878 % |
|      3216 |   63189   108053   270046 |    70315     3211     98 | 27.898 % |
|      4924 |   52486    76489   192244 |    77347     4689     86 | 40.110 % |
===============================================================================
restarts              : 31
conflicts             : 7126           (7165 /sec)
decisions             : 38422          (0.00 % random) (38635 /sec)
propagations          : 9983325        (10038658 /sec)
conflict literals     : 565465         (32.42 % deleted)
Memory used           : 22.75 MB
CPU time              : 0.994488 s

INDETERMINATE
