Reading from standard input... Use '--help' for help.
============================[ Problem Statistics ]=============================
|                                                                             |
|  Number of variables:         69608                                         |
|  Number of clauses:          118081                                         |
|  Parse time:                   0.02 s                                       |
|                                                                             |
============================[ Search Statistics ]==============================
| Conflicts |          ORIGINAL         |          LEARNT          | Progress |
|           |    Vars  Clauses Literals |    Limit  Clauses Lit/Cl |          |
===============================================================================
===============================================================================
restarts              : 1
conflicts             : 11             (402 /sec)
decisions             : 2020           (0.00 % random) (73874 /sec)
propagations          : 36154          (1322191 /sec)
conflict literals     : 16             (0.00 % deleted)
Memory used           : 14.88 MB
CPU time              : 0.027344 s

UNSATISFIABLE
