Reading from standard input... Use '--help' for help.
============================[ Problem Statistics ]=============================
|                                                                             |
|  Number of variables:         87638                                         |
|  Number of clauses:          161767                                         |
|  Parse time:                   0.03 s                                       |
|                                                                             |
============================[ Search Statistics ]==============================
| Conflicts |          ORIGINAL         |          LEARNT          | Progress |
|           |    Vars  Clauses Literals |    Limit  Clauses Lit/Cl |          |
===============================================================================
|       100 |   62705   106310   265812 |    38980      100      8 | 28.450 % |
|       250 |   49148    68364   172249 |    42878      246     32 | 43.919 % |
|       475 |   49096    68222   171893 |    47166      468     32 | 43.979 % |
|       812 |   49042    67914   171174 |    51882      798     53 | 44.040 % |
|      1318 |   48980    67685   170627 |    57071     1107     50 | 44.111 % |
|      2077 |   48977    67677   170611 |    62778     1865     46 | 44.114 % |
|      3216 |   48706    66554   167933 |    69056     2596     55 | 44.424 % |
|      4924 |   48162    64547   163108 |    75961     4273     53 | 45.044 % |
|      7486 |   47341    61324   155377 |    83557     5754     49 | 45.981 % |
===============================================================================
restarts              : 41
conflicts             : 9587           (7753 /sec)
decisions             : 32112          (0.00 % random) (25970 /sec)
propagations          : 13176508       (10656182 /sec)
conflict literals     : 438576         (39.32 % deleted)
Memory used           : 26.17 MB
CPU time              : 1.23651 s

UNSATISFIABLE
