Reading from standard input... Use '--help' for help.
============================[ Problem Statistics ]=============================
|                                                                             |
|  Number of variables:         87638                                         |
|  Number of clauses:          161767                                         |
|  Parse time:                   0.03 s                                       |
|                                                                             |
============================[ Search Statistics ]==============================
| Conflicts |          ORIGINAL         |          LEARNT          | Progress |
|           |    Vars  Clauses Literals |    Limit  Clauses Lit/Cl |          |
===============================================================================
|       100 |   62623   106063   265082 |    38889      100     47 | 28.544 % |
|       250 |   62623   106063   265082 |    42778      250     42 | 28.544 % |
|       475 |   62623   106063   265082 |    47056      475     78 | 28.544 % |
|       812 |   62603   105985   264892 |    51762      811     73 | 28.566 % |
|      1318 |   62603   105985   264892 |    56938     1317     77 | 28.566 % |
|      2077 |   62583   105982   264886 |    62632     2074     77 | 28.589 % |
|      3216 |   62583   105906   264710 |    68895     3212     74 | 28.589 % |
|      4924 |   62421   105169   263028 |    75785     3929     84 | 28.774 % |
|      7486 |   62421   105169   263028 |    83363     6491     77 | 28.774 % |
|     11330 |   62383   105021   262678 |    91700     9021     74 | 28.817 % |
===============================================================================
restarts              : 51
conflicts             : 11806          (5349 /sec)
decisions             : 35612          (0.00 % random) (16136 /sec)
propagations          : 20353274       (9222341 /sec)
conflict literals     : 825878         (60.65 % deleted)
Memory used           : 35.45 MB
CPU time              : 2.20695 s

UNSATISFIABLE
