Reading from standard input... Use '--help' for help.
============================[ Problem Statistics ]=============================
|                                                                             |
|  Number of variables:         69608                                         |
|  Number of clauses:          118081                                         |
|  Parse time:                   0.03 s                                       |
|                                                                             |
============================[ Search Statistics ]==============================
| Conflicts |          ORIGINAL         |          LEARNT          | Progress |
|           |    Vars  Clauses Literals |    Limit  Clauses Lit/Cl |          |
===============================================================================
===============================================================================
restarts              : 1
conflicts             : 31             (655 /sec)
decisions             : 56022          (0.00 % random) (1183672 /sec)
propagations          : 160196         (3384732 /sec)
conflict literals     : 194            (0.00 % deleted)
Memory used           : 17.18 MB
CPU time              : 0.047329 s

SATISFIABLE
