Reading from standard input... Use '--help' for help.
============================[ Problem Statistics ]=============================
|                                                                             |
|  Number of variables:         69608                                         |
|  Number of clauses:          118081                                         |
|  Parse time:                   0.03 s                                       |
|                                                                             |
============================[ Search Statistics ]==============================
| Conflicts |          ORIGINAL         |          LEARNT          | Progress |
|           |    Vars  Clauses Literals |    Limit  Clauses Lit/Cl |          |
===============================================================================
===============================================================================
restarts              : 1
conflicts             : 21             (600 /sec)
decisions             : 36703          (0.00 % random) (1048447 /sec)
propagations          : 74115          (2117148 /sec)
conflict literals     : 69             (0.00 % deleted)
Memory used           : 15.29 MB
CPU time              : 0.035007 s

SATISFIABLE
