Reading from standard input... Use '--help' for help.
============================[ Problem Statistics ]=============================
|                                                                             |
|  Number of variables:         87638                                         |
|  Number of clauses:          161767                                         |
|  Parse time:                   0.04 s                                       |
|                                                                             |
============================[ Search Statistics ]==============================
| Conflicts |          ORIGINAL         |          LEARNT          | Progress |
|           |    Vars  Clauses Literals |    Limit  Clauses Lit/Cl |          |
===============================================================================
|       100 |   63284   108358   270849 |    39731      100     10 | 27.789 % |
|       250 |   63284   108358   270849 |    43704      250     29 | 27.789 % |
|       475 |   63284   108358   270849 |    48074      475     77 | 27.789 % |
|       812 |   63284   108358   270849 |    52882      812     77 | 27.789 % |
|      1318 |   63266   108284   270678 |    58170     1317     85 | 27.810 % |
|      2077 |   63265   108240   270588 |    63987     2074     80 | 27.811 % |
|      3216 |   63265   108240   270588 |    70386     3213     80 | 27.811 % |
|      4924 |   63225   108076   270183 |    77424     4720     81 | 27.857 % |
|      7486 |   63225   108076   270183 |    85167     7282     80 | 27.857 % |
|     11330 |   63225   108076   270183 |    93684    11126     92 | 27.857 % |
===============================================================================
restarts              : 62
conflicts             : 15781          (5520 /sec)
decisions             : 56326          (0.00 % random) (19701 /sec)
propagations          : 23219579       (8121295 /sec)
conflict literals     : 1515280        (51.08 % deleted)
Memory used           : 40.32 MB
CPU time              : 2.8591 s

INDETERMINATE
