Reading from standard input... Use '--help' for help.
============================[ Problem Statistics ]=============================
|                                                                             |
|  Number of variables:         69608                                         |
|  Number of clauses:          118081                                         |
|  Parse time:                   0.03 s                                       |
|                                                                             |
============================[ Search Statistics ]==============================
| Conflicts |          ORIGINAL         |          LEARNT          | Progress |
|           |    Vars  Clauses Literals |    Limit  Clauses Lit/Cl |          |
===============================================================================
===============================================================================
restarts              : 1
conflicts             : 32             (959 /sec)
decisions             : 33955          (0.00 % random) (1017287 /sec)
propagations          : 69690          (2087902 /sec)
conflict literals     : 118            (0.00 % deleted)
Memory used           : 15.99 MB
CPU time              : 0.033378 s

SATISFIABLE
