Reading from standard input... Use '--help' for help.
============================[ Problem Statistics ]=============================
|                                                                             |
|  Number of variables:         69608                                         |
|  Number of clauses:          118081                                         |
|  Parse time:                   0.02 s                                       |
|                                                                             |
============================[ Search Statistics ]==============================
| Conflicts |          ORIGINAL         |          LEARNT          | Progress |
|           |    Vars  Clauses Literals |    Limit  Clauses Lit/Cl |          |
===============================================================================
===============================================================================
restarts              : 1
conflicts             : 75             (2269 /sec)
decisions             : 52233          (0.00 % random) (1580041 /sec)
propagations          : 159494         (4824672 /sec)
conflict literals     : 870            (2.03 % deleted)
Memory used           : 15.95 MB
CPU time              : 0.033058 s

SATISFIABLE
