Reading from standard input... Use '--help' for help.
============================[ Problem Statistics ]=============================
|                                                                             |
|  Number of variables:         69608                                         |
|  Number of clauses:          118081                                         |
|  Parse time:                   0.03 s                                       |
|                                                                             |
============================[ Search Statistics ]==============================
| Conflicts |          ORIGINAL         |          LEARNT          | Progress |
|           |    Vars  Clauses Literals |    Limit  Clauses Lit/Cl |          |
===============================================================================
===============================================================================
restarts              : 1
conflicts             : 52             (1250 /sec)
decisions             : 2591           (0.00 % random) (62282 /sec)
propagations          : 95145          (2287084 /sec)
conflict literals     : 229            (17.03 % deleted)
Memory used           : 16.12 MB
CPU time              : 0.041601 s

UNSATISFIABLE
