Reading from standard input... Use '--help' for help.
============================[ Problem Statistics ]=============================
|                                                                             |
|  Number of variables:         87638                                         |
|  Number of clauses:          161767                                         |
|  Parse time:                   0.04 s                                       |
|                                                                             |
============================[ Search Statistics ]==============================
| Conflicts |          ORIGINAL         |          LEARNT          | Progress |
|           |    Vars  Clauses Literals |    Limit  Clauses Lit/Cl |          |
===============================================================================
|       100 |   62736   106440   265994 |    39028      100     11 | 28.415 % |
|       250 |   62736   106440   265994 |    42930      250     35 | 28.415 % |
|       475 |   62736   106440   265994 |    47223      475     73 | 28.415 % |
|       812 |   62736   106440   265994 |    51946      812     83 | 28.415 % |
|      1318 |   62736   106440   265994 |    57140     1318     97 | 28.415 % |
|      2077 |   62736   106440   265994 |    62854     2077     95 | 28.415 % |
|      3216 |   62735   106396   265904 |    69140     3213     92 | 28.416 % |
|      4924 |   50367    70424   177323 |    76054     4771     81 | 42.528 % |
|      7486 |   50156    69737   175693 |    83659     7319     78 | 42.769 % |
===============================================================================
restarts              : 46
conflicts             : 10617          (7051 /sec)
decisions             : 43037          (0.00 % random) (28581 /sec)
propagations          : 14671651       (9743607 /sec)
conflict literals     : 739051         (39.63 % deleted)
Memory used           : 31.63 MB
CPU time              : 1.50577 s

INDETERMINATE
