Reading from standard input... Use '--help' for help.
============================[ Problem Statistics ]=============================
|                                                                             |
|  Number of variables:         87638                                         |
|  Number of clauses:          161767                                         |
|  Parse time:                   0.04 s                                       |
|                                                                             |
============================[ Search Statistics ]==============================
| Conflicts |          ORIGINAL         |          LEARNT          | Progress |
|           |    Vars  Clauses Literals |    Limit  Clauses Lit/Cl |          |
===============================================================================
|       100 |   63233   108196   270495 |    39671      100      8 | 27.848 % |
|       250 |   63206   108097   270235 |    43639      241     19 | 27.878 % |
|       475 |   63205   108053   270145 |    48002      465     51 | 27.880 % |
|       812 |   63151   107855   269617 |    52803      780     67 | 27.941 % |
|      1318 |   63150   107852   269611 |    58083     1285     66 | 27.942 % |
|      2077 |   63150   107852   269611 |    63891     2044     60 | 27.942 % |
|      3216 |   63131   107776   269435 |    70281     3182     66 | 27.964 % |
|      4924 |   63131   107776   269435 |    77309     4890     72 | 27.964 % |
|      7486 |   63055   107592   269008 |    85040     7445     79 | 28.051 % |
===============================================================================
restarts              : 44
conflicts             : 9868           (6571 /sec)
decisions             : 40732          (0.00 % random) (27124 /sec)
propagations          : 14773779       (9837971 /sec)
conflict literals     : 708952         (47.14 % deleted)
Memory used           : 28.72 MB
CPU time              : 1.50171 s

INDETERMINATE
