Reading from standard input... Use '--help' for help.
============================[ Problem Statistics ]=============================
|                                                                             |
|  Number of variables:         87638                                         |
|  Number of clauses:          161767                                         |
|  Parse time:                   0.04 s                                       |
|                                                                             |
============================[ Search Statistics ]==============================
| Conflicts |          ORIGINAL         |          LEARNT          | Progress |
|           |    Vars  Clauses Literals |    Limit  Clauses Lit/Cl |          |
===============================================================================
|       100 |   63993   110898   277177 |    40662      100     11 | 26.980 % |
|       250 |   63993   110898   277177 |    44728      250     14 | 26.980 % |
|       475 |   63971   110806   276966 |    49201      474     37 | 27.005 % |
|       812 |   63971   110806   276966 |    54121      811     39 | 27.005 % |
|      1318 |   63946   110708   276738 |    59534     1312     61 | 27.034 % |
|      2077 |   53635    80327   201860 |    65487     2053     61 | 38.799 % |
|      3216 |   53479    79647   200239 |    72036     3188     70 | 38.977 % |
|      4924 |   53084    78107   196470 |    79239     4712     66 | 39.428 % |
|      7486 |   52613    76557   192629 |    87163     7210     68 | 39.966 % |
|     11330 |   52172    75033   188817 |    95880    10398     69 | 40.469 % |
|     17096 |   51763    73343   184721 |   105468    16097     68 | 40.935 % |
===============================================================================
restarts              : 78
conflicts             : 21687          (7805 /sec)
decisions             : 67252          (0.00 % random) (24204 /sec)
propagations          : 29969391       (10785773 /sec)
conflict literals     : 1355028        (46.51 % deleted)
Memory used           : 35.29 MB
CPU time              : 2.7786 s

UNSATISFIABLE
