Reading from standard input... Use '--help' for help.
============================[ Problem Statistics ]=============================
|                                                                             |
|  Number of variables:         69608                                         |
|  Number of clauses:          118081                                         |
|  Parse time:                   0.03 s                                       |
|                                                                             |
============================[ Search Statistics ]==============================
| Conflicts |          ORIGINAL         |          LEARNT          | Progress |
|           |    Vars  Clauses Literals |    Limit  Clauses Lit/Cl |          |
===============================================================================
===============================================================================
restarts              : 1
conflicts             : 33             (867 /sec)
decisions             : 36593          (0.00 % random) (961582 /sec)
propagations          : 87591          (2301695 /sec)
conflict literals     : 264            (9.90 % deleted)
Memory used           : 14.85 MB
CPU time              : 0.038055 s

SATISFIABLE
