Reading from standard input... Use '--help' for help.
============================[ Problem Statistics ]=============================
|                                                                             |
|  Number of variables:         69608                                         |
|  Number of clauses:          118081                                         |
|  Parse time:                   0.02 s                                       |
|                                                                             |
============================[ Search Statistics ]==============================
| Conflicts |          ORIGINAL         |          LEARNT          | Progress |
|           |    Vars  Clauses Literals |    Limit  Clauses Lit/Cl |          |
===============================================================================
|       100 |   50543    65840   163168 |    24141       97     28 | 27.389 % |
===============================================================================
restarts              : 2
conflicts             : 103            (2371 /sec)
decisions             : 45701          (0.00 % random) (1052025 /sec)
propagations          : 177033         (4075251 /sec)
conflict literals     : 2829           (46.40 % deleted)
Memory used           : 14.60 MB
CPU time              : 0.043441 s

SATISFIABLE
