Reading from standard input... Use '--help' for help.
============================[ Problem Statistics ]=============================
|                                                                             |
|  Number of variables:         69608                                         |
|  Number of clauses:          118081                                         |
|  Parse time:                   0.03 s                                       |
|                                                                             |
============================[ Search Statistics ]==============================
| Conflicts |          ORIGINAL         |          LEARNT          | Progress |
|           |    Vars  Clauses Literals |    Limit  Clauses Lit/Cl |          |
===============================================================================
|       100 |   59572    89655   221548 |    32873       94     10 | 14.418 % |
|       250 |   59569    88810   219630 |    36160      240     13 | 14.422 % |
===============================================================================
restarts              : 3
conflicts             : 293            (6030 /sec)
decisions             : 6708           (0.00 % random) (138053 /sec)
propagations          : 350209         (7207430 /sec)
conflict literals     : 3455           (33.53 % deleted)
Memory used           : 15.76 MB
CPU time              : 0.04859 s

UNSATISFIABLE
