Reading from standard input... Use '--help' for help.
============================[ Problem Statistics ]=============================
|                                                                             |
|  Number of variables:         69608                                         |
|  Number of clauses:          118081                                         |
|  Parse time:                   0.02 s                                       |
|                                                                             |
============================[ Search Statistics ]==============================
| Conflicts |          ORIGINAL         |          LEARNT          | Progress |
|           |    Vars  Clauses Literals |    Limit  Clauses Lit/Cl |          |
===============================================================================
===============================================================================
restarts              : 1
conflicts             : 10             (260 /sec)
decisions             : 38079          (0.00 % random) (988885 /sec)
propagations          : 77133          (2003090 /sec)
conflict literals     : 21             (0.00 % deleted)
Memory used           : 16.91 MB
CPU time              : 0.038507 s

SATISFIABLE
