Reading from standard input... Use '--help' for help.
============================[ Problem Statistics ]=============================
|                                                                             |
|  Number of variables:         87638                                         |
|  Number of clauses:          161767                                         |
|  Parse time:                   0.04 s                                       |
|                                                                             |
============================[ Search Statistics ]==============================
| Conflicts |          ORIGINAL         |          LEARNT          | Progress |
|           |    Vars  Clauses Literals |    Limit  Clauses Lit/Cl |          |
===============================================================================
|       100 |   63374   108662   271600 |    39842      100     13 | 27.687 % |
|       250 |   63374   108662   271600 |    43827      250     26 | 27.687 % |
|       475 |   63374   108662   271600 |    48209      475     36 | 27.687 % |
|       812 |   63374   108662   271600 |    53030      812     51 | 27.687 % |
|      1318 |   63374   108662   271600 |    58333     1318     49 | 27.687 % |
|      2077 |   63374   108662   271600 |    64167     2077     49 | 27.687 % |
|      3216 |   63374   108662   271600 |    70583     3216     60 | 27.687 % |
|      4924 |   63374   108662   271600 |    77642     4924     65 | 27.687 % |
|      7486 |   51274    72418   181708 |    85406     6913     66 | 41.493 % |
===============================================================================
restarts              : 46
conflicts             : 11138          (7632 /sec)
decisions             : 41250          (0.00 % random) (28267 /sec)
propagations          : 14447606       (9900320 /sec)
conflict literals     : 669399         (45.75 % deleted)
Memory used           : 25.28 MB
CPU time              : 1.45931 s

INDETERMINATE
