Reading from standard input... Use '--help' for help.
============================[ Problem Statistics ]=============================
|                                                                             |
|  Number of variables:         87638                                         |
|  Number of clauses:          161767                                         |
|  Parse time:                   0.03 s                                       |
|                                                                             |
============================[ Search Statistics ]==============================
| Conflicts |          ORIGINAL         |          LEARNT          | Progress |
|           |    Vars  Clauses Literals |    Limit  Clauses Lit/Cl |          |
===============================================================================
|       100 |   63036   107580   269000 |    39446       99     44 | 28.072 % |
|       250 |   63036   107536   268910 |    43390      249     59 | 28.072 % |
|       475 |   63036   107536   268910 |    47729      474     58 | 28.072 % |
|       812 |   63036   107536   268910 |    52502      811     52 | 28.073 % |
|      1318 |   63036   107536   268910 |    57752     1317     52 | 28.072 % |
|      2077 |   63036   107536   268910 |    63528     2076     63 | 28.073 % |
|      3216 |   63036   107536   268910 |    69880     3215     62 | 28.072 % |
===============================================================================
restarts              : 22
conflicts             : 4229           (6433 /sec)
decisions             : 14316          (0.00 % random) (21777 /sec)
propagations          : 6328568        (9626692 /sec)
conflict literals     : 281219         (60.11 % deleted)
Memory used           : 21.20 MB
CPU time              : 0.657398 s

UNSATISFIABLE
