Reading from standard input... Use '--help' for help.
============================[ Problem Statistics ]=============================
|                                                                             |
|  Number of variables:         69608                                         |
|  Number of clauses:          118081                                         |
|  Parse time:                   0.03 s                                       |
|                                                                             |
============================[ Search Statistics ]==============================
| Conflicts |          ORIGINAL         |          LEARNT          | Progress |
|           |    Vars  Clauses Literals |    Limit  Clauses Lit/Cl |          |
===============================================================================
===============================================================================
restarts              : 1
conflicts             : 31             (769 /sec)
decisions             : 40181          (0.00 % random) (996478 /sec)
propagations          : 91771          (2275897 /sec)
conflict literals     : 283            (0.35 % deleted)
Memory used           : 15.13 MB
CPU time              : 0.040323 s

SATISFIABLE
