Reading from standard input... Use '--help' for help.
============================[ Problem Statistics ]=============================
|                                                                             |
|  Number of variables:         69608                                         |
|  Number of clauses:          118081                                         |
|  Parse time:                   0.02 s                                       |
|                                                                             |
============================[ Search Statistics ]==============================
| Conflicts |          ORIGINAL         |          LEARNT          | Progress |
|           |    Vars  Clauses Literals |    Limit  Clauses Lit/Cl |          |
===============================================================================
===============================================================================
restarts              : 1
conflicts             : 21             (775 /sec)
decisions             : 2901           (0.00 % random) (107103 /sec)
propagations          : 20536          (758178 /sec)
conflict literals     : 65             (0.00 % deleted)
Memory used           : 14.87 MB
CPU time              : 0.027086 s

UNSATISFIABLE
