Reading from standard input... Use '--help' for help.
============================[ Problem Statistics ]=============================
|                                                                             |
|  Number of variables:         69608                                         |
|  Number of clauses:          118081                                         |
|  Parse time:                   0.02 s                                       |
|                                                                             |
============================[ Search Statistics ]==============================
| Conflicts |          ORIGINAL         |          LEARNT          | Progress |
|           |    Vars  Clauses Literals |    Limit  Clauses Lit/Cl |          |
===============================================================================
===============================================================================
restarts              : 1
conflicts             : 28             (945 /sec)
decisions             : 4704           (0.00 % random) (158763 /sec)
propagations          : 27703          (934996 /sec)
conflict literals     : 92             (0.00 % deleted)
Memory used           : 14.89 MB
CPU time              : 0.029629 s

UNSATISFIABLE
