Reading from standard input... Use '--help' for help.
============================[ Problem Statistics ]=============================
|                                                                             |
|  Number of variables:         87638                                         |
|  Number of clauses:          161767                                         |
|  Parse time:                   0.03 s                                       |
|                                                                             |
============================[ Search Statistics ]==============================
| Conflicts |          ORIGINAL         |          LEARNT          | Progress |
|           |    Vars  Clauses Literals |    Limit  Clauses Lit/Cl |          |
===============================================================================
|       100 |   63268   108328   270745 |    39720      100     11 | 27.808 % |
|       250 |   63268   108328   270745 |    43692      250     65 | 27.808 % |
|       475 |   63246   108236   270534 |    48061      474    140 | 27.833 % |
|       812 |   63246   108236   270534 |    52867      811    113 | 27.833 % |
|      1318 |   63246   108236   270534 |    58154     1317    103 | 27.833 % |
|      2077 |   63246   108236   270534 |    63969     2076    113 | 27.833 % |
|      3216 |   63246   108236   270534 |    70366     3215    136 | 27.833 % |
|      4924 |   63245   108192   270444 |    77403     4921    129 | 27.834 % |
|      7486 |   63097   107852   269660 |    85143     7473    122 | 28.003 % |
|     11330 |   52148   107207   268125 |    93658    10554    118 | 40.496 % |
|     17096 |   51757    73534   185367 |   103024    16028     97 | 40.942 % |
|     25745 |   51407    72226   182301 |   113326    22530     85 | 41.342 % |
===============================================================================
restarts              : 104
conflicts             : 28853          (8360 /sec)
decisions             : 89925          (0.00 % random) (26055 /sec)
propagations          : 40239256       (11659173 /sec)
conflict literals     : 2321561        (45.83 % deleted)
Memory used           : 35.71 MB
CPU time              : 3.4513 s

UNSATISFIABLE
