Reading from standard input... Use '--help' for help.
============================[ Problem Statistics ]=============================
|                                                                             |
|  Number of variables:         69608                                         |
|  Number of clauses:          118081                                         |
|  Parse time:                   0.03 s                                       |
|                                                                             |
============================[ Search Statistics ]==============================
| Conflicts |          ORIGINAL         |          LEARNT          | Progress |
|           |    Vars  Clauses Literals |    Limit  Clauses Lit/Cl |          |
===============================================================================
|       100 |   62015    96462   238176 |    35369       95      7 | 10.908 % |
|       250 |   62011    96462   238176 |    38906      243     10 | 10.914 % |
|       475 |   61983    95734   236503 |    42796      461     11 | 10.954 % |
===============================================================================
restarts              : 6
conflicts             : 652            (9128 /sec)
decisions             : 10274          (0.00 % random) (143831 /sec)
propagations          : 575352         (8054654 /sec)
conflict literals     : 6912           (22.48 % deleted)
Memory used           : 16.93 MB
CPU time              : 0.071431 s

UNSATISFIABLE
