Reading from standard input... Use '--help' for help.
============================[ Problem Statistics ]=============================
|                                                                             |
|  Number of variables:         87638                                         |
|  Number of clauses:          161767                                         |
|  Parse time:                   0.05 s                                       |
|                                                                             |
============================[ Search Statistics ]==============================
| Conflicts |          ORIGINAL         |          LEARNT          | Progress |
|           |    Vars  Clauses Literals |    Limit  Clauses Lit/Cl |          |
===============================================================================
|       100 |   64493   112793   281669 |    41357      100     27 | 26.410 % |
|       250 |   64493   112793   281669 |    45493      250     45 | 26.410 % |
|       475 |   64493   112793   281669 |    50042      475     39 | 26.410 % |
|       812 |   64469   112693   281440 |    55046      811     39 | 26.437 % |
|      1318 |   64469   112693   281440 |    60551     1317     60 | 26.437 % |
|      2077 |   64442   112541   281103 |    66606     2067     68 | 26.468 % |
|      3216 |   64442   112541   281103 |    73267     3206     70 | 26.468 % |
|      4924 |   64413   112422   280832 |    80593     4912     71 | 26.501 % |
|      7486 |   64393   112338   280639 |    88653     7473     76 | 26.524 % |
|     11330 |   64358   112196   280308 |    97518    10616     75 | 26.564 % |
|     17096 |   53956    79873   200667 |   107270    16149     74 | 38.433 % |
|     25745 |   53858    79478   199728 |   117997    24754     73 | 38.545 % |
===============================================================================
restarts              : 94
conflicts             : 25756          (5317 /sec)
decisions             : 85842          (0.00 % random) (17722 /sec)
propagations          : 39305354       (8114552 /sec)
conflict literals     : 1842473        (51.21 % deleted)
Memory used           : 39.23 MB
CPU time              : 4.84381 s

INDETERMINATE
