Reading from standard input... Use '--help' for help.
============================[ Problem Statistics ]=============================
|                                                                             |
|  Number of variables:         69608                                         |
|  Number of clauses:          118081                                         |
|  Parse time:                   0.02 s                                       |
|                                                                             |
============================[ Search Statistics ]==============================
| Conflicts |          ORIGINAL         |          LEARNT          | Progress |
|           |    Vars  Clauses Literals |    Limit  Clauses Lit/Cl |          |
===============================================================================
===============================================================================
restarts              : 1
conflicts             : 29             (941 /sec)
decisions             : 11561          (0.00 % random) (375247 /sec)
propagations          : 43318          (1406018 /sec)
conflict literals     : 93             (0.00 % deleted)
Memory used           : 18.80 MB
CPU time              : 0.030809 s

UNSATISFIABLE
