Reading from standard input... Use '--help' for help.
============================[ Problem Statistics ]=============================
|                                                                             |
|  Number of variables:         87638                                         |
|  Number of clauses:          161767                                         |
|  Parse time:                   0.03 s                                       |
|                                                                             |
============================[ Search Statistics ]==============================
| Conflicts |          ORIGINAL         |          LEARNT          | Progress |
|           |    Vars  Clauses Literals |    Limit  Clauses Lit/Cl |          |
===============================================================================
|       100 |   63786   110338   275445 |    40457      100     14 | 27.217 % |
|       250 |   63785   110333   275433 |    44502      249     34 | 27.218 % |
|       475 |   63785   110333   275433 |    48953      474     30 | 27.218 % |
|       812 |   63785   110333   275433 |    53848      811     34 | 27.218 % |
|      1318 |   63785   110333   275433 |    59233     1317     56 | 27.218 % |
|      2077 |   63785   110333   275433 |    65156     2076     61 | 27.218 % |
|      3216 |   63785   110333   275433 |    71672     3215     74 | 27.218 % |
|      4924 |   63785   110333   275433 |    78839     4923     90 | 27.218 % |
|      7486 |   56817    91002   227767 |    86723     6695     83 | 35.169 % |
|     11330 |   56801    88097   220170 |    95396    10365     77 | 35.187 % |
|     17096 |   56478    86579   216634 |   104935    13537     77 | 35.555 % |
===============================================================================
restarts              : 70
conflicts             : 20362          (10507 /sec)
decisions             : 66663          (0.00 % random) (34399 /sec)
propagations          : 25766832       (13296183 /sec)
conflict literals     : 1483285        (47.06 % deleted)
Memory used           : 37.30 MB
CPU time              : 1.93791 s

UNSATISFIABLE
