Reading from standard input... Use '--help' for help.
============================[ Problem Statistics ]=============================
|                                                                             |
|  Number of variables:         69608                                         |
|  Number of clauses:          118081                                         |
|  Parse time:                   0.03 s                                       |
|                                                                             |
============================[ Search Statistics ]==============================
| Conflicts |          ORIGINAL         |          LEARNT          | Progress |
|           |    Vars  Clauses Literals |    Limit  Clauses Lit/Cl |          |
===============================================================================
===============================================================================
restarts              : 1
conflicts             : 40             (960 /sec)
decisions             : 36140          (0.00 % random) (867020 /sec)
propagations          : 87092          (2089389 /sec)
conflict literals     : 344            (0.00 % deleted)
Memory used           : 15.58 MB
CPU time              : 0.041683 s

SATISFIABLE
