Reading from standard input... Use '--help' for help.
============================[ Problem Statistics ]=============================
|                                                                             |
|  Number of variables:         69608                                         |
|  Number of clauses:          118081                                         |
|  Parse time:                   0.03 s                                       |
|                                                                             |
============================[ Search Statistics ]==============================
| Conflicts |          ORIGINAL         |          LEARNT          | Progress |
|           |    Vars  Clauses Literals |    Limit  Clauses Lit/Cl |          |
===============================================================================
===============================================================================
restarts              : 1
conflicts             : 8              (213 /sec)
decisions             : 39089          (0.00 % random) (1038358 /sec)
propagations          : 78124          (2075282 /sec)
conflict literals     : 17             (0.00 % deleted)
Memory used           : 16.82 MB
CPU time              : 0.037645 s

SATISFIABLE
