Reading from standard input... Use '--help' for help.
============================[ Problem Statistics ]=============================
|                                                                             |
|  Number of variables:         87638                                         |
|  Number of clauses:          161767                                         |
|  Parse time:                   0.05 s                                       |
|                                                                             |
============================[ Search Statistics ]==============================
| Conflicts |          ORIGINAL         |          LEARNT          | Progress |
|           |    Vars  Clauses Literals |    Limit  Clauses Lit/Cl |          |
===============================================================================
|       100 |   62296   104805   261992 |    38428      100      9 | 28.917 % |
|       250 |   62296   104805   261992 |    42271      250     38 | 28.917 % |
|       475 |   62296   104805   261992 |    46498      475     36 | 28.917 % |
|       812 |   62296   104805   261992 |    51148      812     37 | 28.917 % |
|      1318 |   62296   104805   261992 |    56263     1318     40 | 28.917 % |
|      2077 |   62296   104805   261992 |    61889     2077     60 | 28.917 % |
|      3216 |   62296   104805   261992 |    68078     3216     69 | 28.917 % |
===============================================================================
restarts              : 19
conflicts             : 3709           (8017 /sec)
decisions             : 10460          (0.00 % random) (22610 /sec)
propagations          : 5890922        (12733852 /sec)
conflict literals     : 256373         (56.22 % deleted)
Memory used           : 21.32 MB
CPU time              : 0.462619 s

UNSATISFIABLE
