Reading from standard input... Use '--help' for help.
============================[ Problem Statistics ]=============================
|                                                                             |
|  Number of variables:         69608                                         |
|  Number of clauses:          118081                                         |
|  Parse time:                   0.03 s                                       |
|                                                                             |
============================[ Search Statistics ]==============================
| Conflicts |          ORIGINAL         |          LEARNT          | Progress |
|           |    Vars  Clauses Literals |    Limit  Clauses Lit/Cl |          |
===============================================================================
===============================================================================
restarts              : 1
conflicts             : 6              (153 /sec)
decisions             : 39965          (0.00 % random) (1019359 /sec)
propagations          : 85377          (2177651 /sec)
conflict literals     : 9              (0.00 % deleted)
Memory used           : 16.22 MB
CPU time              : 0.039206 s

SATISFIABLE
