Reading from standard input... Use '--help' for help.
============================[ Problem Statistics ]=============================
|                                                                             |
|  Number of variables:         69608                                         |
|  Number of clauses:          118081                                         |
|  Parse time:                   0.02 s                                       |
|                                                                             |
============================[ Search Statistics ]==============================
| Conflicts |          ORIGINAL         |          LEARNT          | Progress |
|           |    Vars  Clauses Literals |    Limit  Clauses Lit/Cl |          |
===============================================================================
===============================================================================
restarts              : 1
conflicts             : 24             (919 /sec)
decisions             : 9400           (0.00 % random) (360002 /sec)
propagations          : 41196          (1577726 /sec)
conflict literals     : 68             (0.00 % deleted)
Memory used           : 14.82 MB
CPU time              : 0.026111 s

UNSATISFIABLE
