Reading from standard input... Use '--help' for help.
============================[ Problem Statistics ]=============================
|                                                                             |
|  Number of variables:         87638                                         |
|  Number of clauses:          161767                                         |
|  Parse time:                   0.03 s                                       |
|                                                                             |
============================[ Search Statistics ]==============================
| Conflicts |          ORIGINAL         |          LEARNT          | Progress |
|           |    Vars  Clauses Literals |    Limit  Clauses Lit/Cl |          |
===============================================================================
|       100 |   62665   106202   265449 |    38940      100     23 | 28.496 % |
|       250 |   62665   106202   265449 |    42834      250     78 | 28.496 % |
|       475 |   62664   106158   265359 |    47118      474     67 | 28.497 % |
|       812 |   62664   106158   265359 |    51830      811     68 | 28.497 % |
|      1318 |   62621   106082   265179 |    57013     1315     76 | 28.546 % |
|      2077 |   62621   105982   264950 |    62714     2074     82 | 28.546 % |
|      3216 |   62520   105572   263984 |    68985     3209     86 | 28.661 % |
|      4924 |   47615    62745   158515 |    75884     4218     84 | 45.669 % |
|      7486 |   47289    61719   156090 |    83472     6769     69 | 46.041 % |
===============================================================================
restarts              : 34
conflicts             : 8407           (6655 /sec)
decisions             : 30991          (0.00 % random) (24531 /sec)
propagations          : 13511270       (10695075 /sec)
conflict literals     : 561262         (44.98 % deleted)
Memory used           : 33.78 MB
CPU time              : 1.26332 s

INDETERMINATE
