Reading from standard input... Use '--help' for help.
============================[ Problem Statistics ]=============================
|                                                                             |
|  Number of variables:         87638                                         |
|  Number of clauses:          161767                                         |
|  Parse time:                   0.03 s                                       |
|                                                                             |
============================[ Search Statistics ]==============================
| Conflicts |          ORIGINAL         |          LEARNT          | Progress |
|           |    Vars  Clauses Literals |    Limit  Clauses Lit/Cl |          |
===============================================================================
|       100 |   63045   107580   269055 |    39446      100     52 | 28.062 % |
|       250 |   63045   107580   269055 |    43390      250    121 | 28.062 % |
|       475 |   63045   107580   269055 |    47729      475     86 | 28.062 % |
|       812 |   62953   107238   268150 |    52502      755    121 | 28.167 % |
|      1318 |   62953   107238   268150 |    57752     1261    115 | 28.167 % |
|      2077 |   62953   107238   268150 |    63528     2020    101 | 28.167 % |
|      3216 |   43429    49109   125038 |    69880     1622     94 | 50.445 % |
===============================================================================
restarts              : 16
conflicts             : 3259           (8277 /sec)
decisions             : 11249          (0.00 % random) (28569 /sec)
propagations          : 5434394        (13801671 /sec)
conflict literals     : 285075         (54.26 % deleted)
Memory used           : 19.80 MB
CPU time              : 0.393749 s

UNSATISFIABLE
