Reading from standard input... Use '--help' for help.
============================[ Problem Statistics ]=============================
|                                                                             |
|  Number of variables:         87638                                         |
|  Number of clauses:          161767                                         |
|  Parse time:                   0.03 s                                       |
|                                                                             |
============================[ Search Statistics ]==============================
| Conflicts |          ORIGINAL         |          LEARNT          | Progress |
|           |    Vars  Clauses Literals |    Limit  Clauses Lit/Cl |          |
===============================================================================
|       100 |   64472   112747   281468 |    41340      100     25 | 26.434 % |
|       250 |   64472   112747   281468 |    45474      250     35 | 26.434 % |
|       475 |   57279   112623   281185 |    50022      470     38 | 34.641 % |
|       812 |   57279    90619   227154 |    55024      804     77 | 34.641 % |
|      1318 |   57279    90619   227154 |    60526     1310     80 | 34.641 % |
|      2077 |   57224    90380   226583 |    66579     2063     73 | 34.704 % |
|      3216 |   57224    90380   226583 |    73237     3202     91 | 34.704 % |
|      4924 |   57152    90052   225854 |    80561     4868     81 | 34.786 % |
|      7486 |   57152    90052   225854 |    88617     7430     83 | 34.786 % |
|     11330 |   56906    89149   223685 |    97478    11242     83 | 35.067 % |
|     17096 |   56575    87949   220648 |   107226    16745     86 | 35.445 % |
===============================================================================
restarts              : 73
conflicts             : 20855          (6754 /sec)
decisions             : 83832          (0.00 % random) (27150 /sec)
propagations          : 32159892       (10415319 /sec)
conflict literals     : 1825307        (41.22 % deleted)
Memory used           : 39.26 MB
CPU time              : 3.08775 s

INDETERMINATE
