Reading from standard input... Use '--help' for help.
============================[ Problem Statistics ]=============================
|                                                                             |
|  Number of variables:         69608                                         |
|  Number of clauses:          118081                                         |
|  Parse time:                   0.02 s                                       |
|                                                                             |
============================[ Search Statistics ]==============================
| Conflicts |          ORIGINAL         |          LEARNT          | Progress |
|           |    Vars  Clauses Literals |    Limit  Clauses Lit/Cl |          |
===============================================================================
===============================================================================
restarts              : 1
conflicts             : 12             (404 /sec)
decisions             : 39614          (0.00 % random) (1333266 /sec)
propagations          : 78845          (2653642 /sec)
conflict literals     : 28             (0.00 % deleted)
Memory used           : 14.23 MB
CPU time              : 0.029712 s

SATISFIABLE
